#
# A fatal error has been detected by the Java Runtime Environment:
#
#  SIGSEGV (0xb) at pc=0x00007f98430d727d, pid=30097, tid=0x00007f97dc567700
#
# JRE version: OpenJDK Runtime Environment (8.0_171-b11) (build 1.8.0_171-8u171-b11-0ubuntu0.16.04.1-b11)
# Java VM: OpenJDK 64-Bit Server VM (25.171-b11 mixed mode linux-amd64 compressed oops)
# Problematic frame:
# V  [libjvm.so+0x67e27d]
#
# Failed to write core dump. Core dumps have been disabled. To enable core dumping, try "ulimit -c unlimited" before starting Java again
#
# If you would like to submit a bug report, please visit:
#   http://bugreport.java.com/bugreport/crash.jsp
#

---------------  T H R E A D  ---------------

Current thread (0x00007f983c2f4800):  JavaThread "JavaFX Application Thread" [_thread_in_vm, id=30130, stack(0x00007f97dc467000,0x00007f97dc568000)]

siginfo: si_signo: 11 (SIGSEGV), si_code: 128 (SI_KERNEL), si_addr: 0x0000000000000000

Registers:
RAX=0x0000000000000000, RBX=0x00007f983c2f4800, RCX=0x00007f983c2692e8, RDX=0x2f78666176616a4c
RSP=0x00007f97dc566230, RBP=0x00007f97dc5663b0, RSI=0x00007f97dc5663d0, RDI=0x00007f983c2f49e0
R8 =0x00007f97dc566400, R9 =0x00007f983c2f4800, R10=0x00007f97c8000af0, R11=0x00007f982d411f60
R12=0x00007f983c2f49e0, R13=0x00007f983c2f4800, R14=0x00007f97dc566400, R15=0x00007f97dc566490
RIP=0x00007f98430d727d, EFLAGS=0x0000000000010202, CSGSFS=0x002b000000000033, ERR=0x0000000000000000
  TRAPNO=0x000000000000000d

Top of Stack: (sp=0x00007f97dc566230)
0x00007f97dc566230:   00007f97dc566340 00007f98430bdc27
0x00007f97dc566240:   00007f983c2f4800 00007f983c2f4800
0x00007f97dc566250:   00007f980000000e 00007f983c2f49e0
0x00007f97dc566260:   00007f97dc566270 00007f97dc5663d0
0x00007f97dc566270:   00007f98296f8438 00007f983c2f4800
0x00007f97dc566280:   00007f98296f8438 00007f983c2f4800
0x00007f97dc566290:   00007f983c2f41f0 00007f97fc05d370
0x00007f97dc5662a0:   00007f97fc05d380 00007f97fc05d758
0x00007f97dc5662b0:   00000000000003d8 00007f983c2f4230
0x00007f97dc5662c0:   00007f98296f8438 00007f983c2f4800
0x00007f97dc5662d0:   00000000296ec878 00000000dc821e98
0x00007f97dc5662e0:   0000000000000000 00007f982d017d9b
0x00007f97dc5662f0:   00007f98296f8438 00007f983c2f4800
0x00007f97dc566300:   00007f97dc566340 00000000dc8741b8
0x00007f97dc566310:   000000000000006f 00007f970000000a
0x00007f97dc566320:   00000000dd6a6e68 00007f9800000000
0x00007f97dc566330:   00007f97dc566420 00007f97dc5663e0
0x00007f97dc566340:   00007f97dc5664d0 0000000100000181
0x00007f97dc566350:   00007f97dc566550 00007f97dc566308
0x00007f97dc566360:   00007f97dc566349 0000000800000005
0x00007f97dc566370:   00007f9800000000 1acd15f827cabb00
0x00007f97dc566380:   00007f97dc566390 00007f983c2f4800
0x00007f97dc566390:   00007f983c2f49e0 00007f983c2692e8
0x00007f97dc5663a0:   00007f97dc566400 00007f97dc566490
0x00007f97dc5663b0:   00007f97dc566480 00007f98430daea2
0x00007f97dc5663c0:   00007f97fc05d380 2f78666176616a4c
0x00007f97dc5663d0:   000000000000000e 00007f9800000000
0x00007f97dc5663e0:   00007f983c2f4800 0000000000000000
0x00007f97dc5663f0:   0000000005800004 1acd15f827cabb00
0x00007f97dc566400:   00007f98438bdbf8 00007f9844613710
0x00007f97dc566410:   000000003c2855d0 00007f9700000063
0x00007f97dc566420:   0000000000000000 0000003000000018 

Instructions: (pc=0x00007f98430d727d)
0x00007f98430d725d:   ff 48 89 b5 b8 fe ff ff 64 48 8b 04 25 28 00 00
0x00007f98430d726d:   00 48 89 45 c8 31 c0 48 85 d2 0f 84 7b 05 00 00
0x00007f98430d727d:   4c 8b 32 4d 85 f6 0f 84 6f 05 00 00 49 8b b9 20
0x00007f98430d728d:   01 00 00 48 89 cb 4d 89 c4 e8 35 42 ff ff 4c 89 

Register to memory mapping:

RAX=0x0000000000000000 is an unknown value
RBX=0x00007f983c2f4800 is a thread
RCX=0x00007f983c2692e8 is an unknown value
RDX=0x2f78666176616a4c is an unknown value
RSP=0x00007f97dc566230 is pointing into the stack for thread: 0x00007f983c2f4800
RBP=0x00007f97dc5663b0 is pointing into the stack for thread: 0x00007f983c2f4800
RSI=0x00007f97dc5663d0 is pointing into the stack for thread: 0x00007f983c2f4800
RDI=0x00007f983c2f49e0 is an unknown value
R8 =0x00007f97dc566400 is pointing into the stack for thread: 0x00007f983c2f4800
R9 =0x00007f983c2f4800 is a thread
R10=0x00007f97c8000af0 is an unknown value
R11=0x00007f982d411f60 is at entry_point+32 in (nmethod*)0x00007f982d411dd0
R12=0x00007f983c2f49e0 is an unknown value
R13=0x00007f983c2f4800 is a thread
R14=0x00007f97dc566400 is pointing into the stack for thread: 0x00007f983c2f4800
R15=0x00007f97dc566490 is pointing into the stack for thread: 0x00007f983c2f4800


Stack: [0x00007f97dc467000,0x00007f97dc568000],  sp=0x00007f97dc566230,  free space=1020k
Native frames: (J=compiled Java code, j=interpreted, Vv=VM code, C=native code)
V  [libjvm.so+0x67e27d]
V  [libjvm.so+0x681ea2]
C  [libglass.so+0x11e63]  JNIEnv_::CallVoidMethod(_jobject*, _jmethodID*, ...)+0x93
C  [libglass.so+0x1c2e5]  WindowContextBase::process_key(_GdkEventKey*)+0x215
C  [libglass.so+0x11ad0]  WindowContextBase::im_filter_keypress(_GdkEventKey*)+0x1f0
C  [libglass.so+0x21fbc]
C  [libgdk-x11-2.0.so.0+0x5ac8c]

Java frames: (J=compiled Java code, j=interpreted, Vv=VM code)
j  com.sun.glass.ui.gtk.GtkApplication._runLoop(Ljava/lang/Runnable;Z)V+0
j  com.sun.glass.ui.gtk.GtkApplication.lambda$null$450(Ljava/lang/Runnable;Z)V+7
j  com.sun.glass.ui.gtk.GtkApplication$$Lambda$41.run()V+12
j  java.lang.Thread.run()V+11
v  ~StubRoutines::call_stub

---------------  P R O C E S S  ---------------

Java Threads: ( => current thread )
  0x00007f97c831a000 JavaThread "Prism Font Disposer" daemon [_thread_blocked, id=30136, stack(0x00007f97d5d9f000,0x00007f97d5ea0000)]
  0x00007f983c308000 JavaThread "JavaFX-Launcher" [_thread_blocked, id=30132, stack(0x00007f97dc35a000,0x00007f97dc45b000)]
=>0x00007f983c2f4800 JavaThread "JavaFX Application Thread" [_thread_in_vm, id=30130, stack(0x00007f97dc467000,0x00007f97dc568000)]
  0x00007f983c2f0800 JavaThread "Thread-1" daemon [_thread_blocked, id=30129, stack(0x00007f97dc568000,0x00007f97dc669000)]
  0x00007f983c237000 JavaThread "QuantumRenderer-0" daemon [_thread_blocked, id=30117, stack(0x00007f981b250000,0x00007f981b351000)]
  0x00007f983c0c0800 JavaThread "Service Thread" daemon [_thread_blocked, id=30114, stack(0x00007f981b51e000,0x00007f981b61f000)]
  0x00007f983c0bd800 JavaThread "C1 CompilerThread2" daemon [_thread_blocked, id=30113, stack(0x00007f981b61f000,0x00007f981b720000)]
  0x00007f983c0bb800 JavaThread "C2 CompilerThread1" daemon [_thread_blocked, id=30112, stack(0x00007f981b720000,0x00007f981b821000)]
  0x00007f983c0b9000 JavaThread "C2 CompilerThread0" daemon [_thread_in_native, id=30111, stack(0x00007f981b821000,0x00007f981b922000)]
  0x00007f983c0b7800 JavaThread "Signal Dispatcher" daemon [_thread_blocked, id=30110, stack(0x00007f981b922000,0x00007f981ba23000)]
  0x00007f983c084800 JavaThread "Finalizer" daemon [_thread_blocked, id=30109, stack(0x00007f981bcfd000,0x00007f981bdfe000)]
  0x00007f983c080000 JavaThread "Reference Handler" daemon [_thread_blocked, id=30108, stack(0x00007f981bdfe000,0x00007f981beff000)]
  0x00007f983c00b000 JavaThread "main" [_thread_blocked, id=30099, stack(0x00007f98446b2000,0x00007f98447b3000)]

Other Threads:
  0x00007f983c078800 VMThread [stack: 0x00007f981beff000,0x00007f981c000000] [id=30107]
  0x00007f983c0c3000 WatcherThread [stack: 0x00007f981b41d000,0x00007f981b51e000] [id=30115]

VM state:not at safepoint (normal execution)

VM Mutex/Monitor currently owned by a thread: None

Heap:
 PSYoungGen      total 32768K, used 15559K [0x00000000dbf80000, 0x00000000dff80000, 0x0000000100000000)
  eden space 28160K, 55% used [0x00000000dbf80000,0x00000000dceb1da8,0x00000000ddb00000)
  from space 4608K, 0% used [0x00000000ddb00000,0x00000000ddb00000,0x00000000ddf80000)
  to   space 4608K, 0% used [0x00000000dfb00000,0x00000000dfb00000,0x00000000dff80000)
 ParOldGen       total 64512K, used 11943K [0x0000000093e00000, 0x0000000097d00000, 0x00000000dbf80000)
  object space 64512K, 18% used [0x0000000093e00000,0x00000000949a9e50,0x0000000097d00000)
 Metaspace       used 21721K, capacity 22888K, committed 23168K, reserved 1069056K
  class space    used 2866K, capacity 3137K, committed 3200K, reserved 1048576K

Card table byte_map: [0x00007f9840a05000,0x00007f9840d67000] byte_map_base: 0x00007f9840566000

Marking Bits: (ParMarkBitMap*) 0x00007f9843981320
 Begin Bits: [0x00007f98299f0000, 0x00007f982b4f8000)
 End Bits:   [0x00007f982b4f8000, 0x00007f982d000000)

Polling page: 0x00007f98447d5000

CodeCache: size=245760Kb used=8702Kb max_used=8702Kb free=237057Kb
 bounds [0x00007f982d000000, 0x00007f982d890000, 0x00007f983c000000]
 total_blobs=3438 nmethods=2775 adapters=578
 compilation: enabled

Compilation events (10 events):
Event: 11,171 Thread 0x00007f983c0bd800 nmethod 2766 0x00007f982d87ec90 code [0x00007f982d87ede0, 0x00007f982d87eed0]
Event: 11,171 Thread 0x00007f983c0bd800 2767       3       javafx.scene.Node$MiscProperties::invalidateBoundsInLocal (15 bytes)
Event: 11,172 Thread 0x00007f983c0bd800 nmethod 2767 0x00007f982d87e590 code [0x00007f982d87e720, 0x00007f982d87eb28]
Event: 11,172 Thread 0x00007f983c0bd800 2768       3       javafx.scene.Node$5::invalidated (69 bytes)
Event: 11,175 Thread 0x00007f983c0bd800 nmethod 2768 0x00007f982d880a10 code [0x00007f982d880cc0, 0x00007f982d882208]
Event: 11,175 Thread 0x00007f983c0bd800 2773       1       com.sun.javafx.geom.RectBounds::getWidth (10 bytes)
Event: 11,175 Thread 0x00007f983c0bd800 nmethod 2773 0x00007f982d87e2d0 code [0x00007f982d87e420, 0x00007f982d87e530]
Event: 11,175 Thread 0x00007f983c0bd800 2769       3       javafx.scene.control.Labeled::getGraphic (22 bytes)
Event: 11,176 Thread 0x00007f983c0bd800 nmethod 2769 0x00007f982d87dbd0 code [0x00007f982d87dd60, 0x00007f982d87e1a8]
Event: 11,176 Thread 0x00007f983c0bd800 2770       3       javafx.scene.Node$11::invalidated (52 bytes)

GC Heap History (8 events):
Event: 2,024 GC heap before
{Heap before GC invocations=1 (full 0):
 PSYoungGen      total 32768K, used 25797K [0x00000000dbf80000, 0x00000000de400000, 0x0000000100000000)
  eden space 28160K, 91% used [0x00000000dbf80000,0x00000000dd8b1418,0x00000000ddb00000)
  from space 4608K, 0% used [0x00000000ddf80000,0x00000000ddf80000,0x00000000de400000)
  to   space 4608K, 0% used [0x00000000ddb00000,0x00000000ddb00000,0x00000000ddf80000)
 ParOldGen       total 75264K, used 0K [0x0000000093e00000, 0x0000000098780000, 0x00000000dbf80000)
  object space 75264K, 0% used [0x0000000093e00000,0x0000000093e00000,0x0000000098780000)
 Metaspace       used 11678K, capacity 12064K, committed 12416K, reserved 1060864K
  class space    used 1413K, capacity 1540K, committed 1664K, reserved 1048576K
Event: 2,041 GC heap after
Heap after GC invocations=1 (full 0):
 PSYoungGen      total 32768K, used 4579K [0x00000000dbf80000, 0x00000000de400000, 0x0000000100000000)
  eden space 28160K, 0% used [0x00000000dbf80000,0x00000000dbf80000,0x00000000ddb00000)
  from space 4608K, 99% used [0x00000000ddb00000,0x00000000ddf78d68,0x00000000ddf80000)
  to   space 4608K, 0% used [0x00000000ddf80000,0x00000000ddf80000,0x00000000de400000)
 ParOldGen       total 75264K, used 3011K [0x0000000093e00000, 0x0000000098780000, 0x00000000dbf80000)
  object space 75264K, 4% used [0x0000000093e00000,0x00000000940f0e60,0x0000000098780000)
 Metaspace       used 11678K, capacity 12064K, committed 12416K, reserved 1060864K
  class space    used 1413K, capacity 1540K, committed 1664K, reserved 1048576K
}
Event: 8,664 GC heap before
{Heap before GC invocations=2 (full 0):
 PSYoungGen      total 32768K, used 32720K [0x00000000dbf80000, 0x00000000de400000, 0x0000000100000000)
  eden space 28160K, 99% used [0x00000000dbf80000,0x00000000ddafb5d0,0x00000000ddb00000)
  from space 4608K, 99% used [0x00000000ddb00000,0x00000000ddf78d68,0x00000000ddf80000)
  to   space 4608K, 0% used [0x00000000ddf80000,0x00000000ddf80000,0x00000000de400000)
 ParOldGen       total 75264K, used 3011K [0x0000000093e00000, 0x0000000098780000, 0x00000000dbf80000)
  object space 75264K, 4% used [0x0000000093e00000,0x00000000940f0e60,0x0000000098780000)
 Metaspace       used 18363K, capacity 18962K, committed 19328K, reserved 1067008K
  class space    used 2418K, capacity 2578K, committed 2688K, reserved 1048576K
Event: 8,686 GC heap after
Heap after GC invocations=2 (full 0):
 PSYoungGen      total 32768K, used 4598K [0x00000000dbf80000, 0x00000000de400000, 0x0000000100000000)
  eden space 28160K, 0% used [0x00000000dbf80000,0x00000000dbf80000,0x00000000ddb00000)
  from space 4608K, 99% used [0x00000000ddf80000,0x00000000de3fda28,0x00000000de400000)
  to   space 4608K, 0% used [0x00000000ddb00000,0x00000000ddb00000,0x00000000ddf80000)
 ParOldGen       total 75264K, used 12069K [0x0000000093e00000, 0x0000000098780000, 0x00000000dbf80000)
  object space 75264K, 16% used [0x0000000093e00000,0x00000000949c9680,0x0000000098780000)
 Metaspace       used 18363K, capacity 18962K, committed 19328K, reserved 1067008K
  class space    used 2418K, capacity 2578K, committed 2688K, reserved 1048576K
}
Event: 9,670 GC heap before
{Heap before GC invocations=3 (full 0):
 PSYoungGen      total 32768K, used 16891K [0x00000000dbf80000, 0x00000000de400000, 0x0000000100000000)
  eden space 28160K, 43% used [0x00000000dbf80000,0x00000000dcb814b0,0x00000000ddb00000)
  from space 4608K, 99% used [0x00000000ddf80000,0x00000000de3fda28,0x00000000de400000)
  to   space 4608K, 0% used [0x00000000ddb00000,0x00000000ddb00000,0x00000000ddf80000)
 ParOldGen       total 75264K, used 12069K [0x0000000093e00000, 0x0000000098780000, 0x00000000dbf80000)
  object space 75264K, 16% used [0x0000000093e00000,0x00000000949c9680,0x0000000098780000)
 Metaspace       used 20372K, capacity 21226K, committed 21296K, reserved 1067008K
  class space    used 2690K, capacity 2904K, committed 2944K, reserved 1048576K
Event: 9,695 GC heap after
Heap after GC invocations=3 (full 0):
 PSYoungGen      total 32768K, used 4593K [0x00000000dbf80000, 0x00000000dff80000, 0x0000000100000000)
  eden space 28160K, 0% used [0x00000000dbf80000,0x00000000dbf80000,0x00000000ddb00000)
  from space 4608K, 99% used [0x00000000ddb00000,0x00000000ddf7c528,0x00000000ddf80000)
  to   space 4608K, 0% used [0x00000000dfb00000,0x00000000dfb00000,0x00000000dff80000)
 ParOldGen       total 75264K, used 14286K [0x0000000093e00000, 0x0000000098780000, 0x00000000dbf80000)
  object space 75264K, 18% used [0x0000000093e00000,0x0000000094bf3a08,0x0000000098780000)
 Metaspace       used 20372K, capacity 21226K, committed 21296K, reserved 1067008K
  class space    used 2690K, capacity 2904K, committed 2944K, reserved 1048576K
}
Event: 9,695 GC heap before
{Heap before GC invocations=4 (full 1):
 PSYoungGen      total 32768K, used 4593K [0x00000000dbf80000, 0x00000000dff80000, 0x0000000100000000)
  eden space 28160K, 0% used [0x00000000dbf80000,0x00000000dbf80000,0x00000000ddb00000)
  from space 4608K, 99% used [0x00000000ddb00000,0x00000000ddf7c528,0x00000000ddf80000)
  to   space 4608K, 0% used [0x00000000dfb00000,0x00000000dfb00000,0x00000000dff80000)
 ParOldGen       total 75264K, used 14286K [0x0000000093e00000, 0x0000000098780000, 0x00000000dbf80000)
  object space 75264K, 18% used [0x0000000093e00000,0x0000000094bf3a08,0x0000000098780000)
 Metaspace       used 20372K, capacity 21226K, committed 21296K, reserved 1067008K
  class space    used 2690K, capacity 2904K, committed 2944K, reserved 1048576K
Event: 9,799 GC heap after
Heap after GC invocations=4 (full 1):
 PSYoungGen      total 32768K, used 0K [0x00000000dbf80000, 0x00000000dff80000, 0x0000000100000000)
  eden space 28160K, 0% used [0x00000000dbf80000,0x00000000dbf80000,0x00000000ddb00000)
  from space 4608K, 0% used [0x00000000ddb00000,0x00000000ddb00000,0x00000000ddf80000)
  to   space 4608K, 0% used [0x00000000dfb00000,0x00000000dfb00000,0x00000000dff80000)
 ParOldGen       total 64512K, used 11943K [0x0000000093e00000, 0x0000000097d00000, 0x00000000dbf80000)
  object space 64512K, 18% used [0x0000000093e00000,0x00000000949a9e50,0x0000000097d00000)
 Metaspace       used 20372K, capacity 21226K, committed 21296K, reserved 1067008K
  class space    used 2690K, capacity 2904K, committed 2944K, reserved 1048576K
}

Deoptimization events (10 events):
Event: 9,987 Thread 0x00007f983c2f4800 Uncommon trap: reason=array_check action=maybe_recompile pc=0x00007f982d631470 method=com.sun.javafx.css.SimpleSelector.applies(Ljavafx/css/Styleable;[Ljava/util/Set;I)Z @ 37
Event: 9,989 Thread 0x00007f983c2f4800 Uncommon trap: reason=array_check action=maybe_recompile pc=0x00007f982d631470 method=com.sun.javafx.css.SimpleSelector.applies(Ljavafx/css/Styleable;[Ljava/util/Set;I)Z @ 37
Event: 9,989 Thread 0x00007f983c2f4800 Uncommon trap: reason=bimorphic action=maybe_recompile pc=0x00007f982d6154fc method=com.sun.javafx.css.SimpleSelector.applies(Ljavafx/css/Styleable;)Z @ 95
Event: 9,990 Thread 0x00007f983c2f4800 Uncommon trap: reason=bimorphic action=maybe_recompile pc=0x00007f982d6154fc method=com.sun.javafx.css.SimpleSelector.applies(Ljavafx/css/Styleable;)Z @ 95
Event: 9,991 Thread 0x00007f983c2f4800 Uncommon trap: reason=bimorphic action=maybe_recompile pc=0x00007f982d6154fc method=com.sun.javafx.css.SimpleSelector.applies(Ljavafx/css/Styleable;)Z @ 95
Event: 9,992 Thread 0x00007f983c2f4800 Uncommon trap: reason=bimorphic action=maybe_recompile pc=0x00007f982d6154fc method=com.sun.javafx.css.SimpleSelector.applies(Ljavafx/css/Styleable;)Z @ 95
Event: 10,073 Thread 0x00007f983c2f4800 Uncommon trap: reason=array_check action=maybe_recompile pc=0x00007f982d65b828 method=com.sun.javafx.css.SimpleSelector.applies(Ljavafx/css/Styleable;[Ljava/util/Set;I)Z @ 37
Event: 10,441 Thread 0x00007f983c2f4800 Uncommon trap: reason=unstable_if action=reinterpret pc=0x00007f982d708e74 method=javafx.scene.CssStyleHelper.lookup(Ljavafx/css/Styleable;Ljavafx/css/CssMetaData;Lcom/sun/javafx/css/StyleMap;Ljava/util/Set;Ljavafx/css/Styleable;Lcom/sun/javafx/css/Calcul
Event: 10,692 Thread 0x00007f983c2f4800 Uncommon trap: reason=bimorphic action=maybe_recompile pc=0x00007f982d5fb0c0 method=java.util.HashMap.putVal(ILjava/lang/Object;Ljava/lang/Object;ZZ)Ljava/lang/Object; @ 203
Event: 11,153 Thread 0x00007f983c2f4800 Uncommon trap: reason=unstable_if action=reinterpret pc=0x00007f982d7dd6d0 method=javafx.scene.CssStyleHelper.canReuseStyleHelper(Ljavafx/scene/Node;Lcom/sun/javafx/css/StyleMap;)Z @ 178

Classes redefined (0 events):
No events

Internal exceptions (10 events):
Event: 0,589 Thread 0x00007f983c00b000 Exception <a 'java/security/PrivilegedActionException'> (0x00000000dc249298) thrown at [/build/openjdk-8-wnL82d/openjdk-8-8u171-b11/src/hotspot/src/share/vm/prims/jvm.cpp, line 1435]
Event: 0,590 Thread 0x00007f983c00b000 Exception <a 'java/lang/NullPointerException'> (0x00000000dc24a6d0) thrown at [/build/openjdk-8-wnL82d/openjdk-8-8u171-b11/src/hotspot/src/share/vm/interpreter/linkResolver.cpp, line 1185]
Event: 1,402 Thread 0x00007f983c2f4800 Exception <a 'java/lang/NullPointerException'> (0x00000000dcfeb2d8) thrown at [/build/openjdk-8-wnL82d/openjdk-8-8u171-b11/src/hotspot/src/share/vm/interpreter/linkResolver.cpp, line 1185]
Event: 1,402 Thread 0x00007f983c2f4800 Exception <a 'java/lang/NullPointerException'> (0x00000000dcfeb2d8) thrown at [/build/openjdk-8-wnL82d/openjdk-8-8u171-b11/src/hotspot/src/share/vm/prims/jvm.cpp, line 1439]
Event: 1,812 Thread 0x00007f983c2f4800 Exception <a 'java/lang/ArrayIndexOutOfBoundsException'> (0x00000000dd63c3d8) thrown at [/build/openjdk-8-wnL82d/openjdk-8-8u171-b11/src/hotspot/src/share/vm/runtime/sharedRuntime.cpp, line 605]
Event: 1,813 Thread 0x00007f983c2f4800 Exception <a 'java/lang/ArrayIndexOutOfBoundsException'> (0x00000000dd63d0d8) thrown at [/build/openjdk-8-wnL82d/openjdk-8-8u171-b11/src/hotspot/src/share/vm/runtime/sharedRuntime.cpp, line 605]
Event: 1,814 Thread 0x00007f983c2f4800 Exception <a 'java/lang/ArrayIndexOutOfBoundsException'> (0x00000000dd63e480) thrown at [/build/openjdk-8-wnL82d/openjdk-8-8u171-b11/src/hotspot/src/share/vm/runtime/sharedRuntime.cpp, line 605]
Event: 8,486 Thread 0x00007f983c2f4800 Implicit null exception at 0x00007f982d2d7cf3 to 0x00007f982d2d80e9
Event: 8,828 Thread 0x00007f983c2f4800 Exception <a 'java/lang/ArrayIndexOutOfBoundsException': 65> (0x00000000dc280360) thrown at [/build/openjdk-8-wnL82d/openjdk-8-8u171-b11/src/hotspot/src/share/vm/interpreter/interpreterRuntime.cpp, line 366]
Event: 9,164 Thread 0x00007f983c2f4800 Exception <a 'java/io/FileNotFoundException'> (0x00000000dc723bc8) thrown at [/build/openjdk-8-wnL82d/openjdk-8-8u171-b11/src/hotspot/src/share/vm/prims/jni.cpp, line 709]

Events (10 events):
Event: 10,979 loading class com/sun/javafx/tk/FontMetrics done
Event: 11,060 loading class com/sun/javafx/scene/control/skin/Utils$2
Event: 11,060 loading class com/sun/javafx/scene/control/skin/Utils$2 done
Event: 11,153 Thread 0x00007f983c2f4800 Uncommon trap: trap_request=0xffffff65 fr.pc=0x00007f982d7dd6d0
Event: 11,153 Thread 0x00007f983c2f4800 DEOPT PACKING pc=0x00007f982d7dd6d0 sp=0x00007f97dc562aa0
Event: 11,153 Thread 0x00007f983c2f4800 DEOPT UNPACKING pc=0x00007f982d04547a sp=0x00007f97dc5629d8 mode 2
Event: 11,177 Thread 0x00007f983c2f4800 DEOPT PACKING pc=0x00007f982d412b14 sp=0x00007f97dc564480
Event: 11,177 Thread 0x00007f983c2f4800 DEOPT UNPACKING pc=0x00007f982d0470c4 sp=0x00007f97dc564208 mode 0
Event: 11,178 Thread 0x00007f983c2f4800 DEOPT PACKING pc=0x00007f982d412b14 sp=0x00007f97dc564cf0
Event: 11,178 Thread 0x00007f983c2f4800 DEOPT UNPACKING pc=0x00007f982d0470c4 sp=0x00007f97dc564a78 mode 0


Dynamic libraries:
00400000-00401000 r-xp 00000000 08:06 19152                              /usr/lib/jvm/java-8-openjdk-amd64/jre/bin/java
00600000-00601000 r--p 00000000 08:06 19152                              /usr/lib/jvm/java-8-openjdk-amd64/jre/bin/java
00601000-00602000 rw-p 00001000 08:06 19152                              /usr/lib/jvm/java-8-openjdk-amd64/jre/bin/java
024b4000-024d5000 rw-p 00000000 00:00 0                                  [heap]
93e00000-97d00000 rw-p 00000000 00:00 0 
97d00000-dbf80000 ---p 00000000 00:00 0 
dbf80000-dff80000 rw-p 00000000 00:00 0 
dff80000-100000000 ---p 00000000 00:00 0 
100000000-100320000 rw-p 00000000 00:00 0 
100320000-140000000 ---p 00000000 00:00 0 
7f97a8fff000-7f97ac000000 rw-p 00000000 00:00 0 
7f97ac000000-7f97ac021000 rw-p 00000000 00:00 0 
7f97ac021000-7f97b0000000 ---p 00000000 00:00 0 
7f97b0000000-7f97b0021000 rw-p 00000000 00:00 0 
7f97b0021000-7f97b4000000 ---p 00000000 00:00 0 
7f97b4000000-7f97b4021000 rw-p 00000000 00:00 0 
7f97b4021000-7f97b8000000 ---p 00000000 00:00 0 
7f97b8000000-7f97b8021000 rw-p 00000000 00:00 0 
7f97b8021000-7f97bc000000 ---p 00000000 00:00 0 
7f97bc000000-7f97bc021000 rw-p 00000000 00:00 0 
7f97bc021000-7f97c0000000 ---p 00000000 00:00 0 
7f97c0000000-7f97c0021000 rw-p 00000000 00:00 0 
7f97c0021000-7f97c4000000 ---p 00000000 00:00 0 
7f97c4000000-7f97c4021000 rw-p 00000000 00:00 0 
7f97c4021000-7f97c8000000 ---p 00000000 00:00 0 
7f97c8000000-7f97c84ac000 rw-p 00000000 00:00 0 
7f97c84ac000-7f97cc000000 ---p 00000000 00:00 0 
7f97cc000000-7f97cc022000 rw-p 00000000 00:00 0 
7f97cc022000-7f97d0000000 ---p 00000000 00:00 0 
7f97d0000000-7f97d0022000 rw-p 00000000 00:00 0 
7f97d0022000-7f97d4000000 ---p 00000000 00:00 0 
7f97d5184000-7f97d5230000 r--p 00000000 08:06 78714                      /usr/share/fonts/truetype/dejavu/DejaVuSans-Bold.ttf
7f97d5230000-7f97d53b0000 rw-p 00000000 00:00 0 
7f97d53b0000-7f97d5430000 ---p 00000000 00:00 0 
7f97d5430000-7f97d5630000 rw-p 00000000 00:00 0 
7f97d5630000-7f97d5646000 r-xp 00000000 08:06 19197                      /usr/lib/jvm/java-8-openjdk-amd64/jre/lib/amd64/libnet.so
7f97d5646000-7f97d5846000 ---p 00016000 08:06 19197                      /usr/lib/jvm/java-8-openjdk-amd64/jre/lib/amd64/libnet.so
7f97d5846000-7f97d5847000 r--p 00016000 08:06 19197                      /usr/lib/jvm/java-8-openjdk-amd64/jre/lib/amd64/libnet.so
7f97d5847000-7f97d5848000 rw-p 00017000 08:06 19197                      /usr/lib/jvm/java-8-openjdk-amd64/jre/lib/amd64/libnet.so
7f97d5848000-7f97d599f000 rw-s 109f2b000 00:06 334                       /dev/dri/renderD128
7f97d599f000-7f97d5b9f000 rw-p 00000000 00:00 0 
7f97d5b9f000-7f97d5c9f000 rw-s 1072e2000 00:06 334                       /dev/dri/renderD128
7f97d5c9f000-7f97d5d9f000 rw-s 10379b000 00:06 334                       /dev/dri/renderD128
7f97d5d9f000-7f97d5da2000 ---p 00000000 00:00 0 
7f97d5da2000-7f97d5ea0000 rw-p 00000000 00:00 0 
7f97d5ea0000-7f97d5f59000 r--p 00000000 08:06 78715                      /usr/share/fonts/truetype/dejavu/DejaVuSans.ttf
7f97d5f59000-7f97d6159000 rw-p 00000000 00:00 0 
7f97d6159000-7f97d6189000 r-xp 00000000 08:06 32466                      /usr/lib/x86_64-linux-gnu/gtk-2.0/2.10.0/engines/libmurrine.so
7f97d6189000-7f97d6389000 ---p 00030000 08:06 32466                      /usr/lib/x86_64-linux-gnu/gtk-2.0/2.10.0/engines/libmurrine.so
7f97d6389000-7f97d638a000 r--p 00030000 08:06 32466                      /usr/lib/x86_64-linux-gnu/gtk-2.0/2.10.0/engines/libmurrine.so
7f97d638a000-7f97d638b000 rw-p 00031000 08:06 32466                      /usr/lib/x86_64-linux-gnu/gtk-2.0/2.10.0/engines/libmurrine.so
7f97d638b000-7f97d6395000 r-xp 00000000 08:06 32440                      /usr/lib/x86_64-linux-gnu/gtk-2.0/2.10.0/engines/libpixmap.so
7f97d6395000-7f97d6594000 ---p 0000a000 08:06 32440                      /usr/lib/x86_64-linux-gnu/gtk-2.0/2.10.0/engines/libpixmap.so
7f97d6594000-7f97d6595000 r--p 00009000 08:06 32440                      /usr/lib/x86_64-linux-gnu/gtk-2.0/2.10.0/engines/libpixmap.so
7f97d6595000-7f97d6596000 rw-p 0000a000 08:06 32440                      /usr/lib/x86_64-linux-gnu/gtk-2.0/2.10.0/engines/libpixmap.so
7f97d6596000-7f97d65ed000 r-xp 00000000 08:06 10681                      /usr/lib/x86_64-linux-gnu/libjpeg.so.8.0.2
7f97d65ed000-7f97d67ed000 ---p 00057000 08:06 10681                      /usr/lib/x86_64-linux-gnu/libjpeg.so.8.0.2
7f97d67ed000-7f97d67ee000 r--p 00057000 08:06 10681                      /usr/lib/x86_64-linux-gnu/libjpeg.so.8.0.2
7f97d67ee000-7f97d67ef000 rw-p 00058000 08:06 10681                      /usr/lib/x86_64-linux-gnu/libjpeg.so.8.0.2
7f97d67ef000-7f97d67f3000 r-xp 00000000 08:06 8836                       /usr/lib/jvm/java-8-openjdk-amd64/jre/lib/amd64/libjavafx_iio.so
7f97d67f3000-7f97d69f2000 ---p 00004000 08:06 8836                       /usr/lib/jvm/java-8-openjdk-amd64/jre/lib/amd64/libjavafx_iio.so
7f97d69f2000-7f97d69f3000 r--p 00003000 08:06 8836                       /usr/lib/jvm/java-8-openjdk-amd64/jre/lib/amd64/libjavafx_iio.so
7f97d69f3000-7f97d69f4000 rw-p 00004000 08:06 8836                       /usr/lib/jvm/java-8-openjdk-amd64/jre/lib/amd64/libjavafx_iio.so
7f97d69f4000-7f97d69f9000 r-xp 00000000 08:06 8842                       /usr/lib/jvm/java-8-openjdk-amd64/jre/lib/amd64/libjavafx_font_freetype.so
7f97d69f9000-7f97d6bf8000 ---p 00005000 08:06 8842                       /usr/lib/jvm/java-8-openjdk-amd64/jre/lib/amd64/libjavafx_font_freetype.so
7f97d6bf8000-7f97d6bf9000 r--p 00004000 08:06 8842                       /usr/lib/jvm/java-8-openjdk-amd64/jre/lib/amd64/libjavafx_font_freetype.so
7f97d6bf9000-7f97d6bfa000 rw-p 00005000 08:06 8842                       /usr/lib/jvm/java-8-openjdk-amd64/jre/lib/amd64/libjavafx_font_freetype.so
7f97d6bfa000-7f97d6dfa000 rw-p 00000000 00:00 0 
7f97d6dfa000-7f97d6dfd000 r-xp 00000000 08:06 8835                       /usr/lib/jvm/java-8-openjdk-amd64/jre/lib/amd64/libjavafx_font.so
7f97d6dfd000-7f97d6ffc000 ---p 00003000 08:06 8835                       /usr/lib/jvm/java-8-openjdk-amd64/jre/lib/amd64/libjavafx_font.so
7f97d6ffc000-7f97d6ffd000 r--p 00002000 08:06 8835                       /usr/lib/jvm/java-8-openjdk-amd64/jre/lib/amd64/libjavafx_font.so
7f97d6ffd000-7f97d6ffe000 rw-p 00003000 08:06 8835                       /usr/lib/jvm/java-8-openjdk-amd64/jre/lib/amd64/libjavafx_font.so
7f97d6ffe000-7f97d6fff000 ---p 00000000 00:00 0 
7f97d6fff000-7f97d77ff000 rw-p 00000000 00:00 0 
7f97d77ff000-7f97d7800000 ---p 00000000 00:00 0 
7f97d7800000-7f97d8000000 rw-p 00000000 00:00 0 
7f97d8000000-7f97d8021000 rw-p 00000000 00:00 0 
7f97d8021000-7f97dc000000 ---p 00000000 00:00 0 
7f97dc02d000-7f97dc032000 r--s 0009d000 08:06 19228                      /usr/lib/jvm/java-8-openjdk-amd64/jre/lib/jsse.jar
7f97dc032000-7f97dc042000 rw-s 10237c000 00:06 334                       /dev/dri/renderD128
7f97dc042000-7f97dc062000 rw-s 102810000 00:06 334                       /dev/dri/renderD128
7f97dc062000-7f97dc069000 r--s 00000000 08:06 1704018                    /var/cache/fontconfig/4be9850f182b35c1350b6bbf2e42601c-le64.cache-6
7f97dc069000-7f97dc06a000 r--s 00000000 08:06 1706007                    /var/cache/fontconfig/087e1975ba9a574b140bb1df193bf770-le64.cache-6
7f97dc06a000-7f97dc075000 r--s 00000000 08:06 1704007                    /var/cache/fontconfig/945677eb7aeaf62f1d50efc3fb3ec7d8-le64.cache-6
7f97dc075000-7f97dc07b000 r--s 00000000 08:06 1704004                    /var/cache/fontconfig/2cd17615ca594fa2959ae173292e504c-le64.cache-6
7f97dc07b000-7f97dc07c000 r--s 00000000 08:06 1704001                    /var/cache/fontconfig/0d8c3b2ac0904cb8a57a757ad11a4a08-le64.cache-6
7f97dc07c000-7f97dc091000 r--s 00000000 08:06 1704006                    /var/cache/fontconfig/04aabc0a78ac019cf9454389977116d2-le64.cache-6
7f97dc091000-7f97dc092000 r--s 00000000 08:06 1704011                    /var/cache/fontconfig/1ac9eb803944fde146138c791f5cc56a-le64.cache-6
7f97dc092000-7f97dc096000 r--s 00000000 08:06 1704038                    /var/cache/fontconfig/385c0604a188198f04d133e54aba7fe7-le64.cache-6
7f97dc096000-7f97dc097000 r--s 00000000 08:06 1705588                    /var/cache/fontconfig/dc05db6664285cc2f12bf69c139ae4c3-le64.cache-6
7f97dc097000-7f97dc09a000 r--s 00000000 08:06 1704472                    /var/cache/fontconfig/767a8244fc0220cfb567a839d0392e0b-le64.cache-6
7f97dc09a000-7f97dc09b000 r--s 00000000 08:06 1704002                    /var/cache/fontconfig/4794a0821666d79190d59a36cb4f44b5-le64.cache-6
7f97dc09b000-7f97dc0c2000 r--s 00000000 08:06 1704024                    /var/cache/fontconfig/0bd3dc0958fa2205aaaa8ebb13e2872b-le64.cache-6
7f97dc0c2000-7f97dc0c7000 r--s 00000000 08:06 1707645                    /var/cache/fontconfig/8801497958630a81b71ace7c5f9b32a8-le64.cache-6
7f97dc0c7000-7f97dc102000 r--s 00000000 08:06 1704031                    /var/cache/fontconfig/365b55f210c0a22e9a19e35191240f32-le64.cache-6
7f97dc102000-7f97dc103000 r--s 00000000 08:06 1704008                    /var/cache/fontconfig/bab58bb527bb656aaa9f116d68a48d89-le64.cache-6
7f97dc103000-7f97dc10a000 r--s 00000000 08:06 1704015                    /var/cache/fontconfig/3047814df9a2f067bd2d96a2b9c36e5a-le64.cache-6
7f97dc10a000-7f97dc10b000 r--s 00000000 08:06 1704030                    /var/cache/fontconfig/56cf4f4769d0f4abc89a4895d7bd3ae1-le64.cache-6
7f97dc10b000-7f97dc10c000 r--s 00000000 08:06 1704029                    /var/cache/fontconfig/b9d506c9ac06c20b433354fa67a72993-le64.cache-6
7f97dc10c000-7f97dc112000 r--s 00000000 08:06 1704035                    /var/cache/fontconfig/b47c4e1ecd0709278f4910c18777a504-le64.cache-6
7f97dc112000-7f97dc125000 r--s 00000000 08:06 1704014                    /var/cache/fontconfig/d52a8644073d54c13679302ca1180695-le64.cache-6
7f97dc125000-7f97dc130000 r--s 00000000 08:06 1704009                    /var/cache/fontconfig/d589a48862398ed80a3d6066f4f56f4c-le64.cache-6
7f97dc130000-7f97dc13b000 r--s 00000000 08:06 1704027                    /var/cache/fontconfig/83bf95040141907cd45bb53cf7c1c148-le64.cache-6
7f97dc13b000-7f97dc14d000 r--s 00000000 08:06 1704005                    /var/cache/fontconfig/9b89f8e3dae116d678bbf48e5f21f69b-le64.cache-6
7f97dc14d000-7f97dc15a000 r--s 00000000 08:06 2633402                    /home/danieledt/.cache/fontconfig/e13b20fdb08344e0e664864cc2ede53d-le64.cache-6
7f97dc15a000-7f97dc35a000 rw-p 00000000 00:00 0 
7f97dc35a000-7f97dc35d000 ---p 00000000 00:00 0 
7f97dc35d000-7f97dc45b000 rw-p 00000000 00:00 0 
7f97dc45b000-7f97dc467000 rw-s 107eaa000 00:06 334                       /dev/dri/renderD128
7f97dc467000-7f97dc46a000 ---p 00000000 00:00 0 
7f97dc46a000-7f97dc568000 rw-p 00000000 00:00 0 
7f97dc568000-7f97dc56b000 ---p 00000000 00:00 0 
7f97dc56b000-7f97dc669000 rw-p 00000000 00:00 0 
7f97dc669000-7f97dc674000 r-xp 00000000 08:06 32451                      /usr/lib/x86_64-linux-gnu/gio/modules/libdconfsettings.so
7f97dc674000-7f97dc874000 ---p 0000b000 08:06 32451                      /usr/lib/x86_64-linux-gnu/gio/modules/libdconfsettings.so
7f97dc874000-7f97dc875000 r--p 0000b000 08:06 32451                      /usr/lib/x86_64-linux-gnu/gio/modules/libdconfsettings.so
7f97dc875000-7f97dc876000 rw-p 0000c000 08:06 32451                      /usr/lib/x86_64-linux-gnu/gio/modules/libdconfsettings.so
7f97dc876000-7f97dc877000 ---p 00000000 00:00 0 
7f97dc877000-7f97dd077000 rw-p 00000000 00:00 0 
7f97dd077000-7f97dd090000 r-xp 00000000 08:06 33478                      /usr/lib/x86_64-linux-gnu/gio/modules/libgioremote-volume-monitor.so
7f97dd090000-7f97dd290000 ---p 00019000 08:06 33478                      /usr/lib/x86_64-linux-gnu/gio/modules/libgioremote-volume-monitor.so
7f97dd290000-7f97dd293000 r--p 00019000 08:06 33478                      /usr/lib/x86_64-linux-gnu/gio/modules/libgioremote-volume-monitor.so
7f97dd293000-7f97dd294000 rw-p 0001c000 08:06 33478                      /usr/lib/x86_64-linux-gnu/gio/modules/libgioremote-volume-monitor.so
7f97dd294000-7f97dd2ca000 r-xp 00000000 08:06 24604                      /usr/lib/x86_64-linux-gnu/gvfs/libgvfscommon.so
7f97dd2ca000-7f97dd4ca000 ---p 00036000 08:06 24604                      /usr/lib/x86_64-linux-gnu/gvfs/libgvfscommon.so
7f97dd4ca000-7f97dd4cf000 r--p 00036000 08:06 24604                      /usr/lib/x86_64-linux-gnu/gvfs/libgvfscommon.so
7f97dd4cf000-7f97dd4d0000 rw-p 0003b000 08:06 24604                      /usr/lib/x86_64-linux-gnu/gvfs/libgvfscommon.so
7f97dd4d0000-7f97dd500000 r-xp 00000000 08:06 33479                      /usr/lib/x86_64-linux-gnu/gio/modules/libgvfsdbus.so
7f97dd500000-7f97dd700000 ---p 00030000 08:06 33479                      /usr/lib/x86_64-linux-gnu/gio/modules/libgvfsdbus.so
7f97dd700000-7f97dd701000 r--p 00030000 08:06 33479                      /usr/lib/x86_64-linux-gnu/gio/modules/libgvfsdbus.so
7f97dd701000-7f97dd703000 rw-p 00031000 08:06 33479                      /usr/lib/x86_64-linux-gnu/gio/modules/libgvfsdbus.so
7f97dd703000-7f97dd717000 r--p 00000000 08:06 22094                      /usr/share/glib-2.0/schemas/gschemas.compiled
7f97dd717000-7f97dd72b000 r--p 00000000 08:06 22094                      /usr/share/glib-2.0/schemas/gschemas.compiled
7f97dd72b000-7f97dd73b000 r-xp 00000000 08:06 13395                      /usr/lib/x86_64-linux-gnu/libunity-gtk2-parser.so.0.0.0
7f97dd73b000-7f97dd93b000 ---p 00010000 08:06 13395                      /usr/lib/x86_64-linux-gnu/libunity-gtk2-parser.so.0.0.0
7f97dd93b000-7f97dd93c000 r--p 00010000 08:06 13395                      /usr/lib/x86_64-linux-gnu/libunity-gtk2-parser.so.0.0.0
7f97dd93c000-7f97dd93d000 rw-p 00011000 08:06 13395                      /usr/lib/x86_64-linux-gnu/libunity-gtk2-parser.so.0.0.0
7f97dd93d000-7f97dd942000 r-xp 00000000 08:06 30669                      /usr/lib/x86_64-linux-gnu/gtk-2.0/modules/libunity-gtk-module.so
7f97dd942000-7f97ddb41000 ---p 00005000 08:06 30669                      /usr/lib/x86_64-linux-gnu/gtk-2.0/modules/libunity-gtk-module.so
7f97ddb41000-7f97ddb42000 r--p 00004000 08:06 30669                      /usr/lib/x86_64-linux-gnu/gtk-2.0/modules/libunity-gtk-module.so
7f97ddb42000-7f97ddb43000 rw-p 00005000 08:06 30669                      /usr/lib/x86_64-linux-gnu/gtk-2.0/modules/libunity-gtk-module.so
7f97ddb43000-7f97ddb6d000 r--p 00000000 08:06 131036                     /usr/share/locale-langpack/it/LC_MESSAGES/gtk20-properties.mo
7f97ddb6d000-7f97ddb73000 r-xp 00000000 08:06 10263                      /usr/lib/x86_64-linux-gnu/libdatrie.so.1.3.3
7f97ddb73000-7f97ddd73000 ---p 00006000 08:06 10263                      /usr/lib/x86_64-linux-gnu/libdatrie.so.1.3.3
7f97ddd73000-7f97ddd74000 r--p 00006000 08:06 10263                      /usr/lib/x86_64-linux-gnu/libdatrie.so.1.3.3
7f97ddd74000-7f97ddd75000 rw-p 00007000 08:06 10263                      /usr/lib/x86_64-linux-gnu/libdatrie.so.1.3.3
7f97ddd75000-7f97ddd99000 r-xp 00000000 08:06 9432                       /usr/lib/x86_64-linux-gnu/libgraphite2.so.3.0.1
7f97ddd99000-7f97ddf98000 ---p 00024000 08:06 9432                       /usr/lib/x86_64-linux-gnu/libgraphite2.so.3.0.1
7f97ddf98000-7f97ddf9a000 r--p 00023000 08:06 9432                       /usr/lib/x86_64-linux-gnu/libgraphite2.so.3.0.1
7f97ddf9a000-7f97ddf9b000 rw-p 00025000 08:06 9432                       /usr/lib/x86_64-linux-gnu/libgraphite2.so.3.0.1
7f97ddf9b000-7f97ddfa3000 r-xp 00000000 08:06 11095                      /usr/lib/x86_64-linux-gnu/libthai.so.0.2.4
7f97ddfa3000-7f97de1a2000 ---p 00008000 08:06 11095                      /usr/lib/x86_64-linux-gnu/libthai.so.0.2.4
7f97de1a2000-7f97de1a3000 r--p 00007000 08:06 11095                      /usr/lib/x86_64-linux-gnu/libthai.so.0.2.4
7f97de1a3000-7f97de1a4000 rw-p 00008000 08:06 11095                      /usr/lib/x86_64-linux-gnu/libthai.so.0.2.4
7f97de1a4000-7f97de200000 r-xp 00000000 08:06 10595                      /usr/lib/x86_64-linux-gnu/libharfbuzz.so.0.10000.1
7f97de200000-7f97de400000 ---p 0005c000 08:06 10595                      /usr/lib/x86_64-linux-gnu/libharfbuzz.so.0.10000.1
7f97de400000-7f97de401000 r--p 0005c000 08:06 10595                      /usr/lib/x86_64-linux-gnu/libharfbuzz.so.0.10000.1
7f97de401000-7f97de402000 rw-p 0005d000 08:06 10595                      /usr/lib/x86_64-linux-gnu/libharfbuzz.so.0.10000.1
7f97de402000-7f97de470000 r-xp 00000000 08:06 5247573                    /lib/x86_64-linux-gnu/libpcre.so.3.13.2
7f97de470000-7f97de670000 ---p 0006e000 08:06 5247573                    /lib/x86_64-linux-gnu/libpcre.so.3.13.2
7f97de670000-7f97de671000 r--p 0006e000 08:06 5247573                    /lib/x86_64-linux-gnu/libpcre.so.3.13.2
7f97de671000-7f97de672000 rw-p 0006f000 08:06 5247573                    /lib/x86_64-linux-gnu/libpcre.so.3.13.2
7f97de672000-7f97de689000 r-xp 00000000 08:06 5248714                    /lib/x86_64-linux-gnu/libresolv-2.23.so
7f97de689000-7f97de889000 ---p 00017000 08:06 5248714                    /lib/x86_64-linux-gnu/libresolv-2.23.so
7f97de889000-7f97de88a000 r--p 00017000 08:06 5248714                    /lib/x86_64-linux-gnu/libresolv-2.23.so
7f97de88a000-7f97de88b000 rw-p 00018000 08:06 5248714                    /lib/x86_64-linux-gnu/libresolv-2.23.so
7f97de88b000-7f97de88d000 rw-p 00000000 00:00 0 
7f97de88d000-7f97de8ac000 r-xp 00000000 08:06 5247602                    /lib/x86_64-linux-gnu/libselinux.so.1
7f97de8ac000-7f97deaab000 ---p 0001f000 08:06 5247602                    /lib/x86_64-linux-gnu/libselinux.so.1
7f97deaab000-7f97deaac000 r--p 0001e000 08:06 5247602                    /lib/x86_64-linux-gnu/libselinux.so.1
7f97deaac000-7f97deaad000 rw-p 0001f000 08:06 5247602                    /lib/x86_64-linux-gnu/libselinux.so.1
7f97deaad000-7f97deaaf000 rw-p 00000000 00:00 0 
7f97deaaf000-7f97deab7000 r-xp 00000000 08:06 11230                      /usr/lib/x86_64-linux-gnu/libxcb-render.so.0.0.0
7f97deab7000-7f97decb7000 ---p 00008000 08:06 11230                      /usr/lib/x86_64-linux-gnu/libxcb-render.so.0.0.0
7f97decb7000-7f97decb8000 r--p 00008000 08:06 11230                      /usr/lib/x86_64-linux-gnu/libxcb-render.so.0.0.0
7f97decb8000-7f97decb9000 rw-p 00009000 08:06 11230                      /usr/lib/x86_64-linux-gnu/libxcb-render.so.0.0.0
7f97decb9000-7f97decbb000 r-xp 00000000 08:06 11234                      /usr/lib/x86_64-linux-gnu/libxcb-shm.so.0.0.0
7f97decbb000-7f97deebb000 ---p 00002000 08:06 11234                      /usr/lib/x86_64-linux-gnu/libxcb-shm.so.0.0.0
7f97deebb000-7f97deebc000 r--p 00002000 08:06 11234                      /usr/lib/x86_64-linux-gnu/libxcb-shm.so.0.0.0
7f97deebc000-7f97deebd000 rw-p 00003000 08:06 11234                      /usr/lib/x86_64-linux-gnu/libxcb-shm.so.0.0.0
7f97deebd000-7f97deee1000 r-xp 00000000 08:06 5247585                    /lib/x86_64-linux-gnu/libpng12.so.0.54.0
7f97deee1000-7f97df0e0000 ---p 00024000 08:06 5247585                    /lib/x86_64-linux-gnu/libpng12.so.0.54.0
7f97df0e0000-7f97df0e1000 r--p 00023000 08:06 5247585                    /lib/x86_64-linux-gnu/libpng12.so.0.54.0
7f97df0e1000-7f97df0e2000 rw-p 00024000 08:06 5247585                    /lib/x86_64-linux-gnu/libpng12.so.0.54.0
7f97df0e2000-7f97df186000 r-xp 00000000 08:06 10418                      /usr/lib/x86_64-linux-gnu/libfreetype.so.6.12.1
7f97df186000-7f97df385000 ---p 000a4000 08:06 10418                      /usr/lib/x86_64-linux-gnu/libfreetype.so.6.12.1
7f97df385000-7f97df38b000 r--p 000a3000 08:06 10418                      /usr/lib/x86_64-linux-gnu/libfreetype.so.6.12.1
7f97df38b000-7f97df38c000 rw-p 000a9000 08:06 10418                      /usr/lib/x86_64-linux-gnu/libfreetype.so.6.12.1
7f97df38c000-7f97df42b000 r-xp 00000000 08:06 10905                      /usr/lib/x86_64-linux-gnu/libpixman-1.so.0.33.6
7f97df42b000-7f97df62b000 ---p 0009f000 08:06 10905                      /usr/lib/x86_64-linux-gnu/libpixman-1.so.0.33.6
7f97df62b000-7f97df633000 r--p 0009f000 08:06 10905                      /usr/lib/x86_64-linux-gnu/libpixman-1.so.0.33.6
7f97df633000-7f97df634000 rw-p 000a7000 08:06 10905                      /usr/lib/x86_64-linux-gnu/libpixman-1.so.0.33.6
7f97df634000-7f97df636000 r-xp 00000000 08:06 10023                      /usr/lib/x86_64-linux-gnu/libXcomposite.so.1.0.0
7f97df636000-7f97df835000 ---p 00002000 08:06 10023                      /usr/lib/x86_64-linux-gnu/libXcomposite.so.1.0.0
7f97df835000-7f97df836000 r--p 00001000 08:06 10023                      /usr/lib/x86_64-linux-gnu/libXcomposite.so.1.0.0
7f97df836000-7f97df837000 rw-p 00002000 08:06 10023                      /usr/lib/x86_64-linux-gnu/libXcomposite.so.1.0.0
7f97df837000-7f97df840000 r-xp 00000000 08:06 3963                       /usr/lib/x86_64-linux-gnu/libXcursor.so.1.0.2
7f97df840000-7f97dfa3f000 ---p 00009000 08:06 3963                       /usr/lib/x86_64-linux-gnu/libXcursor.so.1.0.2
7f97dfa3f000-7f97dfa40000 r--p 00008000 08:06 3963                       /usr/lib/x86_64-linux-gnu/libXcursor.so.1.0.2
7f97dfa40000-7f97dfa41000 rw-p 00009000 08:06 3963                       /usr/lib/x86_64-linux-gnu/libXcursor.so.1.0.2
7f97dfa41000-7f97dfa4b000 r-xp 00000000 08:06 10051                      /usr/lib/x86_64-linux-gnu/libXrandr.so.2.2.0
7f97dfa4b000-7f97dfc4a000 ---p 0000a000 08:06 10051                      /usr/lib/x86_64-linux-gnu/libXrandr.so.2.2.0
7f97dfc4a000-7f97dfc4b000 r--p 00009000 08:06 10051                      /usr/lib/x86_64-linux-gnu/libXrandr.so.2.2.0
7f97dfc4b000-7f97dfc4c000 rw-p 0000a000 08:06 10051                      /usr/lib/x86_64-linux-gnu/libXrandr.so.2.2.0
7f97dfc4c000-7f97dfc5b000 r-xp 00000000 08:06 10041                      /usr/lib/x86_64-linux-gnu/libXi.so.6.1.0
7f97dfc5b000-7f97dfe5a000 ---p 0000f000 08:06 10041                      /usr/lib/x86_64-linux-gnu/libXi.so.6.1.0
7f97dfe5a000-7f97dfe5b000 r--p 0000e000 08:06 10041                      /usr/lib/x86_64-linux-gnu/libXi.so.6.1.0
7f97dfe5b000-7f97dfe5c000 rw-p 0000f000 08:06 10041                      /usr/lib/x86_64-linux-gnu/libXi.so.6.1.0
7f97dfe5c000-7f97dfe5e000 r-xp 00000000 08:06 10043                      /usr/lib/x86_64-linux-gnu/libXinerama.so.1.0.0
7f97dfe5e000-7f97e005d000 ---p 00002000 08:06 10043                      /usr/lib/x86_64-linux-gnu/libXinerama.so.1.0.0
7f97e005d000-7f97e005e000 r--p 00001000 08:06 10043                      /usr/lib/x86_64-linux-gnu/libXinerama.so.1.0.0
7f97e005e000-7f97e005f000 rw-p 00002000 08:06 10043                      /usr/lib/x86_64-linux-gnu/libXinerama.so.1.0.0
7f97e005f000-7f97e0068000 r-xp 00000000 08:06 10053                      /usr/lib/x86_64-linux-gnu/libXrender.so.1.3.0
7f97e0068000-7f97e0267000 ---p 00009000 08:06 10053                      /usr/lib/x86_64-linux-gnu/libXrender.so.1.3.0
7f97e0267000-7f97e0268000 r--p 00008000 08:06 10053                      /usr/lib/x86_64-linux-gnu/libXrender.so.1.3.0
7f97e0268000-7f97e0269000 rw-p 00009000 08:06 10053                      /usr/lib/x86_64-linux-gnu/libXrender.so.1.3.0
7f97e0269000-7f97e02a6000 r-xp 00000000 08:06 10408                      /usr/lib/x86_64-linux-gnu/libfontconfig.so.1.9.0
7f97e02a6000-7f97e04a5000 ---p 0003d000 08:06 10408                      /usr/lib/x86_64-linux-gnu/libfontconfig.so.1.9.0
7f97e04a5000-7f97e04a7000 r--p 0003c000 08:06 10408                      /usr/lib/x86_64-linux-gnu/libfontconfig.so.1.9.0
7f97e04a7000-7f97e04ac000 rw-p 0003e000 08:06 10408                      /usr/lib/x86_64-linux-gnu/libfontconfig.so.1.9.0
7f97e04ac000-7f97e04f5000 r-xp 00000000 08:06 10881                      /usr/lib/x86_64-linux-gnu/libpango-1.0.so.0.3800.1
7f97e04f5000-7f97e06f5000 ---p 00049000 08:06 10881                      /usr/lib/x86_64-linux-gnu/libpango-1.0.so.0.3800.1
7f97e06f5000-7f97e06f7000 r--p 00049000 08:06 10881                      /usr/lib/x86_64-linux-gnu/libpango-1.0.so.0.3800.1
7f97e06f7000-7f97e06f8000 rw-p 0004b000 08:06 10881                      /usr/lib/x86_64-linux-gnu/libpango-1.0.so.0.3800.1
7f97e06f8000-7f97e070c000 r-xp 00000000 08:06 10885                      /usr/lib/x86_64-linux-gnu/libpangoft2-1.0.so.0.3800.1
7f97e070c000-7f97e090c000 ---p 00014000 08:06 10885                      /usr/lib/x86_64-linux-gnu/libpangoft2-1.0.so.0.3800.1
7f97e090c000-7f97e090d000 r--p 00014000 08:06 10885                      /usr/lib/x86_64-linux-gnu/libpangoft2-1.0.so.0.3800.1
7f97e090d000-7f97e090e000 rw-p 00015000 08:06 10885                      /usr/lib/x86_64-linux-gnu/libpangoft2-1.0.so.0.3800.1
7f97e090e000-7f97e0930000 r-xp 00000000 08:06 10117                      /usr/lib/x86_64-linux-gnu/libatk-1.0.so.0.21809.1
7f97e0930000-7f97e0b2f000 ---p 00022000 08:06 10117                      /usr/lib/x86_64-linux-gnu/libatk-1.0.so.0.21809.1
7f97e0b2f000-7f97e0b32000 r--p 00021000 08:06 10117                      /usr/lib/x86_64-linux-gnu/libatk-1.0.so.0.21809.1
7f97e0b32000-7f97e0b33000 rw-p 00024000 08:06 10117                      /usr/lib/x86_64-linux-gnu/libatk-1.0.so.0.21809.1
7f97e0b33000-7f97e0b3f000 r-xp 00000000 08:06 10883                      /usr/lib/x86_64-linux-gnu/libpangocairo-1.0.so.0.3800.1
7f97e0b3f000-7f97e0d3e000 ---p 0000c000 08:06 10883                      /usr/lib/x86_64-linux-gnu/libpangocairo-1.0.so.0.3800.1
7f97e0d3e000-7f97e0d3f000 r--p 0000b000 08:06 10883                      /usr/lib/x86_64-linux-gnu/libpangocairo-1.0.so.0.3800.1
7f97e0d3f000-7f97e0d40000 rw-p 0000c000 08:06 10883                      /usr/lib/x86_64-linux-gnu/libpangocairo-1.0.so.0.3800.1
7f97e0d40000-7f97e0d43000 r-xp 00000000 08:06 10489                      /usr/lib/x86_64-linux-gnu/libgmodule-2.0.so.0.4800.2
7f97e0d43000-7f97e0f42000 ---p 00003000 08:06 10489                      /usr/lib/x86_64-linux-gnu/libgmodule-2.0.so.0.4800.2
7f97e0f42000-7f97e0f43000 r--p 00002000 08:06 10489                      /usr/lib/x86_64-linux-gnu/libgmodule-2.0.so.0.4800.2
7f97e0f43000-7f97e0f44000 rw-p 00003000 08:06 10489                      /usr/lib/x86_64-linux-gnu/libgmodule-2.0.so.0.4800.2
7f97e0f44000-7f97e0f49000 r-xp 00000000 08:06 10059                      /usr/lib/x86_64-linux-gnu/libXtst.so.6.1.0
7f97e0f49000-7f97e1148000 ---p 00005000 08:06 10059                      /usr/lib/x86_64-linux-gnu/libXtst.so.6.1.0
7f97e1148000-7f97e1149000 r--p 00004000 08:06 10059                      /usr/lib/x86_64-linux-gnu/libXtst.so.6.1.0
7f97e1149000-7f97e114a000 rw-p 00005000 08:06 10059                      /usr/lib/x86_64-linux-gnu/libXtst.so.6.1.0
7f97e114a000-7f97e1259000 r-xp 00000000 08:06 5247486                    /lib/x86_64-linux-gnu/libglib-2.0.so.0.4800.2
7f97e1259000-7f97e1458000 ---p 0010f000 08:06 5247486                    /lib/x86_64-linux-gnu/libglib-2.0.so.0.4800.2
7f97e1458000-7f97e1459000 r--p 0010e000 08:06 5247486                    /lib/x86_64-linux-gnu/libglib-2.0.so.0.4800.2
7f97e1459000-7f97e145a000 rw-p 0010f000 08:06 5247486                    /lib/x86_64-linux-gnu/libglib-2.0.so.0.4800.2
7f97e145a000-7f97e145b000 rw-p 00000000 00:00 0 
7f97e145b000-7f97e145c000 r-xp 00000000 08:06 10567                      /usr/lib/x86_64-linux-gnu/libgthread-2.0.so.0.4800.2
7f97e145c000-7f97e165b000 ---p 00001000 08:06 10567                      /usr/lib/x86_64-linux-gnu/libgthread-2.0.so.0.4800.2
7f97e165b000-7f97e165c000 r--p 00000000 08:06 10567                      /usr/lib/x86_64-linux-gnu/libgthread-2.0.so.0.4800.2
7f97e165c000-7f97e165d000 rw-p 00001000 08:06 10567                      /usr/lib/x86_64-linux-gnu/libgthread-2.0.so.0.4800.2
7f97e165d000-7f97e16af000 r-xp 00000000 08:06 10505                      /usr/lib/x86_64-linux-gnu/libgobject-2.0.so.0.4800.2
7f97e16af000-7f97e18ae000 ---p 00052000 08:06 10505                      /usr/lib/x86_64-linux-gnu/libgobject-2.0.so.0.4800.2
7f97e18ae000-7f97e18af000 r--p 00051000 08:06 10505                      /usr/lib/x86_64-linux-gnu/libgobject-2.0.so.0.4800.2
7f97e18af000-7f97e18b0000 rw-p 00052000 08:06 10505                      /usr/lib/x86_64-linux-gnu/libgobject-2.0.so.0.4800.2
7f97e18b0000-7f97e1a30000 r-xp 00000000 08:06 10475                      /usr/lib/x86_64-linux-gnu/libgio-2.0.so.0.4800.2
7f97e1a30000-7f97e1c30000 ---p 00180000 08:06 10475                      /usr/lib/x86_64-linux-gnu/libgio-2.0.so.0.4800.2
7f97e1c30000-7f97e1c34000 r--p 00180000 08:06 10475                      /usr/lib/x86_64-linux-gnu/libgio-2.0.so.0.4800.2
7f97e1c34000-7f97e1c36000 rw-p 00184000 08:06 10475                      /usr/lib/x86_64-linux-gnu/libgio-2.0.so.0.4800.2
7f97e1c36000-7f97e1c38000 rw-p 00000000 00:00 0 
7f97e1c38000-7f97e1c59000 r-xp 00000000 08:06 7561                       /usr/lib/x86_64-linux-gnu/libgdk_pixbuf-2.0.so.0.3200.2
7f97e1c59000-7f97e1e58000 ---p 00021000 08:06 7561                       /usr/lib/x86_64-linux-gnu/libgdk_pixbuf-2.0.so.0.3200.2
7f97e1e58000-7f97e1e59000 r--p 00020000 08:06 7561                       /usr/lib/x86_64-linux-gnu/libgdk_pixbuf-2.0.so.0.3200.2
7f97e1e59000-7f97e1e5a000 rw-p 00021000 08:06 7561                       /usr/lib/x86_64-linux-gnu/libgdk_pixbuf-2.0.so.0.3200.2
7f97e1e5a000-7f97e1f68000 r-xp 00000000 08:06 10180                      /usr/lib/x86_64-linux-gnu/libcairo.so.2.11400.6
7f97e1f68000-7f97e2168000 ---p 0010e000 08:06 10180                      /usr/lib/x86_64-linux-gnu/libcairo.so.2.11400.6
7f97e2168000-7f97e216b000 r--p 0010e000 08:06 10180                      /usr/lib/x86_64-linux-gnu/libcairo.so.2.11400.6
7f97e216b000-7f97e216c000 rw-p 00111000 08:06 10180                      /usr/lib/x86_64-linux-gnu/libcairo.so.2.11400.6
7f97e216c000-7f97e216e000 rw-p 00000000 00:00 0 
7f97e216e000-7f97e221e000 r-xp 00000000 08:06 7946                       /usr/lib/x86_64-linux-gnu/libgdk-x11-2.0.so.0.2400.30
7f97e221e000-7f97e241d000 ---p 000b0000 08:06 7946                       /usr/lib/x86_64-linux-gnu/libgdk-x11-2.0.so.0.2400.30
7f97e241d000-7f97e2421000 r--p 000af000 08:06 7946                       /usr/lib/x86_64-linux-gnu/libgdk-x11-2.0.so.0.2400.30
7f97e2421000-7f97e2423000 rw-p 000b3000 08:06 7946                       /usr/lib/x86_64-linux-gnu/libgdk-x11-2.0.so.0.2400.30
7f97e2423000-7f97e2861000 r-xp 00000000 08:06 7947                       /usr/lib/x86_64-linux-gnu/libgtk-x11-2.0.so.0.2400.30
7f97e2861000-7f97e2a60000 ---p 0043e000 08:06 7947                       /usr/lib/x86_64-linux-gnu/libgtk-x11-2.0.so.0.2400.30
7f97e2a60000-7f97e2a67000 r--p 0043d000 08:06 7947                       /usr/lib/x86_64-linux-gnu/libgtk-x11-2.0.so.0.2400.30
7f97e2a67000-7f97e2a6b000 rw-p 00444000 08:06 7947                       /usr/lib/x86_64-linux-gnu/libgtk-x11-2.0.so.0.2400.30
7f97e2a6b000-7f97e2a6e000 rw-p 00000000 00:00 0 
7f97e2a6e000-7f97e2a6f000 r--s 00000000 08:06 1713568                    /var/cache/fontconfig/551ecf3b0e8b0bca0f25c0944f561853-le64.cache-6
7f97e2a6f000-7f97e2a70000 r--s 00000000 08:06 1706006                    /var/cache/fontconfig/8a687c406b77f27d99abfeeba937fcce-le64.cache-6
7f97e2a70000-7f97e2a71000 r--s 00000000 08:06 1704003                    /var/cache/fontconfig/30829fa25452a46451e813d634d7f916-le64.cache-6
7f97e2a71000-7f97e2a74000 r--s 00000000 08:06 1704023                    /var/cache/fontconfig/75114ca45c98e8a441da0ff356701271-le64.cache-6
7f97e2a74000-7f97e2a8d000 r--p 00000000 08:06 136726                     /usr/share/locale-langpack/it/LC_MESSAGES/glib20.mo
7f97e2a8d000-7f97e2ab5000 r-xp 00000000 08:06 8841                       /usr/lib/jvm/java-8-openjdk-amd64/jre/lib/amd64/libglass.so
7f97e2ab5000-7f97e2cb5000 ---p 00028000 08:06 8841                       /usr/lib/jvm/java-8-openjdk-amd64/jre/lib/amd64/libglass.so
7f97e2cb5000-7f97e2cb6000 r--p 00028000 08:06 8841                       /usr/lib/jvm/java-8-openjdk-amd64/jre/lib/amd64/libglass.so
7f97e2cb6000-7f97e2cb7000 rw-p 00029000 08:06 8841                       /usr/lib/jvm/java-8-openjdk-amd64/jre/lib/amd64/libglass.so
7f97e2cb7000-7f97e2cd7000 rw-s 10982a000 00:06 334                       /dev/dri/renderD128
7f97e2cd7000-7f97e2cd8000 ---p 00000000 00:00 0 
7f97e2cd8000-7f97e34d8000 rw-p 00000000 00:00 0 
7f97e34d8000-7f97e34e8000 rw-s 1031a7000 00:06 334                       /dev/dri/renderD128
7f97e34e8000-7f97e34f8000 rw-s 10b1d5000 00:06 334                       /dev/dri/renderD128
7f97e34f8000-7f97e34f9000 ---p 00000000 00:00 0 
7f97e34f9000-7f97e3cf9000 rw-p 00000000 00:00 0 
7f97e3cf9000-7f97e3cfa000 ---p 00000000 00:00 0 
7f97e3cfa000-7f97e44fa000 rw-p 00000000 00:00 0 
7f97e44fa000-7f97e44fb000 ---p 00000000 00:00 0 
7f97e44fb000-7f97e4cfb000 rw-p 00000000 00:00 0 
7f97e4cfb000-7f97e4cfc000 ---p 00000000 00:00 0 
7f97e4cfc000-7f97e54fc000 rw-p 00000000 00:00 0 
7f97e54fc000-7f97e54fd000 ---p 00000000 00:00 0 
7f97e54fd000-7f97e5cfd000 rw-p 00000000 00:00 0 
7f97e5cfd000-7f97e5d34000 r-xp 00000000 08:06 11120                      /usr/lib/x86_64-linux-gnu/libtxc_dxtn_s2tc.so.0.0.0
7f97e5d34000-7f97e5f33000 ---p 00037000 08:06 11120                      /usr/lib/x86_64-linux-gnu/libtxc_dxtn_s2tc.so.0.0.0
7f97e5f33000-7f97e5f34000 r--p 00036000 08:06 11120                      /usr/lib/x86_64-linux-gnu/libtxc_dxtn_s2tc.so.0.0.0
7f97e5f34000-7f97e5f35000 rw-p 00037000 08:06 11120                      /usr/lib/x86_64-linux-gnu/libtxc_dxtn_s2tc.so.0.0.0
7f97e5f35000-7f97e5f36000 ---p 00000000 00:00 0 
7f97e5f36000-7f97e6736000 rw-p 00000000 00:00 0 
7f97e6736000-7f97e6737000 ---p 00000000 00:00 0 
7f97e6737000-7f97e6f37000 rw-p 00000000 00:00 0 
7f97e6f37000-7f97e6f4a000 r-xp 00000000 08:06 5247440                    /lib/x86_64-linux-gnu/libbsd.so.0.8.2
7f97e6f4a000-7f97e7149000 ---p 00013000 08:06 5247440                    /lib/x86_64-linux-gnu/libbsd.so.0.8.2
7f97e7149000-7f97e714a000 r--p 00012000 08:06 5247440                    /lib/x86_64-linux-gnu/libbsd.so.0.8.2
7f97e714a000-7f97e714b000 rw-p 00013000 08:06 5247440                    /lib/x86_64-linux-gnu/libbsd.so.0.8.2
7f97e714b000-7f97e714c000 rw-p 00000000 00:00 0 
7f97e714c000-7f97e7171000 r-xp 00000000 08:06 5247616                    /lib/x86_64-linux-gnu/libtinfo.so.5.9
7f97e7171000-7f97e7370000 ---p 00025000 08:06 5247616                    /lib/x86_64-linux-gnu/libtinfo.so.5.9
7f97e7370000-7f97e7374000 r--p 00024000 08:06 5247616                    /lib/x86_64-linux-gnu/libtinfo.so.5.9
7f97e7374000-7f97e7375000 rw-p 00028000 08:06 5247616                    /lib/x86_64-linux-gnu/libtinfo.so.5.9
7f97e7375000-7f97e73a6000 r-xp 00000000 08:06 10328                      /usr/lib/x86_64-linux-gnu/libedit.so.2.0.53
7f97e73a6000-7f97e75a6000 ---p 00031000 08:06 10328                      /usr/lib/x86_64-linux-gnu/libedit.so.2.0.53
7f97e75a6000-7f97e75a8000 r--p 00031000 08:06 10328                      /usr/lib/x86_64-linux-gnu/libedit.so.2.0.53
7f97e75a8000-7f97e75a9000 rw-p 00033000 08:06 10328                      /usr/lib/x86_64-linux-gnu/libedit.so.2.0.53
7f97e75a9000-7f97e75ad000 rw-p 00000000 00:00 0 
7f97e75ad000-7f97e75b4000 r-xp 00000000 08:06 10368                      /usr/lib/x86_64-linux-gnu/libffi.so.6.0.4
7f97e75b4000-7f97e77b3000 ---p 00007000 08:06 10368                      /usr/lib/x86_64-linux-gnu/libffi.so.6.0.4
7f97e77b3000-7f97e77b4000 r--p 00006000 08:06 10368                      /usr/lib/x86_64-linux-gnu/libffi.so.6.0.4
7f97e77b4000-7f97e77b5000 rw-p 00007000 08:06 10368                      /usr/lib/x86_64-linux-gnu/libffi.so.6.0.4
7f97e77b5000-7f97ea95c000 r-xp 00000000 08:06 3905                       /usr/lib/x86_64-linux-gnu/libLLVM-5.0.so.1
7f97ea95c000-7f97eacac000 r--p 031a6000 08:06 3905                       /usr/lib/x86_64-linux-gnu/libLLVM-5.0.so.1
7f97eacac000-7f97ead1c000 rw-p 034f6000 08:06 3905                       /usr/lib/x86_64-linux-gnu/libLLVM-5.0.so.1
7f97ead1c000-7f97ead6f000 rw-p 00000000 00:00 0 
7f97ead6f000-7f97ead86000 r-xp 00000000 08:06 8183                       /usr/lib/x86_64-linux-gnu/libelf-0.165.so
7f97ead86000-7f97eaf85000 ---p 00017000 08:06 8183                       /usr/lib/x86_64-linux-gnu/libelf-0.165.so
7f97eaf85000-7f97eaf86000 r--p 00016000 08:06 8183                       /usr/lib/x86_64-linux-gnu/libelf-0.165.so
7f97eaf86000-7f97eaf87000 rw-p 00017000 08:06 8183                       /usr/lib/x86_64-linux-gnu/libelf-0.165.so
7f97eaf87000-7f97eaf8f000 r-xp 00000000 08:06 5441                       /usr/lib/x86_64-linux-gnu/libdrm_amdgpu.so.1.0.0
7f97eaf8f000-7f97eb18f000 ---p 00008000 08:06 5441                       /usr/lib/x86_64-linux-gnu/libdrm_amdgpu.so.1.0.0
7f97eb18f000-7f97eb190000 r--p 00008000 08:06 5441                       /usr/lib/x86_64-linux-gnu/libdrm_amdgpu.so.1.0.0
7f97eb190000-7f97eb191000 rw-p 00009000 08:06 5441                       /usr/lib/x86_64-linux-gnu/libdrm_amdgpu.so.1.0.0
7f97eb191000-7f97ebbc0000 r-xp 00000000 08:06 26723                      /usr/lib/x86_64-linux-gnu/dri/radeonsi_dri.so
7f97ebbc0000-7f97ebdbf000 ---p 00a2f000 08:06 26723                      /usr/lib/x86_64-linux-gnu/dri/radeonsi_dri.so
7f97ebdbf000-7f97ebe00000 r--p 00a2e000 08:06 26723                      /usr/lib/x86_64-linux-gnu/dri/radeonsi_dri.so
7f97ebe00000-7f97ebe09000 rw-p 00a6f000 08:06 26723                      /usr/lib/x86_64-linux-gnu/dri/radeonsi_dri.so
7f97ebe09000-7f97ec000000 rw-p 00000000 00:00 0 
7f97ec000000-7f97ec021000 rw-p 00000000 00:00 0 
7f97ec021000-7f97f0000000 ---p 00000000 00:00 0 
7f97f0000000-7f97f047e000 rw-p 00000000 00:00 0 
7f97f047e000-7f97f4000000 ---p 00000000 00:00 0 
7f97f4000000-7f97f4636000 rw-p 00000000 00:00 0 
7f97f4636000-7f97f8000000 ---p 00000000 00:00 0 
7f97f8000000-7f97f8021000 rw-p 00000000 00:00 0 
7f97f8021000-7f97fc000000 ---p 00000000 00:00 0 
7f97fc000000-7f97fc500000 rw-p 00000000 00:00 0 
7f97fc500000-7f9800000000 ---p 00000000 00:00 0 
7f9800000000-7f9800449000 rw-p 00000000 00:00 0 
7f9800449000-7f9804000000 ---p 00000000 00:00 0 
7f9804000000-7f9804021000 rw-p 00000000 00:00 0 
7f9804021000-7f9808000000 ---p 00000000 00:00 0 
7f9808000000-7f9808021000 rw-p 00000000 00:00 0 
7f9808021000-7f980c000000 ---p 00000000 00:00 0 
7f980c000000-7f980c021000 rw-p 00000000 00:00 0 
7f980c021000-7f9810000000 ---p 00000000 00:00 0 
7f9810000000-7f9810021000 rw-p 00000000 00:00 0 
7f9810021000-7f9814000000 ---p 00000000 00:00 0 
7f9814000000-7f9814021000 rw-p 00000000 00:00 0 
7f9814021000-7f9818000000 ---p 00000000 00:00 0 
7f9818000000-7f981800a000 r--s 000b7000 08:06 263629                     /home/danieledt/Documenti/Eclipse/BD/lib/postgresql-42.2.2.jar
7f981800a000-7f981814b000 rw-s 00000000 08:06 2621909                    /home/danieledt/.cache/mesa/index
7f981814b000-7f9818156000 r-xp 00000000 08:06 4253                       /usr/lib/x86_64-linux-gnu/libdrm_radeon.so.1.0.1
7f9818156000-7f9818355000 ---p 0000b000 08:06 4253                       /usr/lib/x86_64-linux-gnu/libdrm_radeon.so.1.0.1
7f9818355000-7f9818356000 r--p 0000a000 08:06 4253                       /usr/lib/x86_64-linux-gnu/libdrm_radeon.so.1.0.1
7f9818356000-7f9818357000 rw-p 0000b000 08:06 4253                       /usr/lib/x86_64-linux-gnu/libdrm_radeon.so.1.0.1
7f9818357000-7f981835e000 r-xp 00000000 08:06 4229                       /usr/lib/x86_64-linux-gnu/libdrm_nouveau.so.2.0.0
7f981835e000-7f981855d000 ---p 00007000 08:06 4229                       /usr/lib/x86_64-linux-gnu/libdrm_nouveau.so.2.0.0
7f981855d000-7f981855e000 r--p 00006000 08:06 4229                       /usr/lib/x86_64-linux-gnu/libdrm_nouveau.so.2.0.0
7f981855e000-7f981855f000 rw-p 00007000 08:06 4229                       /usr/lib/x86_64-linux-gnu/libdrm_nouveau.so.2.0.0
7f981855f000-7f981856d000 r-xp 00000000 08:06 11015                      /usr/lib/x86_64-linux-gnu/libsensors.so.4.4.0
7f981856d000-7f981876c000 ---p 0000e000 08:06 11015                      /usr/lib/x86_64-linux-gnu/libsensors.so.4.4.0
7f981876c000-7f981876d000 r--p 0000d000 08:06 11015                      /usr/lib/x86_64-linux-gnu/libsensors.so.4.4.0
7f981876d000-7f981876e000 rw-p 0000e000 08:06 11015                      /usr/lib/x86_64-linux-gnu/libsensors.so.4.4.0
7f981876e000-7f9818790000 r--p 00000000 08:06 136931                     /usr/share/locale-langpack/it/LC_MESSAGES/libc.mo
7f9818790000-7f9818795000 r-xp 00000000 08:06 10029                      /usr/lib/x86_64-linux-gnu/libXdmcp.so.6.0.0
7f9818795000-7f9818994000 ---p 00005000 08:06 10029                      /usr/lib/x86_64-linux-gnu/libXdmcp.so.6.0.0
7f9818994000-7f9818995000 r--p 00004000 08:06 10029                      /usr/lib/x86_64-linux-gnu/libXdmcp.so.6.0.0
7f9818995000-7f9818996000 rw-p 00005000 08:06 10029                      /usr/lib/x86_64-linux-gnu/libXdmcp.so.6.0.0
7f9818996000-7f9818998000 r-xp 00000000 08:06 10018                      /usr/lib/x86_64-linux-gnu/libXau.so.6.0.0
7f9818998000-7f9818b98000 ---p 00002000 08:06 10018                      /usr/lib/x86_64-linux-gnu/libXau.so.6.0.0
7f9818b98000-7f9818b99000 r--p 00002000 08:06 10018                      /usr/lib/x86_64-linux-gnu/libXau.so.6.0.0
7f9818b99000-7f9818b9a000 rw-p 00003000 08:06 10018                      /usr/lib/x86_64-linux-gnu/libXau.so.6.0.0
7f9818b9a000-7f9818baa000 r-xp 00000000 08:06 5431                       /usr/lib/x86_64-linux-gnu/libdrm.so.2.4.0
7f9818baa000-7f9818da9000 ---p 00010000 08:06 5431                       /usr/lib/x86_64-linux-gnu/libdrm.so.2.4.0
7f9818da9000-7f9818daa000 r--p 0000f000 08:06 5431                       /usr/lib/x86_64-linux-gnu/libdrm.so.2.4.0
7f9818daa000-7f9818dab000 rw-p 00010000 08:06 5431                       /usr/lib/x86_64-linux-gnu/libdrm.so.2.4.0
7f9818dab000-7f9818db0000 r-xp 00000000 08:06 10069                      /usr/lib/x86_64-linux-gnu/libXxf86vm.so.1.0.0
7f9818db0000-7f9818faf000 ---p 00005000 08:06 10069                      /usr/lib/x86_64-linux-gnu/libXxf86vm.so.1.0.0
7f9818faf000-7f9818fb0000 r--p 00004000 08:06 10069                      /usr/lib/x86_64-linux-gnu/libXxf86vm.so.1.0.0
7f9818fb0000-7f9818fb1000 rw-p 00005000 08:06 10069                      /usr/lib/x86_64-linux-gnu/libXxf86vm.so.1.0.0
7f9818fb1000-7f9818fb5000 r-xp 00000000 08:06 11222                      /usr/lib/x86_64-linux-gnu/libxcb-dri2.so.0.0.0
7f9818fb5000-7f98191b4000 ---p 00004000 08:06 11222                      /usr/lib/x86_64-linux-gnu/libxcb-dri2.so.0.0.0
7f98191b4000-7f98191b5000 r--p 00003000 08:06 11222                      /usr/lib/x86_64-linux-gnu/libxcb-dri2.so.0.0.0
7f98191b5000-7f98191b6000 rw-p 00004000 08:06 11222                      /usr/lib/x86_64-linux-gnu/libxcb-dri2.so.0.0.0
7f98191b6000-7f98191cd000 r-xp 00000000 08:06 11226                      /usr/lib/x86_64-linux-gnu/libxcb-glx.so.0.0.0
7f98191cd000-7f98193cc000 ---p 00017000 08:06 11226                      /usr/lib/x86_64-linux-gnu/libxcb-glx.so.0.0.0
7f98193cc000-7f98193ce000 r--p 00016000 08:06 11226                      /usr/lib/x86_64-linux-gnu/libxcb-glx.so.0.0.0
7f98193ce000-7f98193cf000 rw-p 00018000 08:06 11226                      /usr/lib/x86_64-linux-gnu/libxcb-glx.so.0.0.0
7f98193cf000-7f98193d0000 r-xp 00000000 08:06 10012                      /usr/lib/x86_64-linux-gnu/libX11-xcb.so.1.0.0
7f98193d0000-7f98195cf000 ---p 00001000 08:06 10012                      /usr/lib/x86_64-linux-gnu/libX11-xcb.so.1.0.0
7f98195cf000-7f98195d0000 r--p 00000000 08:06 10012                      /usr/lib/x86_64-linux-gnu/libX11-xcb.so.1.0.0
7f98195d0000-7f98195d1000 rw-p 00001000 08:06 10012                      /usr/lib/x86_64-linux-gnu/libX11-xcb.so.1.0.0
7f98195d1000-7f98195d6000 r-xp 00000000 08:06 10033                      /usr/lib/x86_64-linux-gnu/libXfixes.so.3.1.0
7f98195d6000-7f98197d5000 ---p 00005000 08:06 10033                      /usr/lib/x86_64-linux-gnu/libXfixes.so.3.1.0
7f98197d5000-7f98197d6000 r--p 00004000 08:06 10033                      /usr/lib/x86_64-linux-gnu/libXfixes.so.3.1.0
7f98197d6000-7f98197d7000 rw-p 00005000 08:06 10033                      /usr/lib/x86_64-linux-gnu/libXfixes.so.3.1.0
7f98197d7000-7f98197d9000 r-xp 00000000 08:06 10027                      /usr/lib/x86_64-linux-gnu/libXdamage.so.1.1.0
7f98197d9000-7f98199d8000 ---p 00002000 08:06 10027                      /usr/lib/x86_64-linux-gnu/libXdamage.so.1.1.0
7f98199d8000-7f98199d9000 r--p 00001000 08:06 10027                      /usr/lib/x86_64-linux-gnu/libXdamage.so.1.1.0
7f98199d9000-7f98199da000 rw-p 00002000 08:06 10027                      /usr/lib/x86_64-linux-gnu/libXdamage.so.1.1.0
7f98199da000-7f98199eb000 r-xp 00000000 08:06 10031                      /usr/lib/x86_64-linux-gnu/libXext.so.6.4.0
7f98199eb000-7f9819bea000 ---p 00011000 08:06 10031                      /usr/lib/x86_64-linux-gnu/libXext.so.6.4.0
7f9819bea000-7f9819beb000 r--p 00010000 08:06 10031                      /usr/lib/x86_64-linux-gnu/libXext.so.6.4.0
7f9819beb000-7f9819bec000 rw-p 00011000 08:06 10031                      /usr/lib/x86_64-linux-gnu/libXext.so.6.4.0
7f9819bec000-7f9819c17000 r-xp 00000000 08:06 6629                       /usr/lib/x86_64-linux-gnu/libglapi.so.0.0.0
7f9819c17000-7f9819e16000 ---p 0002b000 08:06 6629                       /usr/lib/x86_64-linux-gnu/libglapi.so.0.0.0
7f9819e16000-7f9819e1a000 r--p 0002a000 08:06 6629                       /usr/lib/x86_64-linux-gnu/libglapi.so.0.0.0
7f9819e1a000-7f9819e1b000 rw-p 0002e000 08:06 6629                       /usr/lib/x86_64-linux-gnu/libglapi.so.0.0.0
7f9819e1b000-7f9819e1c000 rw-p 00000000 00:00 0 
7f9819e1c000-7f9819e1d000 r-xp 00000000 08:06 11273                      /usr/lib/x86_64-linux-gnu/libxshmfence.so.1.0.0
7f9819e1d000-7f981a01d000 ---p 00001000 08:06 11273                      /usr/lib/x86_64-linux-gnu/libxshmfence.so.1.0.0
7f981a01d000-7f981a01e000 r--p 00001000 08:06 11273                      /usr/lib/x86_64-linux-gnu/libxshmfence.so.1.0.0
7f981a01e000-7f981a01f000 rw-p 00002000 08:06 11273                      /usr/lib/x86_64-linux-gnu/libxshmfence.so.1.0.0
7f981a01f000-7f981a024000 r-xp 00000000 08:06 11236                      /usr/lib/x86_64-linux-gnu/libxcb-sync.so.1.0.0
7f981a024000-7f981a224000 ---p 00005000 08:06 11236                      /usr/lib/x86_64-linux-gnu/libxcb-sync.so.1.0.0
7f981a224000-7f981a225000 r--p 00005000 08:06 11236                      /usr/lib/x86_64-linux-gnu/libxcb-sync.so.1.0.0
7f981a225000-7f981a226000 rw-p 00006000 08:06 11236                      /usr/lib/x86_64-linux-gnu/libxcb-sync.so.1.0.0
7f981a226000-7f981a228000 r-xp 00000000 08:06 11228                      /usr/lib/x86_64-linux-gnu/libxcb-present.so.0.0.0
7f981a228000-7f981a427000 ---p 00002000 08:06 11228                      /usr/lib/x86_64-linux-gnu/libxcb-present.so.0.0.0
7f981a427000-7f981a428000 r--p 00001000 08:06 11228                      /usr/lib/x86_64-linux-gnu/libxcb-present.so.0.0.0
7f981a428000-7f981a429000 rw-p 00002000 08:06 11228                      /usr/lib/x86_64-linux-gnu/libxcb-present.so.0.0.0
7f981a429000-7f981a42b000 r-xp 00000000 08:06 11224                      /usr/lib/x86_64-linux-gnu/libxcb-dri3.so.0.0.0
7f981a42b000-7f981a62a000 ---p 00002000 08:06 11224                      /usr/lib/x86_64-linux-gnu/libxcb-dri3.so.0.0.0
7f981a62a000-7f981a62b000 r--p 00001000 08:06 11224                      /usr/lib/x86_64-linux-gnu/libxcb-dri3.so.0.0.0
7f981a62b000-7f981a62c000 rw-p 00002000 08:06 11224                      /usr/lib/x86_64-linux-gnu/libxcb-dri3.so.0.0.0
7f981a62c000-7f981a652000 r-xp 00000000 08:06 5247475                    /lib/x86_64-linux-gnu/libexpat.so.1.6.0
7f981a652000-7f981a852000 ---p 00026000 08:06 5247475                    /lib/x86_64-linux-gnu/libexpat.so.1.6.0
7f981a852000-7f981a854000 r--p 00026000 08:06 5247475                    /lib/x86_64-linux-gnu/libexpat.so.1.6.0
7f981a854000-7f981a855000 rw-p 00028000 08:06 5247475                    /lib/x86_64-linux-gnu/libexpat.so.1.6.0
7f981a855000-7f981a876000 r-xp 00000000 08:06 11242                      /usr/lib/x86_64-linux-gnu/libxcb.so.1.1.0
7f981a876000-7f981aa75000 ---p 00021000 08:06 11242                      /usr/lib/x86_64-linux-gnu/libxcb.so.1.1.0
7f981aa75000-7f981aa76000 r--p 00020000 08:06 11242                      /usr/lib/x86_64-linux-gnu/libxcb.so.1.1.0
7f981aa76000-7f981aa77000 rw-p 00021000 08:06 11242                      /usr/lib/x86_64-linux-gnu/libxcb.so.1.1.0
7f981aa77000-7f981aae5000 r-xp 00000000 08:06 23726                      /usr/lib/x86_64-linux-gnu/mesa/libGL.so.1.2.0
7f981aae5000-7f981ace5000 ---p 0006e000 08:06 23726                      /usr/lib/x86_64-linux-gnu/mesa/libGL.so.1.2.0
7f981ace5000-7f981ace8000 r--p 0006e000 08:06 23726                      /usr/lib/x86_64-linux-gnu/mesa/libGL.so.1.2.0
7f981ace8000-7f981ace9000 rw-p 00071000 08:06 23726                      /usr/lib/x86_64-linux-gnu/mesa/libGL.so.1.2.0
7f981ace9000-7f981acea000 rw-p 00000000 00:00 0 
7f981acea000-7f981ae1f000 r-xp 00000000 08:06 10014                      /usr/lib/x86_64-linux-gnu/libX11.so.6.3.0
7f981ae1f000-7f981b01f000 ---p 00135000 08:06 10014                      /usr/lib/x86_64-linux-gnu/libX11.so.6.3.0
7f981b01f000-7f981b020000 r--p 00135000 08:06 10014                      /usr/lib/x86_64-linux-gnu/libX11.so.6.3.0
7f981b020000-7f981b024000 rw-p 00136000 08:06 10014                      /usr/lib/x86_64-linux-gnu/libX11.so.6.3.0
7f981b024000-7f981b033000 r--p 00000000 08:06 134271                     /usr/share/locale-langpack/it/LC_MESSAGES/gtk20.mo
7f981b033000-7f981b043000 rw-s 10177d000 00:06 334                       /dev/dri/renderD128
7f981b043000-7f981b04f000 r-xp 00000000 08:06 8839                       /usr/lib/jvm/java-8-openjdk-amd64/jre/lib/amd64/libprism_es2.so
7f981b04f000-7f981b24e000 ---p 0000c000 08:06 8839                       /usr/lib/jvm/java-8-openjdk-amd64/jre/lib/amd64/libprism_es2.so
7f981b24e000-7f981b24f000 r--p 0000b000 08:06 8839                       /usr/lib/jvm/java-8-openjdk-amd64/jre/lib/amd64/libprism_es2.so
7f981b24f000-7f981b250000 rw-p 0000c000 08:06 8839                       /usr/lib/jvm/java-8-openjdk-amd64/jre/lib/amd64/libprism_es2.so
7f981b250000-7f981b253000 ---p 00000000 00:00 0 
7f981b253000-7f981b351000 rw-p 00000000 00:00 0 
7f981b351000-7f981b36c000 r--s 00394000 08:06 19160                      /usr/lib/jvm/java-8-openjdk-amd64/jre/lib/ext/cldrdata.jar
7f981b36c000-7f981b402000 r--s 008d7000 08:06 1182450                    /usr/share/java/openjfx/jre/lib/ext/jfxrt.jar
7f981b402000-7f981b41d000 r--s 001d6000 08:06 19163                      /usr/lib/jvm/java-8-openjdk-amd64/jre/lib/ext/nashorn.jar
7f981b41d000-7f981b41e000 ---p 00000000 00:00 0 
7f981b41e000-7f981b51e000 rw-p 00000000 00:00 0 
7f981b51e000-7f981b521000 ---p 00000000 00:00 0 
7f981b521000-7f981b61f000 rw-p 00000000 00:00 0 
7f981b61f000-7f981b622000 ---p 00000000 00:00 0 
7f981b622000-7f981b720000 rw-p 00000000 00:00 0 
7f981b720000-7f981b723000 ---p 00000000 00:00 0 
7f981b723000-7f981b821000 rw-p 00000000 00:00 0 
7f981b821000-7f981b824000 ---p 00000000 00:00 0 
7f981b824000-7f981b922000 rw-p 00000000 00:00 0 
7f981b922000-7f981b925000 ---p 00000000 00:00 0 
7f981b925000-7f981ba23000 rw-p 00000000 00:00 0 
7f981ba23000-7f981bcfd000 r--p 00000000 08:06 9475                       /usr/lib/locale/locale-archive
7f981bcfd000-7f981bd00000 ---p 00000000 00:00 0 
7f981bd00000-7f981bdfe000 rw-p 00000000 00:00 0 
7f981bdfe000-7f981be01000 ---p 00000000 00:00 0 
7f981be01000-7f981beff000 rw-p 00000000 00:00 0 
7f981beff000-7f981bf00000 ---p 00000000 00:00 0 
7f981bf00000-7f981c000000 rw-p 00000000 00:00 0 
7f981c000000-7f981c021000 rw-p 00000000 00:00 0 
7f981c021000-7f9820000000 ---p 00000000 00:00 0 
7f9820000000-7f9820021000 rw-p 00000000 00:00 0 
7f9820021000-7f9824000000 ---p 00000000 00:00 0 
7f9824000000-7f9824021000 rw-p 00000000 00:00 0 
7f9824021000-7f9828000000 ---p 00000000 00:00 0 
7f9828000000-7f9828001000 r--s 00000000 08:06 1704020                    /var/cache/fontconfig/0c9eb80ebd1c36541ebe2852d3bb0c49-le64.cache-6
7f9828001000-7f9828005000 r--s 00000000 08:06 1705584                    /var/cache/fontconfig/7ef2298fde41cc6eeb7af42e48b7d293-le64.cache-6
7f9828005000-7f9828018000 r--s 00346000 08:06 19167                      /usr/lib/jvm/java-8-openjdk-amd64/jre/lib/resources.jar
7f9828018000-7f9828fab000 rw-p 00000000 00:00 0 
7f9828fab000-7f982917a000 r--s 03c2f000 08:06 19219                      /usr/lib/jvm/java-8-openjdk-amd64/jre/lib/rt.jar
7f982917a000-7f982d000000 rw-p 00000000 00:00 0 
7f982d000000-7f982d890000 rwxp 00000000 00:00 0 
7f982d890000-7f983c000000 ---p 00000000 00:00 0 
7f983c000000-7f983c315000 rw-p 00000000 00:00 0 
7f983c315000-7f9840000000 ---p 00000000 00:00 0 
7f9840000000-7f9840001000 r--s 00000000 08:06 1706004                    /var/cache/fontconfig/c277e94e32b20404286a1ddafa5a80f0-le64.cache-6
7f9840001000-7f9840004000 r--s 0001e000 08:06 3543301                    /home/danieledt/Documenti/Eclipse/BD/jgoodies-forms-1.8.0.jar
7f9840004000-7f9840005000 r--s 00014000 08:06 3543299                    /home/danieledt/Documenti/Eclipse/BD/miglayout15-swing.jar
7f9840005000-7f9840006000 rw-s 00000000 00:05 248792                     /memfd:xshmfence (deleted)
7f9840006000-7f984000a000 r--p 00000000 08:06 2638710                    /home/danieledt/.config/dconf/user
7f984000a000-7f9840011000 r--s 00000000 08:06 29686                      /usr/lib/x86_64-linux-gnu/gconv/gconv-modules.cache
7f9840011000-7f98403c0000 rw-p 00000000 00:00 0 
7f98403c0000-7f98403c1000 ---p 00000000 00:00 0 
7f98403c1000-7f98404c1000 rw-p 00000000 00:00 0 
7f98404c1000-7f98404c2000 ---p 00000000 00:00 0 
7f98404c2000-7f98405c2000 rw-p 00000000 00:00 0 
7f98405c2000-7f98405c3000 ---p 00000000 00:00 0 
7f98405c3000-7f98406c3000 rw-p 00000000 00:00 0 
7f98406c3000-7f98406c4000 ---p 00000000 00:00 0 
7f98406c4000-7f98407e4000 rw-p 00000000 00:00 0 
7f98407e4000-7f9840a05000 ---p 00000000 00:00 0 
7f9840a05000-7f9840a25000 rw-p 00000000 00:00 0 
7f9840a25000-7f9840c45000 ---p 00000000 00:00 0 
7f9840c45000-7f9840c66000 rw-p 00000000 00:00 0 
7f9840c66000-7f9840d66000 ---p 00000000 00:00 0 
7f9840d66000-7f9840d8a000 rw-p 00000000 00:00 0 
7f9840d8a000-7f9841127000 ---p 00000000 00:00 0 
7f9841127000-7f984112f000 r-xp 00000000 08:06 19191                      /usr/lib/jvm/java-8-openjdk-amd64/jre/lib/amd64/libzip.so
7f984112f000-7f984132e000 ---p 00008000 08:06 19191                      /usr/lib/jvm/java-8-openjdk-amd64/jre/lib/amd64/libzip.so
7f984132e000-7f984132f000 r--p 00007000 08:06 19191                      /usr/lib/jvm/java-8-openjdk-amd64/jre/lib/amd64/libzip.so
7f984132f000-7f9841330000 rw-p 00008000 08:06 19191                      /usr/lib/jvm/java-8-openjdk-amd64/jre/lib/amd64/libzip.so
7f9841330000-7f984133b000 r-xp 00000000 08:06 5248723                    /lib/x86_64-linux-gnu/libnss_files-2.23.so
7f984133b000-7f984153a000 ---p 0000b000 08:06 5248723                    /lib/x86_64-linux-gnu/libnss_files-2.23.so
7f984153a000-7f984153b000 r--p 0000a000 08:06 5248723                    /lib/x86_64-linux-gnu/libnss_files-2.23.so
7f984153b000-7f984153c000 rw-p 0000b000 08:06 5248723                    /lib/x86_64-linux-gnu/libnss_files-2.23.so
7f984153c000-7f9841542000 rw-p 00000000 00:00 0 
7f9841542000-7f984154d000 r-xp 00000000 08:06 5248727                    /lib/x86_64-linux-gnu/libnss_nis-2.23.so
7f984154d000-7f984174c000 ---p 0000b000 08:06 5248727                    /lib/x86_64-linux-gnu/libnss_nis-2.23.so
7f984174c000-7f984174d000 r--p 0000a000 08:06 5248727                    /lib/x86_64-linux-gnu/libnss_nis-2.23.so
7f984174d000-7f984174e000 rw-p 0000b000 08:06 5248727                    /lib/x86_64-linux-gnu/libnss_nis-2.23.so
7f984174e000-7f9841764000 r-xp 00000000 08:06 5248707                    /lib/x86_64-linux-gnu/libnsl-2.23.so
7f9841764000-7f9841963000 ---p 00016000 08:06 5248707                    /lib/x86_64-linux-gnu/libnsl-2.23.so
7f9841963000-7f9841964000 r--p 00015000 08:06 5248707                    /lib/x86_64-linux-gnu/libnsl-2.23.so
7f9841964000-7f9841965000 rw-p 00016000 08:06 5248707                    /lib/x86_64-linux-gnu/libnsl-2.23.so
7f9841965000-7f9841967000 rw-p 00000000 00:00 0 
7f9841967000-7f984196f000 r-xp 00000000 08:06 5248718                    /lib/x86_64-linux-gnu/libnss_compat-2.23.so
7f984196f000-7f9841b6e000 ---p 00008000 08:06 5248718                    /lib/x86_64-linux-gnu/libnss_compat-2.23.so
7f9841b6e000-7f9841b6f000 r--p 00007000 08:06 5248718                    /lib/x86_64-linux-gnu/libnss_compat-2.23.so
7f9841b6f000-7f9841b70000 rw-p 00008000 08:06 5248718                    /lib/x86_64-linux-gnu/libnss_compat-2.23.so
7f9841b70000-7f9841b9d000 r-xp 00000000 08:06 19182                      /usr/lib/jvm/java-8-openjdk-amd64/jre/lib/amd64/libjava.so
7f9841b9d000-7f9841d9c000 ---p 0002d000 08:06 19182                      /usr/lib/jvm/java-8-openjdk-amd64/jre/lib/amd64/libjava.so
7f9841d9c000-7f9841d9d000 r--p 0002c000 08:06 19182                      /usr/lib/jvm/java-8-openjdk-amd64/jre/lib/amd64/libjava.so
7f9841d9d000-7f9841d9f000 rw-p 0002d000 08:06 19182                      /usr/lib/jvm/java-8-openjdk-amd64/jre/lib/amd64/libjava.so
7f9841d9f000-7f9841dae000 r-xp 00000000 08:06 19168                      /usr/lib/jvm/java-8-openjdk-amd64/jre/lib/amd64/libverify.so
7f9841dae000-7f9841fad000 ---p 0000f000 08:06 19168                      /usr/lib/jvm/java-8-openjdk-amd64/jre/lib/amd64/libverify.so
7f9841fad000-7f9841faf000 r--p 0000e000 08:06 19168                      /usr/lib/jvm/java-8-openjdk-amd64/jre/lib/amd64/libverify.so
7f9841faf000-7f9841fb0000 rw-p 00010000 08:06 19168                      /usr/lib/jvm/java-8-openjdk-amd64/jre/lib/amd64/libverify.so
7f9841fb0000-7f9841fb7000 r-xp 00000000 08:06 5248728                    /lib/x86_64-linux-gnu/librt-2.23.so
7f9841fb7000-7f98421b6000 ---p 00007000 08:06 5248728                    /lib/x86_64-linux-gnu/librt-2.23.so
7f98421b6000-7f98421b7000 r--p 00006000 08:06 5248728                    /lib/x86_64-linux-gnu/librt-2.23.so
7f98421b7000-7f98421b8000 rw-p 00007000 08:06 5248728                    /lib/x86_64-linux-gnu/librt-2.23.so
7f98421b8000-7f98421ce000 r-xp 00000000 08:06 5247482                    /lib/x86_64-linux-gnu/libgcc_s.so.1
7f98421ce000-7f98423cd000 ---p 00016000 08:06 5247482                    /lib/x86_64-linux-gnu/libgcc_s.so.1
7f98423cd000-7f98423ce000 rw-p 00015000 08:06 5247482                    /lib/x86_64-linux-gnu/libgcc_s.so.1
7f98423ce000-7f98424d6000 r-xp 00000000 08:06 5248701                    /lib/x86_64-linux-gnu/libm-2.23.so
7f98424d6000-7f98426d5000 ---p 00108000 08:06 5248701                    /lib/x86_64-linux-gnu/libm-2.23.so
7f98426d5000-7f98426d6000 r--p 00107000 08:06 5248701                    /lib/x86_64-linux-gnu/libm-2.23.so
7f98426d6000-7f98426d7000 rw-p 00108000 08:06 5248701                    /lib/x86_64-linux-gnu/libm-2.23.so
7f98426d7000-7f9842849000 r-xp 00000000 08:06 3735                       /usr/lib/x86_64-linux-gnu/libstdc++.so.6.0.21
7f9842849000-7f9842a49000 ---p 00172000 08:06 3735                       /usr/lib/x86_64-linux-gnu/libstdc++.so.6.0.21
7f9842a49000-7f9842a53000 r--p 00172000 08:06 3735                       /usr/lib/x86_64-linux-gnu/libstdc++.so.6.0.21
7f9842a53000-7f9842a55000 rw-p 0017c000 08:06 3735                       /usr/lib/x86_64-linux-gnu/libstdc++.so.6.0.21
7f9842a55000-7f9842a59000 rw-p 00000000 00:00 0 
7f9842a59000-7f98436b2000 r-xp 00000000 08:06 19195                      /usr/lib/jvm/java-8-openjdk-amd64/jre/lib/amd64/server/libjvm.so
7f98436b2000-7f98438b2000 ---p 00c59000 08:06 19195                      /usr/lib/jvm/java-8-openjdk-amd64/jre/lib/amd64/server/libjvm.so
7f98438b2000-7f9843945000 r--p 00c59000 08:06 19195                      /usr/lib/jvm/java-8-openjdk-amd64/jre/lib/amd64/server/libjvm.so
7f9843945000-7f984396e000 rw-p 00cec000 08:06 19195                      /usr/lib/jvm/java-8-openjdk-amd64/jre/lib/amd64/server/libjvm.so
7f984396e000-7f984399e000 rw-p 00000000 00:00 0 
7f984399e000-7f98439b6000 r-xp 00000000 08:06 5248709                    /lib/x86_64-linux-gnu/libpthread-2.23.so
7f98439b6000-7f9843bb5000 ---p 00018000 08:06 5248709                    /lib/x86_64-linux-gnu/libpthread-2.23.so
7f9843bb5000-7f9843bb6000 r--p 00017000 08:06 5248709                    /lib/x86_64-linux-gnu/libpthread-2.23.so
7f9843bb6000-7f9843bb7000 rw-p 00018000 08:06 5248709                    /lib/x86_64-linux-gnu/libpthread-2.23.so
7f9843bb7000-7f9843bbb000 rw-p 00000000 00:00 0 
7f9843bbb000-7f9843bbe000 r-xp 00000000 08:06 5248712                    /lib/x86_64-linux-gnu/libdl-2.23.so
7f9843bbe000-7f9843dbd000 ---p 00003000 08:06 5248712                    /lib/x86_64-linux-gnu/libdl-2.23.so
7f9843dbd000-7f9843dbe000 r--p 00002000 08:06 5248712                    /lib/x86_64-linux-gnu/libdl-2.23.so
7f9843dbe000-7f9843dbf000 rw-p 00003000 08:06 5248712                    /lib/x86_64-linux-gnu/libdl-2.23.so
7f9843dbf000-7f9843dd8000 r-xp 00000000 08:06 5247635                    /lib/x86_64-linux-gnu/libz.so.1.2.8
7f9843dd8000-7f9843fd7000 ---p 00019000 08:06 5247635                    /lib/x86_64-linux-gnu/libz.so.1.2.8
7f9843fd7000-7f9843fd8000 r--p 00018000 08:06 5247635                    /lib/x86_64-linux-gnu/libz.so.1.2.8
7f9843fd8000-7f9843fd9000 rw-p 00019000 08:06 5247635                    /lib/x86_64-linux-gnu/libz.so.1.2.8
7f9843fd9000-7f9844199000 r-xp 00000000 08:06 5248710                    /lib/x86_64-linux-gnu/libc-2.23.so
7f9844199000-7f9844399000 ---p 001c0000 08:06 5248710                    /lib/x86_64-linux-gnu/libc-2.23.so
7f9844399000-7f984439d000 r--p 001c0000 08:06 5248710                    /lib/x86_64-linux-gnu/libc-2.23.so
7f984439d000-7f984439f000 rw-p 001c4000 08:06 5248710                    /lib/x86_64-linux-gnu/libc-2.23.so
7f984439f000-7f98443a3000 rw-p 00000000 00:00 0 
7f98443a3000-7f98443b0000 r-xp 00000000 08:06 19192                      /usr/lib/jvm/java-8-openjdk-amd64/jre/lib/amd64/jli/libjli.so
7f98443b0000-7f98445b0000 ---p 0000d000 08:06 19192                      /usr/lib/jvm/java-8-openjdk-amd64/jre/lib/amd64/jli/libjli.so
7f98445b0000-7f98445b1000 r--p 0000d000 08:06 19192                      /usr/lib/jvm/java-8-openjdk-amd64/jre/lib/amd64/jli/libjli.so
7f98445b1000-7f98445b2000 rw-p 0000e000 08:06 19192                      /usr/lib/jvm/java-8-openjdk-amd64/jre/lib/amd64/jli/libjli.so
7f98445b2000-7f98445d8000 r-xp 00000000 08:06 5248708                    /lib/x86_64-linux-gnu/ld-2.23.so
7f98445d8000-7f98445d9000 r--s 00000000 00:33 27                         /run/user/1000/dconf/user
7f98445d9000-7f98445de000 r--s 002f9000 08:06 19155                      /usr/lib/jvm/java-8-openjdk-amd64/jre/lib/charsets.jar
7f98445de000-7f98445e0000 r--s 00016000 08:06 19214                      /usr/lib/jvm/java-8-openjdk-amd64/jre/lib/jce.jar
7f98445e0000-7f98445e5000 r--s 0009d000 08:06 19228                      /usr/lib/jvm/java-8-openjdk-amd64/jre/lib/jsse.jar
7f98445e5000-7f98445e6000 r--s 00010000 08:06 19157                      /usr/lib/jvm/java-8-openjdk-amd64/jre/lib/ext/zipfs.jar
7f98445e6000-7f98445e9000 r--s 0000f000 08:06 19162                      /usr/lib/jvm/java-8-openjdk-amd64/jre/lib/ext/icedtea-sound.jar
7f98445e9000-7f98445ec000 r--s 00038000 08:06 19159                      /usr/lib/jvm/java-8-openjdk-amd64/jre/lib/ext/sunpkcs11.jar
7f98445ec000-7f98446b2000 rw-p 00000000 00:00 0 
7f98446b2000-7f98446b5000 ---p 00000000 00:00 0 
7f98446b5000-7f98447b7000 rw-p 00000000 00:00 0 
7f98447b7000-7f98447b9000 r--s 00001000 08:06 19158                      /usr/lib/jvm/java-8-openjdk-amd64/jre/lib/ext/dnsns.jar
7f98447b9000-7f98447ba000 r--s 0000a000 08:06 19164                      /usr/lib/jvm/java-8-openjdk-amd64/jre/lib/ext/jaccess.jar
7f98447ba000-7f98447bc000 r--s 00008000 08:06 19156                      /usr/lib/jvm/java-8-openjdk-amd64/jre/lib/ext/sunec.jar
7f98447bc000-7f98447c6000 r--s 00116000 08:06 19165                      /usr/lib/jvm/java-8-openjdk-amd64/jre/lib/ext/localedata.jar
7f98447c6000-7f98447cc000 r--s 0003b000 08:06 19161                      /usr/lib/jvm/java-8-openjdk-amd64/jre/lib/ext/sunjce_provider.jar
7f98447cc000-7f98447d4000 rw-s 00000000 08:06 524303                     /tmp/hsperfdata_danieledt/30097
7f98447d4000-7f98447d5000 rw-p 00000000 00:00 0 
7f98447d5000-7f98447d6000 r--p 00000000 00:00 0 
7f98447d6000-7f98447d7000 rw-p 00000000 00:00 0 
7f98447d7000-7f98447d8000 r--p 00025000 08:06 5248708                    /lib/x86_64-linux-gnu/ld-2.23.so
7f98447d8000-7f98447d9000 rw-p 00026000 08:06 5248708                    /lib/x86_64-linux-gnu/ld-2.23.so
7f98447d9000-7f98447da000 rw-p 00000000 00:00 0 
7fff142f0000-7fff14311000 rw-p 00000000 00:00 0                          [stack]
7fff143fa000-7fff143fd000 r--p 00000000 00:00 0                          [vvar]
7fff143fd000-7fff143ff000 r-xp 00000000 00:00 0                          [vdso]
ffffffffff600000-ffffffffff601000 r-xp 00000000 00:00 0                  [vsyscall]

VM Arguments:
jvm_args: -Dfile.encoding=UTF-8 
java_command: boundary.Main
java_class_path (initial): /usr/lib/jvm/java-8-openjdk-amd64/jre/lib/resources.jar:/usr/lib/jvm/java-8-openjdk-amd64/jre/lib/rt.jar:/usr/lib/jvm/java-8-openjdk-amd64/jre/lib/jsse.jar:/usr/lib/jvm/java-8-openjdk-amd64/jre/lib/jce.jar:/usr/lib/jvm/java-8-openjdk-amd64/jre/lib/charsets.jar:/usr/lib/jvm/java-8-openjdk-amd64/jre/lib/ext/sunjce_provider.jar:/usr/lib/jvm/java-8-openjdk-amd64/jre/lib/ext/localedata.jar:/usr/lib/jvm/java-8-openjdk-amd64/jre/lib/ext/sunec.jar:/usr/lib/jvm/java-8-openjdk-amd64/jre/lib/ext/jaccess.jar:/usr/lib/jvm/java-8-openjdk-amd64/jre/lib/ext/sunpkcs11.jar:/usr/lib/jvm/java-8-openjdk-amd64/jre/lib/ext/nashorn.jar:/usr/lib/jvm/java-8-openjdk-amd64/jre/lib/ext/dnsns.jar:/usr/lib/jvm/java-8-openjdk-amd64/jre/lib/ext/jfxrt.jar:/usr/lib/jvm/java-8-openjdk-amd64/jre/lib/ext/cldrdata.jar:/usr/lib/jvm/java-8-openjdk-amd64/jre/lib/ext/icedtea-sound.jar:/usr/lib/jvm/java-8-openjdk-amd64/jre/lib/ext/zipfs.jar:/home/danieledt/Documenti/Eclipse/BD/bin:/home/danieledt/Documenti/Eclipse/BD/lib/postgresql-42.2.2.jar:/home/danieledt/Documenti/Eclipse/BD/miglayout15-swing.jar:/home/danieledt/Documenti/Eclipse/BD/jgoodies-forms-1.8.0.jar
Launcher Type: SUN_STANDARD

Environment Variables:
JAVA_HOME=/usr/lib/jvm/java-8-oracle
PATH=/home/danieledt/bin:/home/danieledt/.local/bin:/usr/local/sbin:/usr/local/bin:/usr/sbin:/usr/bin:/sbin:/bin:/usr/games:/usr/local/games:/snap/bin:/usr/lib/jvm/java-8-oracle/bin:/usr/lib/jvm/java-8-oracle/db/bin:/usr/lib/jvm/java-8-oracle/jre/bin
SHELL=/bin/bash
DISPLAY=:0.0

Signal Handlers:
SIGSEGV: [libjvm.so+0xa6e6f0], sa_mask[0]=11111111011111111101111111111110, sa_flags=SA_RESTART|SA_SIGINFO
SIGBUS: [libjvm.so+0xa6e6f0], sa_mask[0]=11111111011111111101111111111110, sa_flags=SA_RESTART|SA_SIGINFO
SIGFPE: [libjvm.so+0x8b5d50], sa_mask[0]=11111111011111111101111111111110, sa_flags=SA_RESTART|SA_SIGINFO
SIGPIPE: SIG_IGN, sa_mask[0]=00000000000010000000000000000000, sa_flags=SA_RESTART
SIGXFSZ: [libjvm.so+0x8b5d50], sa_mask[0]=11111111011111111101111111111110, sa_flags=SA_RESTART|SA_SIGINFO
SIGILL: [libjvm.so+0x8b5d50], sa_mask[0]=11111111011111111101111111111110, sa_flags=SA_RESTART|SA_SIGINFO
SIGUSR1: SIG_DFL, sa_mask[0]=00000000000000000000000000000000, sa_flags=none
SIGUSR2: [libjvm.so+0x8b5c00], sa_mask[0]=00100000000000000000000000000000, sa_flags=SA_RESTART|SA_SIGINFO
SIGHUP: [libjvm.so+0x8b60d0], sa_mask[0]=11111111011111111101111111111110, sa_flags=SA_RESTART|SA_SIGINFO
SIGINT: SIG_IGN, sa_mask[0]=00000000000000000000000000000000, sa_flags=none
SIGTERM: [libjvm.so+0x8b60d0], sa_mask[0]=11111111011111111101111111111110, sa_flags=SA_RESTART|SA_SIGINFO
SIGQUIT: [libjvm.so+0x8b60d0], sa_mask[0]=11111111011111111101111111111110, sa_flags=SA_RESTART|SA_SIGINFO


---------------  S Y S T E M  ---------------

OS:DISTRIB_ID=Ubuntu
DISTRIB_RELEASE=16.04
DISTRIB_CODENAME=xenial
DISTRIB_DESCRIPTION="Ubuntu 16.04.4 LTS"

uname:Linux 4.13.0-45-generic #50~16.04.1-Ubuntu SMP Wed May 30 11:18:27 UTC 2018 x86_64
libc:glibc 2.23 NPTL 2.23 
rlimit: STACK 8192k, CORE 0k, NPROC 27227, NOFILE 1048576, AS infinity
load average:0,94 0,76 0,84

/proc/meminfo:
MemTotal:        7080616 kB
MemFree:         2923008 kB
MemAvailable:    3956956 kB
Buffers:          138960 kB
Cached:          1164336 kB
SwapCached:            0 kB
Active:          3180136 kB
Inactive:         714424 kB
Active(anon):    2600196 kB
Inactive(anon):    68804 kB
Active(file):     579940 kB
Inactive(file):   645620 kB
Unevictable:          80 kB
Mlocked:              80 kB
SwapTotal:       5000188 kB
SwapFree:        5000188 kB
Dirty:               276 kB
Writeback:             0 kB
AnonPages:       2591460 kB
Mapped:           506752 kB
Shmem:             77736 kB
Slab:              98212 kB
SReclaimable:      57268 kB
SUnreclaim:        40944 kB
KernelStack:       12048 kB
PageTables:        42132 kB
NFS_Unstable:          0 kB
Bounce:                0 kB
WritebackTmp:          0 kB
CommitLimit:     8540496 kB
Committed_AS:    7206188 kB
VmallocTotal:   34359738367 kB
VmallocUsed:           0 kB
VmallocChunk:          0 kB
HardwareCorrupted:     0 kB
AnonHugePages:         0 kB
ShmemHugePages:        0 kB
ShmemPmdMapped:        0 kB
CmaTotal:              0 kB
CmaFree:               0 kB
HugePages_Total:       0
HugePages_Free:        0
HugePages_Rsvd:        0
HugePages_Surp:        0
Hugepagesize:       2048 kB
DirectMap4k:      216540 kB
DirectMap2M:     6019072 kB
DirectMap1G:     1048576 kB


CPU:total 4 (initial active 4) (4 cores per cpu, 1 threads per core) family 22 model 48 stepping 1, cmov, cx8, fxsr, mmx, sse, sse2, sse3, ssse3, sse4.1, sse4.2, popcnt, avx, aes, clmul, mmxext, 3dnowpref, lzcnt, sse4a, tsc, tscinvbit, tscinv, bmi1

/proc/cpuinfo:
processor	: 0
vendor_id	: AuthenticAMD
cpu family	: 22
model		: 48
model name	: AMD A8-6410 APU with AMD Radeon R5 Graphics
stepping	: 1
microcode	: 0x7030105
cpu MHz		: 1796.516
cache size	: 2048 KB
physical id	: 0
siblings	: 4
core id		: 0
cpu cores	: 4
apicid		: 0
initial apicid	: 0
fpu		: yes
fpu_exception	: yes
cpuid level	: 13
wp		: yes
flags		: fpu vme de pse tsc msr pae mce cx8 apic sep mtrr pge mca cmov pat pse36 clflush mmx fxsr sse sse2 ht syscall nx mmxext fxsr_opt pdpe1gb rdtscp lm constant_tsc rep_good acc_power nopl nonstop_tsc cpuid extd_apicid aperfmperf pni pclmulqdq monitor ssse3 cx16 sse4_1 sse4_2 movbe popcnt aes xsave avx f16c rdrand lahf_lm cmp_legacy svm extapic cr8_legacy abm sse4a misalignsse 3dnowprefetch osvw ibs skinit wdt topoext perfctr_nb bpext ptsc perfctr_l2 cpb hw_pstate retpoline retpoline_amd rsb_ctxsw ssbd ls_cfg_ssbd vmmcall bmi1 xsaveopt arat npt lbrv svm_lock nrip_save tsc_scale flushbyasid decodeassists pausefilter pfthreshold overflow_recov
bugs		: fxsave_leak sysret_ss_attrs null_seg spectre_v1 spectre_v2 spec_store_bypass
bogomips	: 3992.25
TLB size	: 1024 4K pages
clflush size	: 64
cache_alignment	: 64
address sizes	: 40 bits physical, 48 bits virtual
power management: ts ttp tm 100mhzsteps hwpstate cpb acc_power [13]

processor	: 1
vendor_id	: AuthenticAMD
cpu family	: 22
model		: 48
model name	: AMD A8-6410 APU with AMD Radeon R5 Graphics
stepping	: 1
microcode	: 0x7030105
cpu MHz		: 1796.516
cache size	: 2048 KB
physical id	: 0
siblings	: 4
core id		: 1
cpu cores	: 4
apicid		: 1
initial apicid	: 1
fpu		: yes
fpu_exception	: yes
cpuid level	: 13
wp		: yes
flags		: fpu vme de pse tsc msr pae mce cx8 apic sep mtrr pge mca cmov pat pse36 clflush mmx fxsr sse sse2 ht syscall nx mmxext fxsr_opt pdpe1gb rdtscp lm constant_tsc rep_good acc_power nopl nonstop_tsc cpuid extd_apicid aperfmperf pni pclmulqdq monitor ssse3 cx16 sse4_1 sse4_2 movbe popcnt aes xsave avx f16c rdrand lahf_lm cmp_legacy svm extapic cr8_legacy abm sse4a misalignsse 3dnowprefetch osvw ibs skinit wdt topoext perfctr_nb bpext ptsc perfctr_l2 cpb hw_pstate retpoline retpoline_amd rsb_ctxsw ssbd ls_cfg_ssbd vmmcall bmi1 xsaveopt arat npt lbrv svm_lock nrip_save tsc_scale flushbyasid decodeassists pausefilter pfthreshold overflow_recov
bugs		: fxsave_leak sysret_ss_attrs null_seg spectre_v1 spectre_v2 spec_store_bypass
bogomips	: 3992.25
TLB size	: 1024 4K pages
clflush size	: 64
cache_alignment	: 64
address sizes	: 40 bits physical, 48 bits virtual
power management: ts ttp tm 100mhzsteps hwpstate cpb acc_power [13]

processor	: 2
vendor_id	: AuthenticAMD
cpu family	: 22
model		: 48
model name	: AMD A8-6410 APU with AMD Radeon R5 Graphics
stepping	: 1
microcode	: 0x7030105
cpu MHz		: 1796.516
cache size	: 2048 KB
physical id	: 0
siblings	: 4
core id		: 2
cpu cores	: 4
apicid		: 2
initial apicid	: 2
fpu		: yes
fpu_exception	: yes
cpuid level	: 13
wp		: yes
flags		: fpu vme de pse tsc msr pae mce cx8 apic sep mtrr pge mca cmov pat pse36 clflush mmx fxsr sse sse2 ht syscall nx mmxext fxsr_opt pdpe1gb rdtscp lm constant_tsc rep_good acc_power nopl nonstop_tsc cpuid extd_apicid aperfmperf pni pclmulqdq monitor ssse3 cx16 sse4_1 sse4_2 movbe popcnt aes xsave avx f16c rdrand lahf_lm cmp_legacy svm extapic cr8_legacy abm sse4a misalignsse 3dnowprefetch osvw ibs skinit wdt topoext perfctr_nb bpext ptsc perfctr_l2 cpb hw_pstate retpoline retpoline_amd rsb_ctxsw ssbd ls_cfg_ssbd vmmcall bmi1 xsaveopt arat npt lbrv svm_lock nrip_save tsc_scale flushbyasid decodeassists pausefilter pfthreshold overflow_recov
bugs		: fxsave_leak sysret_ss_attrs null_seg spectre_v1 spectre_v2 spec_store_bypass
bogomips	: 3992.25
TLB size	: 1024 4K pages
clflush size	: 64
cache_alignment	: 64
address sizes	: 40 bits physical, 48 bits virtual
power management: ts ttp tm 100mhzsteps hwpstate cpb acc_power [13]

processor	: 3
vendor_id	: AuthenticAMD
cpu family	: 22
model		: 48
model name	: AMD A8-6410 APU with AMD Radeon R5 Graphics
stepping	: 1
microcode	: 0x7030105
cpu MHz		: 1796.515
cache size	: 2048 KB
physical id	: 0
siblings	: 4
core id		: 3
cpu cores	: 4
apicid		: 3
initial apicid	: 3
fpu		: yes
fpu_exception	: yes
cpuid level	: 13
wp		: yes
flags		: fpu vme de pse tsc msr pae mce cx8 apic sep mtrr pge mca cmov pat pse36 clflush mmx fxsr sse sse2 ht syscall nx mmxext fxsr_opt pdpe1gb rdtscp lm constant_tsc rep_good acc_power nopl nonstop_tsc cpuid extd_apicid aperfmperf pni pclmulqdq monitor ssse3 cx16 sse4_1 sse4_2 movbe popcnt aes xsave avx f16c rdrand lahf_lm cmp_legacy svm extapic cr8_legacy abm sse4a misalignsse 3dnowprefetch osvw ibs skinit wdt topoext perfctr_nb bpext ptsc perfctr_l2 cpb hw_pstate retpoline retpoline_amd rsb_ctxsw ssbd ls_cfg_ssbd vmmcall bmi1 xsaveopt arat npt lbrv svm_lock nrip_save tsc_scale flushbyasid decodeassists pausefilter pfthreshold overflow_recov
bugs		: fxsave_leak sysret_ss_attrs null_seg spectre_v1 spectre_v2 spec_store_bypass
bogomips	: 3992.25
TLB size	: 1024 4K pages
clflush size	: 64
cache_alignment	: 64
address sizes	: 40 bits physical, 48 bits virtual
power management: ts ttp tm 100mhzsteps hwpstate cpb acc_power [13]



Memory: 4k page, physical 7080616k(2922648k free), swap 5000188k(5000188k free)

vm_info: OpenJDK 64-Bit Server VM (25.171-b11) for linux-amd64 JRE (1.8.0_171-8u171-b11-0ubuntu0.16.04.1-b11), built on Apr 27 2018 17:19:03 by "buildd" with gcc 5.4.0 20160609

time: Sat Jul  7 12:48:56 2018
elapsed time: 11 seconds (0d 0h 0m 11s)

