#
# A fatal error has been detected by the Java Runtime Environment:
#
#  SIGSEGV (0xb) at pc=0x00007f07846ed27d, pid=19798, tid=0x00007f071d219700
#
# JRE version: OpenJDK Runtime Environment (8.0_171-b11) (build 1.8.0_171-8u171-b11-0ubuntu0.16.04.1-b11)
# Java VM: OpenJDK 64-Bit Server VM (25.171-b11 mixed mode linux-amd64 compressed oops)
# Problematic frame:
# V  [libjvm.so+0x67e27d]
#
# Failed to write core dump. Core dumps have been disabled. To enable core dumping, try "ulimit -c unlimited" before starting Java again
#
# If you would like to submit a bug report, please visit:
#   http://bugreport.java.com/bugreport/crash.jsp
#

---------------  T H R E A D  ---------------

Current thread (0x00007f077c319800):  JavaThread "JavaFX Application Thread" [_thread_in_vm, id=19837, stack(0x00007f071d119000,0x00007f071d21a000)]

siginfo: si_signo: 11 (SIGSEGV), si_code: 1 (SEGV_MAPERR), si_addr: 0x0000000000000035

Registers:
RAX=0x0000000000000000, RBX=0x00007f077c319800, RCX=0x00007f077c28ed78, RDX=0x0000000000000035
RSP=0x00007f071d218230, RBP=0x00007f071d2183b0, RSI=0x00007f071d2183d0, RDI=0x00007f077c3199e0
R8 =0x00007f071d218400, R9 =0x00007f077c319800, R10=0x00007f070c000a70, R11=0x00007f076d403460
R12=0x00007f077c3199e0, R13=0x00007f077c319800, R14=0x00007f071d218400, R15=0x00007f071d218490
RIP=0x00007f07846ed27d, EFLAGS=0x0000000000010206, CSGSFS=0x002b000000000033, ERR=0x0000000000000004
  TRAPNO=0x000000000000000e

Top of Stack: (sp=0x00007f071d218230)
0x00007f071d218230:   00007f071d218340 00007f07846d3c27
0x00007f071d218240:   00007f077c319800 00007f077c319800
0x00007f071d218250:   00007f070000000e 00007f077c3199e0
0x00007f071d218260:   00007f071d218270 00007f071d2183d0
0x00007f071d218270:   00007f078137d438 00007f077c319800
0x00007f071d218280:   00007f078137d438 00007f077c319800
0x00007f071d218290:   00007f077c319430 00007f074404db70
0x00007f071d2182a0:   00007f074404db80 00007f074404df58
0x00007f071d2182b0:   00000000000003d8 00007f077c319470
0x00007f071d2182c0:   00007f078137d438 00007f077c319800
0x00007f071d2182d0:   0000000081371878 00000000dc821de8
0x00007f071d2182e0:   0000000000000000 00007f076d017d9b
0x00007f071d2182f0:   00007f078137d438 00007f077c319800
0x00007f071d218300:   00007f071d218340 00000000dc873bb8
0x00007f071d218310:   000000000000006f 00007f070000000a
0x00007f071d218320:   00000000dd67be00 00007f0700000000
0x00007f071d218330:   00007f071d218420 00007f071d2183e0
0x00007f071d218340:   00007f071d2184d0 0000000100000181
0x00007f071d218350:   00007f071d218550 00007f071d218308
0x00007f071d218360:   00007f071d218349 0000000800000005
0x00007f071d218370:   00007f0700000000 29780305a9c8bf00
0x00007f071d218380:   00007f071d218390 00007f077c319800
0x00007f071d218390:   00007f077c3199e0 00007f077c28ed78
0x00007f071d2183a0:   00007f071d218400 00007f071d218490
0x00007f071d2183b0:   00007f071d218480 00007f07846f0ea2
0x00007f071d2183c0:   00007f074404db80 0000000000000035
0x00007f071d2183d0:   000000000000000e 00007f0700000000
0x00007f071d2183e0:   00007f077c319800 0000000000000000
0x00007f071d2183f0:   0000000005a00004 29780305a9c8bf00
0x00007f071d218400:   00007f0784ed3bf8 00007f0785c29710
0x00007f071d218410:   000000007c2ab080 00007f0700000063
0x00007f071d218420:   0000000000000000 0000003000000018 

Instructions: (pc=0x00007f07846ed27d)
0x00007f07846ed25d:   ff 48 89 b5 b8 fe ff ff 64 48 8b 04 25 28 00 00
0x00007f07846ed26d:   00 48 89 45 c8 31 c0 48 85 d2 0f 84 7b 05 00 00
0x00007f07846ed27d:   4c 8b 32 4d 85 f6 0f 84 6f 05 00 00 49 8b b9 20
0x00007f07846ed28d:   01 00 00 48 89 cb 4d 89 c4 e8 35 42 ff ff 4c 89 

Register to memory mapping:

RAX=0x0000000000000000 is an unknown value
RBX=0x00007f077c319800 is a thread
RCX=0x00007f077c28ed78 is an unknown value
RDX=0x0000000000000035 is an unknown value
RSP=0x00007f071d218230 is pointing into the stack for thread: 0x00007f077c319800
RBP=0x00007f071d2183b0 is pointing into the stack for thread: 0x00007f077c319800
RSI=0x00007f071d2183d0 is pointing into the stack for thread: 0x00007f077c319800
RDI=0x00007f077c3199e0 is an unknown value
R8 =0x00007f071d218400 is pointing into the stack for thread: 0x00007f077c319800
R9 =0x00007f077c319800 is a thread
R10=0x00007f070c000a70 is an unknown value
R11=0x00007f076d403460 is at entry_point+32 in (nmethod*)0x00007f076d4032d0
R12=0x00007f077c3199e0 is an unknown value
R13=0x00007f077c319800 is a thread
R14=0x00007f071d218400 is pointing into the stack for thread: 0x00007f077c319800
R15=0x00007f071d218490 is pointing into the stack for thread: 0x00007f077c319800


Stack: [0x00007f071d119000,0x00007f071d21a000],  sp=0x00007f071d218230,  free space=1020k
Native frames: (J=compiled Java code, j=interpreted, Vv=VM code, C=native code)
V  [libjvm.so+0x67e27d]
V  [libjvm.so+0x681ea2]
C  [libglass.so+0x11e63]  JNIEnv_::CallVoidMethod(_jobject*, _jmethodID*, ...)+0x93
C  [libglass.so+0x1c2e5]  WindowContextBase::process_key(_GdkEventKey*)+0x215
C  [libglass.so+0x11ad0]  WindowContextBase::im_filter_keypress(_GdkEventKey*)+0x1f0
C  [libglass.so+0x21fbc]
C  [libgdk-x11-2.0.so.0+0x5ac8c]

Java frames: (J=compiled Java code, j=interpreted, Vv=VM code)
j  com.sun.glass.ui.gtk.GtkApplication._runLoop(Ljava/lang/Runnable;Z)V+0
j  com.sun.glass.ui.gtk.GtkApplication.lambda$null$450(Ljava/lang/Runnable;Z)V+7
j  com.sun.glass.ui.gtk.GtkApplication$$Lambda$41.run()V+12
j  java.lang.Thread.run()V+11
v  ~StubRoutines::call_stub

---------------  P R O C E S S  ---------------

Java Threads: ( => current thread )
  0x00007f070c36f000 JavaThread "Prism Font Disposer" daemon [_thread_blocked, id=19850, stack(0x00007f07073ab000,0x00007f07074ac000)]
  0x00007f077c31d800 JavaThread "JavaFX-Launcher" [_thread_blocked, id=19840, stack(0x00007f071c817000,0x00007f071c918000)]
=>0x00007f077c319800 JavaThread "JavaFX Application Thread" [_thread_in_vm, id=19837, stack(0x00007f071d119000,0x00007f071d21a000)]
  0x00007f077c316000 JavaThread "Thread-1" daemon [_thread_blocked, id=19836, stack(0x00007f072c097000,0x00007f072c198000)]
  0x00007f077c25c800 JavaThread "QuantumRenderer-0" daemon [_thread_blocked, id=19823, stack(0x00007f0767e69000,0x00007f0767f6a000)]
  0x00007f077c0c0800 JavaThread "Service Thread" daemon [_thread_blocked, id=19817, stack(0x00007f076c11a000,0x00007f076c21b000)]
  0x00007f077c0bd800 JavaThread "C1 CompilerThread2" daemon [_thread_blocked, id=19816, stack(0x00007f076c21b000,0x00007f076c31c000)]
  0x00007f077c0bb800 JavaThread "C2 CompilerThread1" daemon [_thread_blocked, id=19815, stack(0x00007f076c31c000,0x00007f076c41d000)]
  0x00007f077c0b9000 JavaThread "C2 CompilerThread0" daemon [_thread_blocked, id=19814, stack(0x00007f076c41d000,0x00007f076c51e000)]
  0x00007f077c0b7800 JavaThread "Signal Dispatcher" daemon [_thread_blocked, id=19813, stack(0x00007f076c51e000,0x00007f076c61f000)]
  0x00007f077c084800 JavaThread "Finalizer" daemon [_thread_blocked, id=19811, stack(0x00007f076c8f9000,0x00007f076c9fa000)]
  0x00007f077c080000 JavaThread "Reference Handler" daemon [_thread_blocked, id=19810, stack(0x00007f076c9fa000,0x00007f076cafb000)]
  0x00007f077c00b000 JavaThread "main" [_thread_blocked, id=19799, stack(0x00007f0785cc8000,0x00007f0785dc9000)]

Other Threads:
  0x00007f077c078800 VMThread [stack: 0x00007f076cafb000,0x00007f076cbfc000] [id=19809]
  0x00007f077c0c3000 WatcherThread [stack: 0x00007f076c019000,0x00007f076c11a000] [id=19818]

VM state:not at safepoint (normal execution)

VM Mutex/Monitor currently owned by a thread: None

Heap:
 PSYoungGen      total 32768K, used 11843K [0x00000000dbf80000, 0x00000000de400000, 0x0000000100000000)
  eden space 28160K, 42% used [0x00000000dbf80000,0x00000000dcb10cd8,0x00000000ddb00000)
  from space 4608K, 0% used [0x00000000ddb00000,0x00000000ddb00000,0x00000000ddf80000)
  to   space 4608K, 0% used [0x00000000ddf80000,0x00000000ddf80000,0x00000000de400000)
 ParOldGen       total 64000K, used 11724K [0x0000000093e00000, 0x0000000097c80000, 0x00000000dbf80000)
  object space 64000K, 18% used [0x0000000093e00000,0x00000000949733b0,0x0000000097c80000)
 Metaspace       used 21408K, capacity 22578K, committed 22912K, reserved 1069056K
  class space    used 2842K, capacity 3100K, committed 3200K, reserved 1048576K

Card table byte_map: [0x00007f078201b000,0x00007f078237d000] byte_map_base: 0x00007f0781b7c000

Marking Bits: (ParMarkBitMap*) 0x00007f0784f97320
 Begin Bits: [0x00007f075c9f0000, 0x00007f075e4f8000)
 End Bits:   [0x00007f075e4f8000, 0x00007f0760000000)

Polling page: 0x00007f0785deb000

CodeCache: size=245760Kb used=8016Kb max_used=8028Kb free=237743Kb
 bounds [0x00007f076d000000, 0x00007f076d7e0000, 0x00007f077c000000]
 total_blobs=3166 nmethods=2503 adapters=578
 compilation: enabled

Compilation events (10 events):
Event: 18,701 Thread 0x00007f077c0bd800 2502       3       com.sun.javafx.font.PrismFont::equals (52 bytes)
Event: 18,701 Thread 0x00007f077c0bb800 2506       4       javafx.scene.Parent::markDirtyLayout (61 bytes)
Event: 18,702 Thread 0x00007f077c0bd800 nmethod 2502 0x00007f076d7d20d0 code [0x00007f076d7d2260, 0x00007f076d7d27a8]
Event: 18,702 Thread 0x00007f077c0bd800 2504       3       com.sun.javafx.font.LogicalFont::equals (32 bytes)
Event: 18,702 Thread 0x00007f077c0bd800 nmethod 2504 0x00007f076d7d28d0 code [0x00007f076d7d2a60, 0x00007f076d7d2ee8]
Event: 18,702 Thread 0x00007f077c0bd800 2505       3       javafx.geometry.Bounds::getWidth (5 bytes)
Event: 18,702 Thread 0x00007f077c0bd800 nmethod 2505 0x00007f076d7d3010 code [0x00007f076d7d3160, 0x00007f076d7d32b0]
Event: 18,702 Thread 0x00007f077c0bd800 2499       3       com.sun.javafx.scene.control.skin.Utils::computeTextWidth (47 bytes)
Event: 18,704 Thread 0x00007f077c0bd800 nmethod 2499 0x00007f076d7d3350 code [0x00007f076d7d3520, 0x00007f076d7d3a18]
Event: 18,704 Thread 0x00007f077c0bd800 2503       3       com.sun.javafx.scene.control.skin.LabeledSkinBase::bottomLabelPadding (18 bytes)

GC Heap History (8 events):
Event: 2,831 GC heap before
{Heap before GC invocations=1 (full 0):
 PSYoungGen      total 32768K, used 25713K [0x00000000dbf80000, 0x00000000de400000, 0x0000000100000000)
  eden space 28160K, 91% used [0x00000000dbf80000,0x00000000dd89c578,0x00000000ddb00000)
  from space 4608K, 0% used [0x00000000ddf80000,0x00000000ddf80000,0x00000000de400000)
  to   space 4608K, 0% used [0x00000000ddb00000,0x00000000ddb00000,0x00000000ddf80000)
 ParOldGen       total 75264K, used 0K [0x0000000093e00000, 0x0000000098780000, 0x00000000dbf80000)
  object space 75264K, 0% used [0x0000000093e00000,0x0000000093e00000,0x0000000098780000)
 Metaspace       used 11684K, capacity 12064K, committed 12416K, reserved 1060864K
  class space    used 1413K, capacity 1540K, committed 1664K, reserved 1048576K
Event: 2,851 GC heap after
Heap after GC invocations=1 (full 0):
 PSYoungGen      total 32768K, used 4594K [0x00000000dbf80000, 0x00000000de400000, 0x0000000100000000)
  eden space 28160K, 0% used [0x00000000dbf80000,0x00000000dbf80000,0x00000000ddb00000)
  from space 4608K, 99% used [0x00000000ddb00000,0x00000000ddf7cb38,0x00000000ddf80000)
  to   space 4608K, 0% used [0x00000000ddf80000,0x00000000ddf80000,0x00000000de400000)
 ParOldGen       total 75264K, used 3036K [0x0000000093e00000, 0x0000000098780000, 0x00000000dbf80000)
  object space 75264K, 4% used [0x0000000093e00000,0x00000000940f7280,0x0000000098780000)
 Metaspace       used 11684K, capacity 12064K, committed 12416K, reserved 1060864K
  class space    used 1413K, capacity 1540K, committed 1664K, reserved 1048576K
}
Event: 15,135 GC heap before
{Heap before GC invocations=2 (full 0):
 PSYoungGen      total 32768K, used 32754K [0x00000000dbf80000, 0x00000000de400000, 0x0000000100000000)
  eden space 28160K, 100% used [0x00000000dbf80000,0x00000000ddb00000,0x00000000ddb00000)
  from space 4608K, 99% used [0x00000000ddb00000,0x00000000ddf7cb38,0x00000000ddf80000)
  to   space 4608K, 0% used [0x00000000ddf80000,0x00000000ddf80000,0x00000000de400000)
 ParOldGen       total 75264K, used 3036K [0x0000000093e00000, 0x0000000098780000, 0x00000000dbf80000)
  object space 75264K, 4% used [0x0000000093e00000,0x00000000940f7280,0x0000000098780000)
 Metaspace       used 18418K, capacity 19030K, committed 19328K, reserved 1067008K
  class space    used 2418K, capacity 2578K, committed 2688K, reserved 1048576K
Event: 15,164 GC heap after
Heap after GC invocations=2 (full 0):
 PSYoungGen      total 32768K, used 4591K [0x00000000dbf80000, 0x00000000de400000, 0x0000000100000000)
  eden space 28160K, 0% used [0x00000000dbf80000,0x00000000dbf80000,0x00000000ddb00000)
  from space 4608K, 99% used [0x00000000ddf80000,0x00000000de3fbf30,0x00000000de400000)
  to   space 4608K, 0% used [0x00000000ddb00000,0x00000000ddb00000,0x00000000ddf80000)
 ParOldGen       total 75264K, used 12170K [0x0000000093e00000, 0x0000000098780000, 0x00000000dbf80000)
  object space 75264K, 16% used [0x0000000093e00000,0x00000000949e2be8,0x0000000098780000)
 Metaspace       used 18418K, capacity 19030K, committed 19328K, reserved 1067008K
  class space    used 2418K, capacity 2578K, committed 2688K, reserved 1048576K
}
Event: 16,759 GC heap before
{Heap before GC invocations=3 (full 0):
 PSYoungGen      total 32768K, used 14809K [0x00000000dbf80000, 0x00000000de400000, 0x0000000100000000)
  eden space 28160K, 36% used [0x00000000dbf80000,0x00000000dc97a8b0,0x00000000ddb00000)
  from space 4608K, 99% used [0x00000000ddf80000,0x00000000de3fbf30,0x00000000de400000)
  to   space 4608K, 0% used [0x00000000ddb00000,0x00000000ddb00000,0x00000000ddf80000)
 ParOldGen       total 75264K, used 12170K [0x0000000093e00000, 0x0000000098780000, 0x00000000dbf80000)
  object space 75264K, 16% used [0x0000000093e00000,0x00000000949e2be8,0x0000000098780000)
 Metaspace       used 20361K, capacity 21272K, committed 21296K, reserved 1067008K
  class space    used 2682K, capacity 2925K, committed 2944K, reserved 1048576K
Event: 16,791 GC heap after
Heap after GC invocations=3 (full 0):
 PSYoungGen      total 32768K, used 4599K [0x00000000dbf80000, 0x00000000de400000, 0x0000000100000000)
  eden space 28160K, 0% used [0x00000000dbf80000,0x00000000dbf80000,0x00000000ddb00000)
  from space 4608K, 99% used [0x00000000ddb00000,0x00000000ddf7dc48,0x00000000ddf80000)
  to   space 4608K, 0% used [0x00000000ddf80000,0x00000000ddf80000,0x00000000de400000)
 ParOldGen       total 75264K, used 14135K [0x0000000093e00000, 0x0000000098780000, 0x00000000dbf80000)
  object space 75264K, 18% used [0x0000000093e00000,0x0000000094bcdd60,0x0000000098780000)
 Metaspace       used 20361K, capacity 21272K, committed 21296K, reserved 1067008K
  class space    used 2682K, capacity 2925K, committed 2944K, reserved 1048576K
}
Event: 16,791 GC heap before
{Heap before GC invocations=4 (full 1):
 PSYoungGen      total 32768K, used 4599K [0x00000000dbf80000, 0x00000000de400000, 0x0000000100000000)
  eden space 28160K, 0% used [0x00000000dbf80000,0x00000000dbf80000,0x00000000ddb00000)
  from space 4608K, 99% used [0x00000000ddb00000,0x00000000ddf7dc48,0x00000000ddf80000)
  to   space 4608K, 0% used [0x00000000ddf80000,0x00000000ddf80000,0x00000000de400000)
 ParOldGen       total 75264K, used 14135K [0x0000000093e00000, 0x0000000098780000, 0x00000000dbf80000)
  object space 75264K, 18% used [0x0000000093e00000,0x0000000094bcdd60,0x0000000098780000)
 Metaspace       used 20361K, capacity 21272K, committed 21296K, reserved 1067008K
  class space    used 2682K, capacity 2925K, committed 2944K, reserved 1048576K
Event: 16,927 GC heap after
Heap after GC invocations=4 (full 1):
 PSYoungGen      total 32768K, used 0K [0x00000000dbf80000, 0x00000000de400000, 0x0000000100000000)
  eden space 28160K, 0% used [0x00000000dbf80000,0x00000000dbf80000,0x00000000ddb00000)
  from space 4608K, 0% used [0x00000000ddb00000,0x00000000ddb00000,0x00000000ddf80000)
  to   space 4608K, 0% used [0x00000000ddf80000,0x00000000ddf80000,0x00000000de400000)
 ParOldGen       total 64000K, used 11724K [0x0000000093e00000, 0x0000000097c80000, 0x00000000dbf80000)
  object space 64000K, 18% used [0x0000000093e00000,0x00000000949733b0,0x0000000097c80000)
 Metaspace       used 20361K, capacity 21272K, committed 21296K, reserved 1067008K
  class space    used 2682K, capacity 2925K, committed 2944K, reserved 1048576K
}

Deoptimization events (10 events):
Event: 17,002 Thread 0x00007f077c319800 Uncommon trap: reason=array_check action=maybe_recompile pc=0x00007f076d611330 method=com.sun.javafx.css.SimpleSelector.applies(Ljavafx/css/Styleable;[Ljava/util/Set;I)Z @ 37
Event: 17,002 Thread 0x00007f077c319800 Uncommon trap: reason=array_check action=maybe_recompile pc=0x00007f076d626f0c method=com.sun.javafx.css.SimpleSelector.applies(Ljavafx/css/Styleable;[Ljava/util/Set;I)Z @ 37
Event: 17,002 Thread 0x00007f077c319800 Uncommon trap: reason=array_check action=maybe_recompile pc=0x00007f076d626f0c method=com.sun.javafx.css.SimpleSelector.applies(Ljavafx/css/Styleable;[Ljava/util/Set;I)Z @ 37
Event: 17,003 Thread 0x00007f077c319800 Uncommon trap: reason=array_check action=maybe_recompile pc=0x00007f076d626f0c method=com.sun.javafx.css.SimpleSelector.applies(Ljavafx/css/Styleable;[Ljava/util/Set;I)Z @ 37
Event: 17,048 Thread 0x00007f077c319800 Uncommon trap: reason=array_check action=maybe_recompile pc=0x00007f076d611330 method=com.sun.javafx.css.SimpleSelector.applies(Ljavafx/css/Styleable;[Ljava/util/Set;I)Z @ 37
Event: 17,228 Thread 0x00007f077c319800 Uncommon trap: reason=array_check action=maybe_recompile pc=0x00007f076d651b60 method=com.sun.javafx.css.CompoundSelector.applies(Ljavafx/css/Styleable;[Ljava/util/Set;I)Z @ 128
Event: 17,228 Thread 0x00007f077c319800 Uncommon trap: reason=array_check action=maybe_recompile pc=0x00007f076d651b60 method=com.sun.javafx.css.CompoundSelector.applies(Ljavafx/css/Styleable;[Ljava/util/Set;I)Z @ 128
Event: 17,228 Thread 0x00007f077c319800 Uncommon trap: reason=array_check action=maybe_recompile pc=0x00007f076d651b60 method=com.sun.javafx.css.CompoundSelector.applies(Ljavafx/css/Styleable;[Ljava/util/Set;I)Z @ 128
Event: 17,228 Thread 0x00007f077c319800 Uncommon trap: reason=array_check action=maybe_recompile pc=0x00007f076d651b60 method=com.sun.javafx.css.CompoundSelector.applies(Ljavafx/css/Styleable;[Ljava/util/Set;I)Z @ 128
Event: 17,794 Thread 0x00007f077c319800 Uncommon trap: reason=unstable_if action=reinterpret pc=0x00007f076d6d3104 method=javafx.scene.CssStyleHelper.lookup(Ljavafx/css/Styleable;Ljavafx/css/CssMetaData;Lcom/sun/javafx/css/StyleMap;Ljava/util/Set;Ljavafx/css/Styleable;Lcom/sun/javafx/css/Calcul

Classes redefined (0 events):
No events

Internal exceptions (10 events):
Event: 1,947 Thread 0x00007f077c319800 Exception <a 'java/lang/NullPointerException'> (0x00000000dcfeb290) thrown at [/build/openjdk-8-wnL82d/openjdk-8-8u171-b11/src/hotspot/src/share/vm/prims/jvm.cpp, line 1439]
Event: 2,583 Thread 0x00007f077c319800 Exception <a 'java/lang/ArrayIndexOutOfBoundsException'> (0x00000000dd63c228) thrown at [/build/openjdk-8-wnL82d/openjdk-8-8u171-b11/src/hotspot/src/share/vm/runtime/sharedRuntime.cpp, line 605]
Event: 2,584 Thread 0x00007f077c319800 Exception <a 'java/lang/ArrayIndexOutOfBoundsException'> (0x00000000dd63cf28) thrown at [/build/openjdk-8-wnL82d/openjdk-8-8u171-b11/src/hotspot/src/share/vm/runtime/sharedRuntime.cpp, line 605]
Event: 2,585 Thread 0x00007f077c319800 Exception <a 'java/lang/ArrayIndexOutOfBoundsException'> (0x00000000dd63e2d0) thrown at [/build/openjdk-8-wnL82d/openjdk-8-8u171-b11/src/hotspot/src/share/vm/runtime/sharedRuntime.cpp, line 605]
Event: 14,876 Thread 0x00007f077c319800 Implicit null exception at 0x00007f076d2ce2f5 to 0x00007f076d2ce695
Event: 15,429 Thread 0x00007f077c319800 Exception <a 'java/lang/ArrayIndexOutOfBoundsException'> (0x00000000dc27e6d0) thrown at [/build/openjdk-8-wnL82d/openjdk-8-8u171-b11/src/hotspot/src/share/vm/runtime/sharedRuntime.cpp, line 605]
Event: 15,592 Thread 0x00007f077c319800 Exception <a 'java/lang/ArrayIndexOutOfBoundsException'> (0x00000000dc4a0fe8) thrown at [/build/openjdk-8-wnL82d/openjdk-8-8u171-b11/src/hotspot/src/share/vm/runtime/sharedRuntime.cpp, line 605]
Event: 15,592 Thread 0x00007f077c319800 Exception <a 'java/lang/ArrayIndexOutOfBoundsException'> (0x00000000dc4a21d0) thrown at [/build/openjdk-8-wnL82d/openjdk-8-8u171-b11/src/hotspot/src/share/vm/runtime/sharedRuntime.cpp, line 605]
Event: 15,593 Thread 0x00007f077c319800 Exception <a 'java/lang/ArrayIndexOutOfBoundsException'> (0x00000000dc4a3e10) thrown at [/build/openjdk-8-wnL82d/openjdk-8-8u171-b11/src/hotspot/src/share/vm/runtime/sharedRuntime.cpp, line 605]
Event: 15,794 Thread 0x00007f077c319800 Exception <a 'java/io/FileNotFoundException'> (0x00000000dc56db20) thrown at [/build/openjdk-8-wnL82d/openjdk-8-8u171-b11/src/hotspot/src/share/vm/prims/jni.cpp, line 709]

Events (10 events):
Event: 18,289 loading class javafx/event/EventHandler
Event: 18,289 loading class javafx/event/EventHandler done
Event: 18,562 loading class com/sun/javafx/scene/control/skin/Utils$2
Event: 18,562 loading class com/sun/javafx/scene/control/skin/Utils$2 done
Event: 18,568 Executing VM operation: ForceSafepoint
Event: 18,572 Executing VM operation: ForceSafepoint done
Event: 18,704 Thread 0x00007f077c319800 DEOPT PACKING pc=0x00007f076d3dccd4 sp=0x00007f071d216480
Event: 18,704 Thread 0x00007f077c319800 DEOPT UNPACKING pc=0x00007f076d0470c4 sp=0x00007f071d216208 mode 0
Event: 18,704 Thread 0x00007f077c319800 DEOPT PACKING pc=0x00007f076d3dccd4 sp=0x00007f071d216cf0
Event: 18,704 Thread 0x00007f077c319800 DEOPT UNPACKING pc=0x00007f076d0470c4 sp=0x00007f071d216a78 mode 0


Dynamic libraries:
00400000-00401000 r-xp 00000000 08:06 19152                              /usr/lib/jvm/java-8-openjdk-amd64/jre/bin/java
00600000-00601000 r--p 00000000 08:06 19152                              /usr/lib/jvm/java-8-openjdk-amd64/jre/bin/java
00601000-00602000 rw-p 00001000 08:06 19152                              /usr/lib/jvm/java-8-openjdk-amd64/jre/bin/java
011bb000-011dc000 rw-p 00000000 00:00 0                                  [heap]
93e00000-97c80000 rw-p 00000000 00:00 0 
97c80000-dbf80000 ---p 00000000 00:00 0 
dbf80000-de400000 rw-p 00000000 00:00 0 
de400000-100000000 ---p 00000000 00:00 0 
100000000-100320000 rw-p 00000000 00:00 0 
100320000-140000000 ---p 00000000 00:00 0 
7f06e8fff000-7f06ec000000 rw-p 00000000 00:00 0 
7f06ec000000-7f06ec021000 rw-p 00000000 00:00 0 
7f06ec021000-7f06f0000000 ---p 00000000 00:00 0 
7f06f0000000-7f06f0021000 rw-p 00000000 00:00 0 
7f06f0021000-7f06f4000000 ---p 00000000 00:00 0 
7f06f4000000-7f06f4021000 rw-p 00000000 00:00 0 
7f06f4021000-7f06f8000000 ---p 00000000 00:00 0 
7f06f8000000-7f06f8021000 rw-p 00000000 00:00 0 
7f06f8021000-7f06fc000000 ---p 00000000 00:00 0 
7f06fc000000-7f06fc021000 rw-p 00000000 00:00 0 
7f06fc021000-7f0700000000 ---p 00000000 00:00 0 
7f0700000000-7f0700021000 rw-p 00000000 00:00 0 
7f0700021000-7f0704000000 ---p 00000000 00:00 0 
7f0706764000-7f0706810000 r--p 00000000 08:06 78714                      /usr/share/fonts/truetype/dejavu/DejaVuSans-Bold.ttf
7f0706810000-7f0706a10000 rw-p 00000000 00:00 0 
7f0706a3c000-7f0706b7c000 rw-p 00000000 00:00 0 
7f0706b7c000-7f0706c3c000 ---p 00000000 00:00 0 
7f0706c3c000-7f0706c52000 r-xp 00000000 08:06 19197                      /usr/lib/jvm/java-8-openjdk-amd64/jre/lib/amd64/libnet.so
7f0706c52000-7f0706e52000 ---p 00016000 08:06 19197                      /usr/lib/jvm/java-8-openjdk-amd64/jre/lib/amd64/libnet.so
7f0706e52000-7f0706e53000 r--p 00016000 08:06 19197                      /usr/lib/jvm/java-8-openjdk-amd64/jre/lib/amd64/libnet.so
7f0706e53000-7f0706e54000 rw-p 00017000 08:06 19197                      /usr/lib/jvm/java-8-openjdk-amd64/jre/lib/amd64/libnet.so
7f0706e54000-7f0706fab000 rw-s 10bc41000 00:06 332                       /dev/dri/renderD128
7f0706fab000-7f07071ab000 rw-p 00000000 00:00 0 
7f07071ab000-7f07072ab000 rw-s 100f76000 00:06 332                       /dev/dri/renderD128
7f07072ab000-7f07073ab000 rw-s 104e85000 00:06 332                       /dev/dri/renderD128
7f07073ab000-7f07073ae000 ---p 00000000 00:00 0 
7f07073ae000-7f07074ac000 rw-p 00000000 00:00 0 
7f07074ac000-7f0707565000 r--p 00000000 08:06 78715                      /usr/share/fonts/truetype/dejavu/DejaVuSans.ttf
7f0707565000-7f0707765000 rw-p 00000000 00:00 0 
7f0707765000-7f0707795000 r-xp 00000000 08:06 32466                      /usr/lib/x86_64-linux-gnu/gtk-2.0/2.10.0/engines/libmurrine.so
7f0707795000-7f0707995000 ---p 00030000 08:06 32466                      /usr/lib/x86_64-linux-gnu/gtk-2.0/2.10.0/engines/libmurrine.so
7f0707995000-7f0707996000 r--p 00030000 08:06 32466                      /usr/lib/x86_64-linux-gnu/gtk-2.0/2.10.0/engines/libmurrine.so
7f0707996000-7f0707997000 rw-p 00031000 08:06 32466                      /usr/lib/x86_64-linux-gnu/gtk-2.0/2.10.0/engines/libmurrine.so
7f0707997000-7f07079a1000 r-xp 00000000 08:06 32440                      /usr/lib/x86_64-linux-gnu/gtk-2.0/2.10.0/engines/libpixmap.so
7f07079a1000-7f0707ba0000 ---p 0000a000 08:06 32440                      /usr/lib/x86_64-linux-gnu/gtk-2.0/2.10.0/engines/libpixmap.so
7f0707ba0000-7f0707ba1000 r--p 00009000 08:06 32440                      /usr/lib/x86_64-linux-gnu/gtk-2.0/2.10.0/engines/libpixmap.so
7f0707ba1000-7f0707ba2000 rw-p 0000a000 08:06 32440                      /usr/lib/x86_64-linux-gnu/gtk-2.0/2.10.0/engines/libpixmap.so
7f0707ba2000-7f0707bf9000 r-xp 00000000 08:06 10681                      /usr/lib/x86_64-linux-gnu/libjpeg.so.8.0.2
7f0707bf9000-7f0707df9000 ---p 00057000 08:06 10681                      /usr/lib/x86_64-linux-gnu/libjpeg.so.8.0.2
7f0707df9000-7f0707dfa000 r--p 00057000 08:06 10681                      /usr/lib/x86_64-linux-gnu/libjpeg.so.8.0.2
7f0707dfa000-7f0707dfb000 rw-p 00058000 08:06 10681                      /usr/lib/x86_64-linux-gnu/libjpeg.so.8.0.2
7f0707dfb000-7f0707dff000 r-xp 00000000 08:06 8836                       /usr/lib/jvm/java-8-openjdk-amd64/jre/lib/amd64/libjavafx_iio.so
7f0707dff000-7f0707ffe000 ---p 00004000 08:06 8836                       /usr/lib/jvm/java-8-openjdk-amd64/jre/lib/amd64/libjavafx_iio.so
7f0707ffe000-7f0707fff000 r--p 00003000 08:06 8836                       /usr/lib/jvm/java-8-openjdk-amd64/jre/lib/amd64/libjavafx_iio.so
7f0707fff000-7f0708000000 rw-p 00004000 08:06 8836                       /usr/lib/jvm/java-8-openjdk-amd64/jre/lib/amd64/libjavafx_iio.so
7f0708000000-7f0708021000 rw-p 00000000 00:00 0 
7f0708021000-7f070c000000 ---p 00000000 00:00 0 
7f070c000000-7f070c599000 rw-p 00000000 00:00 0 
7f070c599000-7f0710000000 ---p 00000000 00:00 0 
7f0710000000-7f0710022000 rw-p 00000000 00:00 0 
7f0710022000-7f0714000000 ---p 00000000 00:00 0 
7f0714000000-7f0714022000 rw-p 00000000 00:00 0 
7f0714022000-7f0718000000 ---p 00000000 00:00 0 
7f0718000000-7f0718021000 rw-p 00000000 00:00 0 
7f0718021000-7f071c000000 ---p 00000000 00:00 0 
7f071c00d000-7f071c012000 r-xp 00000000 08:06 8842                       /usr/lib/jvm/java-8-openjdk-amd64/jre/lib/amd64/libjavafx_font_freetype.so
7f071c012000-7f071c211000 ---p 00005000 08:06 8842                       /usr/lib/jvm/java-8-openjdk-amd64/jre/lib/amd64/libjavafx_font_freetype.so
7f071c211000-7f071c212000 r--p 00004000 08:06 8842                       /usr/lib/jvm/java-8-openjdk-amd64/jre/lib/amd64/libjavafx_font_freetype.so
7f071c212000-7f071c213000 rw-p 00005000 08:06 8842                       /usr/lib/jvm/java-8-openjdk-amd64/jre/lib/amd64/libjavafx_font_freetype.so
7f071c213000-7f071c216000 r-xp 00000000 08:06 8835                       /usr/lib/jvm/java-8-openjdk-amd64/jre/lib/amd64/libjavafx_font.so
7f071c216000-7f071c415000 ---p 00003000 08:06 8835                       /usr/lib/jvm/java-8-openjdk-amd64/jre/lib/amd64/libjavafx_font.so
7f071c415000-7f071c416000 r--p 00002000 08:06 8835                       /usr/lib/jvm/java-8-openjdk-amd64/jre/lib/amd64/libjavafx_font.so
7f071c416000-7f071c417000 rw-p 00003000 08:06 8835                       /usr/lib/jvm/java-8-openjdk-amd64/jre/lib/amd64/libjavafx_font.so
7f071c417000-7f071c617000 rw-p 00000000 00:00 0 
7f071c617000-7f071c817000 rw-p 00000000 00:00 0 
7f071c817000-7f071c81a000 ---p 00000000 00:00 0 
7f071c81a000-7f071c918000 rw-p 00000000 00:00 0 
7f071c918000-7f071c919000 ---p 00000000 00:00 0 
7f071c919000-7f071d119000 rw-p 00000000 00:00 0 
7f071d119000-7f071d11c000 ---p 00000000 00:00 0 
7f071d11c000-7f071d21a000 rw-p 00000000 00:00 0 
7f071d21a000-7f071d21b000 ---p 00000000 00:00 0 
7f071d21b000-7f071da1b000 rw-p 00000000 00:00 0 
7f071da1b000-7f071da26000 r-xp 00000000 08:06 32451                      /usr/lib/x86_64-linux-gnu/gio/modules/libdconfsettings.so
7f071da26000-7f071dc26000 ---p 0000b000 08:06 32451                      /usr/lib/x86_64-linux-gnu/gio/modules/libdconfsettings.so
7f071dc26000-7f071dc27000 r--p 0000b000 08:06 32451                      /usr/lib/x86_64-linux-gnu/gio/modules/libdconfsettings.so
7f071dc27000-7f071dc28000 rw-p 0000c000 08:06 32451                      /usr/lib/x86_64-linux-gnu/gio/modules/libdconfsettings.so
7f071dc28000-7f071dc29000 ---p 00000000 00:00 0 
7f071dc29000-7f071e429000 rw-p 00000000 00:00 0 
7f071e429000-7f071e442000 r-xp 00000000 08:06 33478                      /usr/lib/x86_64-linux-gnu/gio/modules/libgioremote-volume-monitor.so
7f071e442000-7f071e642000 ---p 00019000 08:06 33478                      /usr/lib/x86_64-linux-gnu/gio/modules/libgioremote-volume-monitor.so
7f071e642000-7f071e645000 r--p 00019000 08:06 33478                      /usr/lib/x86_64-linux-gnu/gio/modules/libgioremote-volume-monitor.so
7f071e645000-7f071e646000 rw-p 0001c000 08:06 33478                      /usr/lib/x86_64-linux-gnu/gio/modules/libgioremote-volume-monitor.so
7f071e646000-7f071e67c000 r-xp 00000000 08:06 24604                      /usr/lib/x86_64-linux-gnu/gvfs/libgvfscommon.so
7f071e67c000-7f071e87c000 ---p 00036000 08:06 24604                      /usr/lib/x86_64-linux-gnu/gvfs/libgvfscommon.so
7f071e87c000-7f071e881000 r--p 00036000 08:06 24604                      /usr/lib/x86_64-linux-gnu/gvfs/libgvfscommon.so
7f071e881000-7f071e882000 rw-p 0003b000 08:06 24604                      /usr/lib/x86_64-linux-gnu/gvfs/libgvfscommon.so
7f071e882000-7f071e8b2000 r-xp 00000000 08:06 33479                      /usr/lib/x86_64-linux-gnu/gio/modules/libgvfsdbus.so
7f071e8b2000-7f071eab2000 ---p 00030000 08:06 33479                      /usr/lib/x86_64-linux-gnu/gio/modules/libgvfsdbus.so
7f071eab2000-7f071eab3000 r--p 00030000 08:06 33479                      /usr/lib/x86_64-linux-gnu/gio/modules/libgvfsdbus.so
7f071eab3000-7f071eab5000 rw-p 00031000 08:06 33479                      /usr/lib/x86_64-linux-gnu/gio/modules/libgvfsdbus.so
7f071eab5000-7f071eac5000 r-xp 00000000 08:06 13395                      /usr/lib/x86_64-linux-gnu/libunity-gtk2-parser.so.0.0.0
7f071eac5000-7f071ecc5000 ---p 00010000 08:06 13395                      /usr/lib/x86_64-linux-gnu/libunity-gtk2-parser.so.0.0.0
7f071ecc5000-7f071ecc6000 r--p 00010000 08:06 13395                      /usr/lib/x86_64-linux-gnu/libunity-gtk2-parser.so.0.0.0
7f071ecc6000-7f071ecc7000 rw-p 00011000 08:06 13395                      /usr/lib/x86_64-linux-gnu/libunity-gtk2-parser.so.0.0.0
7f071ecc7000-7f071eccc000 r-xp 00000000 08:06 30669                      /usr/lib/x86_64-linux-gnu/gtk-2.0/modules/libunity-gtk-module.so
7f071eccc000-7f071eecb000 ---p 00005000 08:06 30669                      /usr/lib/x86_64-linux-gnu/gtk-2.0/modules/libunity-gtk-module.so
7f071eecb000-7f071eecc000 r--p 00004000 08:06 30669                      /usr/lib/x86_64-linux-gnu/gtk-2.0/modules/libunity-gtk-module.so
7f071eecc000-7f071eecd000 rw-p 00005000 08:06 30669                      /usr/lib/x86_64-linux-gnu/gtk-2.0/modules/libunity-gtk-module.so
7f071eecd000-7f071eed3000 r-xp 00000000 08:06 10263                      /usr/lib/x86_64-linux-gnu/libdatrie.so.1.3.3
7f071eed3000-7f071f0d3000 ---p 00006000 08:06 10263                      /usr/lib/x86_64-linux-gnu/libdatrie.so.1.3.3
7f071f0d3000-7f071f0d4000 r--p 00006000 08:06 10263                      /usr/lib/x86_64-linux-gnu/libdatrie.so.1.3.3
7f071f0d4000-7f071f0d5000 rw-p 00007000 08:06 10263                      /usr/lib/x86_64-linux-gnu/libdatrie.so.1.3.3
7f071f0d5000-7f071f0f9000 r-xp 00000000 08:06 9432                       /usr/lib/x86_64-linux-gnu/libgraphite2.so.3.0.1
7f071f0f9000-7f071f2f8000 ---p 00024000 08:06 9432                       /usr/lib/x86_64-linux-gnu/libgraphite2.so.3.0.1
7f071f2f8000-7f071f2fa000 r--p 00023000 08:06 9432                       /usr/lib/x86_64-linux-gnu/libgraphite2.so.3.0.1
7f071f2fa000-7f071f2fb000 rw-p 00025000 08:06 9432                       /usr/lib/x86_64-linux-gnu/libgraphite2.so.3.0.1
7f071f2fb000-7f071f303000 r-xp 00000000 08:06 11095                      /usr/lib/x86_64-linux-gnu/libthai.so.0.2.4
7f071f303000-7f071f502000 ---p 00008000 08:06 11095                      /usr/lib/x86_64-linux-gnu/libthai.so.0.2.4
7f071f502000-7f071f503000 r--p 00007000 08:06 11095                      /usr/lib/x86_64-linux-gnu/libthai.so.0.2.4
7f071f503000-7f071f504000 rw-p 00008000 08:06 11095                      /usr/lib/x86_64-linux-gnu/libthai.so.0.2.4
7f071f504000-7f071f560000 r-xp 00000000 08:06 10595                      /usr/lib/x86_64-linux-gnu/libharfbuzz.so.0.10000.1
7f071f560000-7f071f760000 ---p 0005c000 08:06 10595                      /usr/lib/x86_64-linux-gnu/libharfbuzz.so.0.10000.1
7f071f760000-7f071f761000 r--p 0005c000 08:06 10595                      /usr/lib/x86_64-linux-gnu/libharfbuzz.so.0.10000.1
7f071f761000-7f071f762000 rw-p 0005d000 08:06 10595                      /usr/lib/x86_64-linux-gnu/libharfbuzz.so.0.10000.1
7f071f762000-7f071f7d0000 r-xp 00000000 08:06 5247573                    /lib/x86_64-linux-gnu/libpcre.so.3.13.2
7f071f7d0000-7f071f9d0000 ---p 0006e000 08:06 5247573                    /lib/x86_64-linux-gnu/libpcre.so.3.13.2
7f071f9d0000-7f071f9d1000 r--p 0006e000 08:06 5247573                    /lib/x86_64-linux-gnu/libpcre.so.3.13.2
7f071f9d1000-7f071f9d2000 rw-p 0006f000 08:06 5247573                    /lib/x86_64-linux-gnu/libpcre.so.3.13.2
7f071f9d2000-7f071f9e9000 r-xp 00000000 08:06 5248714                    /lib/x86_64-linux-gnu/libresolv-2.23.so
7f071f9e9000-7f071fbe9000 ---p 00017000 08:06 5248714                    /lib/x86_64-linux-gnu/libresolv-2.23.so
7f071fbe9000-7f071fbea000 r--p 00017000 08:06 5248714                    /lib/x86_64-linux-gnu/libresolv-2.23.so
7f071fbea000-7f071fbeb000 rw-p 00018000 08:06 5248714                    /lib/x86_64-linux-gnu/libresolv-2.23.so
7f071fbeb000-7f071fbed000 rw-p 00000000 00:00 0 
7f071fbed000-7f071fc0c000 r-xp 00000000 08:06 5247602                    /lib/x86_64-linux-gnu/libselinux.so.1
7f071fc0c000-7f071fe0b000 ---p 0001f000 08:06 5247602                    /lib/x86_64-linux-gnu/libselinux.so.1
7f071fe0b000-7f071fe0c000 r--p 0001e000 08:06 5247602                    /lib/x86_64-linux-gnu/libselinux.so.1
7f071fe0c000-7f071fe0d000 rw-p 0001f000 08:06 5247602                    /lib/x86_64-linux-gnu/libselinux.so.1
7f071fe0d000-7f071fe0f000 rw-p 00000000 00:00 0 
7f071fe0f000-7f071fe17000 r-xp 00000000 08:06 11230                      /usr/lib/x86_64-linux-gnu/libxcb-render.so.0.0.0
7f071fe17000-7f0720017000 ---p 00008000 08:06 11230                      /usr/lib/x86_64-linux-gnu/libxcb-render.so.0.0.0
7f0720017000-7f0720018000 r--p 00008000 08:06 11230                      /usr/lib/x86_64-linux-gnu/libxcb-render.so.0.0.0
7f0720018000-7f0720019000 rw-p 00009000 08:06 11230                      /usr/lib/x86_64-linux-gnu/libxcb-render.so.0.0.0
7f0720019000-7f072001b000 r-xp 00000000 08:06 11234                      /usr/lib/x86_64-linux-gnu/libxcb-shm.so.0.0.0
7f072001b000-7f072021b000 ---p 00002000 08:06 11234                      /usr/lib/x86_64-linux-gnu/libxcb-shm.so.0.0.0
7f072021b000-7f072021c000 r--p 00002000 08:06 11234                      /usr/lib/x86_64-linux-gnu/libxcb-shm.so.0.0.0
7f072021c000-7f072021d000 rw-p 00003000 08:06 11234                      /usr/lib/x86_64-linux-gnu/libxcb-shm.so.0.0.0
7f072021d000-7f0720241000 r-xp 00000000 08:06 5247585                    /lib/x86_64-linux-gnu/libpng12.so.0.54.0
7f0720241000-7f0720440000 ---p 00024000 08:06 5247585                    /lib/x86_64-linux-gnu/libpng12.so.0.54.0
7f0720440000-7f0720441000 r--p 00023000 08:06 5247585                    /lib/x86_64-linux-gnu/libpng12.so.0.54.0
7f0720441000-7f0720442000 rw-p 00024000 08:06 5247585                    /lib/x86_64-linux-gnu/libpng12.so.0.54.0
7f0720442000-7f07204e6000 r-xp 00000000 08:06 10418                      /usr/lib/x86_64-linux-gnu/libfreetype.so.6.12.1
7f07204e6000-7f07206e5000 ---p 000a4000 08:06 10418                      /usr/lib/x86_64-linux-gnu/libfreetype.so.6.12.1
7f07206e5000-7f07206eb000 r--p 000a3000 08:06 10418                      /usr/lib/x86_64-linux-gnu/libfreetype.so.6.12.1
7f07206eb000-7f07206ec000 rw-p 000a9000 08:06 10418                      /usr/lib/x86_64-linux-gnu/libfreetype.so.6.12.1
7f07206ec000-7f072078b000 r-xp 00000000 08:06 10905                      /usr/lib/x86_64-linux-gnu/libpixman-1.so.0.33.6
7f072078b000-7f072098b000 ---p 0009f000 08:06 10905                      /usr/lib/x86_64-linux-gnu/libpixman-1.so.0.33.6
7f072098b000-7f0720993000 r--p 0009f000 08:06 10905                      /usr/lib/x86_64-linux-gnu/libpixman-1.so.0.33.6
7f0720993000-7f0720994000 rw-p 000a7000 08:06 10905                      /usr/lib/x86_64-linux-gnu/libpixman-1.so.0.33.6
7f0720994000-7f0720996000 r-xp 00000000 08:06 10023                      /usr/lib/x86_64-linux-gnu/libXcomposite.so.1.0.0
7f0720996000-7f0720b95000 ---p 00002000 08:06 10023                      /usr/lib/x86_64-linux-gnu/libXcomposite.so.1.0.0
7f0720b95000-7f0720b96000 r--p 00001000 08:06 10023                      /usr/lib/x86_64-linux-gnu/libXcomposite.so.1.0.0
7f0720b96000-7f0720b97000 rw-p 00002000 08:06 10023                      /usr/lib/x86_64-linux-gnu/libXcomposite.so.1.0.0
7f0720b97000-7f0720ba0000 r-xp 00000000 08:06 3963                       /usr/lib/x86_64-linux-gnu/libXcursor.so.1.0.2
7f0720ba0000-7f0720d9f000 ---p 00009000 08:06 3963                       /usr/lib/x86_64-linux-gnu/libXcursor.so.1.0.2
7f0720d9f000-7f0720da0000 r--p 00008000 08:06 3963                       /usr/lib/x86_64-linux-gnu/libXcursor.so.1.0.2
7f0720da0000-7f0720da1000 rw-p 00009000 08:06 3963                       /usr/lib/x86_64-linux-gnu/libXcursor.so.1.0.2
7f0720da1000-7f0720dab000 r-xp 00000000 08:06 10051                      /usr/lib/x86_64-linux-gnu/libXrandr.so.2.2.0
7f0720dab000-7f0720faa000 ---p 0000a000 08:06 10051                      /usr/lib/x86_64-linux-gnu/libXrandr.so.2.2.0
7f0720faa000-7f0720fab000 r--p 00009000 08:06 10051                      /usr/lib/x86_64-linux-gnu/libXrandr.so.2.2.0
7f0720fab000-7f0720fac000 rw-p 0000a000 08:06 10051                      /usr/lib/x86_64-linux-gnu/libXrandr.so.2.2.0
7f0720fac000-7f0720fbb000 r-xp 00000000 08:06 10041                      /usr/lib/x86_64-linux-gnu/libXi.so.6.1.0
7f0720fbb000-7f07211ba000 ---p 0000f000 08:06 10041                      /usr/lib/x86_64-linux-gnu/libXi.so.6.1.0
7f07211ba000-7f07211bb000 r--p 0000e000 08:06 10041                      /usr/lib/x86_64-linux-gnu/libXi.so.6.1.0
7f07211bb000-7f07211bc000 rw-p 0000f000 08:06 10041                      /usr/lib/x86_64-linux-gnu/libXi.so.6.1.0
7f07211bc000-7f07211be000 r-xp 00000000 08:06 10043                      /usr/lib/x86_64-linux-gnu/libXinerama.so.1.0.0
7f07211be000-7f07213bd000 ---p 00002000 08:06 10043                      /usr/lib/x86_64-linux-gnu/libXinerama.so.1.0.0
7f07213bd000-7f07213be000 r--p 00001000 08:06 10043                      /usr/lib/x86_64-linux-gnu/libXinerama.so.1.0.0
7f07213be000-7f07213bf000 rw-p 00002000 08:06 10043                      /usr/lib/x86_64-linux-gnu/libXinerama.so.1.0.0
7f07213bf000-7f07213c8000 r-xp 00000000 08:06 10053                      /usr/lib/x86_64-linux-gnu/libXrender.so.1.3.0
7f07213c8000-7f07215c7000 ---p 00009000 08:06 10053                      /usr/lib/x86_64-linux-gnu/libXrender.so.1.3.0
7f07215c7000-7f07215c8000 r--p 00008000 08:06 10053                      /usr/lib/x86_64-linux-gnu/libXrender.so.1.3.0
7f07215c8000-7f07215c9000 rw-p 00009000 08:06 10053                      /usr/lib/x86_64-linux-gnu/libXrender.so.1.3.0
7f07215c9000-7f0721606000 r-xp 00000000 08:06 10408                      /usr/lib/x86_64-linux-gnu/libfontconfig.so.1.9.0
7f0721606000-7f0721805000 ---p 0003d000 08:06 10408                      /usr/lib/x86_64-linux-gnu/libfontconfig.so.1.9.0
7f0721805000-7f0721807000 r--p 0003c000 08:06 10408                      /usr/lib/x86_64-linux-gnu/libfontconfig.so.1.9.0
7f0721807000-7f072180c000 rw-p 0003e000 08:06 10408                      /usr/lib/x86_64-linux-gnu/libfontconfig.so.1.9.0
7f072180c000-7f0721855000 r-xp 00000000 08:06 10881                      /usr/lib/x86_64-linux-gnu/libpango-1.0.so.0.3800.1
7f0721855000-7f0721a55000 ---p 00049000 08:06 10881                      /usr/lib/x86_64-linux-gnu/libpango-1.0.so.0.3800.1
7f0721a55000-7f0721a57000 r--p 00049000 08:06 10881                      /usr/lib/x86_64-linux-gnu/libpango-1.0.so.0.3800.1
7f0721a57000-7f0721a58000 rw-p 0004b000 08:06 10881                      /usr/lib/x86_64-linux-gnu/libpango-1.0.so.0.3800.1
7f0721a58000-7f0721a6c000 r-xp 00000000 08:06 10885                      /usr/lib/x86_64-linux-gnu/libpangoft2-1.0.so.0.3800.1
7f0721a6c000-7f0721c6c000 ---p 00014000 08:06 10885                      /usr/lib/x86_64-linux-gnu/libpangoft2-1.0.so.0.3800.1
7f0721c6c000-7f0721c6d000 r--p 00014000 08:06 10885                      /usr/lib/x86_64-linux-gnu/libpangoft2-1.0.so.0.3800.1
7f0721c6d000-7f0721c6e000 rw-p 00015000 08:06 10885                      /usr/lib/x86_64-linux-gnu/libpangoft2-1.0.so.0.3800.1
7f0721c6e000-7f0721c90000 r-xp 00000000 08:06 10117                      /usr/lib/x86_64-linux-gnu/libatk-1.0.so.0.21809.1
7f0721c90000-7f0721e8f000 ---p 00022000 08:06 10117                      /usr/lib/x86_64-linux-gnu/libatk-1.0.so.0.21809.1
7f0721e8f000-7f0721e92000 r--p 00021000 08:06 10117                      /usr/lib/x86_64-linux-gnu/libatk-1.0.so.0.21809.1
7f0721e92000-7f0721e93000 rw-p 00024000 08:06 10117                      /usr/lib/x86_64-linux-gnu/libatk-1.0.so.0.21809.1
7f0721e93000-7f0721e9f000 r-xp 00000000 08:06 10883                      /usr/lib/x86_64-linux-gnu/libpangocairo-1.0.so.0.3800.1
7f0721e9f000-7f072209e000 ---p 0000c000 08:06 10883                      /usr/lib/x86_64-linux-gnu/libpangocairo-1.0.so.0.3800.1
7f072209e000-7f072209f000 r--p 0000b000 08:06 10883                      /usr/lib/x86_64-linux-gnu/libpangocairo-1.0.so.0.3800.1
7f072209f000-7f07220a0000 rw-p 0000c000 08:06 10883                      /usr/lib/x86_64-linux-gnu/libpangocairo-1.0.so.0.3800.1
7f07220a0000-7f07220a3000 r-xp 00000000 08:06 10489                      /usr/lib/x86_64-linux-gnu/libgmodule-2.0.so.0.4800.2
7f07220a3000-7f07222a2000 ---p 00003000 08:06 10489                      /usr/lib/x86_64-linux-gnu/libgmodule-2.0.so.0.4800.2
7f07222a2000-7f07222a3000 r--p 00002000 08:06 10489                      /usr/lib/x86_64-linux-gnu/libgmodule-2.0.so.0.4800.2
7f07222a3000-7f07222a4000 rw-p 00003000 08:06 10489                      /usr/lib/x86_64-linux-gnu/libgmodule-2.0.so.0.4800.2
7f07222a4000-7f07222a9000 r-xp 00000000 08:06 10059                      /usr/lib/x86_64-linux-gnu/libXtst.so.6.1.0
7f07222a9000-7f07224a8000 ---p 00005000 08:06 10059                      /usr/lib/x86_64-linux-gnu/libXtst.so.6.1.0
7f07224a8000-7f07224a9000 r--p 00004000 08:06 10059                      /usr/lib/x86_64-linux-gnu/libXtst.so.6.1.0
7f07224a9000-7f07224aa000 rw-p 00005000 08:06 10059                      /usr/lib/x86_64-linux-gnu/libXtst.so.6.1.0
7f07224aa000-7f07225b9000 r-xp 00000000 08:06 5247486                    /lib/x86_64-linux-gnu/libglib-2.0.so.0.4800.2
7f07225b9000-7f07227b8000 ---p 0010f000 08:06 5247486                    /lib/x86_64-linux-gnu/libglib-2.0.so.0.4800.2
7f07227b8000-7f07227b9000 r--p 0010e000 08:06 5247486                    /lib/x86_64-linux-gnu/libglib-2.0.so.0.4800.2
7f07227b9000-7f07227ba000 rw-p 0010f000 08:06 5247486                    /lib/x86_64-linux-gnu/libglib-2.0.so.0.4800.2
7f07227ba000-7f07227bb000 rw-p 00000000 00:00 0 
7f07227bb000-7f07227bc000 r-xp 00000000 08:06 10567                      /usr/lib/x86_64-linux-gnu/libgthread-2.0.so.0.4800.2
7f07227bc000-7f07229bb000 ---p 00001000 08:06 10567                      /usr/lib/x86_64-linux-gnu/libgthread-2.0.so.0.4800.2
7f07229bb000-7f07229bc000 r--p 00000000 08:06 10567                      /usr/lib/x86_64-linux-gnu/libgthread-2.0.so.0.4800.2
7f07229bc000-7f07229bd000 rw-p 00001000 08:06 10567                      /usr/lib/x86_64-linux-gnu/libgthread-2.0.so.0.4800.2
7f07229bd000-7f0722a0f000 r-xp 00000000 08:06 10505                      /usr/lib/x86_64-linux-gnu/libgobject-2.0.so.0.4800.2
7f0722a0f000-7f0722c0e000 ---p 00052000 08:06 10505                      /usr/lib/x86_64-linux-gnu/libgobject-2.0.so.0.4800.2
7f0722c0e000-7f0722c0f000 r--p 00051000 08:06 10505                      /usr/lib/x86_64-linux-gnu/libgobject-2.0.so.0.4800.2
7f0722c0f000-7f0722c10000 rw-p 00052000 08:06 10505                      /usr/lib/x86_64-linux-gnu/libgobject-2.0.so.0.4800.2
7f0722c10000-7f0722d90000 r-xp 00000000 08:06 10475                      /usr/lib/x86_64-linux-gnu/libgio-2.0.so.0.4800.2
7f0722d90000-7f0722f90000 ---p 00180000 08:06 10475                      /usr/lib/x86_64-linux-gnu/libgio-2.0.so.0.4800.2
7f0722f90000-7f0722f94000 r--p 00180000 08:06 10475                      /usr/lib/x86_64-linux-gnu/libgio-2.0.so.0.4800.2
7f0722f94000-7f0722f96000 rw-p 00184000 08:06 10475                      /usr/lib/x86_64-linux-gnu/libgio-2.0.so.0.4800.2
7f0722f96000-7f0722f98000 rw-p 00000000 00:00 0 
7f0722f98000-7f0722fb9000 r-xp 00000000 08:06 7561                       /usr/lib/x86_64-linux-gnu/libgdk_pixbuf-2.0.so.0.3200.2
7f0722fb9000-7f07231b8000 ---p 00021000 08:06 7561                       /usr/lib/x86_64-linux-gnu/libgdk_pixbuf-2.0.so.0.3200.2
7f07231b8000-7f07231b9000 r--p 00020000 08:06 7561                       /usr/lib/x86_64-linux-gnu/libgdk_pixbuf-2.0.so.0.3200.2
7f07231b9000-7f07231ba000 rw-p 00021000 08:06 7561                       /usr/lib/x86_64-linux-gnu/libgdk_pixbuf-2.0.so.0.3200.2
7f07231ba000-7f07232c8000 r-xp 00000000 08:06 10180                      /usr/lib/x86_64-linux-gnu/libcairo.so.2.11400.6
7f07232c8000-7f07234c8000 ---p 0010e000 08:06 10180                      /usr/lib/x86_64-linux-gnu/libcairo.so.2.11400.6
7f07234c8000-7f07234cb000 r--p 0010e000 08:06 10180                      /usr/lib/x86_64-linux-gnu/libcairo.so.2.11400.6
7f07234cb000-7f07234cc000 rw-p 00111000 08:06 10180                      /usr/lib/x86_64-linux-gnu/libcairo.so.2.11400.6
7f07234cc000-7f07234ce000 rw-p 00000000 00:00 0 
7f07234ce000-7f072357e000 r-xp 00000000 08:06 7946                       /usr/lib/x86_64-linux-gnu/libgdk-x11-2.0.so.0.2400.30
7f072357e000-7f072377d000 ---p 000b0000 08:06 7946                       /usr/lib/x86_64-linux-gnu/libgdk-x11-2.0.so.0.2400.30
7f072377d000-7f0723781000 r--p 000af000 08:06 7946                       /usr/lib/x86_64-linux-gnu/libgdk-x11-2.0.so.0.2400.30
7f0723781000-7f0723783000 rw-p 000b3000 08:06 7946                       /usr/lib/x86_64-linux-gnu/libgdk-x11-2.0.so.0.2400.30
7f0723783000-7f0723bc1000 r-xp 00000000 08:06 7947                       /usr/lib/x86_64-linux-gnu/libgtk-x11-2.0.so.0.2400.30
7f0723bc1000-7f0723dc0000 ---p 0043e000 08:06 7947                       /usr/lib/x86_64-linux-gnu/libgtk-x11-2.0.so.0.2400.30
7f0723dc0000-7f0723dc7000 r--p 0043d000 08:06 7947                       /usr/lib/x86_64-linux-gnu/libgtk-x11-2.0.so.0.2400.30
7f0723dc7000-7f0723dcb000 rw-p 00444000 08:06 7947                       /usr/lib/x86_64-linux-gnu/libgtk-x11-2.0.so.0.2400.30
7f0723dcb000-7f0723dce000 rw-p 00000000 00:00 0 
7f0723dce000-7f0723df6000 r-xp 00000000 08:06 8841                       /usr/lib/jvm/java-8-openjdk-amd64/jre/lib/amd64/libglass.so
7f0723df6000-7f0723ff6000 ---p 00028000 08:06 8841                       /usr/lib/jvm/java-8-openjdk-amd64/jre/lib/amd64/libglass.so
7f0723ff6000-7f0723ff7000 r--p 00028000 08:06 8841                       /usr/lib/jvm/java-8-openjdk-amd64/jre/lib/amd64/libglass.so
7f0723ff7000-7f0723ff8000 rw-p 00029000 08:06 8841                       /usr/lib/jvm/java-8-openjdk-amd64/jre/lib/amd64/libglass.so
7f0723ff8000-7f0723ff9000 ---p 00000000 00:00 0 
7f0723ff9000-7f07247f9000 rw-p 00000000 00:00 0 
7f07247f9000-7f07247fa000 ---p 00000000 00:00 0 
7f07247fa000-7f0724ffa000 rw-p 00000000 00:00 0 
7f0724ffa000-7f0724ffb000 ---p 00000000 00:00 0 
7f0724ffb000-7f07257fb000 rw-p 00000000 00:00 0 
7f07257fb000-7f07257fc000 ---p 00000000 00:00 0 
7f07257fc000-7f0725ffc000 rw-p 00000000 00:00 0 
7f0725ffc000-7f0725ffd000 ---p 00000000 00:00 0 
7f0725ffd000-7f07267fd000 rw-p 00000000 00:00 0 
7f07267fd000-7f07267fe000 ---p 00000000 00:00 0 
7f07267fe000-7f0726ffe000 rw-p 00000000 00:00 0 
7f0726ffe000-7f0726fff000 ---p 00000000 00:00 0 
7f0726fff000-7f07277ff000 rw-p 00000000 00:00 0 
7f07277ff000-7f0727800000 ---p 00000000 00:00 0 
7f0727800000-7f0728000000 rw-p 00000000 00:00 0 
7f0728000000-7f072847c000 rw-p 00000000 00:00 0 
7f072847c000-7f072c000000 ---p 00000000 00:00 0 
7f072c019000-7f072c01e000 r--s 0009d000 08:06 19228                      /usr/lib/jvm/java-8-openjdk-amd64/jre/lib/jsse.jar
7f072c01e000-7f072c02e000 rw-s 10520d000 00:06 332                       /dev/dri/renderD128
7f072c02e000-7f072c03e000 rw-s 101076000 00:06 332                       /dev/dri/renderD128
7f072c03e000-7f072c05e000 rw-s 10508f000 00:06 332                       /dev/dri/renderD128
7f072c05e000-7f072c065000 r--s 00000000 08:06 1704018                    /var/cache/fontconfig/4be9850f182b35c1350b6bbf2e42601c-le64.cache-6
7f072c065000-7f072c070000 r--s 00000000 08:06 1704007                    /var/cache/fontconfig/945677eb7aeaf62f1d50efc3fb3ec7d8-le64.cache-6
7f072c070000-7f072c097000 r--s 00000000 08:06 1704024                    /var/cache/fontconfig/0bd3dc0958fa2205aaaa8ebb13e2872b-le64.cache-6
7f072c097000-7f072c09a000 ---p 00000000 00:00 0 
7f072c09a000-7f072c198000 rw-p 00000000 00:00 0 
7f072c198000-7f072c1cf000 r-xp 00000000 08:06 11120                      /usr/lib/x86_64-linux-gnu/libtxc_dxtn_s2tc.so.0.0.0
7f072c1cf000-7f072c3ce000 ---p 00037000 08:06 11120                      /usr/lib/x86_64-linux-gnu/libtxc_dxtn_s2tc.so.0.0.0
7f072c3ce000-7f072c3cf000 r--p 00036000 08:06 11120                      /usr/lib/x86_64-linux-gnu/libtxc_dxtn_s2tc.so.0.0.0
7f072c3cf000-7f072c3d0000 rw-p 00037000 08:06 11120                      /usr/lib/x86_64-linux-gnu/libtxc_dxtn_s2tc.so.0.0.0
7f072c3d0000-7f072c3e3000 r-xp 00000000 08:06 5247440                    /lib/x86_64-linux-gnu/libbsd.so.0.8.2
7f072c3e3000-7f072c5e2000 ---p 00013000 08:06 5247440                    /lib/x86_64-linux-gnu/libbsd.so.0.8.2
7f072c5e2000-7f072c5e3000 r--p 00012000 08:06 5247440                    /lib/x86_64-linux-gnu/libbsd.so.0.8.2
7f072c5e3000-7f072c5e4000 rw-p 00013000 08:06 5247440                    /lib/x86_64-linux-gnu/libbsd.so.0.8.2
7f072c5e4000-7f072c5e5000 rw-p 00000000 00:00 0 
7f072c5e5000-7f072c60a000 r-xp 00000000 08:06 5247616                    /lib/x86_64-linux-gnu/libtinfo.so.5.9
7f072c60a000-7f072c809000 ---p 00025000 08:06 5247616                    /lib/x86_64-linux-gnu/libtinfo.so.5.9
7f072c809000-7f072c80d000 r--p 00024000 08:06 5247616                    /lib/x86_64-linux-gnu/libtinfo.so.5.9
7f072c80d000-7f072c80e000 rw-p 00028000 08:06 5247616                    /lib/x86_64-linux-gnu/libtinfo.so.5.9
7f072c80e000-7f072c83f000 r-xp 00000000 08:06 10328                      /usr/lib/x86_64-linux-gnu/libedit.so.2.0.53
7f072c83f000-7f072ca3f000 ---p 00031000 08:06 10328                      /usr/lib/x86_64-linux-gnu/libedit.so.2.0.53
7f072ca3f000-7f072ca41000 r--p 00031000 08:06 10328                      /usr/lib/x86_64-linux-gnu/libedit.so.2.0.53
7f072ca41000-7f072ca42000 rw-p 00033000 08:06 10328                      /usr/lib/x86_64-linux-gnu/libedit.so.2.0.53
7f072ca42000-7f072ca46000 rw-p 00000000 00:00 0 
7f072ca46000-7f072fbed000 r-xp 00000000 08:06 3905                       /usr/lib/x86_64-linux-gnu/libLLVM-5.0.so.1
7f072fbed000-7f072ff3d000 r--p 031a6000 08:06 3905                       /usr/lib/x86_64-linux-gnu/libLLVM-5.0.so.1
7f072ff3d000-7f072ffad000 rw-p 034f6000 08:06 3905                       /usr/lib/x86_64-linux-gnu/libLLVM-5.0.so.1
7f072ffad000-7f0730000000 rw-p 00000000 00:00 0 
7f0730000000-7f0730021000 rw-p 00000000 00:00 0 
7f0730021000-7f0734000000 ---p 00000000 00:00 0 
7f0734000000-7f0734021000 rw-p 00000000 00:00 0 
7f0734021000-7f0738000000 ---p 00000000 00:00 0 
7f0738000000-7f07383ae000 rw-p 00000000 00:00 0 
7f07383ae000-7f073c000000 ---p 00000000 00:00 0 
7f073c000000-7f073c507000 rw-p 00000000 00:00 0 
7f073c507000-7f0740000000 ---p 00000000 00:00 0 
7f0740000000-7f0740021000 rw-p 00000000 00:00 0 
7f0740021000-7f0744000000 ---p 00000000 00:00 0 
7f0744000000-7f074456b000 rw-p 00000000 00:00 0 
7f074456b000-7f0748000000 ---p 00000000 00:00 0 
7f0748000000-7f0748021000 rw-p 00000000 00:00 0 
7f0748021000-7f074c000000 ---p 00000000 00:00 0 
7f074c000000-7f074c021000 rw-p 00000000 00:00 0 
7f074c021000-7f0750000000 ---p 00000000 00:00 0 
7f0750000000-7f0750021000 rw-p 00000000 00:00 0 
7f0750021000-7f0754000000 ---p 00000000 00:00 0 
7f0754000000-7f0754021000 rw-p 00000000 00:00 0 
7f0754021000-7f0758000000 ---p 00000000 00:00 0 
7f0758000000-7f0758021000 rw-p 00000000 00:00 0 
7f0758021000-7f075c000000 ---p 00000000 00:00 0 
7f075c001000-7f075c002000 r--s 00000000 08:06 1706007                    /var/cache/fontconfig/087e1975ba9a574b140bb1df193bf770-le64.cache-6
7f075c002000-7f075c008000 r--s 00000000 08:06 1704004                    /var/cache/fontconfig/2cd17615ca594fa2959ae173292e504c-le64.cache-6
7f075c008000-7f075c009000 r--s 00000000 08:06 1704001                    /var/cache/fontconfig/0d8c3b2ac0904cb8a57a757ad11a4a08-le64.cache-6
7f075c009000-7f075c01e000 r--s 00000000 08:06 1704006                    /var/cache/fontconfig/04aabc0a78ac019cf9454389977116d2-le64.cache-6
7f075c01e000-7f075c01f000 r--s 00000000 08:06 1704011                    /var/cache/fontconfig/1ac9eb803944fde146138c791f5cc56a-le64.cache-6
7f075c01f000-7f075c023000 r--s 00000000 08:06 1704038                    /var/cache/fontconfig/385c0604a188198f04d133e54aba7fe7-le64.cache-6
7f075c023000-7f075c026000 r--s 00000000 08:06 1704472                    /var/cache/fontconfig/767a8244fc0220cfb567a839d0392e0b-le64.cache-6
7f075c026000-7f075c02b000 r--s 00000000 08:06 1707645                    /var/cache/fontconfig/8801497958630a81b71ace7c5f9b32a8-le64.cache-6
7f075c02b000-7f075c066000 r--s 00000000 08:06 1704031                    /var/cache/fontconfig/365b55f210c0a22e9a19e35191240f32-le64.cache-6
7f075c066000-7f075c079000 r--s 00000000 08:06 1704014                    /var/cache/fontconfig/d52a8644073d54c13679302ca1180695-le64.cache-6
7f075c079000-7f075c1ba000 rw-s 00000000 08:06 2621909                    /home/danieledt/.cache/mesa/index
7f075c1ba000-7f075c1c1000 r-xp 00000000 08:06 10368                      /usr/lib/x86_64-linux-gnu/libffi.so.6.0.4
7f075c1c1000-7f075c3c0000 ---p 00007000 08:06 10368                      /usr/lib/x86_64-linux-gnu/libffi.so.6.0.4
7f075c3c0000-7f075c3c1000 r--p 00006000 08:06 10368                      /usr/lib/x86_64-linux-gnu/libffi.so.6.0.4
7f075c3c1000-7f075c3c2000 rw-p 00007000 08:06 10368                      /usr/lib/x86_64-linux-gnu/libffi.so.6.0.4
7f075c3c2000-7f075c3d9000 r-xp 00000000 08:06 8183                       /usr/lib/x86_64-linux-gnu/libelf-0.165.so
7f075c3d9000-7f075c5d8000 ---p 00017000 08:06 8183                       /usr/lib/x86_64-linux-gnu/libelf-0.165.so
7f075c5d8000-7f075c5d9000 r--p 00016000 08:06 8183                       /usr/lib/x86_64-linux-gnu/libelf-0.165.so
7f075c5d9000-7f075c5da000 rw-p 00017000 08:06 8183                       /usr/lib/x86_64-linux-gnu/libelf-0.165.so
7f075c5da000-7f075c5e2000 r-xp 00000000 08:06 5441                       /usr/lib/x86_64-linux-gnu/libdrm_amdgpu.so.1.0.0
7f075c5e2000-7f075c7e2000 ---p 00008000 08:06 5441                       /usr/lib/x86_64-linux-gnu/libdrm_amdgpu.so.1.0.0
7f075c7e2000-7f075c7e3000 r--p 00008000 08:06 5441                       /usr/lib/x86_64-linux-gnu/libdrm_amdgpu.so.1.0.0
7f075c7e3000-7f075c7e4000 rw-p 00009000 08:06 5441                       /usr/lib/x86_64-linux-gnu/libdrm_amdgpu.so.1.0.0
7f075c7e4000-7f075c7ef000 r-xp 00000000 08:06 4253                       /usr/lib/x86_64-linux-gnu/libdrm_radeon.so.1.0.1
7f075c7ef000-7f075c9ee000 ---p 0000b000 08:06 4253                       /usr/lib/x86_64-linux-gnu/libdrm_radeon.so.1.0.1
7f075c9ee000-7f075c9ef000 r--p 0000a000 08:06 4253                       /usr/lib/x86_64-linux-gnu/libdrm_radeon.so.1.0.1
7f075c9ef000-7f075c9f0000 rw-p 0000b000 08:06 4253                       /usr/lib/x86_64-linux-gnu/libdrm_radeon.so.1.0.1
7f075c9f0000-7f0760000000 rw-p 00000000 00:00 0 
7f0760000000-7f0760021000 rw-p 00000000 00:00 0 
7f0760021000-7f0764000000 ---p 00000000 00:00 0 
7f0764000000-7f0764001000 r--s 00000000 08:06 1705588                    /var/cache/fontconfig/dc05db6664285cc2f12bf69c139ae4c3-le64.cache-6
7f0764001000-7f0764002000 r--s 00000000 08:06 1704002                    /var/cache/fontconfig/4794a0821666d79190d59a36cb4f44b5-le64.cache-6
7f0764002000-7f0764003000 r--s 00000000 08:06 1704008                    /var/cache/fontconfig/bab58bb527bb656aaa9f116d68a48d89-le64.cache-6
7f0764003000-7f076400a000 r--s 00000000 08:06 1704015                    /var/cache/fontconfig/3047814df9a2f067bd2d96a2b9c36e5a-le64.cache-6
7f076400a000-7f076400b000 r--s 00000000 08:06 1704030                    /var/cache/fontconfig/56cf4f4769d0f4abc89a4895d7bd3ae1-le64.cache-6
7f076400b000-7f076400c000 r--s 00000000 08:06 1704029                    /var/cache/fontconfig/b9d506c9ac06c20b433354fa67a72993-le64.cache-6
7f076400c000-7f0764012000 r--s 00000000 08:06 1704035                    /var/cache/fontconfig/b47c4e1ecd0709278f4910c18777a504-le64.cache-6
7f0764012000-7f0764013000 r--s 00000000 08:06 1713568                    /var/cache/fontconfig/551ecf3b0e8b0bca0f25c0944f561853-le64.cache-6
7f0764013000-7f0764014000 r--s 00000000 08:06 1706006                    /var/cache/fontconfig/8a687c406b77f27d99abfeeba937fcce-le64.cache-6
7f0764014000-7f076401f000 r--s 00000000 08:06 1704009                    /var/cache/fontconfig/d589a48862398ed80a3d6066f4f56f4c-le64.cache-6
7f076401f000-7f0764022000 r--s 00000000 08:06 1704023                    /var/cache/fontconfig/75114ca45c98e8a441da0ff356701271-le64.cache-6
7f0764022000-7f076402d000 r--s 00000000 08:06 1704027                    /var/cache/fontconfig/83bf95040141907cd45bb53cf7c1c148-le64.cache-6
7f076402d000-7f076403f000 r--s 00000000 08:06 1704005                    /var/cache/fontconfig/9b89f8e3dae116d678bbf48e5f21f69b-le64.cache-6
7f076403f000-7f076404c000 r--s 00000000 08:06 2633402                    /home/danieledt/.cache/fontconfig/e13b20fdb08344e0e664864cc2ede53d-le64.cache-6
7f076404c000-7f0764050000 r--s 00000000 08:06 1705584                    /var/cache/fontconfig/7ef2298fde41cc6eeb7af42e48b7d293-le64.cache-6
7f0764050000-7f076405a000 r--s 000b7000 08:06 263629                     /home/danieledt/Documenti/Eclipse/BD/lib/postgresql-42.2.2.jar
7f076405a000-7f0764066000 rw-s 10051f000 00:06 332                       /dev/dri/renderD128
7f0764066000-7f076407a000 r--p 00000000 08:06 22094                      /usr/share/glib-2.0/schemas/gschemas.compiled
7f076407a000-7f076408e000 r--p 00000000 08:06 22094                      /usr/share/glib-2.0/schemas/gschemas.compiled
7f076408e000-7f07640a7000 r--p 00000000 08:06 136726                     /usr/share/locale-langpack/it/LC_MESSAGES/glib20.mo
7f07640a7000-7f07640d1000 r--p 00000000 08:06 131036                     /usr/share/locale-langpack/it/LC_MESSAGES/gtk20-properties.mo
7f07640d1000-7f07640f1000 rw-s 104c00000 00:06 332                       /dev/dri/renderD128
7f07640f1000-7f0764101000 rw-s 104c34000 00:06 332                       /dev/dri/renderD128
7f0764101000-7f0764108000 r-xp 00000000 08:06 4229                       /usr/lib/x86_64-linux-gnu/libdrm_nouveau.so.2.0.0
7f0764108000-7f0764307000 ---p 00007000 08:06 4229                       /usr/lib/x86_64-linux-gnu/libdrm_nouveau.so.2.0.0
7f0764307000-7f0764308000 r--p 00006000 08:06 4229                       /usr/lib/x86_64-linux-gnu/libdrm_nouveau.so.2.0.0
7f0764308000-7f0764309000 rw-p 00007000 08:06 4229                       /usr/lib/x86_64-linux-gnu/libdrm_nouveau.so.2.0.0
7f0764309000-7f0764317000 r-xp 00000000 08:06 11015                      /usr/lib/x86_64-linux-gnu/libsensors.so.4.4.0
7f0764317000-7f0764516000 ---p 0000e000 08:06 11015                      /usr/lib/x86_64-linux-gnu/libsensors.so.4.4.0
7f0764516000-7f0764517000 r--p 0000d000 08:06 11015                      /usr/lib/x86_64-linux-gnu/libsensors.so.4.4.0
7f0764517000-7f0764518000 rw-p 0000e000 08:06 11015                      /usr/lib/x86_64-linux-gnu/libsensors.so.4.4.0
7f0764518000-7f0764f47000 r-xp 00000000 08:06 26723                      /usr/lib/x86_64-linux-gnu/dri/radeonsi_dri.so
7f0764f47000-7f0765146000 ---p 00a2f000 08:06 26723                      /usr/lib/x86_64-linux-gnu/dri/radeonsi_dri.so
7f0765146000-7f0765187000 r--p 00a2e000 08:06 26723                      /usr/lib/x86_64-linux-gnu/dri/radeonsi_dri.so
7f0765187000-7f0765190000 rw-p 00a6f000 08:06 26723                      /usr/lib/x86_64-linux-gnu/dri/radeonsi_dri.so
7f0765190000-7f0765387000 rw-p 00000000 00:00 0 
7f0765387000-7f07653a9000 r--p 00000000 08:06 136931                     /usr/share/locale-langpack/it/LC_MESSAGES/libc.mo
7f07653a9000-7f07653ae000 r-xp 00000000 08:06 10029                      /usr/lib/x86_64-linux-gnu/libXdmcp.so.6.0.0
7f07653ae000-7f07655ad000 ---p 00005000 08:06 10029                      /usr/lib/x86_64-linux-gnu/libXdmcp.so.6.0.0
7f07655ad000-7f07655ae000 r--p 00004000 08:06 10029                      /usr/lib/x86_64-linux-gnu/libXdmcp.so.6.0.0
7f07655ae000-7f07655af000 rw-p 00005000 08:06 10029                      /usr/lib/x86_64-linux-gnu/libXdmcp.so.6.0.0
7f07655af000-7f07655b1000 r-xp 00000000 08:06 10018                      /usr/lib/x86_64-linux-gnu/libXau.so.6.0.0
7f07655b1000-7f07657b1000 ---p 00002000 08:06 10018                      /usr/lib/x86_64-linux-gnu/libXau.so.6.0.0
7f07657b1000-7f07657b2000 r--p 00002000 08:06 10018                      /usr/lib/x86_64-linux-gnu/libXau.so.6.0.0
7f07657b2000-7f07657b3000 rw-p 00003000 08:06 10018                      /usr/lib/x86_64-linux-gnu/libXau.so.6.0.0
7f07657b3000-7f07657c3000 r-xp 00000000 08:06 5431                       /usr/lib/x86_64-linux-gnu/libdrm.so.2.4.0
7f07657c3000-7f07659c2000 ---p 00010000 08:06 5431                       /usr/lib/x86_64-linux-gnu/libdrm.so.2.4.0
7f07659c2000-7f07659c3000 r--p 0000f000 08:06 5431                       /usr/lib/x86_64-linux-gnu/libdrm.so.2.4.0
7f07659c3000-7f07659c4000 rw-p 00010000 08:06 5431                       /usr/lib/x86_64-linux-gnu/libdrm.so.2.4.0
7f07659c4000-7f07659c9000 r-xp 00000000 08:06 10069                      /usr/lib/x86_64-linux-gnu/libXxf86vm.so.1.0.0
7f07659c9000-7f0765bc8000 ---p 00005000 08:06 10069                      /usr/lib/x86_64-linux-gnu/libXxf86vm.so.1.0.0
7f0765bc8000-7f0765bc9000 r--p 00004000 08:06 10069                      /usr/lib/x86_64-linux-gnu/libXxf86vm.so.1.0.0
7f0765bc9000-7f0765bca000 rw-p 00005000 08:06 10069                      /usr/lib/x86_64-linux-gnu/libXxf86vm.so.1.0.0
7f0765bca000-7f0765bce000 r-xp 00000000 08:06 11222                      /usr/lib/x86_64-linux-gnu/libxcb-dri2.so.0.0.0
7f0765bce000-7f0765dcd000 ---p 00004000 08:06 11222                      /usr/lib/x86_64-linux-gnu/libxcb-dri2.so.0.0.0
7f0765dcd000-7f0765dce000 r--p 00003000 08:06 11222                      /usr/lib/x86_64-linux-gnu/libxcb-dri2.so.0.0.0
7f0765dce000-7f0765dcf000 rw-p 00004000 08:06 11222                      /usr/lib/x86_64-linux-gnu/libxcb-dri2.so.0.0.0
7f0765dcf000-7f0765de6000 r-xp 00000000 08:06 11226                      /usr/lib/x86_64-linux-gnu/libxcb-glx.so.0.0.0
7f0765de6000-7f0765fe5000 ---p 00017000 08:06 11226                      /usr/lib/x86_64-linux-gnu/libxcb-glx.so.0.0.0
7f0765fe5000-7f0765fe7000 r--p 00016000 08:06 11226                      /usr/lib/x86_64-linux-gnu/libxcb-glx.so.0.0.0
7f0765fe7000-7f0765fe8000 rw-p 00018000 08:06 11226                      /usr/lib/x86_64-linux-gnu/libxcb-glx.so.0.0.0
7f0765fe8000-7f0765fe9000 r-xp 00000000 08:06 10012                      /usr/lib/x86_64-linux-gnu/libX11-xcb.so.1.0.0
7f0765fe9000-7f07661e8000 ---p 00001000 08:06 10012                      /usr/lib/x86_64-linux-gnu/libX11-xcb.so.1.0.0
7f07661e8000-7f07661e9000 r--p 00000000 08:06 10012                      /usr/lib/x86_64-linux-gnu/libX11-xcb.so.1.0.0
7f07661e9000-7f07661ea000 rw-p 00001000 08:06 10012                      /usr/lib/x86_64-linux-gnu/libX11-xcb.so.1.0.0
7f07661ea000-7f07661ef000 r-xp 00000000 08:06 10033                      /usr/lib/x86_64-linux-gnu/libXfixes.so.3.1.0
7f07661ef000-7f07663ee000 ---p 00005000 08:06 10033                      /usr/lib/x86_64-linux-gnu/libXfixes.so.3.1.0
7f07663ee000-7f07663ef000 r--p 00004000 08:06 10033                      /usr/lib/x86_64-linux-gnu/libXfixes.so.3.1.0
7f07663ef000-7f07663f0000 rw-p 00005000 08:06 10033                      /usr/lib/x86_64-linux-gnu/libXfixes.so.3.1.0
7f07663f0000-7f07663f2000 r-xp 00000000 08:06 10027                      /usr/lib/x86_64-linux-gnu/libXdamage.so.1.1.0
7f07663f2000-7f07665f1000 ---p 00002000 08:06 10027                      /usr/lib/x86_64-linux-gnu/libXdamage.so.1.1.0
7f07665f1000-7f07665f2000 r--p 00001000 08:06 10027                      /usr/lib/x86_64-linux-gnu/libXdamage.so.1.1.0
7f07665f2000-7f07665f3000 rw-p 00002000 08:06 10027                      /usr/lib/x86_64-linux-gnu/libXdamage.so.1.1.0
7f07665f3000-7f0766604000 r-xp 00000000 08:06 10031                      /usr/lib/x86_64-linux-gnu/libXext.so.6.4.0
7f0766604000-7f0766803000 ---p 00011000 08:06 10031                      /usr/lib/x86_64-linux-gnu/libXext.so.6.4.0
7f0766803000-7f0766804000 r--p 00010000 08:06 10031                      /usr/lib/x86_64-linux-gnu/libXext.so.6.4.0
7f0766804000-7f0766805000 rw-p 00011000 08:06 10031                      /usr/lib/x86_64-linux-gnu/libXext.so.6.4.0
7f0766805000-7f0766830000 r-xp 00000000 08:06 6629                       /usr/lib/x86_64-linux-gnu/libglapi.so.0.0.0
7f0766830000-7f0766a2f000 ---p 0002b000 08:06 6629                       /usr/lib/x86_64-linux-gnu/libglapi.so.0.0.0
7f0766a2f000-7f0766a33000 r--p 0002a000 08:06 6629                       /usr/lib/x86_64-linux-gnu/libglapi.so.0.0.0
7f0766a33000-7f0766a34000 rw-p 0002e000 08:06 6629                       /usr/lib/x86_64-linux-gnu/libglapi.so.0.0.0
7f0766a34000-7f0766a35000 rw-p 00000000 00:00 0 
7f0766a35000-7f0766a36000 r-xp 00000000 08:06 11273                      /usr/lib/x86_64-linux-gnu/libxshmfence.so.1.0.0
7f0766a36000-7f0766c36000 ---p 00001000 08:06 11273                      /usr/lib/x86_64-linux-gnu/libxshmfence.so.1.0.0
7f0766c36000-7f0766c37000 r--p 00001000 08:06 11273                      /usr/lib/x86_64-linux-gnu/libxshmfence.so.1.0.0
7f0766c37000-7f0766c38000 rw-p 00002000 08:06 11273                      /usr/lib/x86_64-linux-gnu/libxshmfence.so.1.0.0
7f0766c38000-7f0766c3d000 r-xp 00000000 08:06 11236                      /usr/lib/x86_64-linux-gnu/libxcb-sync.so.1.0.0
7f0766c3d000-7f0766e3d000 ---p 00005000 08:06 11236                      /usr/lib/x86_64-linux-gnu/libxcb-sync.so.1.0.0
7f0766e3d000-7f0766e3e000 r--p 00005000 08:06 11236                      /usr/lib/x86_64-linux-gnu/libxcb-sync.so.1.0.0
7f0766e3e000-7f0766e3f000 rw-p 00006000 08:06 11236                      /usr/lib/x86_64-linux-gnu/libxcb-sync.so.1.0.0
7f0766e3f000-7f0766e41000 r-xp 00000000 08:06 11228                      /usr/lib/x86_64-linux-gnu/libxcb-present.so.0.0.0
7f0766e41000-7f0767040000 ---p 00002000 08:06 11228                      /usr/lib/x86_64-linux-gnu/libxcb-present.so.0.0.0
7f0767040000-7f0767041000 r--p 00001000 08:06 11228                      /usr/lib/x86_64-linux-gnu/libxcb-present.so.0.0.0
7f0767041000-7f0767042000 rw-p 00002000 08:06 11228                      /usr/lib/x86_64-linux-gnu/libxcb-present.so.0.0.0
7f0767042000-7f0767044000 r-xp 00000000 08:06 11224                      /usr/lib/x86_64-linux-gnu/libxcb-dri3.so.0.0.0
7f0767044000-7f0767243000 ---p 00002000 08:06 11224                      /usr/lib/x86_64-linux-gnu/libxcb-dri3.so.0.0.0
7f0767243000-7f0767244000 r--p 00001000 08:06 11224                      /usr/lib/x86_64-linux-gnu/libxcb-dri3.so.0.0.0
7f0767244000-7f0767245000 rw-p 00002000 08:06 11224                      /usr/lib/x86_64-linux-gnu/libxcb-dri3.so.0.0.0
7f0767245000-7f076726b000 r-xp 00000000 08:06 5247475                    /lib/x86_64-linux-gnu/libexpat.so.1.6.0
7f076726b000-7f076746b000 ---p 00026000 08:06 5247475                    /lib/x86_64-linux-gnu/libexpat.so.1.6.0
7f076746b000-7f076746d000 r--p 00026000 08:06 5247475                    /lib/x86_64-linux-gnu/libexpat.so.1.6.0
7f076746d000-7f076746e000 rw-p 00028000 08:06 5247475                    /lib/x86_64-linux-gnu/libexpat.so.1.6.0
7f076746e000-7f076748f000 r-xp 00000000 08:06 11242                      /usr/lib/x86_64-linux-gnu/libxcb.so.1.1.0
7f076748f000-7f076768e000 ---p 00021000 08:06 11242                      /usr/lib/x86_64-linux-gnu/libxcb.so.1.1.0
7f076768e000-7f076768f000 r--p 00020000 08:06 11242                      /usr/lib/x86_64-linux-gnu/libxcb.so.1.1.0
7f076768f000-7f0767690000 rw-p 00021000 08:06 11242                      /usr/lib/x86_64-linux-gnu/libxcb.so.1.1.0
7f0767690000-7f07676fe000 r-xp 00000000 08:06 23726                      /usr/lib/x86_64-linux-gnu/mesa/libGL.so.1.2.0
7f07676fe000-7f07678fe000 ---p 0006e000 08:06 23726                      /usr/lib/x86_64-linux-gnu/mesa/libGL.so.1.2.0
7f07678fe000-7f0767901000 r--p 0006e000 08:06 23726                      /usr/lib/x86_64-linux-gnu/mesa/libGL.so.1.2.0
7f0767901000-7f0767902000 rw-p 00071000 08:06 23726                      /usr/lib/x86_64-linux-gnu/mesa/libGL.so.1.2.0
7f0767902000-7f0767903000 rw-p 00000000 00:00 0 
7f0767903000-7f0767a38000 r-xp 00000000 08:06 10014                      /usr/lib/x86_64-linux-gnu/libX11.so.6.3.0
7f0767a38000-7f0767c38000 ---p 00135000 08:06 10014                      /usr/lib/x86_64-linux-gnu/libX11.so.6.3.0
7f0767c38000-7f0767c39000 r--p 00135000 08:06 10014                      /usr/lib/x86_64-linux-gnu/libX11.so.6.3.0
7f0767c39000-7f0767c3d000 rw-p 00136000 08:06 10014                      /usr/lib/x86_64-linux-gnu/libX11.so.6.3.0
7f0767c3d000-7f0767c4c000 r--p 00000000 08:06 134271                     /usr/share/locale-langpack/it/LC_MESSAGES/gtk20.mo
7f0767c4c000-7f0767c5c000 rw-s 102c1b000 00:06 332                       /dev/dri/renderD128
7f0767c5c000-7f0767c68000 r-xp 00000000 08:06 8839                       /usr/lib/jvm/java-8-openjdk-amd64/jre/lib/amd64/libprism_es2.so
7f0767c68000-7f0767e67000 ---p 0000c000 08:06 8839                       /usr/lib/jvm/java-8-openjdk-amd64/jre/lib/amd64/libprism_es2.so
7f0767e67000-7f0767e68000 r--p 0000b000 08:06 8839                       /usr/lib/jvm/java-8-openjdk-amd64/jre/lib/amd64/libprism_es2.so
7f0767e68000-7f0767e69000 rw-p 0000c000 08:06 8839                       /usr/lib/jvm/java-8-openjdk-amd64/jre/lib/amd64/libprism_es2.so
7f0767e69000-7f0767e6c000 ---p 00000000 00:00 0 
7f0767e6c000-7f0767f6a000 rw-p 00000000 00:00 0 
7f0767f6a000-7f0768000000 r--s 008d7000 08:06 1182450                    /usr/share/java/openjfx/jre/lib/ext/jfxrt.jar
7f0768000000-7f0768021000 rw-p 00000000 00:00 0 
7f0768021000-7f076c000000 ---p 00000000 00:00 0 
7f076c000000-7f076c001000 r--s 00000000 08:06 1704003                    /var/cache/fontconfig/30829fa25452a46451e813d634d7f916-le64.cache-6
7f076c001000-7f076c002000 r--s 00000000 08:06 1704020                    /var/cache/fontconfig/0c9eb80ebd1c36541ebe2852d3bb0c49-le64.cache-6
7f076c002000-7f076c005000 r--s 0001e000 08:06 3543301                    /home/danieledt/Documenti/Eclipse/BD/jgoodies-forms-1.8.0.jar
7f076c005000-7f076c009000 r--p 00000000 08:06 2631548                    /home/danieledt/.config/dconf/user
7f076c009000-7f076c019000 rw-s 105a18000 00:06 332                       /dev/dri/renderD128
7f076c019000-7f076c01a000 ---p 00000000 00:00 0 
7f076c01a000-7f076c11a000 rw-p 00000000 00:00 0 
7f076c11a000-7f076c11d000 ---p 00000000 00:00 0 
7f076c11d000-7f076c21b000 rw-p 00000000 00:00 0 
7f076c21b000-7f076c21e000 ---p 00000000 00:00 0 
7f076c21e000-7f076c31c000 rw-p 00000000 00:00 0 
7f076c31c000-7f076c31f000 ---p 00000000 00:00 0 
7f076c31f000-7f076c41d000 rw-p 00000000 00:00 0 
7f076c41d000-7f076c420000 ---p 00000000 00:00 0 
7f076c420000-7f076c51e000 rw-p 00000000 00:00 0 
7f076c51e000-7f076c521000 ---p 00000000 00:00 0 
7f076c521000-7f076c61f000 rw-p 00000000 00:00 0 
7f076c61f000-7f076c8f9000 r--p 00000000 08:06 9475                       /usr/lib/locale/locale-archive
7f076c8f9000-7f076c8fc000 ---p 00000000 00:00 0 
7f076c8fc000-7f076c9fa000 rw-p 00000000 00:00 0 
7f076c9fa000-7f076c9fd000 ---p 00000000 00:00 0 
7f076c9fd000-7f076cafb000 rw-p 00000000 00:00 0 
7f076cafb000-7f076cafc000 ---p 00000000 00:00 0 
7f076cafc000-7f076d000000 rw-p 00000000 00:00 0 
7f076d000000-7f076d7e0000 rwxp 00000000 00:00 0 
7f076d7e0000-7f077c000000 ---p 00000000 00:00 0 
7f077c000000-7f077c32a000 rw-p 00000000 00:00 0 
7f077c32a000-7f0780000000 ---p 00000000 00:00 0 
7f0780000000-7f0780001000 r--s 00000000 08:06 1706004                    /var/cache/fontconfig/c277e94e32b20404286a1ddafa5a80f0-le64.cache-6
7f0780001000-7f0780002000 r--s 00014000 08:06 3543299                    /home/danieledt/Documenti/Eclipse/BD/miglayout15-swing.jar
7f0780002000-7f0780003000 rw-s 00000000 00:05 518294                     /memfd:xshmfence (deleted)
7f0780003000-7f078000a000 r--s 00000000 08:06 29686                      /usr/lib/x86_64-linux-gnu/gconv/gconv-modules.cache
7f078000a000-7f078001d000 r--s 00346000 08:06 19167                      /usr/lib/jvm/java-8-openjdk-amd64/jre/lib/resources.jar
7f078001d000-7f0780038000 r--s 00394000 08:06 19160                      /usr/lib/jvm/java-8-openjdk-amd64/jre/lib/ext/cldrdata.jar
7f0780038000-7f0780053000 r--s 001d6000 08:06 19163                      /usr/lib/jvm/java-8-openjdk-amd64/jre/lib/ext/nashorn.jar
7f0780053000-7f0780c30000 rw-p 00000000 00:00 0 
7f0780c30000-7f0780dff000 r--s 03c2f000 08:06 19219                      /usr/lib/jvm/java-8-openjdk-amd64/jre/lib/rt.jar
7f0780dff000-7f07819d6000 rw-p 00000000 00:00 0 
7f07819d6000-7f07819d7000 ---p 00000000 00:00 0 
7f07819d7000-7f0781ad7000 rw-p 00000000 00:00 0 
7f0781ad7000-7f0781ad8000 ---p 00000000 00:00 0 
7f0781ad8000-7f0781bd8000 rw-p 00000000 00:00 0 
7f0781bd8000-7f0781bd9000 ---p 00000000 00:00 0 
7f0781bd9000-7f0781cd9000 rw-p 00000000 00:00 0 
7f0781cd9000-7f0781cda000 ---p 00000000 00:00 0 
7f0781cda000-7f0781dfa000 rw-p 00000000 00:00 0 
7f0781dfa000-7f078201b000 ---p 00000000 00:00 0 
7f078201b000-7f078203b000 rw-p 00000000 00:00 0 
7f078203b000-7f078225b000 ---p 00000000 00:00 0 
7f078225b000-7f078226e000 rw-p 00000000 00:00 0 
7f078226e000-7f078237c000 ---p 00000000 00:00 0 
7f078237c000-7f078239d000 rw-p 00000000 00:00 0 
7f078239d000-7f078273d000 ---p 00000000 00:00 0 
7f078273d000-7f0782745000 r-xp 00000000 08:06 19191                      /usr/lib/jvm/java-8-openjdk-amd64/jre/lib/amd64/libzip.so
7f0782745000-7f0782944000 ---p 00008000 08:06 19191                      /usr/lib/jvm/java-8-openjdk-amd64/jre/lib/amd64/libzip.so
7f0782944000-7f0782945000 r--p 00007000 08:06 19191                      /usr/lib/jvm/java-8-openjdk-amd64/jre/lib/amd64/libzip.so
7f0782945000-7f0782946000 rw-p 00008000 08:06 19191                      /usr/lib/jvm/java-8-openjdk-amd64/jre/lib/amd64/libzip.so
7f0782946000-7f0782951000 r-xp 00000000 08:06 5248723                    /lib/x86_64-linux-gnu/libnss_files-2.23.so
7f0782951000-7f0782b50000 ---p 0000b000 08:06 5248723                    /lib/x86_64-linux-gnu/libnss_files-2.23.so
7f0782b50000-7f0782b51000 r--p 0000a000 08:06 5248723                    /lib/x86_64-linux-gnu/libnss_files-2.23.so
7f0782b51000-7f0782b52000 rw-p 0000b000 08:06 5248723                    /lib/x86_64-linux-gnu/libnss_files-2.23.so
7f0782b52000-7f0782b58000 rw-p 00000000 00:00 0 
7f0782b58000-7f0782b63000 r-xp 00000000 08:06 5248727                    /lib/x86_64-linux-gnu/libnss_nis-2.23.so
7f0782b63000-7f0782d62000 ---p 0000b000 08:06 5248727                    /lib/x86_64-linux-gnu/libnss_nis-2.23.so
7f0782d62000-7f0782d63000 r--p 0000a000 08:06 5248727                    /lib/x86_64-linux-gnu/libnss_nis-2.23.so
7f0782d63000-7f0782d64000 rw-p 0000b000 08:06 5248727                    /lib/x86_64-linux-gnu/libnss_nis-2.23.so
7f0782d64000-7f0782d7a000 r-xp 00000000 08:06 5248707                    /lib/x86_64-linux-gnu/libnsl-2.23.so
7f0782d7a000-7f0782f79000 ---p 00016000 08:06 5248707                    /lib/x86_64-linux-gnu/libnsl-2.23.so
7f0782f79000-7f0782f7a000 r--p 00015000 08:06 5248707                    /lib/x86_64-linux-gnu/libnsl-2.23.so
7f0782f7a000-7f0782f7b000 rw-p 00016000 08:06 5248707                    /lib/x86_64-linux-gnu/libnsl-2.23.so
7f0782f7b000-7f0782f7d000 rw-p 00000000 00:00 0 
7f0782f7d000-7f0782f85000 r-xp 00000000 08:06 5248718                    /lib/x86_64-linux-gnu/libnss_compat-2.23.so
7f0782f85000-7f0783184000 ---p 00008000 08:06 5248718                    /lib/x86_64-linux-gnu/libnss_compat-2.23.so
7f0783184000-7f0783185000 r--p 00007000 08:06 5248718                    /lib/x86_64-linux-gnu/libnss_compat-2.23.so
7f0783185000-7f0783186000 rw-p 00008000 08:06 5248718                    /lib/x86_64-linux-gnu/libnss_compat-2.23.so
7f0783186000-7f07831b3000 r-xp 00000000 08:06 19182                      /usr/lib/jvm/java-8-openjdk-amd64/jre/lib/amd64/libjava.so
7f07831b3000-7f07833b2000 ---p 0002d000 08:06 19182                      /usr/lib/jvm/java-8-openjdk-amd64/jre/lib/amd64/libjava.so
7f07833b2000-7f07833b3000 r--p 0002c000 08:06 19182                      /usr/lib/jvm/java-8-openjdk-amd64/jre/lib/amd64/libjava.so
7f07833b3000-7f07833b5000 rw-p 0002d000 08:06 19182                      /usr/lib/jvm/java-8-openjdk-amd64/jre/lib/amd64/libjava.so
7f07833b5000-7f07833c4000 r-xp 00000000 08:06 19168                      /usr/lib/jvm/java-8-openjdk-amd64/jre/lib/amd64/libverify.so
7f07833c4000-7f07835c3000 ---p 0000f000 08:06 19168                      /usr/lib/jvm/java-8-openjdk-amd64/jre/lib/amd64/libverify.so
7f07835c3000-7f07835c5000 r--p 0000e000 08:06 19168                      /usr/lib/jvm/java-8-openjdk-amd64/jre/lib/amd64/libverify.so
7f07835c5000-7f07835c6000 rw-p 00010000 08:06 19168                      /usr/lib/jvm/java-8-openjdk-amd64/jre/lib/amd64/libverify.so
7f07835c6000-7f07835cd000 r-xp 00000000 08:06 5248728                    /lib/x86_64-linux-gnu/librt-2.23.so
7f07835cd000-7f07837cc000 ---p 00007000 08:06 5248728                    /lib/x86_64-linux-gnu/librt-2.23.so
7f07837cc000-7f07837cd000 r--p 00006000 08:06 5248728                    /lib/x86_64-linux-gnu/librt-2.23.so
7f07837cd000-7f07837ce000 rw-p 00007000 08:06 5248728                    /lib/x86_64-linux-gnu/librt-2.23.so
7f07837ce000-7f07837e4000 r-xp 00000000 08:06 5247482                    /lib/x86_64-linux-gnu/libgcc_s.so.1
7f07837e4000-7f07839e3000 ---p 00016000 08:06 5247482                    /lib/x86_64-linux-gnu/libgcc_s.so.1
7f07839e3000-7f07839e4000 rw-p 00015000 08:06 5247482                    /lib/x86_64-linux-gnu/libgcc_s.so.1
7f07839e4000-7f0783aec000 r-xp 00000000 08:06 5248701                    /lib/x86_64-linux-gnu/libm-2.23.so
7f0783aec000-7f0783ceb000 ---p 00108000 08:06 5248701                    /lib/x86_64-linux-gnu/libm-2.23.so
7f0783ceb000-7f0783cec000 r--p 00107000 08:06 5248701                    /lib/x86_64-linux-gnu/libm-2.23.so
7f0783cec000-7f0783ced000 rw-p 00108000 08:06 5248701                    /lib/x86_64-linux-gnu/libm-2.23.so
7f0783ced000-7f0783e5f000 r-xp 00000000 08:06 3735                       /usr/lib/x86_64-linux-gnu/libstdc++.so.6.0.21
7f0783e5f000-7f078405f000 ---p 00172000 08:06 3735                       /usr/lib/x86_64-linux-gnu/libstdc++.so.6.0.21
7f078405f000-7f0784069000 r--p 00172000 08:06 3735                       /usr/lib/x86_64-linux-gnu/libstdc++.so.6.0.21
7f0784069000-7f078406b000 rw-p 0017c000 08:06 3735                       /usr/lib/x86_64-linux-gnu/libstdc++.so.6.0.21
7f078406b000-7f078406f000 rw-p 00000000 00:00 0 
7f078406f000-7f0784cc8000 r-xp 00000000 08:06 19195                      /usr/lib/jvm/java-8-openjdk-amd64/jre/lib/amd64/server/libjvm.so
7f0784cc8000-7f0784ec8000 ---p 00c59000 08:06 19195                      /usr/lib/jvm/java-8-openjdk-amd64/jre/lib/amd64/server/libjvm.so
7f0784ec8000-7f0784f5b000 r--p 00c59000 08:06 19195                      /usr/lib/jvm/java-8-openjdk-amd64/jre/lib/amd64/server/libjvm.so
7f0784f5b000-7f0784f84000 rw-p 00cec000 08:06 19195                      /usr/lib/jvm/java-8-openjdk-amd64/jre/lib/amd64/server/libjvm.so
7f0784f84000-7f0784fb4000 rw-p 00000000 00:00 0 
7f0784fb4000-7f0784fcc000 r-xp 00000000 08:06 5248709                    /lib/x86_64-linux-gnu/libpthread-2.23.so
7f0784fcc000-7f07851cb000 ---p 00018000 08:06 5248709                    /lib/x86_64-linux-gnu/libpthread-2.23.so
7f07851cb000-7f07851cc000 r--p 00017000 08:06 5248709                    /lib/x86_64-linux-gnu/libpthread-2.23.so
7f07851cc000-7f07851cd000 rw-p 00018000 08:06 5248709                    /lib/x86_64-linux-gnu/libpthread-2.23.so
7f07851cd000-7f07851d1000 rw-p 00000000 00:00 0 
7f07851d1000-7f07851d4000 r-xp 00000000 08:06 5248712                    /lib/x86_64-linux-gnu/libdl-2.23.so
7f07851d4000-7f07853d3000 ---p 00003000 08:06 5248712                    /lib/x86_64-linux-gnu/libdl-2.23.so
7f07853d3000-7f07853d4000 r--p 00002000 08:06 5248712                    /lib/x86_64-linux-gnu/libdl-2.23.so
7f07853d4000-7f07853d5000 rw-p 00003000 08:06 5248712                    /lib/x86_64-linux-gnu/libdl-2.23.so
7f07853d5000-7f07853ee000 r-xp 00000000 08:06 5247635                    /lib/x86_64-linux-gnu/libz.so.1.2.8
7f07853ee000-7f07855ed000 ---p 00019000 08:06 5247635                    /lib/x86_64-linux-gnu/libz.so.1.2.8
7f07855ed000-7f07855ee000 r--p 00018000 08:06 5247635                    /lib/x86_64-linux-gnu/libz.so.1.2.8
7f07855ee000-7f07855ef000 rw-p 00019000 08:06 5247635                    /lib/x86_64-linux-gnu/libz.so.1.2.8
7f07855ef000-7f07857af000 r-xp 00000000 08:06 5248710                    /lib/x86_64-linux-gnu/libc-2.23.so
7f07857af000-7f07859af000 ---p 001c0000 08:06 5248710                    /lib/x86_64-linux-gnu/libc-2.23.so
7f07859af000-7f07859b3000 r--p 001c0000 08:06 5248710                    /lib/x86_64-linux-gnu/libc-2.23.so
7f07859b3000-7f07859b5000 rw-p 001c4000 08:06 5248710                    /lib/x86_64-linux-gnu/libc-2.23.so
7f07859b5000-7f07859b9000 rw-p 00000000 00:00 0 
7f07859b9000-7f07859c6000 r-xp 00000000 08:06 19192                      /usr/lib/jvm/java-8-openjdk-amd64/jre/lib/amd64/jli/libjli.so
7f07859c6000-7f0785bc6000 ---p 0000d000 08:06 19192                      /usr/lib/jvm/java-8-openjdk-amd64/jre/lib/amd64/jli/libjli.so
7f0785bc6000-7f0785bc7000 r--p 0000d000 08:06 19192                      /usr/lib/jvm/java-8-openjdk-amd64/jre/lib/amd64/jli/libjli.so
7f0785bc7000-7f0785bc8000 rw-p 0000e000 08:06 19192                      /usr/lib/jvm/java-8-openjdk-amd64/jre/lib/amd64/jli/libjli.so
7f0785bc8000-7f0785bee000 r-xp 00000000 08:06 5248708                    /lib/x86_64-linux-gnu/ld-2.23.so
7f0785bee000-7f0785bef000 r--s 00000000 00:33 24                         /run/user/1000/dconf/user
7f0785bef000-7f0785bf4000 r--s 002f9000 08:06 19155                      /usr/lib/jvm/java-8-openjdk-amd64/jre/lib/charsets.jar
7f0785bf4000-7f0785bf6000 r--s 00016000 08:06 19214                      /usr/lib/jvm/java-8-openjdk-amd64/jre/lib/jce.jar
7f0785bf6000-7f0785bfb000 r--s 0009d000 08:06 19228                      /usr/lib/jvm/java-8-openjdk-amd64/jre/lib/jsse.jar
7f0785bfb000-7f0785bfc000 r--s 00010000 08:06 19157                      /usr/lib/jvm/java-8-openjdk-amd64/jre/lib/ext/zipfs.jar
7f0785bfc000-7f0785bff000 r--s 0000f000 08:06 19162                      /usr/lib/jvm/java-8-openjdk-amd64/jre/lib/ext/icedtea-sound.jar
7f0785bff000-7f0785c02000 r--s 00038000 08:06 19159                      /usr/lib/jvm/java-8-openjdk-amd64/jre/lib/ext/sunpkcs11.jar
7f0785c02000-7f0785cc8000 rw-p 00000000 00:00 0 
7f0785cc8000-7f0785ccb000 ---p 00000000 00:00 0 
7f0785ccb000-7f0785dcd000 rw-p 00000000 00:00 0 
7f0785dcd000-7f0785dcf000 r--s 00001000 08:06 19158                      /usr/lib/jvm/java-8-openjdk-amd64/jre/lib/ext/dnsns.jar
7f0785dcf000-7f0785dd0000 r--s 0000a000 08:06 19164                      /usr/lib/jvm/java-8-openjdk-amd64/jre/lib/ext/jaccess.jar
7f0785dd0000-7f0785dd2000 r--s 00008000 08:06 19156                      /usr/lib/jvm/java-8-openjdk-amd64/jre/lib/ext/sunec.jar
7f0785dd2000-7f0785ddc000 r--s 00116000 08:06 19165                      /usr/lib/jvm/java-8-openjdk-amd64/jre/lib/ext/localedata.jar
7f0785ddc000-7f0785de2000 r--s 0003b000 08:06 19161                      /usr/lib/jvm/java-8-openjdk-amd64/jre/lib/ext/sunjce_provider.jar
7f0785de2000-7f0785dea000 rw-s 00000000 08:06 524306                     /tmp/hsperfdata_danieledt/19798
7f0785dea000-7f0785deb000 rw-p 00000000 00:00 0 
7f0785deb000-7f0785dec000 r--p 00000000 00:00 0 
7f0785dec000-7f0785ded000 rw-p 00000000 00:00 0 
7f0785ded000-7f0785dee000 r--p 00025000 08:06 5248708                    /lib/x86_64-linux-gnu/ld-2.23.so
7f0785dee000-7f0785def000 rw-p 00026000 08:06 5248708                    /lib/x86_64-linux-gnu/ld-2.23.so
7f0785def000-7f0785df0000 rw-p 00000000 00:00 0 
7ffcdd5fa000-7ffcdd61b000 rw-p 00000000 00:00 0                          [stack]
7ffcdd622000-7ffcdd625000 r--p 00000000 00:00 0                          [vvar]
7ffcdd625000-7ffcdd627000 r-xp 00000000 00:00 0                          [vdso]
ffffffffff600000-ffffffffff601000 r-xp 00000000 00:00 0                  [vsyscall]

VM Arguments:
jvm_args: -Dfile.encoding=UTF-8 
java_command: boundary.Main
java_class_path (initial): /usr/lib/jvm/java-8-openjdk-amd64/jre/lib/resources.jar:/usr/lib/jvm/java-8-openjdk-amd64/jre/lib/rt.jar:/usr/lib/jvm/java-8-openjdk-amd64/jre/lib/jsse.jar:/usr/lib/jvm/java-8-openjdk-amd64/jre/lib/jce.jar:/usr/lib/jvm/java-8-openjdk-amd64/jre/lib/charsets.jar:/usr/lib/jvm/java-8-openjdk-amd64/jre/lib/ext/sunjce_provider.jar:/usr/lib/jvm/java-8-openjdk-amd64/jre/lib/ext/localedata.jar:/usr/lib/jvm/java-8-openjdk-amd64/jre/lib/ext/sunec.jar:/usr/lib/jvm/java-8-openjdk-amd64/jre/lib/ext/jaccess.jar:/usr/lib/jvm/java-8-openjdk-amd64/jre/lib/ext/sunpkcs11.jar:/usr/lib/jvm/java-8-openjdk-amd64/jre/lib/ext/nashorn.jar:/usr/lib/jvm/java-8-openjdk-amd64/jre/lib/ext/dnsns.jar:/usr/lib/jvm/java-8-openjdk-amd64/jre/lib/ext/jfxrt.jar:/usr/lib/jvm/java-8-openjdk-amd64/jre/lib/ext/cldrdata.jar:/usr/lib/jvm/java-8-openjdk-amd64/jre/lib/ext/icedtea-sound.jar:/usr/lib/jvm/java-8-openjdk-amd64/jre/lib/ext/zipfs.jar:/home/danieledt/Documenti/Eclipse/BD/bin:/home/danieledt/Documenti/Eclipse/BD/lib/postgresql-42.2.2.jar:/home/danieledt/Documenti/Eclipse/BD/miglayout15-swing.jar:/home/danieledt/Documenti/Eclipse/BD/jgoodies-forms-1.8.0.jar
Launcher Type: SUN_STANDARD

Environment Variables:
JAVA_HOME=/usr/lib/jvm/java-8-oracle
PATH=/home/danieledt/bin:/home/danieledt/.local/bin:/usr/local/sbin:/usr/local/bin:/usr/sbin:/usr/bin:/sbin:/bin:/usr/games:/usr/local/games:/snap/bin:/usr/lib/jvm/java-8-oracle/bin:/usr/lib/jvm/java-8-oracle/db/bin:/usr/lib/jvm/java-8-oracle/jre/bin
SHELL=/bin/bash
DISPLAY=:0.0

Signal Handlers:
SIGSEGV: [libjvm.so+0xa6e6f0], sa_mask[0]=11111111011111111101111111111110, sa_flags=SA_RESTART|SA_SIGINFO
SIGBUS: [libjvm.so+0xa6e6f0], sa_mask[0]=11111111011111111101111111111110, sa_flags=SA_RESTART|SA_SIGINFO
SIGFPE: [libjvm.so+0x8b5d50], sa_mask[0]=11111111011111111101111111111110, sa_flags=SA_RESTART|SA_SIGINFO
SIGPIPE: SIG_IGN, sa_mask[0]=00000000000010000000000000000000, sa_flags=SA_RESTART
SIGXFSZ: [libjvm.so+0x8b5d50], sa_mask[0]=11111111011111111101111111111110, sa_flags=SA_RESTART|SA_SIGINFO
SIGILL: [libjvm.so+0x8b5d50], sa_mask[0]=11111111011111111101111111111110, sa_flags=SA_RESTART|SA_SIGINFO
SIGUSR1: SIG_DFL, sa_mask[0]=00000000000000000000000000000000, sa_flags=none
SIGUSR2: [libjvm.so+0x8b5c00], sa_mask[0]=00100000000000000000000000000000, sa_flags=SA_RESTART|SA_SIGINFO
SIGHUP: [libjvm.so+0x8b60d0], sa_mask[0]=11111111011111111101111111111110, sa_flags=SA_RESTART|SA_SIGINFO
SIGINT: SIG_IGN, sa_mask[0]=00000000000000000000000000000000, sa_flags=none
SIGTERM: [libjvm.so+0x8b60d0], sa_mask[0]=11111111011111111101111111111110, sa_flags=SA_RESTART|SA_SIGINFO
SIGQUIT: [libjvm.so+0x8b60d0], sa_mask[0]=11111111011111111101111111111110, sa_flags=SA_RESTART|SA_SIGINFO


---------------  S Y S T E M  ---------------

OS:DISTRIB_ID=Ubuntu
DISTRIB_RELEASE=16.04
DISTRIB_CODENAME=xenial
DISTRIB_DESCRIPTION="Ubuntu 16.04.4 LTS"

uname:Linux 4.13.0-45-generic #50~16.04.1-Ubuntu SMP Wed May 30 11:18:27 UTC 2018 x86_64
libc:glibc 2.23 NPTL 2.23 
rlimit: STACK 8192k, CORE 0k, NPROC 27227, NOFILE 1048576, AS infinity
load average:5,00 3,81 2,73

/proc/meminfo:
MemTotal:        7080608 kB
MemFree:         2755700 kB
MemAvailable:    3969344 kB
Buffers:          133388 kB
Cached:          1387480 kB
SwapCached:            0 kB
Active:          3127560 kB
Inactive:         922216 kB
Active(anon):    2541280 kB
Inactive(anon):   107332 kB
Active(file):     586280 kB
Inactive(file):   814884 kB
Unevictable:          64 kB
Mlocked:              64 kB
SwapTotal:       5000188 kB
SwapFree:        5000188 kB
Dirty:              1308 kB
Writeback:             0 kB
AnonPages:       2528900 kB
Mapped:           514460 kB
Shmem:            119708 kB
Slab:             107212 kB
SReclaimable:      65680 kB
SUnreclaim:        41532 kB
KernelStack:       12128 kB
PageTables:        42660 kB
NFS_Unstable:          0 kB
Bounce:                0 kB
WritebackTmp:          0 kB
CommitLimit:     8540492 kB
Committed_AS:    7356428 kB
VmallocTotal:   34359738367 kB
VmallocUsed:           0 kB
VmallocChunk:          0 kB
HardwareCorrupted:     0 kB
AnonHugePages:         0 kB
ShmemHugePages:        0 kB
ShmemPmdMapped:        0 kB
CmaTotal:              0 kB
CmaFree:               0 kB
HugePages_Total:       0
HugePages_Free:        0
HugePages_Rsvd:        0
HugePages_Surp:        0
Hugepagesize:       2048 kB
DirectMap4k:      220636 kB
DirectMap2M:     4966400 kB
DirectMap1G:     2097152 kB


CPU:total 4 (initial active 4) (4 cores per cpu, 1 threads per core) family 22 model 48 stepping 1, cmov, cx8, fxsr, mmx, sse, sse2, sse3, ssse3, sse4.1, sse4.2, popcnt, avx, aes, clmul, mmxext, 3dnowpref, lzcnt, sse4a, tsc, tscinvbit, tscinv, bmi1

/proc/cpuinfo:
processor	: 0
vendor_id	: AuthenticAMD
cpu family	: 22
model		: 48
model name	: AMD A8-6410 APU with AMD Radeon R5 Graphics
stepping	: 1
microcode	: 0x7030105
cpu MHz		: 1796.611
cache size	: 2048 KB
physical id	: 0
siblings	: 4
core id		: 0
cpu cores	: 4
apicid		: 0
initial apicid	: 0
fpu		: yes
fpu_exception	: yes
cpuid level	: 13
wp		: yes
flags		: fpu vme de pse tsc msr pae mce cx8 apic sep mtrr pge mca cmov pat pse36 clflush mmx fxsr sse sse2 ht syscall nx mmxext fxsr_opt pdpe1gb rdtscp lm constant_tsc rep_good acc_power nopl nonstop_tsc cpuid extd_apicid aperfmperf pni pclmulqdq monitor ssse3 cx16 sse4_1 sse4_2 movbe popcnt aes xsave avx f16c rdrand lahf_lm cmp_legacy svm extapic cr8_legacy abm sse4a misalignsse 3dnowprefetch osvw ibs skinit wdt topoext perfctr_nb bpext ptsc perfctr_l2 cpb hw_pstate retpoline retpoline_amd rsb_ctxsw ssbd ls_cfg_ssbd vmmcall bmi1 xsaveopt arat npt lbrv svm_lock nrip_save tsc_scale flushbyasid decodeassists pausefilter pfthreshold overflow_recov
bugs		: fxsave_leak sysret_ss_attrs null_seg spectre_v1 spectre_v2 spec_store_bypass
bogomips	: 3992.48
TLB size	: 1024 4K pages
clflush size	: 64
cache_alignment	: 64
address sizes	: 40 bits physical, 48 bits virtual
power management: ts ttp tm 100mhzsteps hwpstate cpb acc_power [13]

processor	: 1
vendor_id	: AuthenticAMD
cpu family	: 22
model		: 48
model name	: AMD A8-6410 APU with AMD Radeon R5 Graphics
stepping	: 1
microcode	: 0x7030105
cpu MHz		: 1796.617
cache size	: 2048 KB
physical id	: 0
siblings	: 4
core id		: 1
cpu cores	: 4
apicid		: 1
initial apicid	: 1
fpu		: yes
fpu_exception	: yes
cpuid level	: 13
wp		: yes
flags		: fpu vme de pse tsc msr pae mce cx8 apic sep mtrr pge mca cmov pat pse36 clflush mmx fxsr sse sse2 ht syscall nx mmxext fxsr_opt pdpe1gb rdtscp lm constant_tsc rep_good acc_power nopl nonstop_tsc cpuid extd_apicid aperfmperf pni pclmulqdq monitor ssse3 cx16 sse4_1 sse4_2 movbe popcnt aes xsave avx f16c rdrand lahf_lm cmp_legacy svm extapic cr8_legacy abm sse4a misalignsse 3dnowprefetch osvw ibs skinit wdt topoext perfctr_nb bpext ptsc perfctr_l2 cpb hw_pstate retpoline retpoline_amd rsb_ctxsw ssbd ls_cfg_ssbd vmmcall bmi1 xsaveopt arat npt lbrv svm_lock nrip_save tsc_scale flushbyasid decodeassists pausefilter pfthreshold overflow_recov
bugs		: fxsave_leak sysret_ss_attrs null_seg spectre_v1 spectre_v2 spec_store_bypass
bogomips	: 3992.48
TLB size	: 1024 4K pages
clflush size	: 64
cache_alignment	: 64
address sizes	: 40 bits physical, 48 bits virtual
power management: ts ttp tm 100mhzsteps hwpstate cpb acc_power [13]

processor	: 2
vendor_id	: AuthenticAMD
cpu family	: 22
model		: 48
model name	: AMD A8-6410 APU with AMD Radeon R5 Graphics
stepping	: 1
microcode	: 0x7030105
cpu MHz		: 1796.617
cache size	: 2048 KB
physical id	: 0
siblings	: 4
core id		: 2
cpu cores	: 4
apicid		: 2
initial apicid	: 2
fpu		: yes
fpu_exception	: yes
cpuid level	: 13
wp		: yes
flags		: fpu vme de pse tsc msr pae mce cx8 apic sep mtrr pge mca cmov pat pse36 clflush mmx fxsr sse sse2 ht syscall nx mmxext fxsr_opt pdpe1gb rdtscp lm constant_tsc rep_good acc_power nopl nonstop_tsc cpuid extd_apicid aperfmperf pni pclmulqdq monitor ssse3 cx16 sse4_1 sse4_2 movbe popcnt aes xsave avx f16c rdrand lahf_lm cmp_legacy svm extapic cr8_legacy abm sse4a misalignsse 3dnowprefetch osvw ibs skinit wdt topoext perfctr_nb bpext ptsc perfctr_l2 cpb hw_pstate retpoline retpoline_amd rsb_ctxsw ssbd ls_cfg_ssbd vmmcall bmi1 xsaveopt arat npt lbrv svm_lock nrip_save tsc_scale flushbyasid decodeassists pausefilter pfthreshold overflow_recov
bugs		: fxsave_leak sysret_ss_attrs null_seg spectre_v1 spectre_v2 spec_store_bypass
bogomips	: 3992.48
TLB size	: 1024 4K pages
clflush size	: 64
cache_alignment	: 64
address sizes	: 40 bits physical, 48 bits virtual
power management: ts ttp tm 100mhzsteps hwpstate cpb acc_power [13]

processor	: 3
vendor_id	: AuthenticAMD
cpu family	: 22
model		: 48
model name	: AMD A8-6410 APU with AMD Radeon R5 Graphics
stepping	: 1
microcode	: 0x7030105
cpu MHz		: 1796.613
cache size	: 2048 KB
physical id	: 0
siblings	: 4
core id		: 3
cpu cores	: 4
apicid		: 3
initial apicid	: 3
fpu		: yes
fpu_exception	: yes
cpuid level	: 13
wp		: yes
flags		: fpu vme de pse tsc msr pae mce cx8 apic sep mtrr pge mca cmov pat pse36 clflush mmx fxsr sse sse2 ht syscall nx mmxext fxsr_opt pdpe1gb rdtscp lm constant_tsc rep_good acc_power nopl nonstop_tsc cpuid extd_apicid aperfmperf pni pclmulqdq monitor ssse3 cx16 sse4_1 sse4_2 movbe popcnt aes xsave avx f16c rdrand lahf_lm cmp_legacy svm extapic cr8_legacy abm sse4a misalignsse 3dnowprefetch osvw ibs skinit wdt topoext perfctr_nb bpext ptsc perfctr_l2 cpb hw_pstate retpoline retpoline_amd rsb_ctxsw ssbd ls_cfg_ssbd vmmcall bmi1 xsaveopt arat npt lbrv svm_lock nrip_save tsc_scale flushbyasid decodeassists pausefilter pfthreshold overflow_recov
bugs		: fxsave_leak sysret_ss_attrs null_seg spectre_v1 spectre_v2 spec_store_bypass
bogomips	: 3992.48
TLB size	: 1024 4K pages
clflush size	: 64
cache_alignment	: 64
address sizes	: 40 bits physical, 48 bits virtual
power management: ts ttp tm 100mhzsteps hwpstate cpb acc_power [13]



Memory: 4k page, physical 7080608k(2755668k free), swap 5000188k(5000188k free)

vm_info: OpenJDK 64-Bit Server VM (25.171-b11) for linux-amd64 JRE (1.8.0_171-8u171-b11-0ubuntu0.16.04.1-b11), built on Apr 27 2018 17:19:03 by "buildd" with gcc 5.4.0 20160609

time: Fri Jul  6 10:53:28 2018
elapsed time: 18 seconds (0d 0h 0m 18s)

