#
# A fatal error has been detected by the Java Runtime Environment:
#
#  SIGSEGV (0xb) at pc=0x00007fbd60eaf27d, pid=1022, tid=0x00007fbcf9b4a700
#
# JRE version: OpenJDK Runtime Environment (8.0_171-b11) (build 1.8.0_171-8u171-b11-0ubuntu0.16.04.1-b11)
# Java VM: OpenJDK 64-Bit Server VM (25.171-b11 mixed mode linux-amd64 compressed oops)
# Problematic frame:
# V  [libjvm.so+0x67e27d]
#
# Failed to write core dump. Core dumps have been disabled. To enable core dumping, try "ulimit -c unlimited" before starting Java again
#
# If you would like to submit a bug report, please visit:
#   http://bugreport.java.com/bugreport/crash.jsp
#

---------------  T H R E A D  ---------------

Current thread (0x00007fbd58342800):  JavaThread "JavaFX Application Thread" [_thread_in_vm, id=1069, stack(0x00007fbcf9a4a000,0x00007fbcf9b4b000)]

siginfo: si_signo: 11 (SIGSEGV), si_code: 128 (SI_KERNEL), si_addr: 0x0000000000000000

Registers:
RAX=0x0000000000000000, RBX=0x00007fbd58342800, RCX=0x00007fbd582b6ee8, RDX=0x2f78666176616a4c
RSP=0x00007fbcf9b49230, RBP=0x00007fbcf9b493b0, RSI=0x00007fbcf9b493d0, RDI=0x00007fbd583429e0
R8 =0x00007fbcf9b49400, R9 =0x00007fbd58342800, R10=0x00007fbce8000af0, R11=0x00007fbd49420220
R12=0x00007fbd583429e0, R13=0x00007fbd58342800, R14=0x00007fbcf9b49400, R15=0x00007fbcf9b49490
RIP=0x00007fbd60eaf27d, EFLAGS=0x0000000000010202, CSGSFS=0x002b000000000033, ERR=0x0000000000000000
  TRAPNO=0x000000000000000d

Top of Stack: (sp=0x00007fbcf9b49230)
0x00007fbcf9b49230:   00007fbcf9b49340 00007fbd60e95c27
0x00007fbcf9b49240:   00007fbd58342800 00007fbd58342800
0x00007fbcf9b49250:   00007fbd0000000e 00007fbd583429e0
0x00007fbcf9b49260:   00007fbcf9b49270 00007fbcf9b493d0
0x00007fbcf9b49270:   00007fbd5db3f438 00007fbd58342800
0x00007fbcf9b49280:   00007fbd5db3f438 00007fbd58342800
0x00007fbcf9b49290:   00007fbd58341e40 00007fbd1402b550
0x00007fbcf9b492a0:   00007fbd1402b560 00007fbd1402b938
0x00007fbcf9b492b0:   00000000000003d8 00007fbd58341e80
0x00007fbcf9b492c0:   00007fbd5db3f438 00007fbd58342800
0x00007fbcf9b492d0:   000000005db33878 00000000dc821d88
0x00007fbcf9b492e0:   0000000000000000 00007fbd49017d9b
0x00007fbcf9b492f0:   00007fbd5db3f438 00007fbd58342800
0x00007fbcf9b49300:   00007fbcf9b49340 00000000dc8740a0
0x00007fbcf9b49310:   000000000000006f 00007fbc0000000a
0x00007fbcf9b49320:   00000000dd69fa58 00007fbd00000000
0x00007fbcf9b49330:   00007fbcf9b49420 00007fbcf9b493e0
0x00007fbcf9b49340:   00007fbcf9b494d0 0000000100000181
0x00007fbcf9b49350:   00007fbcf9b49550 00007fbcf9b49308
0x00007fbcf9b49360:   00007fbcf9b49349 0000000800000005
0x00007fbcf9b49370:   00007fbd00000000 b567d33fbe48d900
0x00007fbcf9b49380:   00007fbcf9b49390 00007fbd58342800
0x00007fbcf9b49390:   00007fbd583429e0 00007fbd582b6ee8
0x00007fbcf9b493a0:   00007fbcf9b49400 00007fbcf9b49490
0x00007fbcf9b493b0:   00007fbcf9b49480 00007fbd60eb2ea2
0x00007fbcf9b493c0:   00007fbd1402b560 2f78666176616a4c
0x00007fbcf9b493d0:   000000000000000e 00007fbd00000000
0x00007fbcf9b493e0:   00007fbd58342800 0000000000000000
0x00007fbcf9b493f0:   0000000005800004 b567d33fbe48d900
0x00007fbcf9b49400:   00007fbd61695bf8 00007fbd623eb710
0x00007fbcf9b49410:   00000000582d3200 00007fbc00000063
0x00007fbcf9b49420:   0000000000000000 0000003000000018 

Instructions: (pc=0x00007fbd60eaf27d)
0x00007fbd60eaf25d:   ff 48 89 b5 b8 fe ff ff 64 48 8b 04 25 28 00 00
0x00007fbd60eaf26d:   00 48 89 45 c8 31 c0 48 85 d2 0f 84 7b 05 00 00
0x00007fbd60eaf27d:   4c 8b 32 4d 85 f6 0f 84 6f 05 00 00 49 8b b9 20
0x00007fbd60eaf28d:   01 00 00 48 89 cb 4d 89 c4 e8 35 42 ff ff 4c 89 

Register to memory mapping:

RAX=0x0000000000000000 is an unknown value
RBX=0x00007fbd58342800 is a thread
RCX=0x00007fbd582b6ee8 is an unknown value
RDX=0x2f78666176616a4c is an unknown value
RSP=0x00007fbcf9b49230 is pointing into the stack for thread: 0x00007fbd58342800
RBP=0x00007fbcf9b493b0 is pointing into the stack for thread: 0x00007fbd58342800
RSI=0x00007fbcf9b493d0 is pointing into the stack for thread: 0x00007fbd58342800
RDI=0x00007fbd583429e0 is an unknown value
R8 =0x00007fbcf9b49400 is pointing into the stack for thread: 0x00007fbd58342800
R9 =0x00007fbd58342800 is a thread
R10=0x00007fbce8000af0 is an unknown value
R11=0x00007fbd49420220 is at entry_point+32 in (nmethod*)0x00007fbd49420090
R12=0x00007fbd583429e0 is an unknown value
R13=0x00007fbd58342800 is a thread
R14=0x00007fbcf9b49400 is pointing into the stack for thread: 0x00007fbd58342800
R15=0x00007fbcf9b49490 is pointing into the stack for thread: 0x00007fbd58342800


Stack: [0x00007fbcf9a4a000,0x00007fbcf9b4b000],  sp=0x00007fbcf9b49230,  free space=1020k
Native frames: (J=compiled Java code, j=interpreted, Vv=VM code, C=native code)
V  [libjvm.so+0x67e27d]
V  [libjvm.so+0x681ea2]
C  [libglass.so+0x11e63]  JNIEnv_::CallVoidMethod(_jobject*, _jmethodID*, ...)+0x93
C  [libglass.so+0x1c2e5]  WindowContextBase::process_key(_GdkEventKey*)+0x215
C  [libglass.so+0x11ad0]  WindowContextBase::im_filter_keypress(_GdkEventKey*)+0x1f0
C  [libglass.so+0x21fbc]
C  [libgdk-x11-2.0.so.0+0x5ac8c]

Java frames: (J=compiled Java code, j=interpreted, Vv=VM code)
j  com.sun.glass.ui.gtk.GtkApplication._runLoop(Ljava/lang/Runnable;Z)V+0
j  com.sun.glass.ui.gtk.GtkApplication.lambda$null$450(Ljava/lang/Runnable;Z)V+7
j  com.sun.glass.ui.gtk.GtkApplication$$Lambda$41.run()V+12
j  java.lang.Thread.run()V+11
v  ~StubRoutines::call_stub

---------------  P R O C E S S  ---------------

Java Threads: ( => current thread )
  0x00007fbce82fa800 JavaThread "Prism Font Disposer" daemon [_thread_blocked, id=1076, stack(0x00007fbce3acd000,0x00007fbce3bce000)]
  0x00007fbd58346000 JavaThread "JavaFX-Launcher" [_thread_blocked, id=1071, stack(0x00007fbcf913c000,0x00007fbcf923d000)]
=>0x00007fbd58342800 JavaThread "JavaFX Application Thread" [_thread_in_vm, id=1069, stack(0x00007fbcf9a4a000,0x00007fbcf9b4b000)]
  0x00007fbd5833e800 JavaThread "Thread-1" daemon [_thread_blocked, id=1065, stack(0x00007fbcf9b4b000,0x00007fbcf9c4c000)]
  0x00007fbd58285000 JavaThread "QuantumRenderer-0" daemon [_thread_blocked, id=1048, stack(0x00007fbd45031000,0x00007fbd45132000)]
  0x00007fbd580c8800 JavaThread "Service Thread" daemon [_thread_blocked, id=1045, stack(0x00007fbd45312000,0x00007fbd45413000)]
  0x00007fbd580bd800 JavaThread "C1 CompilerThread2" daemon [_thread_in_native, id=1042, stack(0x00007fbd45413000,0x00007fbd45514000)]
  0x00007fbd580bb800 JavaThread "C2 CompilerThread1" daemon [_thread_in_native, id=1041, stack(0x00007fbd45514000,0x00007fbd45615000)]
  0x00007fbd580b9000 JavaThread "C2 CompilerThread0" daemon [_thread_in_native, id=1040, stack(0x00007fbd45615000,0x00007fbd45716000)]
  0x00007fbd580b7800 JavaThread "Signal Dispatcher" daemon [_thread_blocked, id=1039, stack(0x00007fbd5c00d000,0x00007fbd5c10e000)]
  0x00007fbd58084800 JavaThread "Finalizer" daemon [_thread_blocked, id=1037, stack(0x00007fbd5c10e000,0x00007fbd5c20f000)]
  0x00007fbd58080000 JavaThread "Reference Handler" daemon [_thread_blocked, id=1035, stack(0x00007fbd5c20f000,0x00007fbd5c310000)]
  0x00007fbd5800b000 JavaThread "main" [_thread_blocked, id=1029, stack(0x00007fbd6248a000,0x00007fbd6258b000)]

Other Threads:
  0x00007fbd58078800 VMThread [stack: 0x00007fbd5c310000,0x00007fbd5c411000] [id=1034]
  0x00007fbd580cb000 WatcherThread [stack: 0x00007fbd45211000,0x00007fbd45312000] [id=1046]

VM state:not at safepoint (normal execution)

VM Mutex/Monitor currently owned by a thread: None

Heap:
 PSYoungGen      total 32768K, used 15472K [0x00000000dbf80000, 0x00000000dff80000, 0x0000000100000000)
  eden space 28160K, 54% used [0x00000000dbf80000,0x00000000dce9c1a8,0x00000000ddb00000)
  from space 4608K, 0% used [0x00000000ddb00000,0x00000000ddb00000,0x00000000ddf80000)
  to   space 4608K, 0% used [0x00000000dfb00000,0x00000000dfb00000,0x00000000dff80000)
 ParOldGen       total 64512K, used 11927K [0x0000000093e00000, 0x0000000097d00000, 0x00000000dbf80000)
  object space 64512K, 18% used [0x0000000093e00000,0x00000000949a5f60,0x0000000097d00000)
 Metaspace       used 21702K, capacity 22912K, committed 23168K, reserved 1069056K
  class space    used 2871K, capacity 3147K, committed 3200K, reserved 1048576K

Card table byte_map: [0x00007fbd5e7dd000,0x00007fbd5eb3f000] byte_map_base: 0x00007fbd5e33e000

Marking Bits: (ParMarkBitMap*) 0x00007fbd61759320
 Begin Bits: [0x00007fbd459f0000, 0x00007fbd474f8000)
 End Bits:   [0x00007fbd474f8000, 0x00007fbd49000000)

Polling page: 0x00007fbd625ad000

CodeCache: size=245760Kb used=8458Kb max_used=8460Kb free=237301Kb
 bounds [0x00007fbd49000000, 0x00007fbd49850000, 0x00007fbd58000000]
 total_blobs=3382 nmethods=2716 adapters=581
 compilation: enabled

Compilation events (10 events):
Event: 13,502 Thread 0x00007fbd580b9000 nmethod 2659 0x00007fbd49847010 code [0x00007fbd49847180, 0x00007fbd49847338]
Event: 13,502 Thread 0x00007fbd580b9000 2658       4       com.sun.javafx.collections.VetoableListDecorator::get (11 bytes)
Event: 13,504 Thread 0x00007fbd580bd800 nmethod 2720 0x00007fbd49845510 code [0x00007fbd49845760, 0x00007fbd498469f8]
Event: 13,504 Thread 0x00007fbd580bd800 2727       1       java.lang.Double::doubleValue (5 bytes)
Event: 13,504 Thread 0x00007fbd580bd800 nmethod 2727 0x00007fbd49845250 code [0x00007fbd498453a0, 0x00007fbd498454b0]
Event: 13,504 Thread 0x00007fbd580bd800 2726       1       com.sun.javafx.geom.RectBounds::getHeight (10 bytes)
Event: 13,504 Thread 0x00007fbd580bd800 nmethod 2726 0x00007fbd49844f90 code [0x00007fbd498450e0, 0x00007fbd498451f0]
Event: 13,504 Thread 0x00007fbd580bd800 2728       3       javafx.scene.text.Text::getX (19 bytes)
Event: 13,505 Thread 0x00007fbd580bd800 nmethod 2728 0x00007fbd49844910 code [0x00007fbd49844aa0, 0x00007fbd49844e68]
Event: 13,505 Thread 0x00007fbd580bd800 2722       3       javafx.beans.binding.StringBinding::get (5 bytes)

GC Heap History (8 events):
Event: 1,955 GC heap before
{Heap before GC invocations=1 (full 0):
 PSYoungGen      total 32768K, used 25796K [0x00000000dbf80000, 0x00000000de400000, 0x0000000100000000)
  eden space 28160K, 91% used [0x00000000dbf80000,0x00000000dd8b1368,0x00000000ddb00000)
  from space 4608K, 0% used [0x00000000ddf80000,0x00000000ddf80000,0x00000000de400000)
  to   space 4608K, 0% used [0x00000000ddb00000,0x00000000ddb00000,0x00000000ddf80000)
 ParOldGen       total 75264K, used 0K [0x0000000093e00000, 0x0000000098780000, 0x00000000dbf80000)
  object space 75264K, 0% used [0x0000000093e00000,0x0000000093e00000,0x0000000098780000)
 Metaspace       used 11692K, capacity 12064K, committed 12416K, reserved 1060864K
  class space    used 1413K, capacity 1540K, committed 1664K, reserved 1048576K
Event: 1,972 GC heap after
Heap after GC invocations=1 (full 0):
 PSYoungGen      total 32768K, used 4594K [0x00000000dbf80000, 0x00000000de400000, 0x0000000100000000)
  eden space 28160K, 0% used [0x00000000dbf80000,0x00000000dbf80000,0x00000000ddb00000)
  from space 4608K, 99% used [0x00000000ddb00000,0x00000000ddf7cb18,0x00000000ddf80000)
  to   space 4608K, 0% used [0x00000000ddf80000,0x00000000ddf80000,0x00000000de400000)
 ParOldGen       total 75264K, used 3040K [0x0000000093e00000, 0x0000000098780000, 0x00000000dbf80000)
  object space 75264K, 4% used [0x0000000093e00000,0x00000000940f80b8,0x0000000098780000)
 Metaspace       used 11692K, capacity 12064K, committed 12416K, reserved 1060864K
  class space    used 1413K, capacity 1540K, committed 1664K, reserved 1048576K
}
Event: 10,552 GC heap before
{Heap before GC invocations=2 (full 0):
 PSYoungGen      total 32768K, used 32754K [0x00000000dbf80000, 0x00000000de400000, 0x0000000100000000)
  eden space 28160K, 100% used [0x00000000dbf80000,0x00000000ddb00000,0x00000000ddb00000)
  from space 4608K, 99% used [0x00000000ddb00000,0x00000000ddf7cb18,0x00000000ddf80000)
  to   space 4608K, 0% used [0x00000000ddf80000,0x00000000ddf80000,0x00000000de400000)
 ParOldGen       total 75264K, used 3040K [0x0000000093e00000, 0x0000000098780000, 0x00000000dbf80000)
  object space 75264K, 4% used [0x0000000093e00000,0x00000000940f80b8,0x0000000098780000)
 Metaspace       used 18361K, capacity 19062K, committed 19328K, reserved 1067008K
  class space    used 2420K, capacity 2588K, committed 2688K, reserved 1048576K
Event: 10,571 GC heap after
Heap after GC invocations=2 (full 0):
 PSYoungGen      total 32768K, used 4583K [0x00000000dbf80000, 0x00000000de400000, 0x0000000100000000)
  eden space 28160K, 0% used [0x00000000dbf80000,0x00000000dbf80000,0x00000000ddb00000)
  from space 4608K, 99% used [0x00000000ddf80000,0x00000000de3f9c20,0x00000000de400000)
  to   space 4608K, 0% used [0x00000000ddb00000,0x00000000ddb00000,0x00000000ddf80000)
 ParOldGen       total 75264K, used 12017K [0x0000000093e00000, 0x0000000098780000, 0x00000000dbf80000)
  object space 75264K, 15% used [0x0000000093e00000,0x00000000949bc790,0x0000000098780000)
 Metaspace       used 18361K, capacity 19062K, committed 19328K, reserved 1067008K
  class space    used 2420K, capacity 2588K, committed 2688K, reserved 1048576K
}
Event: 11,812 GC heap before
{Heap before GC invocations=3 (full 0):
 PSYoungGen      total 32768K, used 16708K [0x00000000dbf80000, 0x00000000de400000, 0x0000000100000000)
  eden space 28160K, 43% used [0x00000000dbf80000,0x00000000dcb57470,0x00000000ddb00000)
  from space 4608K, 99% used [0x00000000ddf80000,0x00000000de3f9c20,0x00000000de400000)
  to   space 4608K, 0% used [0x00000000ddb00000,0x00000000ddb00000,0x00000000ddf80000)
 ParOldGen       total 75264K, used 12017K [0x0000000093e00000, 0x0000000098780000, 0x00000000dbf80000)
  object space 75264K, 15% used [0x0000000093e00000,0x00000000949bc790,0x0000000098780000)
 Metaspace       used 20403K, capacity 21250K, committed 21296K, reserved 1067008K
  class space    used 2693K, capacity 2914K, committed 2944K, reserved 1048576K
Event: 11,844 GC heap after
Heap after GC invocations=3 (full 0):
 PSYoungGen      total 32768K, used 4583K [0x00000000dbf80000, 0x00000000dff80000, 0x0000000100000000)
  eden space 28160K, 0% used [0x00000000dbf80000,0x00000000dbf80000,0x00000000ddb00000)
  from space 4608K, 99% used [0x00000000ddb00000,0x00000000ddf79c20,0x00000000ddf80000)
  to   space 4608K, 0% used [0x00000000dfb00000,0x00000000dfb00000,0x00000000dff80000)
 ParOldGen       total 75264K, used 14264K [0x0000000093e00000, 0x0000000098780000, 0x00000000dbf80000)
  object space 75264K, 18% used [0x0000000093e00000,0x0000000094bee2b8,0x0000000098780000)
 Metaspace       used 20403K, capacity 21250K, committed 21296K, reserved 1067008K
  class space    used 2693K, capacity 2914K, committed 2944K, reserved 1048576K
}
Event: 11,844 GC heap before
{Heap before GC invocations=4 (full 1):
 PSYoungGen      total 32768K, used 4583K [0x00000000dbf80000, 0x00000000dff80000, 0x0000000100000000)
  eden space 28160K, 0% used [0x00000000dbf80000,0x00000000dbf80000,0x00000000ddb00000)
  from space 4608K, 99% used [0x00000000ddb00000,0x00000000ddf79c20,0x00000000ddf80000)
  to   space 4608K, 0% used [0x00000000dfb00000,0x00000000dfb00000,0x00000000dff80000)
 ParOldGen       total 75264K, used 14264K [0x0000000093e00000, 0x0000000098780000, 0x00000000dbf80000)
  object space 75264K, 18% used [0x0000000093e00000,0x0000000094bee2b8,0x0000000098780000)
 Metaspace       used 20403K, capacity 21250K, committed 21296K, reserved 1067008K
  class space    used 2693K, capacity 2914K, committed 2944K, reserved 1048576K
Event: 11,970 GC heap after
Heap after GC invocations=4 (full 1):
 PSYoungGen      total 32768K, used 0K [0x00000000dbf80000, 0x00000000dff80000, 0x0000000100000000)
  eden space 28160K, 0% used [0x00000000dbf80000,0x00000000dbf80000,0x00000000ddb00000)
  from space 4608K, 0% used [0x00000000ddb00000,0x00000000ddb00000,0x00000000ddf80000)
  to   space 4608K, 0% used [0x00000000dfb00000,0x00000000dfb00000,0x00000000dff80000)
 ParOldGen       total 64512K, used 11927K [0x0000000093e00000, 0x0000000097d00000, 0x00000000dbf80000)
  object space 64512K, 18% used [0x0000000093e00000,0x00000000949a5f60,0x0000000097d00000)
 Metaspace       used 20403K, capacity 21250K, committed 21296K, reserved 1067008K
  class space    used 2693K, capacity 2914K, committed 2944K, reserved 1048576K
}

Deoptimization events (10 events):
Event: 11,695 Thread 0x00007fbd58342800 Uncommon trap: reason=bimorphic action=maybe_recompile pc=0x00007fbd4960fbc8 method=com.sun.javafx.css.SimpleSelector.applies(Ljavafx/css/Styleable;)Z @ 95
Event: 11,696 Thread 0x00007fbd58342800 Uncommon trap: reason=bimorphic action=maybe_recompile pc=0x00007fbd4960fbc8 method=com.sun.javafx.css.SimpleSelector.applies(Ljavafx/css/Styleable;)Z @ 95
Event: 11,697 Thread 0x00007fbd58342800 Uncommon trap: reason=bimorphic action=maybe_recompile pc=0x00007fbd4960fbc8 method=com.sun.javafx.css.SimpleSelector.applies(Ljavafx/css/Styleable;)Z @ 95
Event: 12,083 Thread 0x00007fbd58342800 Uncommon trap: reason=array_check action=maybe_recompile pc=0x00007fbd496523e0 method=com.sun.javafx.css.CompoundSelector.applies(Ljavafx/css/Styleable;[Ljava/util/Set;I)Z @ 128
Event: 12,083 Thread 0x00007fbd58342800 Uncommon trap: reason=array_check action=maybe_recompile pc=0x00007fbd496523e0 method=com.sun.javafx.css.CompoundSelector.applies(Ljavafx/css/Styleable;[Ljava/util/Set;I)Z @ 128
Event: 12,083 Thread 0x00007fbd58342800 Uncommon trap: reason=array_check action=maybe_recompile pc=0x00007fbd496523e0 method=com.sun.javafx.css.CompoundSelector.applies(Ljavafx/css/Styleable;[Ljava/util/Set;I)Z @ 128
Event: 12,083 Thread 0x00007fbd58342800 Uncommon trap: reason=array_check action=maybe_recompile pc=0x00007fbd496523e0 method=com.sun.javafx.css.CompoundSelector.applies(Ljavafx/css/Styleable;[Ljava/util/Set;I)Z @ 128
Event: 12,084 Thread 0x00007fbd58342800 Uncommon trap: reason=array_check action=maybe_recompile pc=0x00007fbd4963b2a0 method=com.sun.javafx.css.SimpleSelector.applies(Ljavafx/css/Styleable;[Ljava/util/Set;I)Z @ 37
Event: 12,849 Thread 0x00007fbd58342800 Uncommon trap: reason=bimorphic action=maybe_recompile pc=0x00007fbd495fdfc0 method=java.util.HashMap.putVal(ILjava/lang/Object;Ljava/lang/Object;ZZ)Ljava/lang/Object; @ 203
Event: 13,476 Thread 0x00007fbd58342800 Uncommon trap: reason=unstable_if action=reinterpret pc=0x00007fbd497e3e08 method=javafx.scene.CssStyleHelper.canReuseStyleHelper(Ljavafx/scene/Node;Lcom/sun/javafx/css/StyleMap;)Z @ 178

Classes redefined (0 events):
No events

Internal exceptions (10 events):
Event: 0,453 Thread 0x00007fbd5800b000 Exception <a 'java/lang/NullPointerException'> (0x00000000dc24a6c0) thrown at [/build/openjdk-8-wnL82d/openjdk-8-8u171-b11/src/hotspot/src/share/vm/interpreter/linkResolver.cpp, line 1185]
Event: 1,254 Thread 0x00007fbd58342800 Exception <a 'java/lang/NullPointerException'> (0x00000000dcfeb300) thrown at [/build/openjdk-8-wnL82d/openjdk-8-8u171-b11/src/hotspot/src/share/vm/interpreter/linkResolver.cpp, line 1185]
Event: 1,254 Thread 0x00007fbd58342800 Exception <a 'java/lang/NullPointerException'> (0x00000000dcfeb300) thrown at [/build/openjdk-8-wnL82d/openjdk-8-8u171-b11/src/hotspot/src/share/vm/prims/jvm.cpp, line 1439]
Event: 1,720 Thread 0x00007fbd58342800 Exception <a 'java/lang/ArrayIndexOutOfBoundsException'> (0x00000000dd63c370) thrown at [/build/openjdk-8-wnL82d/openjdk-8-8u171-b11/src/hotspot/src/share/vm/runtime/sharedRuntime.cpp, line 605]
Event: 1,721 Thread 0x00007fbd58342800 Exception <a 'java/lang/ArrayIndexOutOfBoundsException'> (0x00000000dd63d070) thrown at [/build/openjdk-8-wnL82d/openjdk-8-8u171-b11/src/hotspot/src/share/vm/runtime/sharedRuntime.cpp, line 605]
Event: 1,722 Thread 0x00007fbd58342800 Exception <a 'java/lang/ArrayIndexOutOfBoundsException'> (0x00000000dd63e418) thrown at [/build/openjdk-8-wnL82d/openjdk-8-8u171-b11/src/hotspot/src/share/vm/runtime/sharedRuntime.cpp, line 605]
Event: 2,072 Thread 0x00007fbd58342800 Implicit null exception at 0x00007fbd492bc6b5 to 0x00007fbd492bc8d1
Event: 10,327 Thread 0x00007fbd58342800 Implicit null exception at 0x00007fbd492beeb5 to 0x00007fbd492bf255
Event: 10,750 Thread 0x00007fbd58342800 Exception <a 'java/lang/ArrayIndexOutOfBoundsException': 65> (0x00000000dc2b9b60) thrown at [/build/openjdk-8-wnL82d/openjdk-8-8u171-b11/src/hotspot/src/share/vm/interpreter/interpreterRuntime.cpp, line 366]
Event: 11,126 Thread 0x00007fbd58342800 Exception <a 'java/io/FileNotFoundException'> (0x00000000dc75f058) thrown at [/build/openjdk-8-wnL82d/openjdk-8-8u171-b11/src/hotspot/src/share/vm/prims/jni.cpp, line 709]

Events (10 events):
Event: 13,294 Executing VM operation: ForceSafepoint done
Event: 13,369 loading class com/sun/javafx/scene/control/skin/Utils$2
Event: 13,369 loading class com/sun/javafx/scene/control/skin/Utils$2 done
Event: 13,476 Thread 0x00007fbd58342800 Uncommon trap: trap_request=0xffffff65 fr.pc=0x00007fbd497e3e08
Event: 13,476 Thread 0x00007fbd58342800 DEOPT PACKING pc=0x00007fbd497e3e08 sp=0x00007fbcf9b45920
Event: 13,476 Thread 0x00007fbd58342800 DEOPT UNPACKING pc=0x00007fbd4904547a sp=0x00007fbcf9b45858 mode 2
Event: 13,507 Thread 0x00007fbd58342800 DEOPT PACKING pc=0x00007fbd494079d4 sp=0x00007fbcf9b47480
Event: 13,507 Thread 0x00007fbd58342800 DEOPT UNPACKING pc=0x00007fbd490470c4 sp=0x00007fbcf9b47208 mode 0
Event: 13,507 Thread 0x00007fbd58342800 DEOPT PACKING pc=0x00007fbd494079d4 sp=0x00007fbcf9b47cf0
Event: 13,507 Thread 0x00007fbd58342800 DEOPT UNPACKING pc=0x00007fbd490470c4 sp=0x00007fbcf9b47a78 mode 0


Dynamic libraries:
00400000-00401000 r-xp 00000000 08:06 19152                              /usr/lib/jvm/java-8-openjdk-amd64/jre/bin/java
00600000-00601000 r--p 00000000 08:06 19152                              /usr/lib/jvm/java-8-openjdk-amd64/jre/bin/java
00601000-00602000 rw-p 00001000 08:06 19152                              /usr/lib/jvm/java-8-openjdk-amd64/jre/bin/java
007be000-007df000 rw-p 00000000 00:00 0                                  [heap]
93e00000-97d00000 rw-p 00000000 00:00 0 
97d00000-dbf80000 ---p 00000000 00:00 0 
dbf80000-dff80000 rw-p 00000000 00:00 0 
dff80000-100000000 ---p 00000000 00:00 0 
100000000-100320000 rw-p 00000000 00:00 0 
100320000-140000000 ---p 00000000 00:00 0 
7fbcc7c00000-7fbcc7d80000 rw-p 00000000 00:00 0 
7fbcc7d80000-7fbcc7e00000 ---p 00000000 00:00 0 
7fbcc7e00000-7fbcc8000000 rw-p 00000000 00:00 0 
7fbcc8000000-7fbcc8021000 rw-p 00000000 00:00 0 
7fbcc8021000-7fbccc000000 ---p 00000000 00:00 0 
7fbccc000000-7fbccc021000 rw-p 00000000 00:00 0 
7fbccc021000-7fbcd0000000 ---p 00000000 00:00 0 
7fbcd0000000-7fbcd0021000 rw-p 00000000 00:00 0 
7fbcd0021000-7fbcd4000000 ---p 00000000 00:00 0 
7fbcd4000000-7fbcd4021000 rw-p 00000000 00:00 0 
7fbcd4021000-7fbcd8000000 ---p 00000000 00:00 0 
7fbcd8000000-7fbcd8021000 rw-p 00000000 00:00 0 
7fbcd8021000-7fbcdc000000 ---p 00000000 00:00 0 
7fbcdc000000-7fbcdc021000 rw-p 00000000 00:00 0 
7fbcdc021000-7fbce0000000 ---p 00000000 00:00 0 
7fbce01cb000-7fbce31cc000 rw-p 00000000 00:00 0 
7fbce335e000-7fbce3374000 r-xp 00000000 08:06 19197                      /usr/lib/jvm/java-8-openjdk-amd64/jre/lib/amd64/libnet.so
7fbce3374000-7fbce3574000 ---p 00016000 08:06 19197                      /usr/lib/jvm/java-8-openjdk-amd64/jre/lib/amd64/libnet.so
7fbce3574000-7fbce3575000 r--p 00016000 08:06 19197                      /usr/lib/jvm/java-8-openjdk-amd64/jre/lib/amd64/libnet.so
7fbce3575000-7fbce3576000 rw-p 00017000 08:06 19197                      /usr/lib/jvm/java-8-openjdk-amd64/jre/lib/amd64/libnet.so
7fbce3576000-7fbce36cd000 rw-s 109c80000 00:06 334                       /dev/dri/renderD128
7fbce36cd000-7fbce38cd000 rw-p 00000000 00:00 0 
7fbce38cd000-7fbce39cd000 rw-s 102a7f000 00:06 334                       /dev/dri/renderD128
7fbce39cd000-7fbce3acd000 rw-s 10b592000 00:06 334                       /dev/dri/renderD128
7fbce3acd000-7fbce3ad0000 ---p 00000000 00:00 0 
7fbce3ad0000-7fbce3dce000 rw-p 00000000 00:00 0 
7fbce3dce000-7fbce3dfe000 r-xp 00000000 08:06 32466                      /usr/lib/x86_64-linux-gnu/gtk-2.0/2.10.0/engines/libmurrine.so
7fbce3dfe000-7fbce3ffe000 ---p 00030000 08:06 32466                      /usr/lib/x86_64-linux-gnu/gtk-2.0/2.10.0/engines/libmurrine.so
7fbce3ffe000-7fbce3fff000 r--p 00030000 08:06 32466                      /usr/lib/x86_64-linux-gnu/gtk-2.0/2.10.0/engines/libmurrine.so
7fbce3fff000-7fbce4000000 rw-p 00031000 08:06 32466                      /usr/lib/x86_64-linux-gnu/gtk-2.0/2.10.0/engines/libmurrine.so
7fbce4000000-7fbce4021000 rw-p 00000000 00:00 0 
7fbce4021000-7fbce8000000 ---p 00000000 00:00 0 
7fbce8000000-7fbce8535000 rw-p 00000000 00:00 0 
7fbce8535000-7fbcec000000 ---p 00000000 00:00 0 
7fbcec000000-7fbcec022000 rw-p 00000000 00:00 0 
7fbcec022000-7fbcf0000000 ---p 00000000 00:00 0 
7fbcf0000000-7fbcf0022000 rw-p 00000000 00:00 0 
7fbcf0022000-7fbcf4000000 ---p 00000000 00:00 0 
7fbcf4000000-7fbcf4021000 rw-p 00000000 00:00 0 
7fbcf4021000-7fbcf8000000 ---p 00000000 00:00 0 
7fbcf8021000-7fbcf80cd000 r--p 00000000 08:06 78714                      /usr/share/fonts/truetype/dejavu/DejaVuSans-Bold.ttf
7fbcf80cd000-7fbcf80ed000 rw-s 102837000 00:06 334                       /dev/dri/renderD128
7fbcf80ed000-7fbcf81a6000 r--p 00000000 08:06 78715                      /usr/share/fonts/truetype/dejavu/DejaVuSans.ttf
7fbcf81a6000-7fbcf81b0000 r-xp 00000000 08:06 32440                      /usr/lib/x86_64-linux-gnu/gtk-2.0/2.10.0/engines/libpixmap.so
7fbcf81b0000-7fbcf83af000 ---p 0000a000 08:06 32440                      /usr/lib/x86_64-linux-gnu/gtk-2.0/2.10.0/engines/libpixmap.so
7fbcf83af000-7fbcf83b0000 r--p 00009000 08:06 32440                      /usr/lib/x86_64-linux-gnu/gtk-2.0/2.10.0/engines/libpixmap.so
7fbcf83b0000-7fbcf83b1000 rw-p 0000a000 08:06 32440                      /usr/lib/x86_64-linux-gnu/gtk-2.0/2.10.0/engines/libpixmap.so
7fbcf83b1000-7fbcf8408000 r-xp 00000000 08:06 10681                      /usr/lib/x86_64-linux-gnu/libjpeg.so.8.0.2
7fbcf8408000-7fbcf8608000 ---p 00057000 08:06 10681                      /usr/lib/x86_64-linux-gnu/libjpeg.so.8.0.2
7fbcf8608000-7fbcf8609000 r--p 00057000 08:06 10681                      /usr/lib/x86_64-linux-gnu/libjpeg.so.8.0.2
7fbcf8609000-7fbcf860a000 rw-p 00058000 08:06 10681                      /usr/lib/x86_64-linux-gnu/libjpeg.so.8.0.2
7fbcf8614000-7fbcf8619000 r--s 0009d000 08:06 19228                      /usr/lib/jvm/java-8-openjdk-amd64/jre/lib/jsse.jar
7fbcf8619000-7fbcf8629000 rw-s 10983a000 00:06 334                       /dev/dri/renderD128
7fbcf8629000-7fbcf862d000 r-xp 00000000 08:06 8836                       /usr/lib/jvm/java-8-openjdk-amd64/jre/lib/amd64/libjavafx_iio.so
7fbcf862d000-7fbcf882c000 ---p 00004000 08:06 8836                       /usr/lib/jvm/java-8-openjdk-amd64/jre/lib/amd64/libjavafx_iio.so
7fbcf882c000-7fbcf882d000 r--p 00003000 08:06 8836                       /usr/lib/jvm/java-8-openjdk-amd64/jre/lib/amd64/libjavafx_iio.so
7fbcf882d000-7fbcf882e000 rw-p 00004000 08:06 8836                       /usr/lib/jvm/java-8-openjdk-amd64/jre/lib/amd64/libjavafx_iio.so
7fbcf882e000-7fbcf8835000 r--s 00000000 08:06 1704018                    /var/cache/fontconfig/4be9850f182b35c1350b6bbf2e42601c-le64.cache-6
7fbcf8835000-7fbcf8836000 r--s 00000000 08:06 1706007                    /var/cache/fontconfig/087e1975ba9a574b140bb1df193bf770-le64.cache-6
7fbcf8836000-7fbcf8841000 r--s 00000000 08:06 1704007                    /var/cache/fontconfig/945677eb7aeaf62f1d50efc3fb3ec7d8-le64.cache-6
7fbcf8841000-7fbcf8847000 r--s 00000000 08:06 1704004                    /var/cache/fontconfig/2cd17615ca594fa2959ae173292e504c-le64.cache-6
7fbcf8847000-7fbcf8848000 r--s 00000000 08:06 1704001                    /var/cache/fontconfig/0d8c3b2ac0904cb8a57a757ad11a4a08-le64.cache-6
7fbcf8848000-7fbcf885d000 r--s 00000000 08:06 1704006                    /var/cache/fontconfig/04aabc0a78ac019cf9454389977116d2-le64.cache-6
7fbcf885d000-7fbcf885e000 r--s 00000000 08:06 1704011                    /var/cache/fontconfig/1ac9eb803944fde146138c791f5cc56a-le64.cache-6
7fbcf885e000-7fbcf8862000 r--s 00000000 08:06 1704038                    /var/cache/fontconfig/385c0604a188198f04d133e54aba7fe7-le64.cache-6
7fbcf8862000-7fbcf8863000 r--s 00000000 08:06 1705588                    /var/cache/fontconfig/dc05db6664285cc2f12bf69c139ae4c3-le64.cache-6
7fbcf8863000-7fbcf8866000 r--s 00000000 08:06 1704472                    /var/cache/fontconfig/767a8244fc0220cfb567a839d0392e0b-le64.cache-6
7fbcf8866000-7fbcf8867000 r--s 00000000 08:06 1704002                    /var/cache/fontconfig/4794a0821666d79190d59a36cb4f44b5-le64.cache-6
7fbcf8867000-7fbcf888e000 r--s 00000000 08:06 1704024                    /var/cache/fontconfig/0bd3dc0958fa2205aaaa8ebb13e2872b-le64.cache-6
7fbcf888e000-7fbcf8893000 r--s 00000000 08:06 1707645                    /var/cache/fontconfig/8801497958630a81b71ace7c5f9b32a8-le64.cache-6
7fbcf8893000-7fbcf88ce000 r--s 00000000 08:06 1704031                    /var/cache/fontconfig/365b55f210c0a22e9a19e35191240f32-le64.cache-6
7fbcf88ce000-7fbcf88cf000 r--s 00000000 08:06 1704008                    /var/cache/fontconfig/bab58bb527bb656aaa9f116d68a48d89-le64.cache-6
7fbcf88cf000-7fbcf88d6000 r--s 00000000 08:06 1704015                    /var/cache/fontconfig/3047814df9a2f067bd2d96a2b9c36e5a-le64.cache-6
7fbcf88d6000-7fbcf88d7000 r--s 00000000 08:06 1704030                    /var/cache/fontconfig/56cf4f4769d0f4abc89a4895d7bd3ae1-le64.cache-6
7fbcf88d7000-7fbcf88d8000 r--s 00000000 08:06 1704029                    /var/cache/fontconfig/b9d506c9ac06c20b433354fa67a72993-le64.cache-6
7fbcf88d8000-7fbcf88de000 r--s 00000000 08:06 1704035                    /var/cache/fontconfig/b47c4e1ecd0709278f4910c18777a504-le64.cache-6
7fbcf88de000-7fbcf88f1000 r--s 00000000 08:06 1704014                    /var/cache/fontconfig/d52a8644073d54c13679302ca1180695-le64.cache-6
7fbcf88f1000-7fbcf88f2000 r--s 00000000 08:06 1713568                    /var/cache/fontconfig/551ecf3b0e8b0bca0f25c0944f561853-le64.cache-6
7fbcf88f2000-7fbcf88f3000 r--s 00000000 08:06 1706006                    /var/cache/fontconfig/8a687c406b77f27d99abfeeba937fcce-le64.cache-6
7fbcf88f3000-7fbcf88fe000 r--s 00000000 08:06 1704009                    /var/cache/fontconfig/d589a48862398ed80a3d6066f4f56f4c-le64.cache-6
7fbcf88fe000-7fbcf8909000 r--s 00000000 08:06 1704027                    /var/cache/fontconfig/83bf95040141907cd45bb53cf7c1c148-le64.cache-6
7fbcf8909000-7fbcf891b000 r--s 00000000 08:06 1704005                    /var/cache/fontconfig/9b89f8e3dae116d678bbf48e5f21f69b-le64.cache-6
7fbcf891b000-7fbcf8928000 r--s 00000000 08:06 2633402                    /home/danieledt/.cache/fontconfig/e13b20fdb08344e0e664864cc2ede53d-le64.cache-6
7fbcf8928000-7fbcf892d000 r-xp 00000000 08:06 8842                       /usr/lib/jvm/java-8-openjdk-amd64/jre/lib/amd64/libjavafx_font_freetype.so
7fbcf892d000-7fbcf8b2c000 ---p 00005000 08:06 8842                       /usr/lib/jvm/java-8-openjdk-amd64/jre/lib/amd64/libjavafx_font_freetype.so
7fbcf8b2c000-7fbcf8b2d000 r--p 00004000 08:06 8842                       /usr/lib/jvm/java-8-openjdk-amd64/jre/lib/amd64/libjavafx_font_freetype.so
7fbcf8b2d000-7fbcf8b2e000 rw-p 00005000 08:06 8842                       /usr/lib/jvm/java-8-openjdk-amd64/jre/lib/amd64/libjavafx_font_freetype.so
7fbcf8b2e000-7fbcf8b31000 r-xp 00000000 08:06 8835                       /usr/lib/jvm/java-8-openjdk-amd64/jre/lib/amd64/libjavafx_font.so
7fbcf8b31000-7fbcf8d30000 ---p 00003000 08:06 8835                       /usr/lib/jvm/java-8-openjdk-amd64/jre/lib/amd64/libjavafx_font.so
7fbcf8d30000-7fbcf8d31000 r--p 00002000 08:06 8835                       /usr/lib/jvm/java-8-openjdk-amd64/jre/lib/amd64/libjavafx_font.so
7fbcf8d31000-7fbcf8d32000 rw-p 00003000 08:06 8835                       /usr/lib/jvm/java-8-openjdk-amd64/jre/lib/amd64/libjavafx_font.so
7fbcf8d32000-7fbcf8f32000 rw-p 00000000 00:00 0 
7fbcf8f32000-7fbcf9132000 rw-p 00000000 00:00 0 
7fbcf9132000-7fbcf913c000 r--s 000b7000 08:06 263629                     /home/danieledt/Documenti/Eclipse/BD/lib/postgresql-42.2.2.jar
7fbcf913c000-7fbcf913f000 ---p 00000000 00:00 0 
7fbcf913f000-7fbcf923d000 rw-p 00000000 00:00 0 
7fbcf923d000-7fbcf9249000 rw-s 107eaa000 00:06 334                       /dev/dri/renderD128
7fbcf9249000-7fbcf924a000 ---p 00000000 00:00 0 
7fbcf924a000-7fbcf9a4a000 rw-p 00000000 00:00 0 
7fbcf9a4a000-7fbcf9a4d000 ---p 00000000 00:00 0 
7fbcf9a4d000-7fbcf9b4b000 rw-p 00000000 00:00 0 
7fbcf9b4b000-7fbcf9b4e000 ---p 00000000 00:00 0 
7fbcf9b4e000-7fbcf9c4c000 rw-p 00000000 00:00 0 
7fbcf9c4c000-7fbcf9c4d000 ---p 00000000 00:00 0 
7fbcf9c4d000-7fbcfa44d000 rw-p 00000000 00:00 0 
7fbcfa44d000-7fbcfa458000 r-xp 00000000 08:06 32451                      /usr/lib/x86_64-linux-gnu/gio/modules/libdconfsettings.so
7fbcfa458000-7fbcfa658000 ---p 0000b000 08:06 32451                      /usr/lib/x86_64-linux-gnu/gio/modules/libdconfsettings.so
7fbcfa658000-7fbcfa659000 r--p 0000b000 08:06 32451                      /usr/lib/x86_64-linux-gnu/gio/modules/libdconfsettings.so
7fbcfa659000-7fbcfa65a000 rw-p 0000c000 08:06 32451                      /usr/lib/x86_64-linux-gnu/gio/modules/libdconfsettings.so
7fbcfa65a000-7fbcfa65b000 ---p 00000000 00:00 0 
7fbcfa65b000-7fbcfae5b000 rw-p 00000000 00:00 0 
7fbcfae5b000-7fbcfae74000 r-xp 00000000 08:06 33478                      /usr/lib/x86_64-linux-gnu/gio/modules/libgioremote-volume-monitor.so
7fbcfae74000-7fbcfb074000 ---p 00019000 08:06 33478                      /usr/lib/x86_64-linux-gnu/gio/modules/libgioremote-volume-monitor.so
7fbcfb074000-7fbcfb077000 r--p 00019000 08:06 33478                      /usr/lib/x86_64-linux-gnu/gio/modules/libgioremote-volume-monitor.so
7fbcfb077000-7fbcfb078000 rw-p 0001c000 08:06 33478                      /usr/lib/x86_64-linux-gnu/gio/modules/libgioremote-volume-monitor.so
7fbcfb078000-7fbcfb0ae000 r-xp 00000000 08:06 24604                      /usr/lib/x86_64-linux-gnu/gvfs/libgvfscommon.so
7fbcfb0ae000-7fbcfb2ae000 ---p 00036000 08:06 24604                      /usr/lib/x86_64-linux-gnu/gvfs/libgvfscommon.so
7fbcfb2ae000-7fbcfb2b3000 r--p 00036000 08:06 24604                      /usr/lib/x86_64-linux-gnu/gvfs/libgvfscommon.so
7fbcfb2b3000-7fbcfb2b4000 rw-p 0003b000 08:06 24604                      /usr/lib/x86_64-linux-gnu/gvfs/libgvfscommon.so
7fbcfb2b4000-7fbcfb2e4000 r-xp 00000000 08:06 33479                      /usr/lib/x86_64-linux-gnu/gio/modules/libgvfsdbus.so
7fbcfb2e4000-7fbcfb4e4000 ---p 00030000 08:06 33479                      /usr/lib/x86_64-linux-gnu/gio/modules/libgvfsdbus.so
7fbcfb4e4000-7fbcfb4e5000 r--p 00030000 08:06 33479                      /usr/lib/x86_64-linux-gnu/gio/modules/libgvfsdbus.so
7fbcfb4e5000-7fbcfb4e7000 rw-p 00031000 08:06 33479                      /usr/lib/x86_64-linux-gnu/gio/modules/libgvfsdbus.so
7fbcfb4e7000-7fbcfb4fb000 r--p 00000000 08:06 22094                      /usr/share/glib-2.0/schemas/gschemas.compiled
7fbcfb4fb000-7fbcfb50f000 r--p 00000000 08:06 22094                      /usr/share/glib-2.0/schemas/gschemas.compiled
7fbcfb50f000-7fbcfb51f000 r-xp 00000000 08:06 13395                      /usr/lib/x86_64-linux-gnu/libunity-gtk2-parser.so.0.0.0
7fbcfb51f000-7fbcfb71f000 ---p 00010000 08:06 13395                      /usr/lib/x86_64-linux-gnu/libunity-gtk2-parser.so.0.0.0
7fbcfb71f000-7fbcfb720000 r--p 00010000 08:06 13395                      /usr/lib/x86_64-linux-gnu/libunity-gtk2-parser.so.0.0.0
7fbcfb720000-7fbcfb721000 rw-p 00011000 08:06 13395                      /usr/lib/x86_64-linux-gnu/libunity-gtk2-parser.so.0.0.0
7fbcfb721000-7fbcfb726000 r-xp 00000000 08:06 30669                      /usr/lib/x86_64-linux-gnu/gtk-2.0/modules/libunity-gtk-module.so
7fbcfb726000-7fbcfb925000 ---p 00005000 08:06 30669                      /usr/lib/x86_64-linux-gnu/gtk-2.0/modules/libunity-gtk-module.so
7fbcfb925000-7fbcfb926000 r--p 00004000 08:06 30669                      /usr/lib/x86_64-linux-gnu/gtk-2.0/modules/libunity-gtk-module.so
7fbcfb926000-7fbcfb927000 rw-p 00005000 08:06 30669                      /usr/lib/x86_64-linux-gnu/gtk-2.0/modules/libunity-gtk-module.so
7fbcfb927000-7fbcfb951000 r--p 00000000 08:06 131036                     /usr/share/locale-langpack/it/LC_MESSAGES/gtk20-properties.mo
7fbcfb951000-7fbcfb957000 r-xp 00000000 08:06 10263                      /usr/lib/x86_64-linux-gnu/libdatrie.so.1.3.3
7fbcfb957000-7fbcfbb57000 ---p 00006000 08:06 10263                      /usr/lib/x86_64-linux-gnu/libdatrie.so.1.3.3
7fbcfbb57000-7fbcfbb58000 r--p 00006000 08:06 10263                      /usr/lib/x86_64-linux-gnu/libdatrie.so.1.3.3
7fbcfbb58000-7fbcfbb59000 rw-p 00007000 08:06 10263                      /usr/lib/x86_64-linux-gnu/libdatrie.so.1.3.3
7fbcfbb59000-7fbcfbb7d000 r-xp 00000000 08:06 9432                       /usr/lib/x86_64-linux-gnu/libgraphite2.so.3.0.1
7fbcfbb7d000-7fbcfbd7c000 ---p 00024000 08:06 9432                       /usr/lib/x86_64-linux-gnu/libgraphite2.so.3.0.1
7fbcfbd7c000-7fbcfbd7e000 r--p 00023000 08:06 9432                       /usr/lib/x86_64-linux-gnu/libgraphite2.so.3.0.1
7fbcfbd7e000-7fbcfbd7f000 rw-p 00025000 08:06 9432                       /usr/lib/x86_64-linux-gnu/libgraphite2.so.3.0.1
7fbcfbd7f000-7fbcfbd87000 r-xp 00000000 08:06 11095                      /usr/lib/x86_64-linux-gnu/libthai.so.0.2.4
7fbcfbd87000-7fbcfbf86000 ---p 00008000 08:06 11095                      /usr/lib/x86_64-linux-gnu/libthai.so.0.2.4
7fbcfbf86000-7fbcfbf87000 r--p 00007000 08:06 11095                      /usr/lib/x86_64-linux-gnu/libthai.so.0.2.4
7fbcfbf87000-7fbcfbf88000 rw-p 00008000 08:06 11095                      /usr/lib/x86_64-linux-gnu/libthai.so.0.2.4
7fbcfbf88000-7fbcfbfe4000 r-xp 00000000 08:06 10595                      /usr/lib/x86_64-linux-gnu/libharfbuzz.so.0.10000.1
7fbcfbfe4000-7fbcfc1e4000 ---p 0005c000 08:06 10595                      /usr/lib/x86_64-linux-gnu/libharfbuzz.so.0.10000.1
7fbcfc1e4000-7fbcfc1e5000 r--p 0005c000 08:06 10595                      /usr/lib/x86_64-linux-gnu/libharfbuzz.so.0.10000.1
7fbcfc1e5000-7fbcfc1e6000 rw-p 0005d000 08:06 10595                      /usr/lib/x86_64-linux-gnu/libharfbuzz.so.0.10000.1
7fbcfc1e6000-7fbcfc254000 r-xp 00000000 08:06 5247573                    /lib/x86_64-linux-gnu/libpcre.so.3.13.2
7fbcfc254000-7fbcfc454000 ---p 0006e000 08:06 5247573                    /lib/x86_64-linux-gnu/libpcre.so.3.13.2
7fbcfc454000-7fbcfc455000 r--p 0006e000 08:06 5247573                    /lib/x86_64-linux-gnu/libpcre.so.3.13.2
7fbcfc455000-7fbcfc456000 rw-p 0006f000 08:06 5247573                    /lib/x86_64-linux-gnu/libpcre.so.3.13.2
7fbcfc456000-7fbcfc46d000 r-xp 00000000 08:06 5248714                    /lib/x86_64-linux-gnu/libresolv-2.23.so
7fbcfc46d000-7fbcfc66d000 ---p 00017000 08:06 5248714                    /lib/x86_64-linux-gnu/libresolv-2.23.so
7fbcfc66d000-7fbcfc66e000 r--p 00017000 08:06 5248714                    /lib/x86_64-linux-gnu/libresolv-2.23.so
7fbcfc66e000-7fbcfc66f000 rw-p 00018000 08:06 5248714                    /lib/x86_64-linux-gnu/libresolv-2.23.so
7fbcfc66f000-7fbcfc671000 rw-p 00000000 00:00 0 
7fbcfc671000-7fbcfc690000 r-xp 00000000 08:06 5247602                    /lib/x86_64-linux-gnu/libselinux.so.1
7fbcfc690000-7fbcfc88f000 ---p 0001f000 08:06 5247602                    /lib/x86_64-linux-gnu/libselinux.so.1
7fbcfc88f000-7fbcfc890000 r--p 0001e000 08:06 5247602                    /lib/x86_64-linux-gnu/libselinux.so.1
7fbcfc890000-7fbcfc891000 rw-p 0001f000 08:06 5247602                    /lib/x86_64-linux-gnu/libselinux.so.1
7fbcfc891000-7fbcfc893000 rw-p 00000000 00:00 0 
7fbcfc893000-7fbcfc89b000 r-xp 00000000 08:06 11230                      /usr/lib/x86_64-linux-gnu/libxcb-render.so.0.0.0
7fbcfc89b000-7fbcfca9b000 ---p 00008000 08:06 11230                      /usr/lib/x86_64-linux-gnu/libxcb-render.so.0.0.0
7fbcfca9b000-7fbcfca9c000 r--p 00008000 08:06 11230                      /usr/lib/x86_64-linux-gnu/libxcb-render.so.0.0.0
7fbcfca9c000-7fbcfca9d000 rw-p 00009000 08:06 11230                      /usr/lib/x86_64-linux-gnu/libxcb-render.so.0.0.0
7fbcfca9d000-7fbcfca9f000 r-xp 00000000 08:06 11234                      /usr/lib/x86_64-linux-gnu/libxcb-shm.so.0.0.0
7fbcfca9f000-7fbcfcc9f000 ---p 00002000 08:06 11234                      /usr/lib/x86_64-linux-gnu/libxcb-shm.so.0.0.0
7fbcfcc9f000-7fbcfcca0000 r--p 00002000 08:06 11234                      /usr/lib/x86_64-linux-gnu/libxcb-shm.so.0.0.0
7fbcfcca0000-7fbcfcca1000 rw-p 00003000 08:06 11234                      /usr/lib/x86_64-linux-gnu/libxcb-shm.so.0.0.0
7fbcfcca1000-7fbcfccc5000 r-xp 00000000 08:06 5247585                    /lib/x86_64-linux-gnu/libpng12.so.0.54.0
7fbcfccc5000-7fbcfcec4000 ---p 00024000 08:06 5247585                    /lib/x86_64-linux-gnu/libpng12.so.0.54.0
7fbcfcec4000-7fbcfcec5000 r--p 00023000 08:06 5247585                    /lib/x86_64-linux-gnu/libpng12.so.0.54.0
7fbcfcec5000-7fbcfcec6000 rw-p 00024000 08:06 5247585                    /lib/x86_64-linux-gnu/libpng12.so.0.54.0
7fbcfcec6000-7fbcfcf6a000 r-xp 00000000 08:06 10418                      /usr/lib/x86_64-linux-gnu/libfreetype.so.6.12.1
7fbcfcf6a000-7fbcfd169000 ---p 000a4000 08:06 10418                      /usr/lib/x86_64-linux-gnu/libfreetype.so.6.12.1
7fbcfd169000-7fbcfd16f000 r--p 000a3000 08:06 10418                      /usr/lib/x86_64-linux-gnu/libfreetype.so.6.12.1
7fbcfd16f000-7fbcfd170000 rw-p 000a9000 08:06 10418                      /usr/lib/x86_64-linux-gnu/libfreetype.so.6.12.1
7fbcfd170000-7fbcfd20f000 r-xp 00000000 08:06 10905                      /usr/lib/x86_64-linux-gnu/libpixman-1.so.0.33.6
7fbcfd20f000-7fbcfd40f000 ---p 0009f000 08:06 10905                      /usr/lib/x86_64-linux-gnu/libpixman-1.so.0.33.6
7fbcfd40f000-7fbcfd417000 r--p 0009f000 08:06 10905                      /usr/lib/x86_64-linux-gnu/libpixman-1.so.0.33.6
7fbcfd417000-7fbcfd418000 rw-p 000a7000 08:06 10905                      /usr/lib/x86_64-linux-gnu/libpixman-1.so.0.33.6
7fbcfd418000-7fbcfd41a000 r-xp 00000000 08:06 10023                      /usr/lib/x86_64-linux-gnu/libXcomposite.so.1.0.0
7fbcfd41a000-7fbcfd619000 ---p 00002000 08:06 10023                      /usr/lib/x86_64-linux-gnu/libXcomposite.so.1.0.0
7fbcfd619000-7fbcfd61a000 r--p 00001000 08:06 10023                      /usr/lib/x86_64-linux-gnu/libXcomposite.so.1.0.0
7fbcfd61a000-7fbcfd61b000 rw-p 00002000 08:06 10023                      /usr/lib/x86_64-linux-gnu/libXcomposite.so.1.0.0
7fbcfd61b000-7fbcfd624000 r-xp 00000000 08:06 3963                       /usr/lib/x86_64-linux-gnu/libXcursor.so.1.0.2
7fbcfd624000-7fbcfd823000 ---p 00009000 08:06 3963                       /usr/lib/x86_64-linux-gnu/libXcursor.so.1.0.2
7fbcfd823000-7fbcfd824000 r--p 00008000 08:06 3963                       /usr/lib/x86_64-linux-gnu/libXcursor.so.1.0.2
7fbcfd824000-7fbcfd825000 rw-p 00009000 08:06 3963                       /usr/lib/x86_64-linux-gnu/libXcursor.so.1.0.2
7fbcfd825000-7fbcfd82f000 r-xp 00000000 08:06 10051                      /usr/lib/x86_64-linux-gnu/libXrandr.so.2.2.0
7fbcfd82f000-7fbcfda2e000 ---p 0000a000 08:06 10051                      /usr/lib/x86_64-linux-gnu/libXrandr.so.2.2.0
7fbcfda2e000-7fbcfda2f000 r--p 00009000 08:06 10051                      /usr/lib/x86_64-linux-gnu/libXrandr.so.2.2.0
7fbcfda2f000-7fbcfda30000 rw-p 0000a000 08:06 10051                      /usr/lib/x86_64-linux-gnu/libXrandr.so.2.2.0
7fbcfda30000-7fbcfda3f000 r-xp 00000000 08:06 10041                      /usr/lib/x86_64-linux-gnu/libXi.so.6.1.0
7fbcfda3f000-7fbcfdc3e000 ---p 0000f000 08:06 10041                      /usr/lib/x86_64-linux-gnu/libXi.so.6.1.0
7fbcfdc3e000-7fbcfdc3f000 r--p 0000e000 08:06 10041                      /usr/lib/x86_64-linux-gnu/libXi.so.6.1.0
7fbcfdc3f000-7fbcfdc40000 rw-p 0000f000 08:06 10041                      /usr/lib/x86_64-linux-gnu/libXi.so.6.1.0
7fbcfdc40000-7fbcfdc42000 r-xp 00000000 08:06 10043                      /usr/lib/x86_64-linux-gnu/libXinerama.so.1.0.0
7fbcfdc42000-7fbcfde41000 ---p 00002000 08:06 10043                      /usr/lib/x86_64-linux-gnu/libXinerama.so.1.0.0
7fbcfde41000-7fbcfde42000 r--p 00001000 08:06 10043                      /usr/lib/x86_64-linux-gnu/libXinerama.so.1.0.0
7fbcfde42000-7fbcfde43000 rw-p 00002000 08:06 10043                      /usr/lib/x86_64-linux-gnu/libXinerama.so.1.0.0
7fbcfde43000-7fbcfde4c000 r-xp 00000000 08:06 10053                      /usr/lib/x86_64-linux-gnu/libXrender.so.1.3.0
7fbcfde4c000-7fbcfe04b000 ---p 00009000 08:06 10053                      /usr/lib/x86_64-linux-gnu/libXrender.so.1.3.0
7fbcfe04b000-7fbcfe04c000 r--p 00008000 08:06 10053                      /usr/lib/x86_64-linux-gnu/libXrender.so.1.3.0
7fbcfe04c000-7fbcfe04d000 rw-p 00009000 08:06 10053                      /usr/lib/x86_64-linux-gnu/libXrender.so.1.3.0
7fbcfe04d000-7fbcfe08a000 r-xp 00000000 08:06 10408                      /usr/lib/x86_64-linux-gnu/libfontconfig.so.1.9.0
7fbcfe08a000-7fbcfe289000 ---p 0003d000 08:06 10408                      /usr/lib/x86_64-linux-gnu/libfontconfig.so.1.9.0
7fbcfe289000-7fbcfe28b000 r--p 0003c000 08:06 10408                      /usr/lib/x86_64-linux-gnu/libfontconfig.so.1.9.0
7fbcfe28b000-7fbcfe290000 rw-p 0003e000 08:06 10408                      /usr/lib/x86_64-linux-gnu/libfontconfig.so.1.9.0
7fbcfe290000-7fbcfe2d9000 r-xp 00000000 08:06 10881                      /usr/lib/x86_64-linux-gnu/libpango-1.0.so.0.3800.1
7fbcfe2d9000-7fbcfe4d9000 ---p 00049000 08:06 10881                      /usr/lib/x86_64-linux-gnu/libpango-1.0.so.0.3800.1
7fbcfe4d9000-7fbcfe4db000 r--p 00049000 08:06 10881                      /usr/lib/x86_64-linux-gnu/libpango-1.0.so.0.3800.1
7fbcfe4db000-7fbcfe4dc000 rw-p 0004b000 08:06 10881                      /usr/lib/x86_64-linux-gnu/libpango-1.0.so.0.3800.1
7fbcfe4dc000-7fbcfe4f0000 r-xp 00000000 08:06 10885                      /usr/lib/x86_64-linux-gnu/libpangoft2-1.0.so.0.3800.1
7fbcfe4f0000-7fbcfe6f0000 ---p 00014000 08:06 10885                      /usr/lib/x86_64-linux-gnu/libpangoft2-1.0.so.0.3800.1
7fbcfe6f0000-7fbcfe6f1000 r--p 00014000 08:06 10885                      /usr/lib/x86_64-linux-gnu/libpangoft2-1.0.so.0.3800.1
7fbcfe6f1000-7fbcfe6f2000 rw-p 00015000 08:06 10885                      /usr/lib/x86_64-linux-gnu/libpangoft2-1.0.so.0.3800.1
7fbcfe6f2000-7fbcfe714000 r-xp 00000000 08:06 10117                      /usr/lib/x86_64-linux-gnu/libatk-1.0.so.0.21809.1
7fbcfe714000-7fbcfe913000 ---p 00022000 08:06 10117                      /usr/lib/x86_64-linux-gnu/libatk-1.0.so.0.21809.1
7fbcfe913000-7fbcfe916000 r--p 00021000 08:06 10117                      /usr/lib/x86_64-linux-gnu/libatk-1.0.so.0.21809.1
7fbcfe916000-7fbcfe917000 rw-p 00024000 08:06 10117                      /usr/lib/x86_64-linux-gnu/libatk-1.0.so.0.21809.1
7fbcfe917000-7fbcfe923000 r-xp 00000000 08:06 10883                      /usr/lib/x86_64-linux-gnu/libpangocairo-1.0.so.0.3800.1
7fbcfe923000-7fbcfeb22000 ---p 0000c000 08:06 10883                      /usr/lib/x86_64-linux-gnu/libpangocairo-1.0.so.0.3800.1
7fbcfeb22000-7fbcfeb23000 r--p 0000b000 08:06 10883                      /usr/lib/x86_64-linux-gnu/libpangocairo-1.0.so.0.3800.1
7fbcfeb23000-7fbcfeb24000 rw-p 0000c000 08:06 10883                      /usr/lib/x86_64-linux-gnu/libpangocairo-1.0.so.0.3800.1
7fbcfeb24000-7fbcfeb27000 r-xp 00000000 08:06 10489                      /usr/lib/x86_64-linux-gnu/libgmodule-2.0.so.0.4800.2
7fbcfeb27000-7fbcfed26000 ---p 00003000 08:06 10489                      /usr/lib/x86_64-linux-gnu/libgmodule-2.0.so.0.4800.2
7fbcfed26000-7fbcfed27000 r--p 00002000 08:06 10489                      /usr/lib/x86_64-linux-gnu/libgmodule-2.0.so.0.4800.2
7fbcfed27000-7fbcfed28000 rw-p 00003000 08:06 10489                      /usr/lib/x86_64-linux-gnu/libgmodule-2.0.so.0.4800.2
7fbcfed28000-7fbcfed2d000 r-xp 00000000 08:06 10059                      /usr/lib/x86_64-linux-gnu/libXtst.so.6.1.0
7fbcfed2d000-7fbcfef2c000 ---p 00005000 08:06 10059                      /usr/lib/x86_64-linux-gnu/libXtst.so.6.1.0
7fbcfef2c000-7fbcfef2d000 r--p 00004000 08:06 10059                      /usr/lib/x86_64-linux-gnu/libXtst.so.6.1.0
7fbcfef2d000-7fbcfef2e000 rw-p 00005000 08:06 10059                      /usr/lib/x86_64-linux-gnu/libXtst.so.6.1.0
7fbcfef2e000-7fbcff03d000 r-xp 00000000 08:06 5247486                    /lib/x86_64-linux-gnu/libglib-2.0.so.0.4800.2
7fbcff03d000-7fbcff23c000 ---p 0010f000 08:06 5247486                    /lib/x86_64-linux-gnu/libglib-2.0.so.0.4800.2
7fbcff23c000-7fbcff23d000 r--p 0010e000 08:06 5247486                    /lib/x86_64-linux-gnu/libglib-2.0.so.0.4800.2
7fbcff23d000-7fbcff23e000 rw-p 0010f000 08:06 5247486                    /lib/x86_64-linux-gnu/libglib-2.0.so.0.4800.2
7fbcff23e000-7fbcff23f000 rw-p 00000000 00:00 0 
7fbcff23f000-7fbcff240000 r-xp 00000000 08:06 10567                      /usr/lib/x86_64-linux-gnu/libgthread-2.0.so.0.4800.2
7fbcff240000-7fbcff43f000 ---p 00001000 08:06 10567                      /usr/lib/x86_64-linux-gnu/libgthread-2.0.so.0.4800.2
7fbcff43f000-7fbcff440000 r--p 00000000 08:06 10567                      /usr/lib/x86_64-linux-gnu/libgthread-2.0.so.0.4800.2
7fbcff440000-7fbcff441000 rw-p 00001000 08:06 10567                      /usr/lib/x86_64-linux-gnu/libgthread-2.0.so.0.4800.2
7fbcff441000-7fbcff493000 r-xp 00000000 08:06 10505                      /usr/lib/x86_64-linux-gnu/libgobject-2.0.so.0.4800.2
7fbcff493000-7fbcff692000 ---p 00052000 08:06 10505                      /usr/lib/x86_64-linux-gnu/libgobject-2.0.so.0.4800.2
7fbcff692000-7fbcff693000 r--p 00051000 08:06 10505                      /usr/lib/x86_64-linux-gnu/libgobject-2.0.so.0.4800.2
7fbcff693000-7fbcff694000 rw-p 00052000 08:06 10505                      /usr/lib/x86_64-linux-gnu/libgobject-2.0.so.0.4800.2
7fbcff694000-7fbcff814000 r-xp 00000000 08:06 10475                      /usr/lib/x86_64-linux-gnu/libgio-2.0.so.0.4800.2
7fbcff814000-7fbcffa14000 ---p 00180000 08:06 10475                      /usr/lib/x86_64-linux-gnu/libgio-2.0.so.0.4800.2
7fbcffa14000-7fbcffa18000 r--p 00180000 08:06 10475                      /usr/lib/x86_64-linux-gnu/libgio-2.0.so.0.4800.2
7fbcffa18000-7fbcffa1a000 rw-p 00184000 08:06 10475                      /usr/lib/x86_64-linux-gnu/libgio-2.0.so.0.4800.2
7fbcffa1a000-7fbcffa1c000 rw-p 00000000 00:00 0 
7fbcffa1c000-7fbcffa3d000 r-xp 00000000 08:06 7561                       /usr/lib/x86_64-linux-gnu/libgdk_pixbuf-2.0.so.0.3200.2
7fbcffa3d000-7fbcffc3c000 ---p 00021000 08:06 7561                       /usr/lib/x86_64-linux-gnu/libgdk_pixbuf-2.0.so.0.3200.2
7fbcffc3c000-7fbcffc3d000 r--p 00020000 08:06 7561                       /usr/lib/x86_64-linux-gnu/libgdk_pixbuf-2.0.so.0.3200.2
7fbcffc3d000-7fbcffc3e000 rw-p 00021000 08:06 7561                       /usr/lib/x86_64-linux-gnu/libgdk_pixbuf-2.0.so.0.3200.2
7fbcffc3e000-7fbcffd4c000 r-xp 00000000 08:06 10180                      /usr/lib/x86_64-linux-gnu/libcairo.so.2.11400.6
7fbcffd4c000-7fbcfff4c000 ---p 0010e000 08:06 10180                      /usr/lib/x86_64-linux-gnu/libcairo.so.2.11400.6
7fbcfff4c000-7fbcfff4f000 r--p 0010e000 08:06 10180                      /usr/lib/x86_64-linux-gnu/libcairo.so.2.11400.6
7fbcfff4f000-7fbcfff50000 rw-p 00111000 08:06 10180                      /usr/lib/x86_64-linux-gnu/libcairo.so.2.11400.6
7fbcfff50000-7fbcfff52000 rw-p 00000000 00:00 0 
7fbcfff52000-7fbd00002000 r-xp 00000000 08:06 7946                       /usr/lib/x86_64-linux-gnu/libgdk-x11-2.0.so.0.2400.30
7fbd00002000-7fbd00201000 ---p 000b0000 08:06 7946                       /usr/lib/x86_64-linux-gnu/libgdk-x11-2.0.so.0.2400.30
7fbd00201000-7fbd00205000 r--p 000af000 08:06 7946                       /usr/lib/x86_64-linux-gnu/libgdk-x11-2.0.so.0.2400.30
7fbd00205000-7fbd00207000 rw-p 000b3000 08:06 7946                       /usr/lib/x86_64-linux-gnu/libgdk-x11-2.0.so.0.2400.30
7fbd00207000-7fbd00645000 r-xp 00000000 08:06 7947                       /usr/lib/x86_64-linux-gnu/libgtk-x11-2.0.so.0.2400.30
7fbd00645000-7fbd00844000 ---p 0043e000 08:06 7947                       /usr/lib/x86_64-linux-gnu/libgtk-x11-2.0.so.0.2400.30
7fbd00844000-7fbd0084b000 r--p 0043d000 08:06 7947                       /usr/lib/x86_64-linux-gnu/libgtk-x11-2.0.so.0.2400.30
7fbd0084b000-7fbd0084f000 rw-p 00444000 08:06 7947                       /usr/lib/x86_64-linux-gnu/libgtk-x11-2.0.so.0.2400.30
7fbd0084f000-7fbd00852000 rw-p 00000000 00:00 0 
7fbd00852000-7fbd00853000 r--s 00000000 08:06 1704003                    /var/cache/fontconfig/30829fa25452a46451e813d634d7f916-le64.cache-6
7fbd00853000-7fbd00854000 r--s 00000000 08:06 1704020                    /var/cache/fontconfig/0c9eb80ebd1c36541ebe2852d3bb0c49-le64.cache-6
7fbd00854000-7fbd00857000 r--s 00000000 08:06 1704023                    /var/cache/fontconfig/75114ca45c98e8a441da0ff356701271-le64.cache-6
7fbd00857000-7fbd00858000 r--s 00000000 08:06 1706004                    /var/cache/fontconfig/c277e94e32b20404286a1ddafa5a80f0-le64.cache-6
7fbd00858000-7fbd00871000 r--p 00000000 08:06 136726                     /usr/share/locale-langpack/it/LC_MESSAGES/glib20.mo
7fbd00871000-7fbd00899000 r-xp 00000000 08:06 8841                       /usr/lib/jvm/java-8-openjdk-amd64/jre/lib/amd64/libglass.so
7fbd00899000-7fbd00a99000 ---p 00028000 08:06 8841                       /usr/lib/jvm/java-8-openjdk-amd64/jre/lib/amd64/libglass.so
7fbd00a99000-7fbd00a9a000 r--p 00028000 08:06 8841                       /usr/lib/jvm/java-8-openjdk-amd64/jre/lib/amd64/libglass.so
7fbd00a9a000-7fbd00a9b000 rw-p 00029000 08:06 8841                       /usr/lib/jvm/java-8-openjdk-amd64/jre/lib/amd64/libglass.so
7fbd00a9b000-7fbd00abb000 rw-s 10353d000 00:06 334                       /dev/dri/renderD128
7fbd00abb000-7fbd00abc000 ---p 00000000 00:00 0 
7fbd00abc000-7fbd012bc000 rw-p 00000000 00:00 0 
7fbd012bc000-7fbd012cc000 rw-s 107701000 00:06 334                       /dev/dri/renderD128
7fbd012cc000-7fbd012dc000 rw-s 10a4b8000 00:06 334                       /dev/dri/renderD128
7fbd012dc000-7fbd012dd000 ---p 00000000 00:00 0 
7fbd012dd000-7fbd01add000 rw-p 00000000 00:00 0 
7fbd01add000-7fbd01ade000 ---p 00000000 00:00 0 
7fbd01ade000-7fbd022de000 rw-p 00000000 00:00 0 
7fbd022de000-7fbd022df000 ---p 00000000 00:00 0 
7fbd022df000-7fbd02adf000 rw-p 00000000 00:00 0 
7fbd02adf000-7fbd02ae0000 ---p 00000000 00:00 0 
7fbd02ae0000-7fbd032e0000 rw-p 00000000 00:00 0 
7fbd032e0000-7fbd032e1000 ---p 00000000 00:00 0 
7fbd032e1000-7fbd03ae1000 rw-p 00000000 00:00 0 
7fbd03ae1000-7fbd03b18000 r-xp 00000000 08:06 11120                      /usr/lib/x86_64-linux-gnu/libtxc_dxtn_s2tc.so.0.0.0
7fbd03b18000-7fbd03d17000 ---p 00037000 08:06 11120                      /usr/lib/x86_64-linux-gnu/libtxc_dxtn_s2tc.so.0.0.0
7fbd03d17000-7fbd03d18000 r--p 00036000 08:06 11120                      /usr/lib/x86_64-linux-gnu/libtxc_dxtn_s2tc.so.0.0.0
7fbd03d18000-7fbd03d19000 rw-p 00037000 08:06 11120                      /usr/lib/x86_64-linux-gnu/libtxc_dxtn_s2tc.so.0.0.0
7fbd03d19000-7fbd03d1a000 ---p 00000000 00:00 0 
7fbd03d1a000-7fbd0451a000 rw-p 00000000 00:00 0 
7fbd0451a000-7fbd0465b000 rw-s 00000000 08:06 2621909                    /home/danieledt/.cache/mesa/index
7fbd0465b000-7fbd0465c000 ---p 00000000 00:00 0 
7fbd0465c000-7fbd04e5c000 rw-p 00000000 00:00 0 
7fbd04e5c000-7fbd04e6f000 r-xp 00000000 08:06 5247440                    /lib/x86_64-linux-gnu/libbsd.so.0.8.2
7fbd04e6f000-7fbd0506e000 ---p 00013000 08:06 5247440                    /lib/x86_64-linux-gnu/libbsd.so.0.8.2
7fbd0506e000-7fbd0506f000 r--p 00012000 08:06 5247440                    /lib/x86_64-linux-gnu/libbsd.so.0.8.2
7fbd0506f000-7fbd05070000 rw-p 00013000 08:06 5247440                    /lib/x86_64-linux-gnu/libbsd.so.0.8.2
7fbd05070000-7fbd05071000 rw-p 00000000 00:00 0 
7fbd05071000-7fbd05096000 r-xp 00000000 08:06 5247616                    /lib/x86_64-linux-gnu/libtinfo.so.5.9
7fbd05096000-7fbd05295000 ---p 00025000 08:06 5247616                    /lib/x86_64-linux-gnu/libtinfo.so.5.9
7fbd05295000-7fbd05299000 r--p 00024000 08:06 5247616                    /lib/x86_64-linux-gnu/libtinfo.so.5.9
7fbd05299000-7fbd0529a000 rw-p 00028000 08:06 5247616                    /lib/x86_64-linux-gnu/libtinfo.so.5.9
7fbd0529a000-7fbd052cb000 r-xp 00000000 08:06 10328                      /usr/lib/x86_64-linux-gnu/libedit.so.2.0.53
7fbd052cb000-7fbd054cb000 ---p 00031000 08:06 10328                      /usr/lib/x86_64-linux-gnu/libedit.so.2.0.53
7fbd054cb000-7fbd054cd000 r--p 00031000 08:06 10328                      /usr/lib/x86_64-linux-gnu/libedit.so.2.0.53
7fbd054cd000-7fbd054ce000 rw-p 00033000 08:06 10328                      /usr/lib/x86_64-linux-gnu/libedit.so.2.0.53
7fbd054ce000-7fbd054d2000 rw-p 00000000 00:00 0 
7fbd054d2000-7fbd054d9000 r-xp 00000000 08:06 10368                      /usr/lib/x86_64-linux-gnu/libffi.so.6.0.4
7fbd054d9000-7fbd056d8000 ---p 00007000 08:06 10368                      /usr/lib/x86_64-linux-gnu/libffi.so.6.0.4
7fbd056d8000-7fbd056d9000 r--p 00006000 08:06 10368                      /usr/lib/x86_64-linux-gnu/libffi.so.6.0.4
7fbd056d9000-7fbd056da000 rw-p 00007000 08:06 10368                      /usr/lib/x86_64-linux-gnu/libffi.so.6.0.4
7fbd056da000-7fbd08881000 r-xp 00000000 08:06 3905                       /usr/lib/x86_64-linux-gnu/libLLVM-5.0.so.1
7fbd08881000-7fbd08bd1000 r--p 031a6000 08:06 3905                       /usr/lib/x86_64-linux-gnu/libLLVM-5.0.so.1
7fbd08bd1000-7fbd08c41000 rw-p 034f6000 08:06 3905                       /usr/lib/x86_64-linux-gnu/libLLVM-5.0.so.1
7fbd08c41000-7fbd08c94000 rw-p 00000000 00:00 0 
7fbd08c94000-7fbd08cab000 r-xp 00000000 08:06 8183                       /usr/lib/x86_64-linux-gnu/libelf-0.165.so
7fbd08cab000-7fbd08eaa000 ---p 00017000 08:06 8183                       /usr/lib/x86_64-linux-gnu/libelf-0.165.so
7fbd08eaa000-7fbd08eab000 r--p 00016000 08:06 8183                       /usr/lib/x86_64-linux-gnu/libelf-0.165.so
7fbd08eab000-7fbd08eac000 rw-p 00017000 08:06 8183                       /usr/lib/x86_64-linux-gnu/libelf-0.165.so
7fbd08eac000-7fbd08eb4000 r-xp 00000000 08:06 5441                       /usr/lib/x86_64-linux-gnu/libdrm_amdgpu.so.1.0.0
7fbd08eb4000-7fbd090b4000 ---p 00008000 08:06 5441                       /usr/lib/x86_64-linux-gnu/libdrm_amdgpu.so.1.0.0
7fbd090b4000-7fbd090b5000 r--p 00008000 08:06 5441                       /usr/lib/x86_64-linux-gnu/libdrm_amdgpu.so.1.0.0
7fbd090b5000-7fbd090b6000 rw-p 00009000 08:06 5441                       /usr/lib/x86_64-linux-gnu/libdrm_amdgpu.so.1.0.0
7fbd090b6000-7fbd090c1000 r-xp 00000000 08:06 4253                       /usr/lib/x86_64-linux-gnu/libdrm_radeon.so.1.0.1
7fbd090c1000-7fbd092c0000 ---p 0000b000 08:06 4253                       /usr/lib/x86_64-linux-gnu/libdrm_radeon.so.1.0.1
7fbd092c0000-7fbd092c1000 r--p 0000a000 08:06 4253                       /usr/lib/x86_64-linux-gnu/libdrm_radeon.so.1.0.1
7fbd092c1000-7fbd092c2000 rw-p 0000b000 08:06 4253                       /usr/lib/x86_64-linux-gnu/libdrm_radeon.so.1.0.1
7fbd092c2000-7fbd092c9000 r-xp 00000000 08:06 4229                       /usr/lib/x86_64-linux-gnu/libdrm_nouveau.so.2.0.0
7fbd092c9000-7fbd094c8000 ---p 00007000 08:06 4229                       /usr/lib/x86_64-linux-gnu/libdrm_nouveau.so.2.0.0
7fbd094c8000-7fbd094c9000 r--p 00006000 08:06 4229                       /usr/lib/x86_64-linux-gnu/libdrm_nouveau.so.2.0.0
7fbd094c9000-7fbd094ca000 rw-p 00007000 08:06 4229                       /usr/lib/x86_64-linux-gnu/libdrm_nouveau.so.2.0.0
7fbd094ca000-7fbd094d8000 r-xp 00000000 08:06 11015                      /usr/lib/x86_64-linux-gnu/libsensors.so.4.4.0
7fbd094d8000-7fbd096d7000 ---p 0000e000 08:06 11015                      /usr/lib/x86_64-linux-gnu/libsensors.so.4.4.0
7fbd096d7000-7fbd096d8000 r--p 0000d000 08:06 11015                      /usr/lib/x86_64-linux-gnu/libsensors.so.4.4.0
7fbd096d8000-7fbd096d9000 rw-p 0000e000 08:06 11015                      /usr/lib/x86_64-linux-gnu/libsensors.so.4.4.0
7fbd096d9000-7fbd0a108000 r-xp 00000000 08:06 26723                      /usr/lib/x86_64-linux-gnu/dri/radeonsi_dri.so
7fbd0a108000-7fbd0a307000 ---p 00a2f000 08:06 26723                      /usr/lib/x86_64-linux-gnu/dri/radeonsi_dri.so
7fbd0a307000-7fbd0a348000 r--p 00a2e000 08:06 26723                      /usr/lib/x86_64-linux-gnu/dri/radeonsi_dri.so
7fbd0a348000-7fbd0a351000 rw-p 00a6f000 08:06 26723                      /usr/lib/x86_64-linux-gnu/dri/radeonsi_dri.so
7fbd0a351000-7fbd0a548000 rw-p 00000000 00:00 0 
7fbd0a548000-7fbd0a56a000 r--p 00000000 08:06 136931                     /usr/share/locale-langpack/it/LC_MESSAGES/libc.mo
7fbd0a56a000-7fbd0a56f000 r-xp 00000000 08:06 10029                      /usr/lib/x86_64-linux-gnu/libXdmcp.so.6.0.0
7fbd0a56f000-7fbd0a76e000 ---p 00005000 08:06 10029                      /usr/lib/x86_64-linux-gnu/libXdmcp.so.6.0.0
7fbd0a76e000-7fbd0a76f000 r--p 00004000 08:06 10029                      /usr/lib/x86_64-linux-gnu/libXdmcp.so.6.0.0
7fbd0a76f000-7fbd0a770000 rw-p 00005000 08:06 10029                      /usr/lib/x86_64-linux-gnu/libXdmcp.so.6.0.0
7fbd0a770000-7fbd0a772000 r-xp 00000000 08:06 10018                      /usr/lib/x86_64-linux-gnu/libXau.so.6.0.0
7fbd0a772000-7fbd0a972000 ---p 00002000 08:06 10018                      /usr/lib/x86_64-linux-gnu/libXau.so.6.0.0
7fbd0a972000-7fbd0a973000 r--p 00002000 08:06 10018                      /usr/lib/x86_64-linux-gnu/libXau.so.6.0.0
7fbd0a973000-7fbd0a974000 rw-p 00003000 08:06 10018                      /usr/lib/x86_64-linux-gnu/libXau.so.6.0.0
7fbd0a974000-7fbd0a984000 r-xp 00000000 08:06 5431                       /usr/lib/x86_64-linux-gnu/libdrm.so.2.4.0
7fbd0a984000-7fbd0ab83000 ---p 00010000 08:06 5431                       /usr/lib/x86_64-linux-gnu/libdrm.so.2.4.0
7fbd0ab83000-7fbd0ab84000 r--p 0000f000 08:06 5431                       /usr/lib/x86_64-linux-gnu/libdrm.so.2.4.0
7fbd0ab84000-7fbd0ab85000 rw-p 00010000 08:06 5431                       /usr/lib/x86_64-linux-gnu/libdrm.so.2.4.0
7fbd0ab85000-7fbd0ab8a000 r-xp 00000000 08:06 10069                      /usr/lib/x86_64-linux-gnu/libXxf86vm.so.1.0.0
7fbd0ab8a000-7fbd0ad89000 ---p 00005000 08:06 10069                      /usr/lib/x86_64-linux-gnu/libXxf86vm.so.1.0.0
7fbd0ad89000-7fbd0ad8a000 r--p 00004000 08:06 10069                      /usr/lib/x86_64-linux-gnu/libXxf86vm.so.1.0.0
7fbd0ad8a000-7fbd0ad8b000 rw-p 00005000 08:06 10069                      /usr/lib/x86_64-linux-gnu/libXxf86vm.so.1.0.0
7fbd0ad8b000-7fbd0ad8f000 r-xp 00000000 08:06 11222                      /usr/lib/x86_64-linux-gnu/libxcb-dri2.so.0.0.0
7fbd0ad8f000-7fbd0af8e000 ---p 00004000 08:06 11222                      /usr/lib/x86_64-linux-gnu/libxcb-dri2.so.0.0.0
7fbd0af8e000-7fbd0af8f000 r--p 00003000 08:06 11222                      /usr/lib/x86_64-linux-gnu/libxcb-dri2.so.0.0.0
7fbd0af8f000-7fbd0af90000 rw-p 00004000 08:06 11222                      /usr/lib/x86_64-linux-gnu/libxcb-dri2.so.0.0.0
7fbd0af90000-7fbd0afa7000 r-xp 00000000 08:06 11226                      /usr/lib/x86_64-linux-gnu/libxcb-glx.so.0.0.0
7fbd0afa7000-7fbd0b1a6000 ---p 00017000 08:06 11226                      /usr/lib/x86_64-linux-gnu/libxcb-glx.so.0.0.0
7fbd0b1a6000-7fbd0b1a8000 r--p 00016000 08:06 11226                      /usr/lib/x86_64-linux-gnu/libxcb-glx.so.0.0.0
7fbd0b1a8000-7fbd0b1a9000 rw-p 00018000 08:06 11226                      /usr/lib/x86_64-linux-gnu/libxcb-glx.so.0.0.0
7fbd0b1a9000-7fbd0b1aa000 r-xp 00000000 08:06 10012                      /usr/lib/x86_64-linux-gnu/libX11-xcb.so.1.0.0
7fbd0b1aa000-7fbd0b3a9000 ---p 00001000 08:06 10012                      /usr/lib/x86_64-linux-gnu/libX11-xcb.so.1.0.0
7fbd0b3a9000-7fbd0b3aa000 r--p 00000000 08:06 10012                      /usr/lib/x86_64-linux-gnu/libX11-xcb.so.1.0.0
7fbd0b3aa000-7fbd0b3ab000 rw-p 00001000 08:06 10012                      /usr/lib/x86_64-linux-gnu/libX11-xcb.so.1.0.0
7fbd0b3ab000-7fbd0b3b0000 r-xp 00000000 08:06 10033                      /usr/lib/x86_64-linux-gnu/libXfixes.so.3.1.0
7fbd0b3b0000-7fbd0b5af000 ---p 00005000 08:06 10033                      /usr/lib/x86_64-linux-gnu/libXfixes.so.3.1.0
7fbd0b5af000-7fbd0b5b0000 r--p 00004000 08:06 10033                      /usr/lib/x86_64-linux-gnu/libXfixes.so.3.1.0
7fbd0b5b0000-7fbd0b5b1000 rw-p 00005000 08:06 10033                      /usr/lib/x86_64-linux-gnu/libXfixes.so.3.1.0
7fbd0b5b1000-7fbd0b5b3000 r-xp 00000000 08:06 10027                      /usr/lib/x86_64-linux-gnu/libXdamage.so.1.1.0
7fbd0b5b3000-7fbd0b7b2000 ---p 00002000 08:06 10027                      /usr/lib/x86_64-linux-gnu/libXdamage.so.1.1.0
7fbd0b7b2000-7fbd0b7b3000 r--p 00001000 08:06 10027                      /usr/lib/x86_64-linux-gnu/libXdamage.so.1.1.0
7fbd0b7b3000-7fbd0b7b4000 rw-p 00002000 08:06 10027                      /usr/lib/x86_64-linux-gnu/libXdamage.so.1.1.0
7fbd0b7b4000-7fbd0b7c5000 r-xp 00000000 08:06 10031                      /usr/lib/x86_64-linux-gnu/libXext.so.6.4.0
7fbd0b7c5000-7fbd0b9c4000 ---p 00011000 08:06 10031                      /usr/lib/x86_64-linux-gnu/libXext.so.6.4.0
7fbd0b9c4000-7fbd0b9c5000 r--p 00010000 08:06 10031                      /usr/lib/x86_64-linux-gnu/libXext.so.6.4.0
7fbd0b9c5000-7fbd0b9c6000 rw-p 00011000 08:06 10031                      /usr/lib/x86_64-linux-gnu/libXext.so.6.4.0
7fbd0b9c6000-7fbd0b9f1000 r-xp 00000000 08:06 6629                       /usr/lib/x86_64-linux-gnu/libglapi.so.0.0.0
7fbd0b9f1000-7fbd0bbf0000 ---p 0002b000 08:06 6629                       /usr/lib/x86_64-linux-gnu/libglapi.so.0.0.0
7fbd0bbf0000-7fbd0bbf4000 r--p 0002a000 08:06 6629                       /usr/lib/x86_64-linux-gnu/libglapi.so.0.0.0
7fbd0bbf4000-7fbd0bbf5000 rw-p 0002e000 08:06 6629                       /usr/lib/x86_64-linux-gnu/libglapi.so.0.0.0
7fbd0bbf5000-7fbd0bbf6000 rw-p 00000000 00:00 0 
7fbd0bbf6000-7fbd0bbf7000 r-xp 00000000 08:06 11273                      /usr/lib/x86_64-linux-gnu/libxshmfence.so.1.0.0
7fbd0bbf7000-7fbd0bdf7000 ---p 00001000 08:06 11273                      /usr/lib/x86_64-linux-gnu/libxshmfence.so.1.0.0
7fbd0bdf7000-7fbd0bdf8000 r--p 00001000 08:06 11273                      /usr/lib/x86_64-linux-gnu/libxshmfence.so.1.0.0
7fbd0bdf8000-7fbd0bdf9000 rw-p 00002000 08:06 11273                      /usr/lib/x86_64-linux-gnu/libxshmfence.so.1.0.0
7fbd0bdf9000-7fbd0bdfe000 r-xp 00000000 08:06 11236                      /usr/lib/x86_64-linux-gnu/libxcb-sync.so.1.0.0
7fbd0bdfe000-7fbd0bffe000 ---p 00005000 08:06 11236                      /usr/lib/x86_64-linux-gnu/libxcb-sync.so.1.0.0
7fbd0bffe000-7fbd0bfff000 r--p 00005000 08:06 11236                      /usr/lib/x86_64-linux-gnu/libxcb-sync.so.1.0.0
7fbd0bfff000-7fbd0c000000 rw-p 00006000 08:06 11236                      /usr/lib/x86_64-linux-gnu/libxcb-sync.so.1.0.0
7fbd0c000000-7fbd0c021000 rw-p 00000000 00:00 0 
7fbd0c021000-7fbd10000000 ---p 00000000 00:00 0 
7fbd10000000-7fbd1047e000 rw-p 00000000 00:00 0 
7fbd1047e000-7fbd14000000 ---p 00000000 00:00 0 
7fbd14000000-7fbd14593000 rw-p 00000000 00:00 0 
7fbd14593000-7fbd18000000 ---p 00000000 00:00 0 
7fbd18000000-7fbd18021000 rw-p 00000000 00:00 0 
7fbd18021000-7fbd1c000000 ---p 00000000 00:00 0 
7fbd1c000000-7fbd1c4c5000 rw-p 00000000 00:00 0 
7fbd1c4c5000-7fbd20000000 ---p 00000000 00:00 0 
7fbd20000000-7fbd2049c000 rw-p 00000000 00:00 0 
7fbd2049c000-7fbd24000000 ---p 00000000 00:00 0 
7fbd24000000-7fbd24021000 rw-p 00000000 00:00 0 
7fbd24021000-7fbd28000000 ---p 00000000 00:00 0 
7fbd28000000-7fbd28021000 rw-p 00000000 00:00 0 
7fbd28021000-7fbd2c000000 ---p 00000000 00:00 0 
7fbd2c000000-7fbd2c021000 rw-p 00000000 00:00 0 
7fbd2c021000-7fbd30000000 ---p 00000000 00:00 0 
7fbd30000000-7fbd30021000 rw-p 00000000 00:00 0 
7fbd30021000-7fbd34000000 ---p 00000000 00:00 0 
7fbd34000000-7fbd34021000 rw-p 00000000 00:00 0 
7fbd34021000-7fbd38000000 ---p 00000000 00:00 0 
7fbd38000000-7fbd38021000 rw-p 00000000 00:00 0 
7fbd38021000-7fbd3c000000 ---p 00000000 00:00 0 
7fbd3c000000-7fbd3c021000 rw-p 00000000 00:00 0 
7fbd3c021000-7fbd40000000 ---p 00000000 00:00 0 
7fbd40000000-7fbd40021000 rw-p 00000000 00:00 0 
7fbd40021000-7fbd44000000 ---p 00000000 00:00 0 
7fbd44000000-7fbd44004000 r--s 00000000 08:06 1705584                    /var/cache/fontconfig/7ef2298fde41cc6eeb7af42e48b7d293-le64.cache-6
7fbd44004000-7fbd44007000 r--s 0001e000 08:06 3543301                    /home/danieledt/Documenti/Eclipse/BD/jgoodies-forms-1.8.0.jar
7fbd44007000-7fbd44009000 r-xp 00000000 08:06 11228                      /usr/lib/x86_64-linux-gnu/libxcb-present.so.0.0.0
7fbd44009000-7fbd44208000 ---p 00002000 08:06 11228                      /usr/lib/x86_64-linux-gnu/libxcb-present.so.0.0.0
7fbd44208000-7fbd44209000 r--p 00001000 08:06 11228                      /usr/lib/x86_64-linux-gnu/libxcb-present.so.0.0.0
7fbd44209000-7fbd4420a000 rw-p 00002000 08:06 11228                      /usr/lib/x86_64-linux-gnu/libxcb-present.so.0.0.0
7fbd4420a000-7fbd4420c000 r-xp 00000000 08:06 11224                      /usr/lib/x86_64-linux-gnu/libxcb-dri3.so.0.0.0
7fbd4420c000-7fbd4440b000 ---p 00002000 08:06 11224                      /usr/lib/x86_64-linux-gnu/libxcb-dri3.so.0.0.0
7fbd4440b000-7fbd4440c000 r--p 00001000 08:06 11224                      /usr/lib/x86_64-linux-gnu/libxcb-dri3.so.0.0.0
7fbd4440c000-7fbd4440d000 rw-p 00002000 08:06 11224                      /usr/lib/x86_64-linux-gnu/libxcb-dri3.so.0.0.0
7fbd4440d000-7fbd44433000 r-xp 00000000 08:06 5247475                    /lib/x86_64-linux-gnu/libexpat.so.1.6.0
7fbd44433000-7fbd44633000 ---p 00026000 08:06 5247475                    /lib/x86_64-linux-gnu/libexpat.so.1.6.0
7fbd44633000-7fbd44635000 r--p 00026000 08:06 5247475                    /lib/x86_64-linux-gnu/libexpat.so.1.6.0
7fbd44635000-7fbd44636000 rw-p 00028000 08:06 5247475                    /lib/x86_64-linux-gnu/libexpat.so.1.6.0
7fbd44636000-7fbd44657000 r-xp 00000000 08:06 11242                      /usr/lib/x86_64-linux-gnu/libxcb.so.1.1.0
7fbd44657000-7fbd44856000 ---p 00021000 08:06 11242                      /usr/lib/x86_64-linux-gnu/libxcb.so.1.1.0
7fbd44856000-7fbd44857000 r--p 00020000 08:06 11242                      /usr/lib/x86_64-linux-gnu/libxcb.so.1.1.0
7fbd44857000-7fbd44858000 rw-p 00021000 08:06 11242                      /usr/lib/x86_64-linux-gnu/libxcb.so.1.1.0
7fbd44858000-7fbd448c6000 r-xp 00000000 08:06 23726                      /usr/lib/x86_64-linux-gnu/mesa/libGL.so.1.2.0
7fbd448c6000-7fbd44ac6000 ---p 0006e000 08:06 23726                      /usr/lib/x86_64-linux-gnu/mesa/libGL.so.1.2.0
7fbd44ac6000-7fbd44ac9000 r--p 0006e000 08:06 23726                      /usr/lib/x86_64-linux-gnu/mesa/libGL.so.1.2.0
7fbd44ac9000-7fbd44aca000 rw-p 00071000 08:06 23726                      /usr/lib/x86_64-linux-gnu/mesa/libGL.so.1.2.0
7fbd44aca000-7fbd44acb000 rw-p 00000000 00:00 0 
7fbd44acb000-7fbd44c00000 r-xp 00000000 08:06 10014                      /usr/lib/x86_64-linux-gnu/libX11.so.6.3.0
7fbd44c00000-7fbd44e00000 ---p 00135000 08:06 10014                      /usr/lib/x86_64-linux-gnu/libX11.so.6.3.0
7fbd44e00000-7fbd44e01000 r--p 00135000 08:06 10014                      /usr/lib/x86_64-linux-gnu/libX11.so.6.3.0
7fbd44e01000-7fbd44e05000 rw-p 00136000 08:06 10014                      /usr/lib/x86_64-linux-gnu/libX11.so.6.3.0
7fbd44e05000-7fbd44e14000 r--p 00000000 08:06 134271                     /usr/share/locale-langpack/it/LC_MESSAGES/gtk20.mo
7fbd44e14000-7fbd44e24000 rw-s 103972000 00:06 334                       /dev/dri/renderD128
7fbd44e24000-7fbd44e30000 r-xp 00000000 08:06 8839                       /usr/lib/jvm/java-8-openjdk-amd64/jre/lib/amd64/libprism_es2.so
7fbd44e30000-7fbd4502f000 ---p 0000c000 08:06 8839                       /usr/lib/jvm/java-8-openjdk-amd64/jre/lib/amd64/libprism_es2.so
7fbd4502f000-7fbd45030000 r--p 0000b000 08:06 8839                       /usr/lib/jvm/java-8-openjdk-amd64/jre/lib/amd64/libprism_es2.so
7fbd45030000-7fbd45031000 rw-p 0000c000 08:06 8839                       /usr/lib/jvm/java-8-openjdk-amd64/jre/lib/amd64/libprism_es2.so
7fbd45031000-7fbd45034000 ---p 00000000 00:00 0 
7fbd45034000-7fbd45132000 rw-p 00000000 00:00 0 
7fbd45132000-7fbd45145000 r--s 00346000 08:06 19167                      /usr/lib/jvm/java-8-openjdk-amd64/jre/lib/resources.jar
7fbd45145000-7fbd45160000 r--s 00394000 08:06 19160                      /usr/lib/jvm/java-8-openjdk-amd64/jre/lib/ext/cldrdata.jar
7fbd45160000-7fbd451f6000 r--s 008d7000 08:06 1182450                    /usr/share/java/openjfx/jre/lib/ext/jfxrt.jar
7fbd451f6000-7fbd45211000 r--s 001d6000 08:06 19163                      /usr/lib/jvm/java-8-openjdk-amd64/jre/lib/ext/nashorn.jar
7fbd45211000-7fbd45212000 ---p 00000000 00:00 0 
7fbd45212000-7fbd45312000 rw-p 00000000 00:00 0 
7fbd45312000-7fbd45315000 ---p 00000000 00:00 0 
7fbd45315000-7fbd45413000 rw-p 00000000 00:00 0 
7fbd45413000-7fbd45416000 ---p 00000000 00:00 0 
7fbd45416000-7fbd45514000 rw-p 00000000 00:00 0 
7fbd45514000-7fbd45517000 ---p 00000000 00:00 0 
7fbd45517000-7fbd45615000 rw-p 00000000 00:00 0 
7fbd45615000-7fbd45618000 ---p 00000000 00:00 0 
7fbd45618000-7fbd45716000 rw-p 00000000 00:00 0 
7fbd45716000-7fbd459f0000 r--p 00000000 08:06 9475                       /usr/lib/locale/locale-archive
7fbd459f0000-7fbd49000000 rw-p 00000000 00:00 0 
7fbd49000000-7fbd49850000 rwxp 00000000 00:00 0 
7fbd49850000-7fbd58000000 ---p 00000000 00:00 0 
7fbd58000000-7fbd58352000 rw-p 00000000 00:00 0 
7fbd58352000-7fbd5c000000 ---p 00000000 00:00 0 
7fbd5c000000-7fbd5c001000 r--s 00014000 08:06 3543299                    /home/danieledt/Documenti/Eclipse/BD/miglayout15-swing.jar
7fbd5c001000-7fbd5c002000 rw-s 00000000 00:05 256749                     /memfd:xshmfence (deleted)
7fbd5c002000-7fbd5c006000 r--p 00000000 08:06 2638710                    /home/danieledt/.config/dconf/user
7fbd5c006000-7fbd5c00d000 r--s 00000000 08:06 29686                      /usr/lib/x86_64-linux-gnu/gconv/gconv-modules.cache
7fbd5c00d000-7fbd5c010000 ---p 00000000 00:00 0 
7fbd5c010000-7fbd5c10e000 rw-p 00000000 00:00 0 
7fbd5c10e000-7fbd5c111000 ---p 00000000 00:00 0 
7fbd5c111000-7fbd5c20f000 rw-p 00000000 00:00 0 
7fbd5c20f000-7fbd5c212000 ---p 00000000 00:00 0 
7fbd5c212000-7fbd5c310000 rw-p 00000000 00:00 0 
7fbd5c310000-7fbd5c311000 ---p 00000000 00:00 0 
7fbd5c311000-7fbd5d3f2000 rw-p 00000000 00:00 0 
7fbd5d3f2000-7fbd5d5c1000 r--s 03c2f000 08:06 19219                      /usr/lib/jvm/java-8-openjdk-amd64/jre/lib/rt.jar
7fbd5d5c1000-7fbd5e198000 rw-p 00000000 00:00 0 
7fbd5e198000-7fbd5e199000 ---p 00000000 00:00 0 
7fbd5e199000-7fbd5e299000 rw-p 00000000 00:00 0 
7fbd5e299000-7fbd5e29a000 ---p 00000000 00:00 0 
7fbd5e29a000-7fbd5e39a000 rw-p 00000000 00:00 0 
7fbd5e39a000-7fbd5e39b000 ---p 00000000 00:00 0 
7fbd5e39b000-7fbd5e49b000 rw-p 00000000 00:00 0 
7fbd5e49b000-7fbd5e49c000 ---p 00000000 00:00 0 
7fbd5e49c000-7fbd5e5bc000 rw-p 00000000 00:00 0 
7fbd5e5bc000-7fbd5e7dd000 ---p 00000000 00:00 0 
7fbd5e7dd000-7fbd5e7fd000 rw-p 00000000 00:00 0 
7fbd5e7fd000-7fbd5ea1d000 ---p 00000000 00:00 0 
7fbd5ea1d000-7fbd5ea3e000 rw-p 00000000 00:00 0 
7fbd5ea3e000-7fbd5eb3e000 ---p 00000000 00:00 0 
7fbd5eb3e000-7fbd5eb61000 rw-p 00000000 00:00 0 
7fbd5eb61000-7fbd5eeff000 ---p 00000000 00:00 0 
7fbd5eeff000-7fbd5ef07000 r-xp 00000000 08:06 19191                      /usr/lib/jvm/java-8-openjdk-amd64/jre/lib/amd64/libzip.so
7fbd5ef07000-7fbd5f106000 ---p 00008000 08:06 19191                      /usr/lib/jvm/java-8-openjdk-amd64/jre/lib/amd64/libzip.so
7fbd5f106000-7fbd5f107000 r--p 00007000 08:06 19191                      /usr/lib/jvm/java-8-openjdk-amd64/jre/lib/amd64/libzip.so
7fbd5f107000-7fbd5f108000 rw-p 00008000 08:06 19191                      /usr/lib/jvm/java-8-openjdk-amd64/jre/lib/amd64/libzip.so
7fbd5f108000-7fbd5f113000 r-xp 00000000 08:06 5248723                    /lib/x86_64-linux-gnu/libnss_files-2.23.so
7fbd5f113000-7fbd5f312000 ---p 0000b000 08:06 5248723                    /lib/x86_64-linux-gnu/libnss_files-2.23.so
7fbd5f312000-7fbd5f313000 r--p 0000a000 08:06 5248723                    /lib/x86_64-linux-gnu/libnss_files-2.23.so
7fbd5f313000-7fbd5f314000 rw-p 0000b000 08:06 5248723                    /lib/x86_64-linux-gnu/libnss_files-2.23.so
7fbd5f314000-7fbd5f31a000 rw-p 00000000 00:00 0 
7fbd5f31a000-7fbd5f325000 r-xp 00000000 08:06 5248727                    /lib/x86_64-linux-gnu/libnss_nis-2.23.so
7fbd5f325000-7fbd5f524000 ---p 0000b000 08:06 5248727                    /lib/x86_64-linux-gnu/libnss_nis-2.23.so
7fbd5f524000-7fbd5f525000 r--p 0000a000 08:06 5248727                    /lib/x86_64-linux-gnu/libnss_nis-2.23.so
7fbd5f525000-7fbd5f526000 rw-p 0000b000 08:06 5248727                    /lib/x86_64-linux-gnu/libnss_nis-2.23.so
7fbd5f526000-7fbd5f53c000 r-xp 00000000 08:06 5248707                    /lib/x86_64-linux-gnu/libnsl-2.23.so
7fbd5f53c000-7fbd5f73b000 ---p 00016000 08:06 5248707                    /lib/x86_64-linux-gnu/libnsl-2.23.so
7fbd5f73b000-7fbd5f73c000 r--p 00015000 08:06 5248707                    /lib/x86_64-linux-gnu/libnsl-2.23.so
7fbd5f73c000-7fbd5f73d000 rw-p 00016000 08:06 5248707                    /lib/x86_64-linux-gnu/libnsl-2.23.so
7fbd5f73d000-7fbd5f73f000 rw-p 00000000 00:00 0 
7fbd5f73f000-7fbd5f747000 r-xp 00000000 08:06 5248718                    /lib/x86_64-linux-gnu/libnss_compat-2.23.so
7fbd5f747000-7fbd5f946000 ---p 00008000 08:06 5248718                    /lib/x86_64-linux-gnu/libnss_compat-2.23.so
7fbd5f946000-7fbd5f947000 r--p 00007000 08:06 5248718                    /lib/x86_64-linux-gnu/libnss_compat-2.23.so
7fbd5f947000-7fbd5f948000 rw-p 00008000 08:06 5248718                    /lib/x86_64-linux-gnu/libnss_compat-2.23.so
7fbd5f948000-7fbd5f975000 r-xp 00000000 08:06 19182                      /usr/lib/jvm/java-8-openjdk-amd64/jre/lib/amd64/libjava.so
7fbd5f975000-7fbd5fb74000 ---p 0002d000 08:06 19182                      /usr/lib/jvm/java-8-openjdk-amd64/jre/lib/amd64/libjava.so
7fbd5fb74000-7fbd5fb75000 r--p 0002c000 08:06 19182                      /usr/lib/jvm/java-8-openjdk-amd64/jre/lib/amd64/libjava.so
7fbd5fb75000-7fbd5fb77000 rw-p 0002d000 08:06 19182                      /usr/lib/jvm/java-8-openjdk-amd64/jre/lib/amd64/libjava.so
7fbd5fb77000-7fbd5fb86000 r-xp 00000000 08:06 19168                      /usr/lib/jvm/java-8-openjdk-amd64/jre/lib/amd64/libverify.so
7fbd5fb86000-7fbd5fd85000 ---p 0000f000 08:06 19168                      /usr/lib/jvm/java-8-openjdk-amd64/jre/lib/amd64/libverify.so
7fbd5fd85000-7fbd5fd87000 r--p 0000e000 08:06 19168                      /usr/lib/jvm/java-8-openjdk-amd64/jre/lib/amd64/libverify.so
7fbd5fd87000-7fbd5fd88000 rw-p 00010000 08:06 19168                      /usr/lib/jvm/java-8-openjdk-amd64/jre/lib/amd64/libverify.so
7fbd5fd88000-7fbd5fd8f000 r-xp 00000000 08:06 5248728                    /lib/x86_64-linux-gnu/librt-2.23.so
7fbd5fd8f000-7fbd5ff8e000 ---p 00007000 08:06 5248728                    /lib/x86_64-linux-gnu/librt-2.23.so
7fbd5ff8e000-7fbd5ff8f000 r--p 00006000 08:06 5248728                    /lib/x86_64-linux-gnu/librt-2.23.so
7fbd5ff8f000-7fbd5ff90000 rw-p 00007000 08:06 5248728                    /lib/x86_64-linux-gnu/librt-2.23.so
7fbd5ff90000-7fbd5ffa6000 r-xp 00000000 08:06 5247482                    /lib/x86_64-linux-gnu/libgcc_s.so.1
7fbd5ffa6000-7fbd601a5000 ---p 00016000 08:06 5247482                    /lib/x86_64-linux-gnu/libgcc_s.so.1
7fbd601a5000-7fbd601a6000 rw-p 00015000 08:06 5247482                    /lib/x86_64-linux-gnu/libgcc_s.so.1
7fbd601a6000-7fbd602ae000 r-xp 00000000 08:06 5248701                    /lib/x86_64-linux-gnu/libm-2.23.so
7fbd602ae000-7fbd604ad000 ---p 00108000 08:06 5248701                    /lib/x86_64-linux-gnu/libm-2.23.so
7fbd604ad000-7fbd604ae000 r--p 00107000 08:06 5248701                    /lib/x86_64-linux-gnu/libm-2.23.so
7fbd604ae000-7fbd604af000 rw-p 00108000 08:06 5248701                    /lib/x86_64-linux-gnu/libm-2.23.so
7fbd604af000-7fbd60621000 r-xp 00000000 08:06 3735                       /usr/lib/x86_64-linux-gnu/libstdc++.so.6.0.21
7fbd60621000-7fbd60821000 ---p 00172000 08:06 3735                       /usr/lib/x86_64-linux-gnu/libstdc++.so.6.0.21
7fbd60821000-7fbd6082b000 r--p 00172000 08:06 3735                       /usr/lib/x86_64-linux-gnu/libstdc++.so.6.0.21
7fbd6082b000-7fbd6082d000 rw-p 0017c000 08:06 3735                       /usr/lib/x86_64-linux-gnu/libstdc++.so.6.0.21
7fbd6082d000-7fbd60831000 rw-p 00000000 00:00 0 
7fbd60831000-7fbd6148a000 r-xp 00000000 08:06 19195                      /usr/lib/jvm/java-8-openjdk-amd64/jre/lib/amd64/server/libjvm.so
7fbd6148a000-7fbd6168a000 ---p 00c59000 08:06 19195                      /usr/lib/jvm/java-8-openjdk-amd64/jre/lib/amd64/server/libjvm.so
7fbd6168a000-7fbd6171d000 r--p 00c59000 08:06 19195                      /usr/lib/jvm/java-8-openjdk-amd64/jre/lib/amd64/server/libjvm.so
7fbd6171d000-7fbd61746000 rw-p 00cec000 08:06 19195                      /usr/lib/jvm/java-8-openjdk-amd64/jre/lib/amd64/server/libjvm.so
7fbd61746000-7fbd61776000 rw-p 00000000 00:00 0 
7fbd61776000-7fbd6178e000 r-xp 00000000 08:06 5248709                    /lib/x86_64-linux-gnu/libpthread-2.23.so
7fbd6178e000-7fbd6198d000 ---p 00018000 08:06 5248709                    /lib/x86_64-linux-gnu/libpthread-2.23.so
7fbd6198d000-7fbd6198e000 r--p 00017000 08:06 5248709                    /lib/x86_64-linux-gnu/libpthread-2.23.so
7fbd6198e000-7fbd6198f000 rw-p 00018000 08:06 5248709                    /lib/x86_64-linux-gnu/libpthread-2.23.so
7fbd6198f000-7fbd61993000 rw-p 00000000 00:00 0 
7fbd61993000-7fbd61996000 r-xp 00000000 08:06 5248712                    /lib/x86_64-linux-gnu/libdl-2.23.so
7fbd61996000-7fbd61b95000 ---p 00003000 08:06 5248712                    /lib/x86_64-linux-gnu/libdl-2.23.so
7fbd61b95000-7fbd61b96000 r--p 00002000 08:06 5248712                    /lib/x86_64-linux-gnu/libdl-2.23.so
7fbd61b96000-7fbd61b97000 rw-p 00003000 08:06 5248712                    /lib/x86_64-linux-gnu/libdl-2.23.so
7fbd61b97000-7fbd61bb0000 r-xp 00000000 08:06 5247635                    /lib/x86_64-linux-gnu/libz.so.1.2.8
7fbd61bb0000-7fbd61daf000 ---p 00019000 08:06 5247635                    /lib/x86_64-linux-gnu/libz.so.1.2.8
7fbd61daf000-7fbd61db0000 r--p 00018000 08:06 5247635                    /lib/x86_64-linux-gnu/libz.so.1.2.8
7fbd61db0000-7fbd61db1000 rw-p 00019000 08:06 5247635                    /lib/x86_64-linux-gnu/libz.so.1.2.8
7fbd61db1000-7fbd61f71000 r-xp 00000000 08:06 5248710                    /lib/x86_64-linux-gnu/libc-2.23.so
7fbd61f71000-7fbd62171000 ---p 001c0000 08:06 5248710                    /lib/x86_64-linux-gnu/libc-2.23.so
7fbd62171000-7fbd62175000 r--p 001c0000 08:06 5248710                    /lib/x86_64-linux-gnu/libc-2.23.so
7fbd62175000-7fbd62177000 rw-p 001c4000 08:06 5248710                    /lib/x86_64-linux-gnu/libc-2.23.so
7fbd62177000-7fbd6217b000 rw-p 00000000 00:00 0 
7fbd6217b000-7fbd62188000 r-xp 00000000 08:06 19192                      /usr/lib/jvm/java-8-openjdk-amd64/jre/lib/amd64/jli/libjli.so
7fbd62188000-7fbd62388000 ---p 0000d000 08:06 19192                      /usr/lib/jvm/java-8-openjdk-amd64/jre/lib/amd64/jli/libjli.so
7fbd62388000-7fbd62389000 r--p 0000d000 08:06 19192                      /usr/lib/jvm/java-8-openjdk-amd64/jre/lib/amd64/jli/libjli.so
7fbd62389000-7fbd6238a000 rw-p 0000e000 08:06 19192                      /usr/lib/jvm/java-8-openjdk-amd64/jre/lib/amd64/jli/libjli.so
7fbd6238a000-7fbd623b0000 r-xp 00000000 08:06 5248708                    /lib/x86_64-linux-gnu/ld-2.23.so
7fbd623b0000-7fbd623b1000 r--s 00000000 00:33 27                         /run/user/1000/dconf/user
7fbd623b1000-7fbd623b6000 r--s 002f9000 08:06 19155                      /usr/lib/jvm/java-8-openjdk-amd64/jre/lib/charsets.jar
7fbd623b6000-7fbd623b8000 r--s 00016000 08:06 19214                      /usr/lib/jvm/java-8-openjdk-amd64/jre/lib/jce.jar
7fbd623b8000-7fbd623bd000 r--s 0009d000 08:06 19228                      /usr/lib/jvm/java-8-openjdk-amd64/jre/lib/jsse.jar
7fbd623bd000-7fbd623be000 r--s 00010000 08:06 19157                      /usr/lib/jvm/java-8-openjdk-amd64/jre/lib/ext/zipfs.jar
7fbd623be000-7fbd623c1000 r--s 0000f000 08:06 19162                      /usr/lib/jvm/java-8-openjdk-amd64/jre/lib/ext/icedtea-sound.jar
7fbd623c1000-7fbd623c4000 r--s 00038000 08:06 19159                      /usr/lib/jvm/java-8-openjdk-amd64/jre/lib/ext/sunpkcs11.jar
7fbd623c4000-7fbd6248a000 rw-p 00000000 00:00 0 
7fbd6248a000-7fbd6248d000 ---p 00000000 00:00 0 
7fbd6248d000-7fbd6258f000 rw-p 00000000 00:00 0 
7fbd6258f000-7fbd62591000 r--s 00001000 08:06 19158                      /usr/lib/jvm/java-8-openjdk-amd64/jre/lib/ext/dnsns.jar
7fbd62591000-7fbd62592000 r--s 0000a000 08:06 19164                      /usr/lib/jvm/java-8-openjdk-amd64/jre/lib/ext/jaccess.jar
7fbd62592000-7fbd62594000 r--s 00008000 08:06 19156                      /usr/lib/jvm/java-8-openjdk-amd64/jre/lib/ext/sunec.jar
7fbd62594000-7fbd6259e000 r--s 00116000 08:06 19165                      /usr/lib/jvm/java-8-openjdk-amd64/jre/lib/ext/localedata.jar
7fbd6259e000-7fbd625a4000 r--s 0003b000 08:06 19161                      /usr/lib/jvm/java-8-openjdk-amd64/jre/lib/ext/sunjce_provider.jar
7fbd625a4000-7fbd625ac000 rw-s 00000000 08:06 524303                     /tmp/hsperfdata_danieledt/1022
7fbd625ac000-7fbd625ad000 rw-p 00000000 00:00 0 
7fbd625ad000-7fbd625ae000 r--p 00000000 00:00 0 
7fbd625ae000-7fbd625af000 rw-p 00000000 00:00 0 
7fbd625af000-7fbd625b0000 r--p 00025000 08:06 5248708                    /lib/x86_64-linux-gnu/ld-2.23.so
7fbd625b0000-7fbd625b1000 rw-p 00026000 08:06 5248708                    /lib/x86_64-linux-gnu/ld-2.23.so
7fbd625b1000-7fbd625b2000 rw-p 00000000 00:00 0 
7ffd62082000-7ffd620a3000 rw-p 00000000 00:00 0                          [stack]
7ffd621f4000-7ffd621f7000 r--p 00000000 00:00 0                          [vvar]
7ffd621f7000-7ffd621f9000 r-xp 00000000 00:00 0                          [vdso]
ffffffffff600000-ffffffffff601000 r-xp 00000000 00:00 0                  [vsyscall]

VM Arguments:
jvm_args: -Dfile.encoding=UTF-8 
java_command: boundary.Main
java_class_path (initial): /usr/lib/jvm/java-8-openjdk-amd64/jre/lib/resources.jar:/usr/lib/jvm/java-8-openjdk-amd64/jre/lib/rt.jar:/usr/lib/jvm/java-8-openjdk-amd64/jre/lib/jsse.jar:/usr/lib/jvm/java-8-openjdk-amd64/jre/lib/jce.jar:/usr/lib/jvm/java-8-openjdk-amd64/jre/lib/charsets.jar:/usr/lib/jvm/java-8-openjdk-amd64/jre/lib/ext/sunjce_provider.jar:/usr/lib/jvm/java-8-openjdk-amd64/jre/lib/ext/localedata.jar:/usr/lib/jvm/java-8-openjdk-amd64/jre/lib/ext/sunec.jar:/usr/lib/jvm/java-8-openjdk-amd64/jre/lib/ext/jaccess.jar:/usr/lib/jvm/java-8-openjdk-amd64/jre/lib/ext/sunpkcs11.jar:/usr/lib/jvm/java-8-openjdk-amd64/jre/lib/ext/nashorn.jar:/usr/lib/jvm/java-8-openjdk-amd64/jre/lib/ext/dnsns.jar:/usr/lib/jvm/java-8-openjdk-amd64/jre/lib/ext/jfxrt.jar:/usr/lib/jvm/java-8-openjdk-amd64/jre/lib/ext/cldrdata.jar:/usr/lib/jvm/java-8-openjdk-amd64/jre/lib/ext/icedtea-sound.jar:/usr/lib/jvm/java-8-openjdk-amd64/jre/lib/ext/zipfs.jar:/home/danieledt/Documenti/Eclipse/BD/bin:/home/danieledt/Documenti/Eclipse/BD/lib/postgresql-42.2.2.jar:/home/danieledt/Documenti/Eclipse/BD/miglayout15-swing.jar:/home/danieledt/Documenti/Eclipse/BD/jgoodies-forms-1.8.0.jar
Launcher Type: SUN_STANDARD

Environment Variables:
JAVA_HOME=/usr/lib/jvm/java-8-oracle
PATH=/home/danieledt/bin:/home/danieledt/.local/bin:/usr/local/sbin:/usr/local/bin:/usr/sbin:/usr/bin:/sbin:/bin:/usr/games:/usr/local/games:/snap/bin:/usr/lib/jvm/java-8-oracle/bin:/usr/lib/jvm/java-8-oracle/db/bin:/usr/lib/jvm/java-8-oracle/jre/bin
SHELL=/bin/bash
DISPLAY=:0.0

Signal Handlers:
SIGSEGV: [libjvm.so+0xa6e6f0], sa_mask[0]=11111111011111111101111111111110, sa_flags=SA_RESTART|SA_SIGINFO
SIGBUS: [libjvm.so+0xa6e6f0], sa_mask[0]=11111111011111111101111111111110, sa_flags=SA_RESTART|SA_SIGINFO
SIGFPE: [libjvm.so+0x8b5d50], sa_mask[0]=11111111011111111101111111111110, sa_flags=SA_RESTART|SA_SIGINFO
SIGPIPE: SIG_IGN, sa_mask[0]=00000000000010000000000000000000, sa_flags=SA_RESTART
SIGXFSZ: [libjvm.so+0x8b5d50], sa_mask[0]=11111111011111111101111111111110, sa_flags=SA_RESTART|SA_SIGINFO
SIGILL: [libjvm.so+0x8b5d50], sa_mask[0]=11111111011111111101111111111110, sa_flags=SA_RESTART|SA_SIGINFO
SIGUSR1: SIG_DFL, sa_mask[0]=00000000000000000000000000000000, sa_flags=none
SIGUSR2: [libjvm.so+0x8b5c00], sa_mask[0]=00100000000000000000000000000000, sa_flags=SA_RESTART|SA_SIGINFO
SIGHUP: [libjvm.so+0x8b60d0], sa_mask[0]=11111111011111111101111111111110, sa_flags=SA_RESTART|SA_SIGINFO
SIGINT: SIG_IGN, sa_mask[0]=00000000000000000000000000000000, sa_flags=none
SIGTERM: [libjvm.so+0x8b60d0], sa_mask[0]=11111111011111111101111111111110, sa_flags=SA_RESTART|SA_SIGINFO
SIGQUIT: [libjvm.so+0x8b60d0], sa_mask[0]=11111111011111111101111111111110, sa_flags=SA_RESTART|SA_SIGINFO


---------------  S Y S T E M  ---------------

OS:DISTRIB_ID=Ubuntu
DISTRIB_RELEASE=16.04
DISTRIB_CODENAME=xenial
DISTRIB_DESCRIPTION="Ubuntu 16.04.4 LTS"

uname:Linux 4.13.0-45-generic #50~16.04.1-Ubuntu SMP Wed May 30 11:18:27 UTC 2018 x86_64
libc:glibc 2.23 NPTL 2.23 
rlimit: STACK 8192k, CORE 0k, NPROC 27227, NOFILE 1048576, AS infinity
load average:1,35 0,96 0,90

/proc/meminfo:
MemTotal:        7080616 kB
MemFree:         2320116 kB
MemAvailable:    3930716 kB
Buffers:          141784 kB
Cached:          1729624 kB
SwapCached:            0 kB
Active:          3407400 kB
Inactive:        1067888 kB
Active(anon):    2612944 kB
Inactive(anon):    69440 kB
Active(file):     794456 kB
Inactive(file):   998448 kB
Unevictable:          80 kB
Mlocked:              80 kB
SwapTotal:       5000188 kB
SwapFree:        5000188 kB
Dirty:             18324 kB
Writeback:          2068 kB
AnonPages:       2604156 kB
Mapped:           565396 kB
Shmem:             78376 kB
Slab:             118524 kB
SReclaimable:      75888 kB
SUnreclaim:        42636 kB
KernelStack:       12112 kB
PageTables:        43452 kB
NFS_Unstable:          0 kB
Bounce:                0 kB
WritebackTmp:          0 kB
CommitLimit:     8540496 kB
Committed_AS:    7329464 kB
VmallocTotal:   34359738367 kB
VmallocUsed:           0 kB
VmallocChunk:          0 kB
HardwareCorrupted:     0 kB
AnonHugePages:         0 kB
ShmemHugePages:        0 kB
ShmemPmdMapped:        0 kB
CmaTotal:              0 kB
CmaFree:               0 kB
HugePages_Total:       0
HugePages_Free:        0
HugePages_Rsvd:        0
HugePages_Surp:        0
Hugepagesize:       2048 kB
DirectMap4k:      216540 kB
DirectMap2M:     6019072 kB
DirectMap1G:     1048576 kB


CPU:total 4 (initial active 4) (4 cores per cpu, 1 threads per core) family 22 model 48 stepping 1, cmov, cx8, fxsr, mmx, sse, sse2, sse3, ssse3, sse4.1, sse4.2, popcnt, avx, aes, clmul, mmxext, 3dnowpref, lzcnt, sse4a, tsc, tscinvbit, tscinv, bmi1

/proc/cpuinfo:
processor	: 0
vendor_id	: AuthenticAMD
cpu family	: 22
model		: 48
model name	: AMD A8-6410 APU with AMD Radeon R5 Graphics
stepping	: 1
microcode	: 0x7030105
cpu MHz		: 1796.524
cache size	: 2048 KB
physical id	: 0
siblings	: 4
core id		: 0
cpu cores	: 4
apicid		: 0
initial apicid	: 0
fpu		: yes
fpu_exception	: yes
cpuid level	: 13
wp		: yes
flags		: fpu vme de pse tsc msr pae mce cx8 apic sep mtrr pge mca cmov pat pse36 clflush mmx fxsr sse sse2 ht syscall nx mmxext fxsr_opt pdpe1gb rdtscp lm constant_tsc rep_good acc_power nopl nonstop_tsc cpuid extd_apicid aperfmperf pni pclmulqdq monitor ssse3 cx16 sse4_1 sse4_2 movbe popcnt aes xsave avx f16c rdrand lahf_lm cmp_legacy svm extapic cr8_legacy abm sse4a misalignsse 3dnowprefetch osvw ibs skinit wdt topoext perfctr_nb bpext ptsc perfctr_l2 cpb hw_pstate retpoline retpoline_amd rsb_ctxsw ssbd ls_cfg_ssbd vmmcall bmi1 xsaveopt arat npt lbrv svm_lock nrip_save tsc_scale flushbyasid decodeassists pausefilter pfthreshold overflow_recov
bugs		: fxsave_leak sysret_ss_attrs null_seg spectre_v1 spectre_v2 spec_store_bypass
bogomips	: 3992.25
TLB size	: 1024 4K pages
clflush size	: 64
cache_alignment	: 64
address sizes	: 40 bits physical, 48 bits virtual
power management: ts ttp tm 100mhzsteps hwpstate cpb acc_power [13]

processor	: 1
vendor_id	: AuthenticAMD
cpu family	: 22
model		: 48
model name	: AMD A8-6410 APU with AMD Radeon R5 Graphics
stepping	: 1
microcode	: 0x7030105
cpu MHz		: 1796.525
cache size	: 2048 KB
physical id	: 0
siblings	: 4
core id		: 1
cpu cores	: 4
apicid		: 1
initial apicid	: 1
fpu		: yes
fpu_exception	: yes
cpuid level	: 13
wp		: yes
flags		: fpu vme de pse tsc msr pae mce cx8 apic sep mtrr pge mca cmov pat pse36 clflush mmx fxsr sse sse2 ht syscall nx mmxext fxsr_opt pdpe1gb rdtscp lm constant_tsc rep_good acc_power nopl nonstop_tsc cpuid extd_apicid aperfmperf pni pclmulqdq monitor ssse3 cx16 sse4_1 sse4_2 movbe popcnt aes xsave avx f16c rdrand lahf_lm cmp_legacy svm extapic cr8_legacy abm sse4a misalignsse 3dnowprefetch osvw ibs skinit wdt topoext perfctr_nb bpext ptsc perfctr_l2 cpb hw_pstate retpoline retpoline_amd rsb_ctxsw ssbd ls_cfg_ssbd vmmcall bmi1 xsaveopt arat npt lbrv svm_lock nrip_save tsc_scale flushbyasid decodeassists pausefilter pfthreshold overflow_recov
bugs		: fxsave_leak sysret_ss_attrs null_seg spectre_v1 spectre_v2 spec_store_bypass
bogomips	: 3992.25
TLB size	: 1024 4K pages
clflush size	: 64
cache_alignment	: 64
address sizes	: 40 bits physical, 48 bits virtual
power management: ts ttp tm 100mhzsteps hwpstate cpb acc_power [13]

processor	: 2
vendor_id	: AuthenticAMD
cpu family	: 22
model		: 48
model name	: AMD A8-6410 APU with AMD Radeon R5 Graphics
stepping	: 1
microcode	: 0x7030105
cpu MHz		: 1796.517
cache size	: 2048 KB
physical id	: 0
siblings	: 4
core id		: 2
cpu cores	: 4
apicid		: 2
initial apicid	: 2
fpu		: yes
fpu_exception	: yes
cpuid level	: 13
wp		: yes
flags		: fpu vme de pse tsc msr pae mce cx8 apic sep mtrr pge mca cmov pat pse36 clflush mmx fxsr sse sse2 ht syscall nx mmxext fxsr_opt pdpe1gb rdtscp lm constant_tsc rep_good acc_power nopl nonstop_tsc cpuid extd_apicid aperfmperf pni pclmulqdq monitor ssse3 cx16 sse4_1 sse4_2 movbe popcnt aes xsave avx f16c rdrand lahf_lm cmp_legacy svm extapic cr8_legacy abm sse4a misalignsse 3dnowprefetch osvw ibs skinit wdt topoext perfctr_nb bpext ptsc perfctr_l2 cpb hw_pstate retpoline retpoline_amd rsb_ctxsw ssbd ls_cfg_ssbd vmmcall bmi1 xsaveopt arat npt lbrv svm_lock nrip_save tsc_scale flushbyasid decodeassists pausefilter pfthreshold overflow_recov
bugs		: fxsave_leak sysret_ss_attrs null_seg spectre_v1 spectre_v2 spec_store_bypass
bogomips	: 3992.25
TLB size	: 1024 4K pages
clflush size	: 64
cache_alignment	: 64
address sizes	: 40 bits physical, 48 bits virtual
power management: ts ttp tm 100mhzsteps hwpstate cpb acc_power [13]

processor	: 3
vendor_id	: AuthenticAMD
cpu family	: 22
model		: 48
model name	: AMD A8-6410 APU with AMD Radeon R5 Graphics
stepping	: 1
microcode	: 0x7030105
cpu MHz		: 1796.521
cache size	: 2048 KB
physical id	: 0
siblings	: 4
core id		: 3
cpu cores	: 4
apicid		: 3
initial apicid	: 3
fpu		: yes
fpu_exception	: yes
cpuid level	: 13
wp		: yes
flags		: fpu vme de pse tsc msr pae mce cx8 apic sep mtrr pge mca cmov pat pse36 clflush mmx fxsr sse sse2 ht syscall nx mmxext fxsr_opt pdpe1gb rdtscp lm constant_tsc rep_good acc_power nopl nonstop_tsc cpuid extd_apicid aperfmperf pni pclmulqdq monitor ssse3 cx16 sse4_1 sse4_2 movbe popcnt aes xsave avx f16c rdrand lahf_lm cmp_legacy svm extapic cr8_legacy abm sse4a misalignsse 3dnowprefetch osvw ibs skinit wdt topoext perfctr_nb bpext ptsc perfctr_l2 cpb hw_pstate retpoline retpoline_amd rsb_ctxsw ssbd ls_cfg_ssbd vmmcall bmi1 xsaveopt arat npt lbrv svm_lock nrip_save tsc_scale flushbyasid decodeassists pausefilter pfthreshold overflow_recov
bugs		: fxsave_leak sysret_ss_attrs null_seg spectre_v1 spectre_v2 spec_store_bypass
bogomips	: 3992.25
TLB size	: 1024 4K pages
clflush size	: 64
cache_alignment	: 64
address sizes	: 40 bits physical, 48 bits virtual
power management: ts ttp tm 100mhzsteps hwpstate cpb acc_power [13]



Memory: 4k page, physical 7080616k(2320088k free), swap 5000188k(5000188k free)

vm_info: OpenJDK 64-Bit Server VM (25.171-b11) for linux-amd64 JRE (1.8.0_171-8u171-b11-0ubuntu0.16.04.1-b11), built on Apr 27 2018 17:19:03 by "buildd" with gcc 5.4.0 20160609

time: Sat Jul  7 12:51:38 2018
elapsed time: 13 seconds (0d 0h 0m 13s)

