#
# A fatal error has been detected by the Java Runtime Environment:
#
#  SIGSEGV (0xb) at pc=0x00007f382dd2027d, pid=15041, tid=0x00007f37c69b4700
#
# JRE version: OpenJDK Runtime Environment (8.0_171-b11) (build 1.8.0_171-8u171-b11-0ubuntu0.16.04.1-b11)
# Java VM: OpenJDK 64-Bit Server VM (25.171-b11 mixed mode linux-amd64 compressed oops)
# Problematic frame:
# V  [libjvm.so+0x67e27d]
#
# Failed to write core dump. Core dumps have been disabled. To enable core dumping, try "ulimit -c unlimited" before starting Java again
#
# If you would like to submit a bug report, please visit:
#   http://bugreport.java.com/bugreport/crash.jsp
#

---------------  T H R E A D  ---------------

Current thread (0x00007f382833a000):  JavaThread "JavaFX Application Thread" [_thread_in_vm, id=15079, stack(0x00007f37c68b4000,0x00007f37c69b5000)]

siginfo: si_signo: 11 (SIGSEGV), si_code: 128 (SI_KERNEL), si_addr: 0x0000000000000000

Registers:
RAX=0x0000000000000000, RBX=0x00007f382833a000, RCX=0x00007f38282af408, RDX=0x2f78666176616a4c
RSP=0x00007f37c69b3230, RBP=0x00007f37c69b33b0, RSI=0x00007f37c69b33d0, RDI=0x00007f382833a1e0
R8 =0x00007f37c69b3400, R9 =0x00007f382833a000, R10=0x00007f37b4000a50, R11=0x00007f3818fe08e0
R12=0x00007f382833a1e0, R13=0x00007f382833a000, R14=0x00007f37c69b3400, R15=0x00007f37c69b3490
RIP=0x00007f382dd2027d, EFLAGS=0x0000000000010202, CSGSFS=0x002b000000000033, ERR=0x0000000000000000
  TRAPNO=0x000000000000000d

Top of Stack: (sp=0x00007f37c69b3230)
0x00007f37c69b3230:   00007f37c69b3340 00007f382dd06c27
0x00007f37c69b3240:   00007f382833a000 00007f382833a000
0x00007f37c69b3250:   00007f380000000e 00007f382833a1e0
0x00007f37c69b3260:   00007f37c69b3270 00007f37c69b33d0
0x00007f37c69b3270:   00007f3807d08438 00007f382833a000
0x00007f37c69b3280:   00007f3807d08438 00007f382833a000
0x00007f37c69b3290:   00007f382833a7d0 00007f37e8011280
0x00007f37c69b32a0:   00007f37e8011290 00007f37e8011668
0x00007f37c69b32b0:   00000000000003d8 00007f382833a810
0x00007f37c69b32c0:   00007f3807d08438 00007f382833a000
0x00007f37c69b32d0:   0000000007cfc878 00000000dc821e40
0x00007f37c69b32e0:   0000000000000000 00007f3818bfcd9b
0x00007f37c69b32f0:   00007f3807d08438 00007f382833a000
0x00007f37c69b3300:   00007f37c69b3340 00000000dc873c20
0x00007f37c69b3310:   000000000000006f 00007f370000000a
0x00007f37c69b3320:   00000000dd62b9b0 00007f3800000000
0x00007f37c69b3330:   00007f37c69b3420 00007f37c69b33e0
0x00007f37c69b3340:   00007f37c69b34d0 0000000100000181
0x00007f37c69b3350:   00007f37c69b3550 00007f37c69b3308
0x00007f37c69b3360:   00007f37c69b3349 0000000800000005
0x00007f37c69b3370:   00007f3800000000 f934aba570135700
0x00007f37c69b3380:   00007f37c69b3390 00007f382833a000
0x00007f37c69b3390:   00007f382833a1e0 00007f38282af408
0x00007f37c69b33a0:   00007f37c69b3400 00007f37c69b3490
0x00007f37c69b33b0:   00007f37c69b3480 00007f382dd23ea2
0x00007f37c69b33c0:   00007f37e8011290 2f78666176616a4c
0x00007f37c69b33d0:   000000000000000e 00007f3800000000
0x00007f37c69b33e0:   00007f382833a000 0000000000000000
0x00007f37c69b33f0:   0000000005600004 f934aba570135700
0x00007f37c69b3400:   00007f382e506bf8 00007f382f25c710
0x00007f37c69b3410:   00000000282cb710 00007f3700000063
0x00007f37c69b3420:   0000000000000000 0000003000000018 

Instructions: (pc=0x00007f382dd2027d)
0x00007f382dd2025d:   ff 48 89 b5 b8 fe ff ff 64 48 8b 04 25 28 00 00
0x00007f382dd2026d:   00 48 89 45 c8 31 c0 48 85 d2 0f 84 7b 05 00 00
0x00007f382dd2027d:   4c 8b 32 4d 85 f6 0f 84 6f 05 00 00 49 8b b9 20
0x00007f382dd2028d:   01 00 00 48 89 cb 4d 89 c4 e8 35 42 ff ff 4c 89 

Register to memory mapping:

RAX=0x0000000000000000 is an unknown value
RBX=0x00007f382833a000 is a thread
RCX=0x00007f38282af408 is an unknown value
RDX=0x2f78666176616a4c is an unknown value
RSP=0x00007f37c69b3230 is pointing into the stack for thread: 0x00007f382833a000
RBP=0x00007f37c69b33b0 is pointing into the stack for thread: 0x00007f382833a000
RSI=0x00007f37c69b33d0 is pointing into the stack for thread: 0x00007f382833a000
RDI=0x00007f382833a1e0 is an unknown value
R8 =0x00007f37c69b3400 is pointing into the stack for thread: 0x00007f382833a000
R9 =0x00007f382833a000 is a thread
R10=0x00007f37b4000a50 is an unknown value
R11=0x00007f3818fe08e0 is at entry_point+32 in (nmethod*)0x00007f3818fe0750
R12=0x00007f382833a1e0 is an unknown value
R13=0x00007f382833a000 is a thread
R14=0x00007f37c69b3400 is pointing into the stack for thread: 0x00007f382833a000
R15=0x00007f37c69b3490 is pointing into the stack for thread: 0x00007f382833a000


Stack: [0x00007f37c68b4000,0x00007f37c69b5000],  sp=0x00007f37c69b3230,  free space=1020k
Native frames: (J=compiled Java code, j=interpreted, Vv=VM code, C=native code)
V  [libjvm.so+0x67e27d]
V  [libjvm.so+0x681ea2]
C  [libglass.so+0x11e63]  JNIEnv_::CallVoidMethod(_jobject*, _jmethodID*, ...)+0x93
C  [libglass.so+0x1c2e5]  WindowContextBase::process_key(_GdkEventKey*)+0x215
C  [libglass.so+0x11ad0]  WindowContextBase::im_filter_keypress(_GdkEventKey*)+0x1f0
C  [libglass.so+0x21fbc]
C  [libgdk-x11-2.0.so.0+0x5ac8c]

Java frames: (J=compiled Java code, j=interpreted, Vv=VM code)
j  com.sun.glass.ui.gtk.GtkApplication._runLoop(Ljava/lang/Runnable;Z)V+0
j  com.sun.glass.ui.gtk.GtkApplication.lambda$null$450(Ljava/lang/Runnable;Z)V+7
j  com.sun.glass.ui.gtk.GtkApplication$$Lambda$41.run()V+12
j  java.lang.Thread.run()V+11
v  ~StubRoutines::call_stub

---------------  P R O C E S S  ---------------

Java Threads: ( => current thread )
  0x00007f37b4312000 JavaThread "Prism Font Disposer" daemon [_thread_blocked, id=15090, stack(0x00007f37c4a2b000,0x00007f37c4b2c000)]
  0x00007f382833e000 JavaThread "JavaFX-Launcher" [_thread_blocked, id=15081, stack(0x00007f37c5fa6000,0x00007f37c60a7000)]
=>0x00007f382833a000 JavaThread "JavaFX Application Thread" [_thread_in_vm, id=15079, stack(0x00007f37c68b4000,0x00007f37c69b5000)]
  0x00007f3828336800 JavaThread "Thread-1" daemon [_thread_blocked, id=15077, stack(0x00007f37c69b5000,0x00007f37c6ab6000)]
  0x00007f382827d000 JavaThread "QuantumRenderer-0" daemon [_thread_blocked, id=15065, stack(0x00007f3805e7a000,0x00007f3805f7b000)]
  0x00007f38280c0800 JavaThread "Service Thread" daemon [_thread_blocked, id=15060, stack(0x00007f3806112000,0x00007f3806213000)]
  0x00007f38280bd800 JavaThread "C1 CompilerThread2" daemon [_thread_blocked, id=15059, stack(0x00007f3806213000,0x00007f3806314000)]
  0x00007f38280bb800 JavaThread "C2 CompilerThread1" daemon [_thread_blocked, id=15058, stack(0x00007f3806314000,0x00007f3806415000)]
  0x00007f38280b9000 JavaThread "C2 CompilerThread0" daemon [_thread_in_native, id=15057, stack(0x00007f3806415000,0x00007f3806516000)]
  0x00007f38280b7800 JavaThread "Signal Dispatcher" daemon [_thread_blocked, id=15056, stack(0x00007f3806516000,0x00007f3806617000)]
  0x00007f3828084800 JavaThread "Finalizer" daemon [_thread_blocked, id=15054, stack(0x00007f38068f1000,0x00007f38069f2000)]
  0x00007f3828080000 JavaThread "Reference Handler" daemon [_thread_blocked, id=15053, stack(0x00007f38069f2000,0x00007f3806af3000)]
  0x00007f382800b000 JavaThread "main" [_thread_blocked, id=15044, stack(0x00007f382f2fb000,0x00007f382f3fc000)]

Other Threads:
  0x00007f3828078800 VMThread [stack: 0x00007f3806af3000,0x00007f3806bf4000] [id=15052]
  0x00007f38280c3000 WatcherThread [stack: 0x00007f3806011000,0x00007f3806112000] [id=15061]

VM state:not at safepoint (normal execution)

VM Mutex/Monitor currently owned by a thread: None

Heap:
 PSYoungGen      total 32768K, used 11267K [0x00000000dbf80000, 0x00000000dff80000, 0x0000000100000000)
  eden space 28160K, 40% used [0x00000000dbf80000,0x00000000dca80df0,0x00000000ddb00000)
  from space 4608K, 0% used [0x00000000ddb00000,0x00000000ddb00000,0x00000000ddf80000)
  to   space 4608K, 0% used [0x00000000dfb00000,0x00000000dfb00000,0x00000000dff80000)
 ParOldGen       total 66048K, used 11797K [0x0000000093e00000, 0x0000000097e80000, 0x00000000dbf80000)
  object space 66048K, 17% used [0x0000000093e00000,0x0000000094985780,0x0000000097e80000)
 Metaspace       used 21327K, capacity 22516K, committed 22656K, reserved 1069056K
  class space    used 2844K, capacity 3103K, committed 3200K, reserved 1048576K

Card table byte_map: [0x00007f38184c3000,0x00007f3818825000] byte_map_base: 0x00007f3818024000

Marking Bits: (ParMarkBitMap*) 0x00007f382e5ca320
 Begin Bits: [0x00007f381496f000, 0x00007f3816477000)
 End Bits:   [0x00007f3816477000, 0x00007f3817f7f000)

Polling page: 0x00007f382f41e000

CodeCache: size=245760Kb used=7715Kb max_used=7715Kb free=238044Kb
 bounds [0x00007f3818be5000, 0x00007f3819375000, 0x00007f3827be5000]
 total_blobs=3041 nmethods=2378 adapters=578
 compilation: enabled

Compilation events (10 events):
Event: 11,370 Thread 0x00007f38280bd800 2376       3       javafx.scene.layout.Region::prefWidth (38 bytes)
Event: 11,372 Thread 0x00007f38280bd800 nmethod 2376 0x00007f381936fb50 code [0x00007f381936fd20, 0x00007f38193703f8]
Event: 11,372 Thread 0x00007f38280bd800 2378       3       javafx.scene.control.SkinBase::snappedLeftInset (8 bytes)
Event: 11,372 Thread 0x00007f38280bd800 nmethod 2378 0x00007f3819370610 code [0x00007f3819370780, 0x00007f38193709b0]
Event: 11,372 Thread 0x00007f38280bd800 2377       3       javafx.scene.Parent::prefWidth (89 bytes)
Event: 11,373 Thread 0x00007f38280bd800 nmethod 2377 0x00007f3819370a90 code [0x00007f3819370c60, 0x00007f3819371338]
Event: 11,373 Thread 0x00007f38280bd800 2380       3       com.sun.javafx.scene.control.skin.Utils::computeTextWidth (47 bytes)
Event: 11,374 Thread 0x00007f38280bd800 nmethod 2380 0x00007f3819371450 code [0x00007f3819371620, 0x00007f3819371b18]
Event: 11,374 Thread 0x00007f38280bd800 2379       3       javafx.geometry.BoundingBox::<init> (18 bytes)
Event: 11,375 Thread 0x00007f38280bd800 nmethod 2379 0x00007f3819371d10 code [0x00007f3819371e80, 0x00007f3819372048]

GC Heap History (8 events):
Event: 2,205 GC heap before
{Heap before GC invocations=1 (full 0):
 PSYoungGen      total 32768K, used 25713K [0x00000000dbf80000, 0x00000000de400000, 0x0000000100000000)
  eden space 28160K, 91% used [0x00000000dbf80000,0x00000000dd89c588,0x00000000ddb00000)
  from space 4608K, 0% used [0x00000000ddf80000,0x00000000ddf80000,0x00000000de400000)
  to   space 4608K, 0% used [0x00000000ddb00000,0x00000000ddb00000,0x00000000ddf80000)
 ParOldGen       total 75264K, used 0K [0x0000000093e00000, 0x0000000098780000, 0x00000000dbf80000)
  object space 75264K, 0% used [0x0000000093e00000,0x0000000093e00000,0x0000000098780000)
 Metaspace       used 11668K, capacity 12064K, committed 12416K, reserved 1060864K
  class space    used 1413K, capacity 1540K, committed 1664K, reserved 1048576K
Event: 2,223 GC heap after
Heap after GC invocations=1 (full 0):
 PSYoungGen      total 32768K, used 4595K [0x00000000dbf80000, 0x00000000de400000, 0x0000000100000000)
  eden space 28160K, 0% used [0x00000000dbf80000,0x00000000dbf80000,0x00000000ddb00000)
  from space 4608K, 99% used [0x00000000ddb00000,0x00000000ddf7cd78,0x00000000ddf80000)
  to   space 4608K, 0% used [0x00000000ddf80000,0x00000000ddf80000,0x00000000de400000)
 ParOldGen       total 75264K, used 2971K [0x0000000093e00000, 0x0000000098780000, 0x00000000dbf80000)
  object space 75264K, 3% used [0x0000000093e00000,0x00000000940e6fd8,0x0000000098780000)
 Metaspace       used 11668K, capacity 12064K, committed 12416K, reserved 1060864K
  class space    used 1413K, capacity 1540K, committed 1664K, reserved 1048576K
}
Event: 8,641 GC heap before
{Heap before GC invocations=2 (full 0):
 PSYoungGen      total 32768K, used 32755K [0x00000000dbf80000, 0x00000000de400000, 0x0000000100000000)
  eden space 28160K, 100% used [0x00000000dbf80000,0x00000000ddb00000,0x00000000ddb00000)
  from space 4608K, 99% used [0x00000000ddb00000,0x00000000ddf7cd78,0x00000000ddf80000)
  to   space 4608K, 0% used [0x00000000ddf80000,0x00000000ddf80000,0x00000000de400000)
 ParOldGen       total 75264K, used 2971K [0x0000000093e00000, 0x0000000098780000, 0x00000000dbf80000)
  object space 75264K, 3% used [0x0000000093e00000,0x00000000940e6fd8,0x0000000098780000)
 Metaspace       used 18430K, capacity 19118K, committed 19328K, reserved 1067008K
  class space    used 2432K, capacity 2610K, committed 2688K, reserved 1048576K
Event: 8,665 GC heap after
Heap after GC invocations=2 (full 0):
 PSYoungGen      total 32768K, used 4577K [0x00000000dbf80000, 0x00000000de400000, 0x0000000100000000)
  eden space 28160K, 0% used [0x00000000dbf80000,0x00000000dbf80000,0x00000000ddb00000)
  from space 4608K, 99% used [0x00000000ddf80000,0x00000000de3f86d0,0x00000000de400000)
  to   space 4608K, 0% used [0x00000000ddb00000,0x00000000ddb00000,0x00000000ddf80000)
 ParOldGen       total 75264K, used 12126K [0x0000000093e00000, 0x0000000098780000, 0x00000000dbf80000)
  object space 75264K, 16% used [0x0000000093e00000,0x00000000949d78d8,0x0000000098780000)
 Metaspace       used 18430K, capacity 19118K, committed 19328K, reserved 1067008K
  class space    used 2432K, capacity 2610K, committed 2688K, reserved 1048576K
}
Event: 9,817 GC heap before
{Heap before GC invocations=3 (full 0):
 PSYoungGen      total 32768K, used 14855K [0x00000000dbf80000, 0x00000000de400000, 0x0000000100000000)
  eden space 28160K, 36% used [0x00000000dbf80000,0x00000000dc9897f0,0x00000000ddb00000)
  from space 4608K, 99% used [0x00000000ddf80000,0x00000000de3f86d0,0x00000000de400000)
  to   space 4608K, 0% used [0x00000000ddb00000,0x00000000ddb00000,0x00000000ddf80000)
 ParOldGen       total 75264K, used 12126K [0x0000000093e00000, 0x0000000098780000, 0x00000000dbf80000)
  object space 75264K, 16% used [0x0000000093e00000,0x00000000949d78d8,0x0000000098780000)
 Metaspace       used 20364K, capacity 21294K, committed 21296K, reserved 1067008K
  class space    used 2710K, capacity 2944K, committed 2944K, reserved 1048576K
Event: 9,848 GC heap after
Heap after GC invocations=3 (full 0):
 PSYoungGen      total 32768K, used 4592K [0x00000000dbf80000, 0x00000000dff80000, 0x0000000100000000)
  eden space 28160K, 0% used [0x00000000dbf80000,0x00000000dbf80000,0x00000000ddb00000)
  from space 4608K, 99% used [0x00000000ddb00000,0x00000000ddf7c060,0x00000000ddf80000)
  to   space 4608K, 0% used [0x00000000dfb00000,0x00000000dfb00000,0x00000000dff80000)
 ParOldGen       total 75264K, used 14188K [0x0000000093e00000, 0x0000000098780000, 0x00000000dbf80000)
  object space 75264K, 18% used [0x0000000093e00000,0x0000000094bdb3a8,0x0000000098780000)
 Metaspace       used 20364K, capacity 21294K, committed 21296K, reserved 1067008K
  class space    used 2710K, capacity 2944K, committed 2944K, reserved 1048576K
}
Event: 9,848 GC heap before
{Heap before GC invocations=4 (full 1):
 PSYoungGen      total 32768K, used 4592K [0x00000000dbf80000, 0x00000000dff80000, 0x0000000100000000)
  eden space 28160K, 0% used [0x00000000dbf80000,0x00000000dbf80000,0x00000000ddb00000)
  from space 4608K, 99% used [0x00000000ddb00000,0x00000000ddf7c060,0x00000000ddf80000)
  to   space 4608K, 0% used [0x00000000dfb00000,0x00000000dfb00000,0x00000000dff80000)
 ParOldGen       total 75264K, used 14188K [0x0000000093e00000, 0x0000000098780000, 0x00000000dbf80000)
  object space 75264K, 18% used [0x0000000093e00000,0x0000000094bdb3a8,0x0000000098780000)
 Metaspace       used 20364K, capacity 21294K, committed 21296K, reserved 1067008K
  class space    used 2710K, capacity 2944K, committed 2944K, reserved 1048576K
Event: 9,987 GC heap after
Heap after GC invocations=4 (full 1):
 PSYoungGen      total 32768K, used 0K [0x00000000dbf80000, 0x00000000dff80000, 0x0000000100000000)
  eden space 28160K, 0% used [0x00000000dbf80000,0x00000000dbf80000,0x00000000ddb00000)
  from space 4608K, 0% used [0x00000000ddb00000,0x00000000ddb00000,0x00000000ddf80000)
  to   space 4608K, 0% used [0x00000000dfb00000,0x00000000dfb00000,0x00000000dff80000)
 ParOldGen       total 66048K, used 11797K [0x0000000093e00000, 0x0000000097e80000, 0x00000000dbf80000)
  object space 66048K, 17% used [0x0000000093e00000,0x0000000094985780,0x0000000097e80000)
 Metaspace       used 20364K, capacity 21294K, committed 21296K, reserved 1067008K
  class space    used 2710K, capacity 2944K, committed 2944K, reserved 1048576K
}

Deoptimization events (10 events):
Event: 10,088 Thread 0x00007f382833a000 Uncommon trap: reason=bimorphic action=maybe_recompile pc=0x00007f3819172afc method=com.sun.javafx.css.SimpleSelector.applies(Ljavafx/css/Styleable;)Z @ 95
Event: 10,093 Thread 0x00007f382833a000 Uncommon trap: reason=bimorphic action=maybe_recompile pc=0x00007f3819172afc method=com.sun.javafx.css.SimpleSelector.applies(Ljavafx/css/Styleable;)Z @ 95
Event: 10,102 Thread 0x00007f382833a000 Uncommon trap: reason=bimorphic action=maybe_recompile pc=0x00007f3819172afc method=com.sun.javafx.css.SimpleSelector.applies(Ljavafx/css/Styleable;)Z @ 95
Event: 10,103 Thread 0x00007f382833a000 Uncommon trap: reason=bimorphic action=maybe_recompile pc=0x00007f3819172afc method=com.sun.javafx.css.SimpleSelector.applies(Ljavafx/css/Styleable;)Z @ 95
Event: 10,184 Thread 0x00007f382833a000 Uncommon trap: reason=array_check action=maybe_recompile pc=0x00007f38191a8554 method=com.sun.javafx.css.CompoundSelector.applies(Ljavafx/css/Styleable;[Ljava/util/Set;I)Z @ 128
Event: 10,184 Thread 0x00007f382833a000 Uncommon trap: reason=array_check action=maybe_recompile pc=0x00007f38191a8554 method=com.sun.javafx.css.CompoundSelector.applies(Ljavafx/css/Styleable;[Ljava/util/Set;I)Z @ 128
Event: 10,185 Thread 0x00007f382833a000 Uncommon trap: reason=array_check action=maybe_recompile pc=0x00007f38191a8554 method=com.sun.javafx.css.CompoundSelector.applies(Ljavafx/css/Styleable;[Ljava/util/Set;I)Z @ 128
Event: 10,185 Thread 0x00007f382833a000 Uncommon trap: reason=array_check action=maybe_recompile pc=0x00007f38191a8554 method=com.sun.javafx.css.CompoundSelector.applies(Ljavafx/css/Styleable;[Ljava/util/Set;I)Z @ 128
Event: 10,726 Thread 0x00007f382833a000 Uncommon trap: reason=unstable_if action=reinterpret pc=0x00007f3819262b84 method=javafx.scene.CssStyleHelper.lookup(Ljavafx/css/Styleable;Ljavafx/css/CssMetaData;Lcom/sun/javafx/css/StyleMap;Ljava/util/Set;Ljavafx/css/Styleable;Lcom/sun/javafx/css/Calcul
Event: 11,020 Thread 0x00007f382833a000 Uncommon trap: reason=bimorphic action=maybe_recompile pc=0x00007f381917f15c method=java.util.HashMap.putVal(ILjava/lang/Object;Ljava/lang/Object;ZZ)Ljava/lang/Object; @ 203

Classes redefined (0 events):
No events

Internal exceptions (10 events):
Event: 1,963 Thread 0x00007f382833a000 Exception <a 'java/lang/ArrayIndexOutOfBoundsException'> (0x00000000dd63c1f8) thrown at [/build/openjdk-8-wnL82d/openjdk-8-8u171-b11/src/hotspot/src/share/vm/runtime/sharedRuntime.cpp, line 605]
Event: 1,964 Thread 0x00007f382833a000 Exception <a 'java/lang/ArrayIndexOutOfBoundsException'> (0x00000000dd63cef8) thrown at [/build/openjdk-8-wnL82d/openjdk-8-8u171-b11/src/hotspot/src/share/vm/runtime/sharedRuntime.cpp, line 605]
Event: 1,965 Thread 0x00007f382833a000 Exception <a 'java/lang/ArrayIndexOutOfBoundsException'> (0x00000000dd63e2a0) thrown at [/build/openjdk-8-wnL82d/openjdk-8-8u171-b11/src/hotspot/src/share/vm/runtime/sharedRuntime.cpp, line 605]
Event: 2,339 Thread 0x00007f382833a000 Implicit null exception at 0x00007f3818eaa6b5 to 0x00007f3818eaa8d1
Event: 8,381 Thread 0x00007f382833a000 Implicit null exception at 0x00007f3818e9c275 to 0x00007f3818e9c615
Event: 8,809 Thread 0x00007f382833a000 Exception <a 'java/lang/ArrayIndexOutOfBoundsException'> (0x00000000dc2304f0) thrown at [/build/openjdk-8-wnL82d/openjdk-8-8u171-b11/src/hotspot/src/share/vm/runtime/sharedRuntime.cpp, line 605]
Event: 8,955 Thread 0x00007f382833a000 Exception <a 'java/lang/ArrayIndexOutOfBoundsException'> (0x00000000dc4352b0) thrown at [/build/openjdk-8-wnL82d/openjdk-8-8u171-b11/src/hotspot/src/share/vm/runtime/sharedRuntime.cpp, line 605]
Event: 8,955 Thread 0x00007f382833a000 Exception <a 'java/lang/ArrayIndexOutOfBoundsException'> (0x00000000dc436498) thrown at [/build/openjdk-8-wnL82d/openjdk-8-8u171-b11/src/hotspot/src/share/vm/runtime/sharedRuntime.cpp, line 605]
Event: 8,956 Thread 0x00007f382833a000 Exception <a 'java/lang/ArrayIndexOutOfBoundsException'> (0x00000000dc4380d8) thrown at [/build/openjdk-8-wnL82d/openjdk-8-8u171-b11/src/hotspot/src/share/vm/runtime/sharedRuntime.cpp, line 605]
Event: 9,112 Thread 0x00007f382833a000 Exception <a 'java/io/FileNotFoundException'> (0x00000000dc52fb50) thrown at [/build/openjdk-8-wnL82d/openjdk-8-8u171-b11/src/hotspot/src/share/vm/prims/jni.cpp, line 709]

Events (10 events):
Event: 11,106 loading class javafx/event/EventHandler
Event: 11,106 loading class javafx/event/EventHandler done
Event: 11,145 Executing VM operation: ForceSafepoint
Event: 11,146 Executing VM operation: ForceSafepoint done
Event: 11,257 loading class com/sun/javafx/scene/control/skin/Utils$2
Event: 11,257 loading class com/sun/javafx/scene/control/skin/Utils$2 done
Event: 11,376 Thread 0x00007f382833a000 DEOPT PACKING pc=0x00007f3818fba4d4 sp=0x00007f37c69b13a0
Event: 11,376 Thread 0x00007f382833a000 DEOPT UNPACKING pc=0x00007f3818c2c0c4 sp=0x00007f37c69b1128 mode 0
Event: 11,376 Thread 0x00007f382833a000 DEOPT PACKING pc=0x00007f3818fba4d4 sp=0x00007f37c69b1c80
Event: 11,376 Thread 0x00007f382833a000 DEOPT UNPACKING pc=0x00007f3818c2c0c4 sp=0x00007f37c69b1a08 mode 0


Dynamic libraries:
00400000-00401000 r-xp 00000000 08:06 19152                              /usr/lib/jvm/java-8-openjdk-amd64/jre/bin/java
00600000-00601000 r--p 00000000 08:06 19152                              /usr/lib/jvm/java-8-openjdk-amd64/jre/bin/java
00601000-00602000 rw-p 00001000 08:06 19152                              /usr/lib/jvm/java-8-openjdk-amd64/jre/bin/java
01135000-01156000 rw-p 00000000 00:00 0                                  [heap]
93e00000-97e80000 rw-p 00000000 00:00 0 
97e80000-dbf80000 ---p 00000000 00:00 0 
dbf80000-dff80000 rw-p 00000000 00:00 0 
dff80000-100000000 ---p 00000000 00:00 0 
100000000-100320000 rw-p 00000000 00:00 0 
100320000-140000000 ---p 00000000 00:00 0 
7f3794d53000-7f3794dff000 r--p 00000000 08:06 78714                      /usr/share/fonts/truetype/dejavu/DejaVuSans-Bold.ttf
7f3794dff000-7f3794eff000 rw-p 00000000 00:00 0 
7f3794eff000-7f3794fff000 ---p 00000000 00:00 0 
7f3794fff000-7f3798000000 rw-p 00000000 00:00 0 
7f3798000000-7f3798021000 rw-p 00000000 00:00 0 
7f3798021000-7f379c000000 ---p 00000000 00:00 0 
7f379c000000-7f379c021000 rw-p 00000000 00:00 0 
7f379c021000-7f37a0000000 ---p 00000000 00:00 0 
7f37a0000000-7f37a0021000 rw-p 00000000 00:00 0 
7f37a0021000-7f37a4000000 ---p 00000000 00:00 0 
7f37a4000000-7f37a4021000 rw-p 00000000 00:00 0 
7f37a4021000-7f37a8000000 ---p 00000000 00:00 0 
7f37a8000000-7f37a8021000 rw-p 00000000 00:00 0 
7f37a8021000-7f37ac000000 ---p 00000000 00:00 0 
7f37ac000000-7f37ac021000 rw-p 00000000 00:00 0 
7f37ac021000-7f37b0000000 ---p 00000000 00:00 0 
7f37b0000000-7f37b0022000 rw-p 00000000 00:00 0 
7f37b0022000-7f37b4000000 ---p 00000000 00:00 0 
7f37b4000000-7f37b44fb000 rw-p 00000000 00:00 0 
7f37b44fb000-7f37b8000000 ---p 00000000 00:00 0 
7f37b8000000-7f37b8021000 rw-p 00000000 00:00 0 
7f37b8021000-7f37bc000000 ---p 00000000 00:00 0 
7f37bc000000-7f37bc021000 rw-p 00000000 00:00 0 
7f37bc021000-7f37c0000000 ---p 00000000 00:00 0 
7f37c0000000-7f37c0021000 rw-p 00000000 00:00 0 
7f37c0021000-7f37c4000000 ---p 00000000 00:00 0 
7f37c408c000-7f37c428c000 rw-p 00000000 00:00 0 
7f37c428c000-7f37c42a2000 r-xp 00000000 08:06 19197                      /usr/lib/jvm/java-8-openjdk-amd64/jre/lib/amd64/libnet.so
7f37c42a2000-7f37c44a2000 ---p 00016000 08:06 19197                      /usr/lib/jvm/java-8-openjdk-amd64/jre/lib/amd64/libnet.so
7f37c44a2000-7f37c44a3000 r--p 00016000 08:06 19197                      /usr/lib/jvm/java-8-openjdk-amd64/jre/lib/amd64/libnet.so
7f37c44a3000-7f37c44a4000 rw-p 00017000 08:06 19197                      /usr/lib/jvm/java-8-openjdk-amd64/jre/lib/amd64/libnet.so
7f37c44a4000-7f37c45fb000 rw-s 105072000 00:06 332                       /dev/dri/renderD128
7f37c45fb000-7f37c47fb000 rw-p 00000000 00:00 0 
7f37c480b000-7f37c490b000 rw-s 104e1c000 00:06 332                       /dev/dri/renderD128
7f37c490b000-7f37c4a0b000 rw-s 104af6000 00:06 332                       /dev/dri/renderD128
7f37c4a0b000-7f37c4a2b000 rw-s 1005d1000 00:06 332                       /dev/dri/renderD128
7f37c4a2b000-7f37c4a2e000 ---p 00000000 00:00 0 
7f37c4a2e000-7f37c4b2c000 rw-p 00000000 00:00 0 
7f37c4b2c000-7f37c4be5000 r--p 00000000 08:06 78715                      /usr/share/fonts/truetype/dejavu/DejaVuSans.ttf
7f37c4be5000-7f37c4de5000 rw-p 00000000 00:00 0 
7f37c4de5000-7f37c4e15000 r-xp 00000000 08:06 32466                      /usr/lib/x86_64-linux-gnu/gtk-2.0/2.10.0/engines/libmurrine.so
7f37c4e15000-7f37c5015000 ---p 00030000 08:06 32466                      /usr/lib/x86_64-linux-gnu/gtk-2.0/2.10.0/engines/libmurrine.so
7f37c5015000-7f37c5016000 r--p 00030000 08:06 32466                      /usr/lib/x86_64-linux-gnu/gtk-2.0/2.10.0/engines/libmurrine.so
7f37c5016000-7f37c5017000 rw-p 00031000 08:06 32466                      /usr/lib/x86_64-linux-gnu/gtk-2.0/2.10.0/engines/libmurrine.so
7f37c5017000-7f37c5021000 r-xp 00000000 08:06 32440                      /usr/lib/x86_64-linux-gnu/gtk-2.0/2.10.0/engines/libpixmap.so
7f37c5021000-7f37c5220000 ---p 0000a000 08:06 32440                      /usr/lib/x86_64-linux-gnu/gtk-2.0/2.10.0/engines/libpixmap.so
7f37c5220000-7f37c5221000 r--p 00009000 08:06 32440                      /usr/lib/x86_64-linux-gnu/gtk-2.0/2.10.0/engines/libpixmap.so
7f37c5221000-7f37c5222000 rw-p 0000a000 08:06 32440                      /usr/lib/x86_64-linux-gnu/gtk-2.0/2.10.0/engines/libpixmap.so
7f37c5222000-7f37c5279000 r-xp 00000000 08:06 10681                      /usr/lib/x86_64-linux-gnu/libjpeg.so.8.0.2
7f37c5279000-7f37c5479000 ---p 00057000 08:06 10681                      /usr/lib/x86_64-linux-gnu/libjpeg.so.8.0.2
7f37c5479000-7f37c547a000 r--p 00057000 08:06 10681                      /usr/lib/x86_64-linux-gnu/libjpeg.so.8.0.2
7f37c547a000-7f37c547b000 rw-p 00058000 08:06 10681                      /usr/lib/x86_64-linux-gnu/libjpeg.so.8.0.2
7f37c5495000-7f37c549a000 r--s 0009d000 08:06 19228                      /usr/lib/jvm/java-8-openjdk-amd64/jre/lib/jsse.jar
7f37c549a000-7f37c549e000 r-xp 00000000 08:06 8836                       /usr/lib/jvm/java-8-openjdk-amd64/jre/lib/amd64/libjavafx_iio.so
7f37c549e000-7f37c569d000 ---p 00004000 08:06 8836                       /usr/lib/jvm/java-8-openjdk-amd64/jre/lib/amd64/libjavafx_iio.so
7f37c569d000-7f37c569e000 r--p 00003000 08:06 8836                       /usr/lib/jvm/java-8-openjdk-amd64/jre/lib/amd64/libjavafx_iio.so
7f37c569e000-7f37c569f000 rw-p 00004000 08:06 8836                       /usr/lib/jvm/java-8-openjdk-amd64/jre/lib/amd64/libjavafx_iio.so
7f37c569f000-7f37c56a6000 r--s 00000000 08:06 1704018                    /var/cache/fontconfig/4be9850f182b35c1350b6bbf2e42601c-le64.cache-6
7f37c56a6000-7f37c56a7000 r--s 00000000 08:06 1706007                    /var/cache/fontconfig/087e1975ba9a574b140bb1df193bf770-le64.cache-6
7f37c56a7000-7f37c56b2000 r--s 00000000 08:06 1704007                    /var/cache/fontconfig/945677eb7aeaf62f1d50efc3fb3ec7d8-le64.cache-6
7f37c56b2000-7f37c56b8000 r--s 00000000 08:06 1704004                    /var/cache/fontconfig/2cd17615ca594fa2959ae173292e504c-le64.cache-6
7f37c56b8000-7f37c56b9000 r--s 00000000 08:06 1704001                    /var/cache/fontconfig/0d8c3b2ac0904cb8a57a757ad11a4a08-le64.cache-6
7f37c56b9000-7f37c56ce000 r--s 00000000 08:06 1704006                    /var/cache/fontconfig/04aabc0a78ac019cf9454389977116d2-le64.cache-6
7f37c56ce000-7f37c56cf000 r--s 00000000 08:06 1704011                    /var/cache/fontconfig/1ac9eb803944fde146138c791f5cc56a-le64.cache-6
7f37c56cf000-7f37c56d3000 r--s 00000000 08:06 1704038                    /var/cache/fontconfig/385c0604a188198f04d133e54aba7fe7-le64.cache-6
7f37c56d3000-7f37c56d6000 r--s 00000000 08:06 1704472                    /var/cache/fontconfig/767a8244fc0220cfb567a839d0392e0b-le64.cache-6
7f37c56d6000-7f37c56fd000 r--s 00000000 08:06 1704024                    /var/cache/fontconfig/0bd3dc0958fa2205aaaa8ebb13e2872b-le64.cache-6
7f37c56fd000-7f37c5702000 r--s 00000000 08:06 1707645                    /var/cache/fontconfig/8801497958630a81b71ace7c5f9b32a8-le64.cache-6
7f37c5702000-7f37c573d000 r--s 00000000 08:06 1704031                    /var/cache/fontconfig/365b55f210c0a22e9a19e35191240f32-le64.cache-6
7f37c573d000-7f37c5744000 r--s 00000000 08:06 1704015                    /var/cache/fontconfig/3047814df9a2f067bd2d96a2b9c36e5a-le64.cache-6
7f37c5744000-7f37c574a000 r--s 00000000 08:06 1704035                    /var/cache/fontconfig/b47c4e1ecd0709278f4910c18777a504-le64.cache-6
7f37c574a000-7f37c575d000 r--s 00000000 08:06 1704014                    /var/cache/fontconfig/d52a8644073d54c13679302ca1180695-le64.cache-6
7f37c575d000-7f37c5768000 r--s 00000000 08:06 1704009                    /var/cache/fontconfig/d589a48862398ed80a3d6066f4f56f4c-le64.cache-6
7f37c5768000-7f37c5773000 r--s 00000000 08:06 1704027                    /var/cache/fontconfig/83bf95040141907cd45bb53cf7c1c148-le64.cache-6
7f37c5773000-7f37c5785000 r--s 00000000 08:06 1704005                    /var/cache/fontconfig/9b89f8e3dae116d678bbf48e5f21f69b-le64.cache-6
7f37c5785000-7f37c5792000 r--s 00000000 08:06 2633402                    /home/danieledt/.cache/fontconfig/e13b20fdb08344e0e664864cc2ede53d-le64.cache-6
7f37c5792000-7f37c5797000 r-xp 00000000 08:06 8842                       /usr/lib/jvm/java-8-openjdk-amd64/jre/lib/amd64/libjavafx_font_freetype.so
7f37c5797000-7f37c5996000 ---p 00005000 08:06 8842                       /usr/lib/jvm/java-8-openjdk-amd64/jre/lib/amd64/libjavafx_font_freetype.so
7f37c5996000-7f37c5997000 r--p 00004000 08:06 8842                       /usr/lib/jvm/java-8-openjdk-amd64/jre/lib/amd64/libjavafx_font_freetype.so
7f37c5997000-7f37c5998000 rw-p 00005000 08:06 8842                       /usr/lib/jvm/java-8-openjdk-amd64/jre/lib/amd64/libjavafx_font_freetype.so
7f37c5998000-7f37c5b98000 rw-p 00000000 00:00 0 
7f37c5b98000-7f37c5b9b000 r-xp 00000000 08:06 8835                       /usr/lib/jvm/java-8-openjdk-amd64/jre/lib/amd64/libjavafx_font.so
7f37c5b9b000-7f37c5d9a000 ---p 00003000 08:06 8835                       /usr/lib/jvm/java-8-openjdk-amd64/jre/lib/amd64/libjavafx_font.so
7f37c5d9a000-7f37c5d9b000 r--p 00002000 08:06 8835                       /usr/lib/jvm/java-8-openjdk-amd64/jre/lib/amd64/libjavafx_font.so
7f37c5d9b000-7f37c5d9c000 rw-p 00003000 08:06 8835                       /usr/lib/jvm/java-8-openjdk-amd64/jre/lib/amd64/libjavafx_font.so
7f37c5d9c000-7f37c5f9c000 rw-p 00000000 00:00 0 
7f37c5f9c000-7f37c5fa6000 r--s 000b7000 08:06 263629                     /home/danieledt/Documenti/Eclipse/BD/lib/postgresql-42.2.2.jar
7f37c5fa6000-7f37c5fa9000 ---p 00000000 00:00 0 
7f37c5fa9000-7f37c60a7000 rw-p 00000000 00:00 0 
7f37c60a7000-7f37c60b3000 rw-s 1037bc000 00:06 332                       /dev/dri/renderD128
7f37c60b3000-7f37c60b4000 ---p 00000000 00:00 0 
7f37c60b4000-7f37c68b4000 rw-p 00000000 00:00 0 
7f37c68b4000-7f37c68b7000 ---p 00000000 00:00 0 
7f37c68b7000-7f37c69b5000 rw-p 00000000 00:00 0 
7f37c69b5000-7f37c69b8000 ---p 00000000 00:00 0 
7f37c69b8000-7f37c6ab6000 rw-p 00000000 00:00 0 
7f37c6ab6000-7f37c6ab7000 ---p 00000000 00:00 0 
7f37c6ab7000-7f37c72b7000 rw-p 00000000 00:00 0 
7f37c72b7000-7f37c72c2000 r-xp 00000000 08:06 32451                      /usr/lib/x86_64-linux-gnu/gio/modules/libdconfsettings.so
7f37c72c2000-7f37c74c2000 ---p 0000b000 08:06 32451                      /usr/lib/x86_64-linux-gnu/gio/modules/libdconfsettings.so
7f37c74c2000-7f37c74c3000 r--p 0000b000 08:06 32451                      /usr/lib/x86_64-linux-gnu/gio/modules/libdconfsettings.so
7f37c74c3000-7f37c74c4000 rw-p 0000c000 08:06 32451                      /usr/lib/x86_64-linux-gnu/gio/modules/libdconfsettings.so
7f37c74c4000-7f37c74c5000 ---p 00000000 00:00 0 
7f37c74c5000-7f37c7cc5000 rw-p 00000000 00:00 0 
7f37c7cc5000-7f37c7cde000 r-xp 00000000 08:06 33478                      /usr/lib/x86_64-linux-gnu/gio/modules/libgioremote-volume-monitor.so
7f37c7cde000-7f37c7ede000 ---p 00019000 08:06 33478                      /usr/lib/x86_64-linux-gnu/gio/modules/libgioremote-volume-monitor.so
7f37c7ede000-7f37c7ee1000 r--p 00019000 08:06 33478                      /usr/lib/x86_64-linux-gnu/gio/modules/libgioremote-volume-monitor.so
7f37c7ee1000-7f37c7ee2000 rw-p 0001c000 08:06 33478                      /usr/lib/x86_64-linux-gnu/gio/modules/libgioremote-volume-monitor.so
7f37c7ee2000-7f37c7f18000 r-xp 00000000 08:06 24604                      /usr/lib/x86_64-linux-gnu/gvfs/libgvfscommon.so
7f37c7f18000-7f37c8118000 ---p 00036000 08:06 24604                      /usr/lib/x86_64-linux-gnu/gvfs/libgvfscommon.so
7f37c8118000-7f37c811d000 r--p 00036000 08:06 24604                      /usr/lib/x86_64-linux-gnu/gvfs/libgvfscommon.so
7f37c811d000-7f37c811e000 rw-p 0003b000 08:06 24604                      /usr/lib/x86_64-linux-gnu/gvfs/libgvfscommon.so
7f37c811e000-7f37c814e000 r-xp 00000000 08:06 33479                      /usr/lib/x86_64-linux-gnu/gio/modules/libgvfsdbus.so
7f37c814e000-7f37c834e000 ---p 00030000 08:06 33479                      /usr/lib/x86_64-linux-gnu/gio/modules/libgvfsdbus.so
7f37c834e000-7f37c834f000 r--p 00030000 08:06 33479                      /usr/lib/x86_64-linux-gnu/gio/modules/libgvfsdbus.so
7f37c834f000-7f37c8351000 rw-p 00031000 08:06 33479                      /usr/lib/x86_64-linux-gnu/gio/modules/libgvfsdbus.so
7f37c8351000-7f37c8365000 r--p 00000000 08:06 22094                      /usr/share/glib-2.0/schemas/gschemas.compiled
7f37c8365000-7f37c8379000 r--p 00000000 08:06 22094                      /usr/share/glib-2.0/schemas/gschemas.compiled
7f37c8379000-7f37c8389000 r-xp 00000000 08:06 13395                      /usr/lib/x86_64-linux-gnu/libunity-gtk2-parser.so.0.0.0
7f37c8389000-7f37c8589000 ---p 00010000 08:06 13395                      /usr/lib/x86_64-linux-gnu/libunity-gtk2-parser.so.0.0.0
7f37c8589000-7f37c858a000 r--p 00010000 08:06 13395                      /usr/lib/x86_64-linux-gnu/libunity-gtk2-parser.so.0.0.0
7f37c858a000-7f37c858b000 rw-p 00011000 08:06 13395                      /usr/lib/x86_64-linux-gnu/libunity-gtk2-parser.so.0.0.0
7f37c858b000-7f37c8590000 r-xp 00000000 08:06 30669                      /usr/lib/x86_64-linux-gnu/gtk-2.0/modules/libunity-gtk-module.so
7f37c8590000-7f37c878f000 ---p 00005000 08:06 30669                      /usr/lib/x86_64-linux-gnu/gtk-2.0/modules/libunity-gtk-module.so
7f37c878f000-7f37c8790000 r--p 00004000 08:06 30669                      /usr/lib/x86_64-linux-gnu/gtk-2.0/modules/libunity-gtk-module.so
7f37c8790000-7f37c8791000 rw-p 00005000 08:06 30669                      /usr/lib/x86_64-linux-gnu/gtk-2.0/modules/libunity-gtk-module.so
7f37c8791000-7f37c87bb000 r--p 00000000 08:06 131036                     /usr/share/locale-langpack/it/LC_MESSAGES/gtk20-properties.mo
7f37c87bb000-7f37c87c1000 r-xp 00000000 08:06 10263                      /usr/lib/x86_64-linux-gnu/libdatrie.so.1.3.3
7f37c87c1000-7f37c89c1000 ---p 00006000 08:06 10263                      /usr/lib/x86_64-linux-gnu/libdatrie.so.1.3.3
7f37c89c1000-7f37c89c2000 r--p 00006000 08:06 10263                      /usr/lib/x86_64-linux-gnu/libdatrie.so.1.3.3
7f37c89c2000-7f37c89c3000 rw-p 00007000 08:06 10263                      /usr/lib/x86_64-linux-gnu/libdatrie.so.1.3.3
7f37c89c3000-7f37c89e7000 r-xp 00000000 08:06 9432                       /usr/lib/x86_64-linux-gnu/libgraphite2.so.3.0.1
7f37c89e7000-7f37c8be6000 ---p 00024000 08:06 9432                       /usr/lib/x86_64-linux-gnu/libgraphite2.so.3.0.1
7f37c8be6000-7f37c8be8000 r--p 00023000 08:06 9432                       /usr/lib/x86_64-linux-gnu/libgraphite2.so.3.0.1
7f37c8be8000-7f37c8be9000 rw-p 00025000 08:06 9432                       /usr/lib/x86_64-linux-gnu/libgraphite2.so.3.0.1
7f37c8be9000-7f37c8bf1000 r-xp 00000000 08:06 11095                      /usr/lib/x86_64-linux-gnu/libthai.so.0.2.4
7f37c8bf1000-7f37c8df0000 ---p 00008000 08:06 11095                      /usr/lib/x86_64-linux-gnu/libthai.so.0.2.4
7f37c8df0000-7f37c8df1000 r--p 00007000 08:06 11095                      /usr/lib/x86_64-linux-gnu/libthai.so.0.2.4
7f37c8df1000-7f37c8df2000 rw-p 00008000 08:06 11095                      /usr/lib/x86_64-linux-gnu/libthai.so.0.2.4
7f37c8df2000-7f37c8e4e000 r-xp 00000000 08:06 10595                      /usr/lib/x86_64-linux-gnu/libharfbuzz.so.0.10000.1
7f37c8e4e000-7f37c904e000 ---p 0005c000 08:06 10595                      /usr/lib/x86_64-linux-gnu/libharfbuzz.so.0.10000.1
7f37c904e000-7f37c904f000 r--p 0005c000 08:06 10595                      /usr/lib/x86_64-linux-gnu/libharfbuzz.so.0.10000.1
7f37c904f000-7f37c9050000 rw-p 0005d000 08:06 10595                      /usr/lib/x86_64-linux-gnu/libharfbuzz.so.0.10000.1
7f37c9050000-7f37c90be000 r-xp 00000000 08:06 5247573                    /lib/x86_64-linux-gnu/libpcre.so.3.13.2
7f37c90be000-7f37c92be000 ---p 0006e000 08:06 5247573                    /lib/x86_64-linux-gnu/libpcre.so.3.13.2
7f37c92be000-7f37c92bf000 r--p 0006e000 08:06 5247573                    /lib/x86_64-linux-gnu/libpcre.so.3.13.2
7f37c92bf000-7f37c92c0000 rw-p 0006f000 08:06 5247573                    /lib/x86_64-linux-gnu/libpcre.so.3.13.2
7f37c92c0000-7f37c92d7000 r-xp 00000000 08:06 5248714                    /lib/x86_64-linux-gnu/libresolv-2.23.so
7f37c92d7000-7f37c94d7000 ---p 00017000 08:06 5248714                    /lib/x86_64-linux-gnu/libresolv-2.23.so
7f37c94d7000-7f37c94d8000 r--p 00017000 08:06 5248714                    /lib/x86_64-linux-gnu/libresolv-2.23.so
7f37c94d8000-7f37c94d9000 rw-p 00018000 08:06 5248714                    /lib/x86_64-linux-gnu/libresolv-2.23.so
7f37c94d9000-7f37c94db000 rw-p 00000000 00:00 0 
7f37c94db000-7f37c94fa000 r-xp 00000000 08:06 5247602                    /lib/x86_64-linux-gnu/libselinux.so.1
7f37c94fa000-7f37c96f9000 ---p 0001f000 08:06 5247602                    /lib/x86_64-linux-gnu/libselinux.so.1
7f37c96f9000-7f37c96fa000 r--p 0001e000 08:06 5247602                    /lib/x86_64-linux-gnu/libselinux.so.1
7f37c96fa000-7f37c96fb000 rw-p 0001f000 08:06 5247602                    /lib/x86_64-linux-gnu/libselinux.so.1
7f37c96fb000-7f37c96fd000 rw-p 00000000 00:00 0 
7f37c96fd000-7f37c9705000 r-xp 00000000 08:06 11230                      /usr/lib/x86_64-linux-gnu/libxcb-render.so.0.0.0
7f37c9705000-7f37c9905000 ---p 00008000 08:06 11230                      /usr/lib/x86_64-linux-gnu/libxcb-render.so.0.0.0
7f37c9905000-7f37c9906000 r--p 00008000 08:06 11230                      /usr/lib/x86_64-linux-gnu/libxcb-render.so.0.0.0
7f37c9906000-7f37c9907000 rw-p 00009000 08:06 11230                      /usr/lib/x86_64-linux-gnu/libxcb-render.so.0.0.0
7f37c9907000-7f37c9909000 r-xp 00000000 08:06 11234                      /usr/lib/x86_64-linux-gnu/libxcb-shm.so.0.0.0
7f37c9909000-7f37c9b09000 ---p 00002000 08:06 11234                      /usr/lib/x86_64-linux-gnu/libxcb-shm.so.0.0.0
7f37c9b09000-7f37c9b0a000 r--p 00002000 08:06 11234                      /usr/lib/x86_64-linux-gnu/libxcb-shm.so.0.0.0
7f37c9b0a000-7f37c9b0b000 rw-p 00003000 08:06 11234                      /usr/lib/x86_64-linux-gnu/libxcb-shm.so.0.0.0
7f37c9b0b000-7f37c9b2f000 r-xp 00000000 08:06 5247585                    /lib/x86_64-linux-gnu/libpng12.so.0.54.0
7f37c9b2f000-7f37c9d2e000 ---p 00024000 08:06 5247585                    /lib/x86_64-linux-gnu/libpng12.so.0.54.0
7f37c9d2e000-7f37c9d2f000 r--p 00023000 08:06 5247585                    /lib/x86_64-linux-gnu/libpng12.so.0.54.0
7f37c9d2f000-7f37c9d30000 rw-p 00024000 08:06 5247585                    /lib/x86_64-linux-gnu/libpng12.so.0.54.0
7f37c9d30000-7f37c9dd4000 r-xp 00000000 08:06 10418                      /usr/lib/x86_64-linux-gnu/libfreetype.so.6.12.1
7f37c9dd4000-7f37c9fd3000 ---p 000a4000 08:06 10418                      /usr/lib/x86_64-linux-gnu/libfreetype.so.6.12.1
7f37c9fd3000-7f37c9fd9000 r--p 000a3000 08:06 10418                      /usr/lib/x86_64-linux-gnu/libfreetype.so.6.12.1
7f37c9fd9000-7f37c9fda000 rw-p 000a9000 08:06 10418                      /usr/lib/x86_64-linux-gnu/libfreetype.so.6.12.1
7f37c9fda000-7f37ca079000 r-xp 00000000 08:06 10905                      /usr/lib/x86_64-linux-gnu/libpixman-1.so.0.33.6
7f37ca079000-7f37ca279000 ---p 0009f000 08:06 10905                      /usr/lib/x86_64-linux-gnu/libpixman-1.so.0.33.6
7f37ca279000-7f37ca281000 r--p 0009f000 08:06 10905                      /usr/lib/x86_64-linux-gnu/libpixman-1.so.0.33.6
7f37ca281000-7f37ca282000 rw-p 000a7000 08:06 10905                      /usr/lib/x86_64-linux-gnu/libpixman-1.so.0.33.6
7f37ca282000-7f37ca284000 r-xp 00000000 08:06 10023                      /usr/lib/x86_64-linux-gnu/libXcomposite.so.1.0.0
7f37ca284000-7f37ca483000 ---p 00002000 08:06 10023                      /usr/lib/x86_64-linux-gnu/libXcomposite.so.1.0.0
7f37ca483000-7f37ca484000 r--p 00001000 08:06 10023                      /usr/lib/x86_64-linux-gnu/libXcomposite.so.1.0.0
7f37ca484000-7f37ca485000 rw-p 00002000 08:06 10023                      /usr/lib/x86_64-linux-gnu/libXcomposite.so.1.0.0
7f37ca485000-7f37ca48e000 r-xp 00000000 08:06 3963                       /usr/lib/x86_64-linux-gnu/libXcursor.so.1.0.2
7f37ca48e000-7f37ca68d000 ---p 00009000 08:06 3963                       /usr/lib/x86_64-linux-gnu/libXcursor.so.1.0.2
7f37ca68d000-7f37ca68e000 r--p 00008000 08:06 3963                       /usr/lib/x86_64-linux-gnu/libXcursor.so.1.0.2
7f37ca68e000-7f37ca68f000 rw-p 00009000 08:06 3963                       /usr/lib/x86_64-linux-gnu/libXcursor.so.1.0.2
7f37ca68f000-7f37ca699000 r-xp 00000000 08:06 10051                      /usr/lib/x86_64-linux-gnu/libXrandr.so.2.2.0
7f37ca699000-7f37ca898000 ---p 0000a000 08:06 10051                      /usr/lib/x86_64-linux-gnu/libXrandr.so.2.2.0
7f37ca898000-7f37ca899000 r--p 00009000 08:06 10051                      /usr/lib/x86_64-linux-gnu/libXrandr.so.2.2.0
7f37ca899000-7f37ca89a000 rw-p 0000a000 08:06 10051                      /usr/lib/x86_64-linux-gnu/libXrandr.so.2.2.0
7f37ca89a000-7f37ca8a9000 r-xp 00000000 08:06 10041                      /usr/lib/x86_64-linux-gnu/libXi.so.6.1.0
7f37ca8a9000-7f37caaa8000 ---p 0000f000 08:06 10041                      /usr/lib/x86_64-linux-gnu/libXi.so.6.1.0
7f37caaa8000-7f37caaa9000 r--p 0000e000 08:06 10041                      /usr/lib/x86_64-linux-gnu/libXi.so.6.1.0
7f37caaa9000-7f37caaaa000 rw-p 0000f000 08:06 10041                      /usr/lib/x86_64-linux-gnu/libXi.so.6.1.0
7f37caaaa000-7f37caaac000 r-xp 00000000 08:06 10043                      /usr/lib/x86_64-linux-gnu/libXinerama.so.1.0.0
7f37caaac000-7f37cacab000 ---p 00002000 08:06 10043                      /usr/lib/x86_64-linux-gnu/libXinerama.so.1.0.0
7f37cacab000-7f37cacac000 r--p 00001000 08:06 10043                      /usr/lib/x86_64-linux-gnu/libXinerama.so.1.0.0
7f37cacac000-7f37cacad000 rw-p 00002000 08:06 10043                      /usr/lib/x86_64-linux-gnu/libXinerama.so.1.0.0
7f37cacad000-7f37cacb6000 r-xp 00000000 08:06 10053                      /usr/lib/x86_64-linux-gnu/libXrender.so.1.3.0
7f37cacb6000-7f37caeb5000 ---p 00009000 08:06 10053                      /usr/lib/x86_64-linux-gnu/libXrender.so.1.3.0
7f37caeb5000-7f37caeb6000 r--p 00008000 08:06 10053                      /usr/lib/x86_64-linux-gnu/libXrender.so.1.3.0
7f37caeb6000-7f37caeb7000 rw-p 00009000 08:06 10053                      /usr/lib/x86_64-linux-gnu/libXrender.so.1.3.0
7f37caeb7000-7f37caef4000 r-xp 00000000 08:06 10408                      /usr/lib/x86_64-linux-gnu/libfontconfig.so.1.9.0
7f37caef4000-7f37cb0f3000 ---p 0003d000 08:06 10408                      /usr/lib/x86_64-linux-gnu/libfontconfig.so.1.9.0
7f37cb0f3000-7f37cb0f5000 r--p 0003c000 08:06 10408                      /usr/lib/x86_64-linux-gnu/libfontconfig.so.1.9.0
7f37cb0f5000-7f37cb0fa000 rw-p 0003e000 08:06 10408                      /usr/lib/x86_64-linux-gnu/libfontconfig.so.1.9.0
7f37cb0fa000-7f37cb143000 r-xp 00000000 08:06 10881                      /usr/lib/x86_64-linux-gnu/libpango-1.0.so.0.3800.1
7f37cb143000-7f37cb343000 ---p 00049000 08:06 10881                      /usr/lib/x86_64-linux-gnu/libpango-1.0.so.0.3800.1
7f37cb343000-7f37cb345000 r--p 00049000 08:06 10881                      /usr/lib/x86_64-linux-gnu/libpango-1.0.so.0.3800.1
7f37cb345000-7f37cb346000 rw-p 0004b000 08:06 10881                      /usr/lib/x86_64-linux-gnu/libpango-1.0.so.0.3800.1
7f37cb346000-7f37cb35a000 r-xp 00000000 08:06 10885                      /usr/lib/x86_64-linux-gnu/libpangoft2-1.0.so.0.3800.1
7f37cb35a000-7f37cb55a000 ---p 00014000 08:06 10885                      /usr/lib/x86_64-linux-gnu/libpangoft2-1.0.so.0.3800.1
7f37cb55a000-7f37cb55b000 r--p 00014000 08:06 10885                      /usr/lib/x86_64-linux-gnu/libpangoft2-1.0.so.0.3800.1
7f37cb55b000-7f37cb55c000 rw-p 00015000 08:06 10885                      /usr/lib/x86_64-linux-gnu/libpangoft2-1.0.so.0.3800.1
7f37cb55c000-7f37cb57e000 r-xp 00000000 08:06 10117                      /usr/lib/x86_64-linux-gnu/libatk-1.0.so.0.21809.1
7f37cb57e000-7f37cb77d000 ---p 00022000 08:06 10117                      /usr/lib/x86_64-linux-gnu/libatk-1.0.so.0.21809.1
7f37cb77d000-7f37cb780000 r--p 00021000 08:06 10117                      /usr/lib/x86_64-linux-gnu/libatk-1.0.so.0.21809.1
7f37cb780000-7f37cb781000 rw-p 00024000 08:06 10117                      /usr/lib/x86_64-linux-gnu/libatk-1.0.so.0.21809.1
7f37cb781000-7f37cb78d000 r-xp 00000000 08:06 10883                      /usr/lib/x86_64-linux-gnu/libpangocairo-1.0.so.0.3800.1
7f37cb78d000-7f37cb98c000 ---p 0000c000 08:06 10883                      /usr/lib/x86_64-linux-gnu/libpangocairo-1.0.so.0.3800.1
7f37cb98c000-7f37cb98d000 r--p 0000b000 08:06 10883                      /usr/lib/x86_64-linux-gnu/libpangocairo-1.0.so.0.3800.1
7f37cb98d000-7f37cb98e000 rw-p 0000c000 08:06 10883                      /usr/lib/x86_64-linux-gnu/libpangocairo-1.0.so.0.3800.1
7f37cb98e000-7f37cb991000 r-xp 00000000 08:06 10489                      /usr/lib/x86_64-linux-gnu/libgmodule-2.0.so.0.4800.2
7f37cb991000-7f37cbb90000 ---p 00003000 08:06 10489                      /usr/lib/x86_64-linux-gnu/libgmodule-2.0.so.0.4800.2
7f37cbb90000-7f37cbb91000 r--p 00002000 08:06 10489                      /usr/lib/x86_64-linux-gnu/libgmodule-2.0.so.0.4800.2
7f37cbb91000-7f37cbb92000 rw-p 00003000 08:06 10489                      /usr/lib/x86_64-linux-gnu/libgmodule-2.0.so.0.4800.2
7f37cbb92000-7f37cbb97000 r-xp 00000000 08:06 10059                      /usr/lib/x86_64-linux-gnu/libXtst.so.6.1.0
7f37cbb97000-7f37cbd96000 ---p 00005000 08:06 10059                      /usr/lib/x86_64-linux-gnu/libXtst.so.6.1.0
7f37cbd96000-7f37cbd97000 r--p 00004000 08:06 10059                      /usr/lib/x86_64-linux-gnu/libXtst.so.6.1.0
7f37cbd97000-7f37cbd98000 rw-p 00005000 08:06 10059                      /usr/lib/x86_64-linux-gnu/libXtst.so.6.1.0
7f37cbd98000-7f37cbea7000 r-xp 00000000 08:06 5247486                    /lib/x86_64-linux-gnu/libglib-2.0.so.0.4800.2
7f37cbea7000-7f37cc0a6000 ---p 0010f000 08:06 5247486                    /lib/x86_64-linux-gnu/libglib-2.0.so.0.4800.2
7f37cc0a6000-7f37cc0a7000 r--p 0010e000 08:06 5247486                    /lib/x86_64-linux-gnu/libglib-2.0.so.0.4800.2
7f37cc0a7000-7f37cc0a8000 rw-p 0010f000 08:06 5247486                    /lib/x86_64-linux-gnu/libglib-2.0.so.0.4800.2
7f37cc0a8000-7f37cc0a9000 rw-p 00000000 00:00 0 
7f37cc0a9000-7f37cc0aa000 r-xp 00000000 08:06 10567                      /usr/lib/x86_64-linux-gnu/libgthread-2.0.so.0.4800.2
7f37cc0aa000-7f37cc2a9000 ---p 00001000 08:06 10567                      /usr/lib/x86_64-linux-gnu/libgthread-2.0.so.0.4800.2
7f37cc2a9000-7f37cc2aa000 r--p 00000000 08:06 10567                      /usr/lib/x86_64-linux-gnu/libgthread-2.0.so.0.4800.2
7f37cc2aa000-7f37cc2ab000 rw-p 00001000 08:06 10567                      /usr/lib/x86_64-linux-gnu/libgthread-2.0.so.0.4800.2
7f37cc2ab000-7f37cc2fd000 r-xp 00000000 08:06 10505                      /usr/lib/x86_64-linux-gnu/libgobject-2.0.so.0.4800.2
7f37cc2fd000-7f37cc4fc000 ---p 00052000 08:06 10505                      /usr/lib/x86_64-linux-gnu/libgobject-2.0.so.0.4800.2
7f37cc4fc000-7f37cc4fd000 r--p 00051000 08:06 10505                      /usr/lib/x86_64-linux-gnu/libgobject-2.0.so.0.4800.2
7f37cc4fd000-7f37cc4fe000 rw-p 00052000 08:06 10505                      /usr/lib/x86_64-linux-gnu/libgobject-2.0.so.0.4800.2
7f37cc4fe000-7f37cc67e000 r-xp 00000000 08:06 10475                      /usr/lib/x86_64-linux-gnu/libgio-2.0.so.0.4800.2
7f37cc67e000-7f37cc87e000 ---p 00180000 08:06 10475                      /usr/lib/x86_64-linux-gnu/libgio-2.0.so.0.4800.2
7f37cc87e000-7f37cc882000 r--p 00180000 08:06 10475                      /usr/lib/x86_64-linux-gnu/libgio-2.0.so.0.4800.2
7f37cc882000-7f37cc884000 rw-p 00184000 08:06 10475                      /usr/lib/x86_64-linux-gnu/libgio-2.0.so.0.4800.2
7f37cc884000-7f37cc886000 rw-p 00000000 00:00 0 
7f37cc886000-7f37cc8a7000 r-xp 00000000 08:06 7561                       /usr/lib/x86_64-linux-gnu/libgdk_pixbuf-2.0.so.0.3200.2
7f37cc8a7000-7f37ccaa6000 ---p 00021000 08:06 7561                       /usr/lib/x86_64-linux-gnu/libgdk_pixbuf-2.0.so.0.3200.2
7f37ccaa6000-7f37ccaa7000 r--p 00020000 08:06 7561                       /usr/lib/x86_64-linux-gnu/libgdk_pixbuf-2.0.so.0.3200.2
7f37ccaa7000-7f37ccaa8000 rw-p 00021000 08:06 7561                       /usr/lib/x86_64-linux-gnu/libgdk_pixbuf-2.0.so.0.3200.2
7f37ccaa8000-7f37ccbb6000 r-xp 00000000 08:06 10180                      /usr/lib/x86_64-linux-gnu/libcairo.so.2.11400.6
7f37ccbb6000-7f37ccdb6000 ---p 0010e000 08:06 10180                      /usr/lib/x86_64-linux-gnu/libcairo.so.2.11400.6
7f37ccdb6000-7f37ccdb9000 r--p 0010e000 08:06 10180                      /usr/lib/x86_64-linux-gnu/libcairo.so.2.11400.6
7f37ccdb9000-7f37ccdba000 rw-p 00111000 08:06 10180                      /usr/lib/x86_64-linux-gnu/libcairo.so.2.11400.6
7f37ccdba000-7f37ccdbc000 rw-p 00000000 00:00 0 
7f37ccdbc000-7f37cce6c000 r-xp 00000000 08:06 7946                       /usr/lib/x86_64-linux-gnu/libgdk-x11-2.0.so.0.2400.30
7f37cce6c000-7f37cd06b000 ---p 000b0000 08:06 7946                       /usr/lib/x86_64-linux-gnu/libgdk-x11-2.0.so.0.2400.30
7f37cd06b000-7f37cd06f000 r--p 000af000 08:06 7946                       /usr/lib/x86_64-linux-gnu/libgdk-x11-2.0.so.0.2400.30
7f37cd06f000-7f37cd071000 rw-p 000b3000 08:06 7946                       /usr/lib/x86_64-linux-gnu/libgdk-x11-2.0.so.0.2400.30
7f37cd071000-7f37cd4af000 r-xp 00000000 08:06 7947                       /usr/lib/x86_64-linux-gnu/libgtk-x11-2.0.so.0.2400.30
7f37cd4af000-7f37cd6ae000 ---p 0043e000 08:06 7947                       /usr/lib/x86_64-linux-gnu/libgtk-x11-2.0.so.0.2400.30
7f37cd6ae000-7f37cd6b5000 r--p 0043d000 08:06 7947                       /usr/lib/x86_64-linux-gnu/libgtk-x11-2.0.so.0.2400.30
7f37cd6b5000-7f37cd6b9000 rw-p 00444000 08:06 7947                       /usr/lib/x86_64-linux-gnu/libgtk-x11-2.0.so.0.2400.30
7f37cd6b9000-7f37cd6bc000 rw-p 00000000 00:00 0 
7f37cd6bc000-7f37cd6bd000 r--s 00000000 08:06 1705588                    /var/cache/fontconfig/dc05db6664285cc2f12bf69c139ae4c3-le64.cache-6
7f37cd6bd000-7f37cd6be000 r--s 00000000 08:06 1704002                    /var/cache/fontconfig/4794a0821666d79190d59a36cb4f44b5-le64.cache-6
7f37cd6be000-7f37cd6bf000 r--s 00000000 08:06 1704008                    /var/cache/fontconfig/bab58bb527bb656aaa9f116d68a48d89-le64.cache-6
7f37cd6bf000-7f37cd6c0000 r--s 00000000 08:06 1704030                    /var/cache/fontconfig/56cf4f4769d0f4abc89a4895d7bd3ae1-le64.cache-6
7f37cd6c0000-7f37cd6c1000 r--s 00000000 08:06 1704029                    /var/cache/fontconfig/b9d506c9ac06c20b433354fa67a72993-le64.cache-6
7f37cd6c1000-7f37cd6c2000 r--s 00000000 08:06 1713568                    /var/cache/fontconfig/551ecf3b0e8b0bca0f25c0944f561853-le64.cache-6
7f37cd6c2000-7f37cd6db000 r--p 00000000 08:06 136726                     /usr/share/locale-langpack/it/LC_MESSAGES/glib20.mo
7f37cd6db000-7f37cd703000 r-xp 00000000 08:06 8841                       /usr/lib/jvm/java-8-openjdk-amd64/jre/lib/amd64/libglass.so
7f37cd703000-7f37cd903000 ---p 00028000 08:06 8841                       /usr/lib/jvm/java-8-openjdk-amd64/jre/lib/amd64/libglass.so
7f37cd903000-7f37cd904000 r--p 00028000 08:06 8841                       /usr/lib/jvm/java-8-openjdk-amd64/jre/lib/amd64/libglass.so
7f37cd904000-7f37cd905000 rw-p 00029000 08:06 8841                       /usr/lib/jvm/java-8-openjdk-amd64/jre/lib/amd64/libglass.so
7f37cd905000-7f37cd925000 rw-s 1085b1000 00:06 332                       /dev/dri/renderD128
7f37cd925000-7f37cd926000 ---p 00000000 00:00 0 
7f37cd926000-7f37ce126000 rw-p 00000000 00:00 0 
7f37ce126000-7f37ce136000 rw-s 102e05000 00:06 332                       /dev/dri/renderD128
7f37ce136000-7f37ce137000 ---p 00000000 00:00 0 
7f37ce137000-7f37ce937000 rw-p 00000000 00:00 0 
7f37ce937000-7f37ce938000 ---p 00000000 00:00 0 
7f37ce938000-7f37cf138000 rw-p 00000000 00:00 0 
7f37cf138000-7f37cf139000 ---p 00000000 00:00 0 
7f37cf139000-7f37cf939000 rw-p 00000000 00:00 0 
7f37cf939000-7f37cf93a000 ---p 00000000 00:00 0 
7f37cf93a000-7f37d013a000 rw-p 00000000 00:00 0 
7f37d013a000-7f37d013b000 ---p 00000000 00:00 0 
7f37d013b000-7f37d093b000 rw-p 00000000 00:00 0 
7f37d093b000-7f37d0972000 r-xp 00000000 08:06 11120                      /usr/lib/x86_64-linux-gnu/libtxc_dxtn_s2tc.so.0.0.0
7f37d0972000-7f37d0b71000 ---p 00037000 08:06 11120                      /usr/lib/x86_64-linux-gnu/libtxc_dxtn_s2tc.so.0.0.0
7f37d0b71000-7f37d0b72000 r--p 00036000 08:06 11120                      /usr/lib/x86_64-linux-gnu/libtxc_dxtn_s2tc.so.0.0.0
7f37d0b72000-7f37d0b73000 rw-p 00037000 08:06 11120                      /usr/lib/x86_64-linux-gnu/libtxc_dxtn_s2tc.so.0.0.0
7f37d0b73000-7f37d0b74000 ---p 00000000 00:00 0 
7f37d0b74000-7f37d1374000 rw-p 00000000 00:00 0 
7f37d1374000-7f37d14b5000 rw-s 00000000 08:06 2621909                    /home/danieledt/.cache/mesa/index
7f37d14b5000-7f37d14b6000 ---p 00000000 00:00 0 
7f37d14b6000-7f37d1cb6000 rw-p 00000000 00:00 0 
7f37d1cb6000-7f37d1cc9000 r-xp 00000000 08:06 5247440                    /lib/x86_64-linux-gnu/libbsd.so.0.8.2
7f37d1cc9000-7f37d1ec8000 ---p 00013000 08:06 5247440                    /lib/x86_64-linux-gnu/libbsd.so.0.8.2
7f37d1ec8000-7f37d1ec9000 r--p 00012000 08:06 5247440                    /lib/x86_64-linux-gnu/libbsd.so.0.8.2
7f37d1ec9000-7f37d1eca000 rw-p 00013000 08:06 5247440                    /lib/x86_64-linux-gnu/libbsd.so.0.8.2
7f37d1eca000-7f37d1ecb000 rw-p 00000000 00:00 0 
7f37d1ecb000-7f37d1ef0000 r-xp 00000000 08:06 5247616                    /lib/x86_64-linux-gnu/libtinfo.so.5.9
7f37d1ef0000-7f37d20ef000 ---p 00025000 08:06 5247616                    /lib/x86_64-linux-gnu/libtinfo.so.5.9
7f37d20ef000-7f37d20f3000 r--p 00024000 08:06 5247616                    /lib/x86_64-linux-gnu/libtinfo.so.5.9
7f37d20f3000-7f37d20f4000 rw-p 00028000 08:06 5247616                    /lib/x86_64-linux-gnu/libtinfo.so.5.9
7f37d20f4000-7f37d2125000 r-xp 00000000 08:06 10328                      /usr/lib/x86_64-linux-gnu/libedit.so.2.0.53
7f37d2125000-7f37d2325000 ---p 00031000 08:06 10328                      /usr/lib/x86_64-linux-gnu/libedit.so.2.0.53
7f37d2325000-7f37d2327000 r--p 00031000 08:06 10328                      /usr/lib/x86_64-linux-gnu/libedit.so.2.0.53
7f37d2327000-7f37d2328000 rw-p 00033000 08:06 10328                      /usr/lib/x86_64-linux-gnu/libedit.so.2.0.53
7f37d2328000-7f37d232c000 rw-p 00000000 00:00 0 
7f37d232c000-7f37d2333000 r-xp 00000000 08:06 10368                      /usr/lib/x86_64-linux-gnu/libffi.so.6.0.4
7f37d2333000-7f37d2532000 ---p 00007000 08:06 10368                      /usr/lib/x86_64-linux-gnu/libffi.so.6.0.4
7f37d2532000-7f37d2533000 r--p 00006000 08:06 10368                      /usr/lib/x86_64-linux-gnu/libffi.so.6.0.4
7f37d2533000-7f37d2534000 rw-p 00007000 08:06 10368                      /usr/lib/x86_64-linux-gnu/libffi.so.6.0.4
7f37d2534000-7f37d56db000 r-xp 00000000 08:06 3905                       /usr/lib/x86_64-linux-gnu/libLLVM-5.0.so.1
7f37d56db000-7f37d5a2b000 r--p 031a6000 08:06 3905                       /usr/lib/x86_64-linux-gnu/libLLVM-5.0.so.1
7f37d5a2b000-7f37d5a9b000 rw-p 034f6000 08:06 3905                       /usr/lib/x86_64-linux-gnu/libLLVM-5.0.so.1
7f37d5a9b000-7f37d5aee000 rw-p 00000000 00:00 0 
7f37d5aee000-7f37d5b05000 r-xp 00000000 08:06 8183                       /usr/lib/x86_64-linux-gnu/libelf-0.165.so
7f37d5b05000-7f37d5d04000 ---p 00017000 08:06 8183                       /usr/lib/x86_64-linux-gnu/libelf-0.165.so
7f37d5d04000-7f37d5d05000 r--p 00016000 08:06 8183                       /usr/lib/x86_64-linux-gnu/libelf-0.165.so
7f37d5d05000-7f37d5d06000 rw-p 00017000 08:06 8183                       /usr/lib/x86_64-linux-gnu/libelf-0.165.so
7f37d5d06000-7f37d5d0e000 r-xp 00000000 08:06 5441                       /usr/lib/x86_64-linux-gnu/libdrm_amdgpu.so.1.0.0
7f37d5d0e000-7f37d5f0e000 ---p 00008000 08:06 5441                       /usr/lib/x86_64-linux-gnu/libdrm_amdgpu.so.1.0.0
7f37d5f0e000-7f37d5f0f000 r--p 00008000 08:06 5441                       /usr/lib/x86_64-linux-gnu/libdrm_amdgpu.so.1.0.0
7f37d5f0f000-7f37d5f10000 rw-p 00009000 08:06 5441                       /usr/lib/x86_64-linux-gnu/libdrm_amdgpu.so.1.0.0
7f37d5f10000-7f37d5f1b000 r-xp 00000000 08:06 4253                       /usr/lib/x86_64-linux-gnu/libdrm_radeon.so.1.0.1
7f37d5f1b000-7f37d611a000 ---p 0000b000 08:06 4253                       /usr/lib/x86_64-linux-gnu/libdrm_radeon.so.1.0.1
7f37d611a000-7f37d611b000 r--p 0000a000 08:06 4253                       /usr/lib/x86_64-linux-gnu/libdrm_radeon.so.1.0.1
7f37d611b000-7f37d611c000 rw-p 0000b000 08:06 4253                       /usr/lib/x86_64-linux-gnu/libdrm_radeon.so.1.0.1
7f37d611c000-7f37d6123000 r-xp 00000000 08:06 4229                       /usr/lib/x86_64-linux-gnu/libdrm_nouveau.so.2.0.0
7f37d6123000-7f37d6322000 ---p 00007000 08:06 4229                       /usr/lib/x86_64-linux-gnu/libdrm_nouveau.so.2.0.0
7f37d6322000-7f37d6323000 r--p 00006000 08:06 4229                       /usr/lib/x86_64-linux-gnu/libdrm_nouveau.so.2.0.0
7f37d6323000-7f37d6324000 rw-p 00007000 08:06 4229                       /usr/lib/x86_64-linux-gnu/libdrm_nouveau.so.2.0.0
7f37d6324000-7f37d6332000 r-xp 00000000 08:06 11015                      /usr/lib/x86_64-linux-gnu/libsensors.so.4.4.0
7f37d6332000-7f37d6531000 ---p 0000e000 08:06 11015                      /usr/lib/x86_64-linux-gnu/libsensors.so.4.4.0
7f37d6531000-7f37d6532000 r--p 0000d000 08:06 11015                      /usr/lib/x86_64-linux-gnu/libsensors.so.4.4.0
7f37d6532000-7f37d6533000 rw-p 0000e000 08:06 11015                      /usr/lib/x86_64-linux-gnu/libsensors.so.4.4.0
7f37d6533000-7f37d6542000 r--p 00000000 08:06 134271                     /usr/share/locale-langpack/it/LC_MESSAGES/gtk20.mo
7f37d6542000-7f37d6552000 rw-s 102d9f000 00:06 332                       /dev/dri/renderD128
7f37d6552000-7f37d6f81000 r-xp 00000000 08:06 26723                      /usr/lib/x86_64-linux-gnu/dri/radeonsi_dri.so
7f37d6f81000-7f37d7180000 ---p 00a2f000 08:06 26723                      /usr/lib/x86_64-linux-gnu/dri/radeonsi_dri.so
7f37d7180000-7f37d71c1000 r--p 00a2e000 08:06 26723                      /usr/lib/x86_64-linux-gnu/dri/radeonsi_dri.so
7f37d71c1000-7f37d71ca000 rw-p 00a6f000 08:06 26723                      /usr/lib/x86_64-linux-gnu/dri/radeonsi_dri.so
7f37d71ca000-7f37d73c1000 rw-p 00000000 00:00 0 
7f37d73c1000-7f37d73c6000 r-xp 00000000 08:06 10029                      /usr/lib/x86_64-linux-gnu/libXdmcp.so.6.0.0
7f37d73c6000-7f37d75c5000 ---p 00005000 08:06 10029                      /usr/lib/x86_64-linux-gnu/libXdmcp.so.6.0.0
7f37d75c5000-7f37d75c6000 r--p 00004000 08:06 10029                      /usr/lib/x86_64-linux-gnu/libXdmcp.so.6.0.0
7f37d75c6000-7f37d75c7000 rw-p 00005000 08:06 10029                      /usr/lib/x86_64-linux-gnu/libXdmcp.so.6.0.0
7f37d75c7000-7f37d75c9000 r-xp 00000000 08:06 10018                      /usr/lib/x86_64-linux-gnu/libXau.so.6.0.0
7f37d75c9000-7f37d77c9000 ---p 00002000 08:06 10018                      /usr/lib/x86_64-linux-gnu/libXau.so.6.0.0
7f37d77c9000-7f37d77ca000 r--p 00002000 08:06 10018                      /usr/lib/x86_64-linux-gnu/libXau.so.6.0.0
7f37d77ca000-7f37d77cb000 rw-p 00003000 08:06 10018                      /usr/lib/x86_64-linux-gnu/libXau.so.6.0.0
7f37d77cb000-7f37d77db000 r-xp 00000000 08:06 5431                       /usr/lib/x86_64-linux-gnu/libdrm.so.2.4.0
7f37d77db000-7f37d79da000 ---p 00010000 08:06 5431                       /usr/lib/x86_64-linux-gnu/libdrm.so.2.4.0
7f37d79da000-7f37d79db000 r--p 0000f000 08:06 5431                       /usr/lib/x86_64-linux-gnu/libdrm.so.2.4.0
7f37d79db000-7f37d79dc000 rw-p 00010000 08:06 5431                       /usr/lib/x86_64-linux-gnu/libdrm.so.2.4.0
7f37d79dc000-7f37d79e1000 r-xp 00000000 08:06 10069                      /usr/lib/x86_64-linux-gnu/libXxf86vm.so.1.0.0
7f37d79e1000-7f37d7be0000 ---p 00005000 08:06 10069                      /usr/lib/x86_64-linux-gnu/libXxf86vm.so.1.0.0
7f37d7be0000-7f37d7be1000 r--p 00004000 08:06 10069                      /usr/lib/x86_64-linux-gnu/libXxf86vm.so.1.0.0
7f37d7be1000-7f37d7be2000 rw-p 00005000 08:06 10069                      /usr/lib/x86_64-linux-gnu/libXxf86vm.so.1.0.0
7f37d7be2000-7f37d7be6000 r-xp 00000000 08:06 11222                      /usr/lib/x86_64-linux-gnu/libxcb-dri2.so.0.0.0
7f37d7be6000-7f37d7de5000 ---p 00004000 08:06 11222                      /usr/lib/x86_64-linux-gnu/libxcb-dri2.so.0.0.0
7f37d7de5000-7f37d7de6000 r--p 00003000 08:06 11222                      /usr/lib/x86_64-linux-gnu/libxcb-dri2.so.0.0.0
7f37d7de6000-7f37d7de7000 rw-p 00004000 08:06 11222                      /usr/lib/x86_64-linux-gnu/libxcb-dri2.so.0.0.0
7f37d7de7000-7f37d7dfe000 r-xp 00000000 08:06 11226                      /usr/lib/x86_64-linux-gnu/libxcb-glx.so.0.0.0
7f37d7dfe000-7f37d7ffd000 ---p 00017000 08:06 11226                      /usr/lib/x86_64-linux-gnu/libxcb-glx.so.0.0.0
7f37d7ffd000-7f37d7fff000 r--p 00016000 08:06 11226                      /usr/lib/x86_64-linux-gnu/libxcb-glx.so.0.0.0
7f37d7fff000-7f37d8000000 rw-p 00018000 08:06 11226                      /usr/lib/x86_64-linux-gnu/libxcb-glx.so.0.0.0
7f37d8000000-7f37d8021000 rw-p 00000000 00:00 0 
7f37d8021000-7f37dc000000 ---p 00000000 00:00 0 
7f37dc000000-7f37dc47c000 rw-p 00000000 00:00 0 
7f37dc47c000-7f37e0000000 ---p 00000000 00:00 0 
7f37e0000000-7f37e0581000 rw-p 00000000 00:00 0 
7f37e0581000-7f37e4000000 ---p 00000000 00:00 0 
7f37e4000000-7f37e4021000 rw-p 00000000 00:00 0 
7f37e4021000-7f37e8000000 ---p 00000000 00:00 0 
7f37e8000000-7f37e85cc000 rw-p 00000000 00:00 0 
7f37e85cc000-7f37ec000000 ---p 00000000 00:00 0 
7f37ec000000-7f37ec3a2000 rw-p 00000000 00:00 0 
7f37ec3a2000-7f37f0000000 ---p 00000000 00:00 0 
7f37f0000000-7f37f0021000 rw-p 00000000 00:00 0 
7f37f0021000-7f37f4000000 ---p 00000000 00:00 0 
7f37f4000000-7f37f4021000 rw-p 00000000 00:00 0 
7f37f4021000-7f37f8000000 ---p 00000000 00:00 0 
7f37f8000000-7f37f8021000 rw-p 00000000 00:00 0 
7f37f8021000-7f37fc000000 ---p 00000000 00:00 0 
7f37fc000000-7f37fc021000 rw-p 00000000 00:00 0 
7f37fc021000-7f3800000000 ---p 00000000 00:00 0 
7f3800000000-7f3800021000 rw-p 00000000 00:00 0 
7f3800021000-7f3804000000 ---p 00000000 00:00 0 
7f3804000000-7f3804001000 r--s 00000000 08:06 1706006                    /var/cache/fontconfig/8a687c406b77f27d99abfeeba937fcce-le64.cache-6
7f3804001000-7f3804004000 r--s 00000000 08:06 1704023                    /var/cache/fontconfig/75114ca45c98e8a441da0ff356701271-le64.cache-6
7f3804004000-7f3804008000 r--s 00000000 08:06 1705584                    /var/cache/fontconfig/7ef2298fde41cc6eeb7af42e48b7d293-le64.cache-6
7f3804008000-7f3804018000 rw-s 102c19000 00:06 332                       /dev/dri/renderD128
7f3804018000-7f3804019000 r-xp 00000000 08:06 10012                      /usr/lib/x86_64-linux-gnu/libX11-xcb.so.1.0.0
7f3804019000-7f3804218000 ---p 00001000 08:06 10012                      /usr/lib/x86_64-linux-gnu/libX11-xcb.so.1.0.0
7f3804218000-7f3804219000 r--p 00000000 08:06 10012                      /usr/lib/x86_64-linux-gnu/libX11-xcb.so.1.0.0
7f3804219000-7f380421a000 rw-p 00001000 08:06 10012                      /usr/lib/x86_64-linux-gnu/libX11-xcb.so.1.0.0
7f380421a000-7f380421f000 r-xp 00000000 08:06 10033                      /usr/lib/x86_64-linux-gnu/libXfixes.so.3.1.0
7f380421f000-7f380441e000 ---p 00005000 08:06 10033                      /usr/lib/x86_64-linux-gnu/libXfixes.so.3.1.0
7f380441e000-7f380441f000 r--p 00004000 08:06 10033                      /usr/lib/x86_64-linux-gnu/libXfixes.so.3.1.0
7f380441f000-7f3804420000 rw-p 00005000 08:06 10033                      /usr/lib/x86_64-linux-gnu/libXfixes.so.3.1.0
7f3804420000-7f3804422000 r-xp 00000000 08:06 10027                      /usr/lib/x86_64-linux-gnu/libXdamage.so.1.1.0
7f3804422000-7f3804621000 ---p 00002000 08:06 10027                      /usr/lib/x86_64-linux-gnu/libXdamage.so.1.1.0
7f3804621000-7f3804622000 r--p 00001000 08:06 10027                      /usr/lib/x86_64-linux-gnu/libXdamage.so.1.1.0
7f3804622000-7f3804623000 rw-p 00002000 08:06 10027                      /usr/lib/x86_64-linux-gnu/libXdamage.so.1.1.0
7f3804623000-7f3804634000 r-xp 00000000 08:06 10031                      /usr/lib/x86_64-linux-gnu/libXext.so.6.4.0
7f3804634000-7f3804833000 ---p 00011000 08:06 10031                      /usr/lib/x86_64-linux-gnu/libXext.so.6.4.0
7f3804833000-7f3804834000 r--p 00010000 08:06 10031                      /usr/lib/x86_64-linux-gnu/libXext.so.6.4.0
7f3804834000-7f3804835000 rw-p 00011000 08:06 10031                      /usr/lib/x86_64-linux-gnu/libXext.so.6.4.0
7f3804835000-7f3804860000 r-xp 00000000 08:06 6629                       /usr/lib/x86_64-linux-gnu/libglapi.so.0.0.0
7f3804860000-7f3804a5f000 ---p 0002b000 08:06 6629                       /usr/lib/x86_64-linux-gnu/libglapi.so.0.0.0
7f3804a5f000-7f3804a63000 r--p 0002a000 08:06 6629                       /usr/lib/x86_64-linux-gnu/libglapi.so.0.0.0
7f3804a63000-7f3804a64000 rw-p 0002e000 08:06 6629                       /usr/lib/x86_64-linux-gnu/libglapi.so.0.0.0
7f3804a64000-7f3804a65000 rw-p 00000000 00:00 0 
7f3804a65000-7f3804a66000 r-xp 00000000 08:06 11273                      /usr/lib/x86_64-linux-gnu/libxshmfence.so.1.0.0
7f3804a66000-7f3804c66000 ---p 00001000 08:06 11273                      /usr/lib/x86_64-linux-gnu/libxshmfence.so.1.0.0
7f3804c66000-7f3804c67000 r--p 00001000 08:06 11273                      /usr/lib/x86_64-linux-gnu/libxshmfence.so.1.0.0
7f3804c67000-7f3804c68000 rw-p 00002000 08:06 11273                      /usr/lib/x86_64-linux-gnu/libxshmfence.so.1.0.0
7f3804c68000-7f3804c6d000 r-xp 00000000 08:06 11236                      /usr/lib/x86_64-linux-gnu/libxcb-sync.so.1.0.0
7f3804c6d000-7f3804e6d000 ---p 00005000 08:06 11236                      /usr/lib/x86_64-linux-gnu/libxcb-sync.so.1.0.0
7f3804e6d000-7f3804e6e000 r--p 00005000 08:06 11236                      /usr/lib/x86_64-linux-gnu/libxcb-sync.so.1.0.0
7f3804e6e000-7f3804e6f000 rw-p 00006000 08:06 11236                      /usr/lib/x86_64-linux-gnu/libxcb-sync.so.1.0.0
7f3804e6f000-7f3804e71000 r-xp 00000000 08:06 11228                      /usr/lib/x86_64-linux-gnu/libxcb-present.so.0.0.0
7f3804e71000-7f3805070000 ---p 00002000 08:06 11228                      /usr/lib/x86_64-linux-gnu/libxcb-present.so.0.0.0
7f3805070000-7f3805071000 r--p 00001000 08:06 11228                      /usr/lib/x86_64-linux-gnu/libxcb-present.so.0.0.0
7f3805071000-7f3805072000 rw-p 00002000 08:06 11228                      /usr/lib/x86_64-linux-gnu/libxcb-present.so.0.0.0
7f3805072000-7f3805074000 r-xp 00000000 08:06 11224                      /usr/lib/x86_64-linux-gnu/libxcb-dri3.so.0.0.0
7f3805074000-7f3805273000 ---p 00002000 08:06 11224                      /usr/lib/x86_64-linux-gnu/libxcb-dri3.so.0.0.0
7f3805273000-7f3805274000 r--p 00001000 08:06 11224                      /usr/lib/x86_64-linux-gnu/libxcb-dri3.so.0.0.0
7f3805274000-7f3805275000 rw-p 00002000 08:06 11224                      /usr/lib/x86_64-linux-gnu/libxcb-dri3.so.0.0.0
7f3805275000-7f380529b000 r-xp 00000000 08:06 5247475                    /lib/x86_64-linux-gnu/libexpat.so.1.6.0
7f380529b000-7f380549b000 ---p 00026000 08:06 5247475                    /lib/x86_64-linux-gnu/libexpat.so.1.6.0
7f380549b000-7f380549d000 r--p 00026000 08:06 5247475                    /lib/x86_64-linux-gnu/libexpat.so.1.6.0
7f380549d000-7f380549e000 rw-p 00028000 08:06 5247475                    /lib/x86_64-linux-gnu/libexpat.so.1.6.0
7f380549e000-7f38054bf000 r-xp 00000000 08:06 11242                      /usr/lib/x86_64-linux-gnu/libxcb.so.1.1.0
7f38054bf000-7f38056be000 ---p 00021000 08:06 11242                      /usr/lib/x86_64-linux-gnu/libxcb.so.1.1.0
7f38056be000-7f38056bf000 r--p 00020000 08:06 11242                      /usr/lib/x86_64-linux-gnu/libxcb.so.1.1.0
7f38056bf000-7f38056c0000 rw-p 00021000 08:06 11242                      /usr/lib/x86_64-linux-gnu/libxcb.so.1.1.0
7f38056c0000-7f380572e000 r-xp 00000000 08:06 23726                      /usr/lib/x86_64-linux-gnu/mesa/libGL.so.1.2.0
7f380572e000-7f380592e000 ---p 0006e000 08:06 23726                      /usr/lib/x86_64-linux-gnu/mesa/libGL.so.1.2.0
7f380592e000-7f3805931000 r--p 0006e000 08:06 23726                      /usr/lib/x86_64-linux-gnu/mesa/libGL.so.1.2.0
7f3805931000-7f3805932000 rw-p 00071000 08:06 23726                      /usr/lib/x86_64-linux-gnu/mesa/libGL.so.1.2.0
7f3805932000-7f3805933000 rw-p 00000000 00:00 0 
7f3805933000-7f3805a68000 r-xp 00000000 08:06 10014                      /usr/lib/x86_64-linux-gnu/libX11.so.6.3.0
7f3805a68000-7f3805c68000 ---p 00135000 08:06 10014                      /usr/lib/x86_64-linux-gnu/libX11.so.6.3.0
7f3805c68000-7f3805c69000 r--p 00135000 08:06 10014                      /usr/lib/x86_64-linux-gnu/libX11.so.6.3.0
7f3805c69000-7f3805c6d000 rw-p 00136000 08:06 10014                      /usr/lib/x86_64-linux-gnu/libX11.so.6.3.0
7f3805c6d000-7f3805c79000 r-xp 00000000 08:06 8839                       /usr/lib/jvm/java-8-openjdk-amd64/jre/lib/amd64/libprism_es2.so
7f3805c79000-7f3805e78000 ---p 0000c000 08:06 8839                       /usr/lib/jvm/java-8-openjdk-amd64/jre/lib/amd64/libprism_es2.so
7f3805e78000-7f3805e79000 r--p 0000b000 08:06 8839                       /usr/lib/jvm/java-8-openjdk-amd64/jre/lib/amd64/libprism_es2.so
7f3805e79000-7f3805e7a000 rw-p 0000c000 08:06 8839                       /usr/lib/jvm/java-8-openjdk-amd64/jre/lib/amd64/libprism_es2.so
7f3805e7a000-7f3805e7d000 ---p 00000000 00:00 0 
7f3805e7d000-7f3805f7b000 rw-p 00000000 00:00 0 
7f3805f7b000-7f3806011000 r--s 008d7000 08:06 1182450                    /usr/share/java/openjfx/jre/lib/ext/jfxrt.jar
7f3806011000-7f3806012000 ---p 00000000 00:00 0 
7f3806012000-7f3806112000 rw-p 00000000 00:00 0 
7f3806112000-7f3806115000 ---p 00000000 00:00 0 
7f3806115000-7f3806213000 rw-p 00000000 00:00 0 
7f3806213000-7f3806216000 ---p 00000000 00:00 0 
7f3806216000-7f3806314000 rw-p 00000000 00:00 0 
7f3806314000-7f3806317000 ---p 00000000 00:00 0 
7f3806317000-7f3806415000 rw-p 00000000 00:00 0 
7f3806415000-7f3806418000 ---p 00000000 00:00 0 
7f3806418000-7f3806516000 rw-p 00000000 00:00 0 
7f3806516000-7f3806519000 ---p 00000000 00:00 0 
7f3806519000-7f3806617000 rw-p 00000000 00:00 0 
7f3806617000-7f38068f1000 r--p 00000000 08:06 9475                       /usr/lib/locale/locale-archive
7f38068f1000-7f38068f4000 ---p 00000000 00:00 0 
7f38068f4000-7f38069f2000 rw-p 00000000 00:00 0 
7f38069f2000-7f38069f5000 ---p 00000000 00:00 0 
7f38069f5000-7f3806af3000 rw-p 00000000 00:00 0 
7f3806af3000-7f3806af4000 ---p 00000000 00:00 0 
7f3806af4000-7f3808000000 rw-p 00000000 00:00 0 
7f3808000000-7f3808021000 rw-p 00000000 00:00 0 
7f3808021000-7f380c000000 ---p 00000000 00:00 0 
7f380c000000-7f380c021000 rw-p 00000000 00:00 0 
7f380c021000-7f3810000000 ---p 00000000 00:00 0 
7f3810000000-7f3810021000 rw-p 00000000 00:00 0 
7f3810021000-7f3814000000 ---p 00000000 00:00 0 
7f3814000000-7f3814001000 r--s 00000000 08:06 1704003                    /var/cache/fontconfig/30829fa25452a46451e813d634d7f916-le64.cache-6
7f3814001000-7f3814002000 r--s 00000000 08:06 1704020                    /var/cache/fontconfig/0c9eb80ebd1c36541ebe2852d3bb0c49-le64.cache-6
7f3814002000-7f3814003000 r--s 00000000 08:06 1706004                    /var/cache/fontconfig/c277e94e32b20404286a1ddafa5a80f0-le64.cache-6
7f3814003000-7f3814006000 r--s 0001e000 08:06 3543301                    /home/danieledt/Documenti/Eclipse/BD/jgoodies-forms-1.8.0.jar
7f3814006000-7f3814007000 r--s 00014000 08:06 3543299                    /home/danieledt/Documenti/Eclipse/BD/miglayout15-swing.jar
7f3814007000-7f381400b000 r--p 00000000 08:06 2640204                    /home/danieledt/.config/dconf/user
7f381400b000-7f3814012000 r--s 00000000 08:06 29686                      /usr/lib/x86_64-linux-gnu/gconv/gconv-modules.cache
7f3814012000-7f3814034000 r--p 00000000 08:06 136931                     /usr/share/locale-langpack/it/LC_MESSAGES/libc.mo
7f3814034000-7f381404f000 r--s 00394000 08:06 19160                      /usr/lib/jvm/java-8-openjdk-amd64/jre/lib/ext/cldrdata.jar
7f381404f000-7f381406a000 r--s 001d6000 08:06 19163                      /usr/lib/jvm/java-8-openjdk-amd64/jre/lib/ext/nashorn.jar
7f381406a000-7f381443f000 rw-p 00000000 00:00 0 
7f381443f000-7f381460e000 r--s 03c2f000 08:06 19219                      /usr/lib/jvm/java-8-openjdk-amd64/jre/lib/rt.jar
7f381460e000-7f3817f7f000 rw-p 00000000 00:00 0 
7f3817f7f000-7f3817f80000 ---p 00000000 00:00 0 
7f3817f80000-7f3818080000 rw-p 00000000 00:00 0 
7f3818080000-7f3818081000 ---p 00000000 00:00 0 
7f3818081000-7f3818181000 rw-p 00000000 00:00 0 
7f3818181000-7f3818182000 ---p 00000000 00:00 0 
7f3818182000-7f38182a3000 rw-p 00000000 00:00 0 
7f38182a3000-7f38184c3000 ---p 00000000 00:00 0 
7f38184c3000-7f38184e4000 rw-p 00000000 00:00 0 
7f38184e4000-7f3818703000 ---p 00000000 00:00 0 
7f3818703000-7f3818724000 rw-p 00000000 00:00 0 
7f3818724000-7f3818824000 ---p 00000000 00:00 0 
7f3818824000-7f3818844000 rw-p 00000000 00:00 0 
7f3818844000-7f3818be5000 ---p 00000000 00:00 0 
7f3818be5000-7f3819375000 rwxp 00000000 00:00 0 
7f3819375000-7f3827be5000 ---p 00000000 00:00 0 
7f3827be5000-7f3827bed000 r-xp 00000000 08:06 19191                      /usr/lib/jvm/java-8-openjdk-amd64/jre/lib/amd64/libzip.so
7f3827bed000-7f3827dec000 ---p 00008000 08:06 19191                      /usr/lib/jvm/java-8-openjdk-amd64/jre/lib/amd64/libzip.so
7f3827dec000-7f3827ded000 r--p 00007000 08:06 19191                      /usr/lib/jvm/java-8-openjdk-amd64/jre/lib/amd64/libzip.so
7f3827ded000-7f3827dee000 rw-p 00008000 08:06 19191                      /usr/lib/jvm/java-8-openjdk-amd64/jre/lib/amd64/libzip.so
7f3827dee000-7f3827df9000 r-xp 00000000 08:06 5248723                    /lib/x86_64-linux-gnu/libnss_files-2.23.so
7f3827df9000-7f3827ff8000 ---p 0000b000 08:06 5248723                    /lib/x86_64-linux-gnu/libnss_files-2.23.so
7f3827ff8000-7f3827ff9000 r--p 0000a000 08:06 5248723                    /lib/x86_64-linux-gnu/libnss_files-2.23.so
7f3827ff9000-7f3827ffa000 rw-p 0000b000 08:06 5248723                    /lib/x86_64-linux-gnu/libnss_files-2.23.so
7f3827ffa000-7f3828000000 rw-p 00000000 00:00 0 
7f3828000000-7f382834a000 rw-p 00000000 00:00 0 
7f382834a000-7f382c000000 ---p 00000000 00:00 0 
7f382c000000-7f382c001000 rw-s 00000000 00:05 368852                     /memfd:xshmfence (deleted)
7f382c001000-7f382c014000 r--s 00346000 08:06 19167                      /usr/lib/jvm/java-8-openjdk-amd64/jre/lib/resources.jar
7f382c014000-7f382c08a000 rw-p 00000000 00:00 0 
7f382c08a000-7f382c08b000 ---p 00000000 00:00 0 
7f382c08b000-7f382c18b000 rw-p 00000000 00:00 0 
7f382c18b000-7f382c196000 r-xp 00000000 08:06 5248727                    /lib/x86_64-linux-gnu/libnss_nis-2.23.so
7f382c196000-7f382c395000 ---p 0000b000 08:06 5248727                    /lib/x86_64-linux-gnu/libnss_nis-2.23.so
7f382c395000-7f382c396000 r--p 0000a000 08:06 5248727                    /lib/x86_64-linux-gnu/libnss_nis-2.23.so
7f382c396000-7f382c397000 rw-p 0000b000 08:06 5248727                    /lib/x86_64-linux-gnu/libnss_nis-2.23.so
7f382c397000-7f382c3ad000 r-xp 00000000 08:06 5248707                    /lib/x86_64-linux-gnu/libnsl-2.23.so
7f382c3ad000-7f382c5ac000 ---p 00016000 08:06 5248707                    /lib/x86_64-linux-gnu/libnsl-2.23.so
7f382c5ac000-7f382c5ad000 r--p 00015000 08:06 5248707                    /lib/x86_64-linux-gnu/libnsl-2.23.so
7f382c5ad000-7f382c5ae000 rw-p 00016000 08:06 5248707                    /lib/x86_64-linux-gnu/libnsl-2.23.so
7f382c5ae000-7f382c5b0000 rw-p 00000000 00:00 0 
7f382c5b0000-7f382c5b8000 r-xp 00000000 08:06 5248718                    /lib/x86_64-linux-gnu/libnss_compat-2.23.so
7f382c5b8000-7f382c7b7000 ---p 00008000 08:06 5248718                    /lib/x86_64-linux-gnu/libnss_compat-2.23.so
7f382c7b7000-7f382c7b8000 r--p 00007000 08:06 5248718                    /lib/x86_64-linux-gnu/libnss_compat-2.23.so
7f382c7b8000-7f382c7b9000 rw-p 00008000 08:06 5248718                    /lib/x86_64-linux-gnu/libnss_compat-2.23.so
7f382c7b9000-7f382c7e6000 r-xp 00000000 08:06 19182                      /usr/lib/jvm/java-8-openjdk-amd64/jre/lib/amd64/libjava.so
7f382c7e6000-7f382c9e5000 ---p 0002d000 08:06 19182                      /usr/lib/jvm/java-8-openjdk-amd64/jre/lib/amd64/libjava.so
7f382c9e5000-7f382c9e6000 r--p 0002c000 08:06 19182                      /usr/lib/jvm/java-8-openjdk-amd64/jre/lib/amd64/libjava.so
7f382c9e6000-7f382c9e8000 rw-p 0002d000 08:06 19182                      /usr/lib/jvm/java-8-openjdk-amd64/jre/lib/amd64/libjava.so
7f382c9e8000-7f382c9f7000 r-xp 00000000 08:06 19168                      /usr/lib/jvm/java-8-openjdk-amd64/jre/lib/amd64/libverify.so
7f382c9f7000-7f382cbf6000 ---p 0000f000 08:06 19168                      /usr/lib/jvm/java-8-openjdk-amd64/jre/lib/amd64/libverify.so
7f382cbf6000-7f382cbf8000 r--p 0000e000 08:06 19168                      /usr/lib/jvm/java-8-openjdk-amd64/jre/lib/amd64/libverify.so
7f382cbf8000-7f382cbf9000 rw-p 00010000 08:06 19168                      /usr/lib/jvm/java-8-openjdk-amd64/jre/lib/amd64/libverify.so
7f382cbf9000-7f382cc00000 r-xp 00000000 08:06 5248728                    /lib/x86_64-linux-gnu/librt-2.23.so
7f382cc00000-7f382cdff000 ---p 00007000 08:06 5248728                    /lib/x86_64-linux-gnu/librt-2.23.so
7f382cdff000-7f382ce00000 r--p 00006000 08:06 5248728                    /lib/x86_64-linux-gnu/librt-2.23.so
7f382ce00000-7f382ce01000 rw-p 00007000 08:06 5248728                    /lib/x86_64-linux-gnu/librt-2.23.so
7f382ce01000-7f382ce17000 r-xp 00000000 08:06 5247482                    /lib/x86_64-linux-gnu/libgcc_s.so.1
7f382ce17000-7f382d016000 ---p 00016000 08:06 5247482                    /lib/x86_64-linux-gnu/libgcc_s.so.1
7f382d016000-7f382d017000 rw-p 00015000 08:06 5247482                    /lib/x86_64-linux-gnu/libgcc_s.so.1
7f382d017000-7f382d11f000 r-xp 00000000 08:06 5248701                    /lib/x86_64-linux-gnu/libm-2.23.so
7f382d11f000-7f382d31e000 ---p 00108000 08:06 5248701                    /lib/x86_64-linux-gnu/libm-2.23.so
7f382d31e000-7f382d31f000 r--p 00107000 08:06 5248701                    /lib/x86_64-linux-gnu/libm-2.23.so
7f382d31f000-7f382d320000 rw-p 00108000 08:06 5248701                    /lib/x86_64-linux-gnu/libm-2.23.so
7f382d320000-7f382d492000 r-xp 00000000 08:06 3735                       /usr/lib/x86_64-linux-gnu/libstdc++.so.6.0.21
7f382d492000-7f382d692000 ---p 00172000 08:06 3735                       /usr/lib/x86_64-linux-gnu/libstdc++.so.6.0.21
7f382d692000-7f382d69c000 r--p 00172000 08:06 3735                       /usr/lib/x86_64-linux-gnu/libstdc++.so.6.0.21
7f382d69c000-7f382d69e000 rw-p 0017c000 08:06 3735                       /usr/lib/x86_64-linux-gnu/libstdc++.so.6.0.21
7f382d69e000-7f382d6a2000 rw-p 00000000 00:00 0 
7f382d6a2000-7f382e2fb000 r-xp 00000000 08:06 19195                      /usr/lib/jvm/java-8-openjdk-amd64/jre/lib/amd64/server/libjvm.so
7f382e2fb000-7f382e4fb000 ---p 00c59000 08:06 19195                      /usr/lib/jvm/java-8-openjdk-amd64/jre/lib/amd64/server/libjvm.so
7f382e4fb000-7f382e58e000 r--p 00c59000 08:06 19195                      /usr/lib/jvm/java-8-openjdk-amd64/jre/lib/amd64/server/libjvm.so
7f382e58e000-7f382e5b7000 rw-p 00cec000 08:06 19195                      /usr/lib/jvm/java-8-openjdk-amd64/jre/lib/amd64/server/libjvm.so
7f382e5b7000-7f382e5e7000 rw-p 00000000 00:00 0 
7f382e5e7000-7f382e5ff000 r-xp 00000000 08:06 5248709                    /lib/x86_64-linux-gnu/libpthread-2.23.so
7f382e5ff000-7f382e7fe000 ---p 00018000 08:06 5248709                    /lib/x86_64-linux-gnu/libpthread-2.23.so
7f382e7fe000-7f382e7ff000 r--p 00017000 08:06 5248709                    /lib/x86_64-linux-gnu/libpthread-2.23.so
7f382e7ff000-7f382e800000 rw-p 00018000 08:06 5248709                    /lib/x86_64-linux-gnu/libpthread-2.23.so
7f382e800000-7f382e804000 rw-p 00000000 00:00 0 
7f382e804000-7f382e807000 r-xp 00000000 08:06 5248712                    /lib/x86_64-linux-gnu/libdl-2.23.so
7f382e807000-7f382ea06000 ---p 00003000 08:06 5248712                    /lib/x86_64-linux-gnu/libdl-2.23.so
7f382ea06000-7f382ea07000 r--p 00002000 08:06 5248712                    /lib/x86_64-linux-gnu/libdl-2.23.so
7f382ea07000-7f382ea08000 rw-p 00003000 08:06 5248712                    /lib/x86_64-linux-gnu/libdl-2.23.so
7f382ea08000-7f382ea21000 r-xp 00000000 08:06 5247635                    /lib/x86_64-linux-gnu/libz.so.1.2.8
7f382ea21000-7f382ec20000 ---p 00019000 08:06 5247635                    /lib/x86_64-linux-gnu/libz.so.1.2.8
7f382ec20000-7f382ec21000 r--p 00018000 08:06 5247635                    /lib/x86_64-linux-gnu/libz.so.1.2.8
7f382ec21000-7f382ec22000 rw-p 00019000 08:06 5247635                    /lib/x86_64-linux-gnu/libz.so.1.2.8
7f382ec22000-7f382ede2000 r-xp 00000000 08:06 5248710                    /lib/x86_64-linux-gnu/libc-2.23.so
7f382ede2000-7f382efe2000 ---p 001c0000 08:06 5248710                    /lib/x86_64-linux-gnu/libc-2.23.so
7f382efe2000-7f382efe6000 r--p 001c0000 08:06 5248710                    /lib/x86_64-linux-gnu/libc-2.23.so
7f382efe6000-7f382efe8000 rw-p 001c4000 08:06 5248710                    /lib/x86_64-linux-gnu/libc-2.23.so
7f382efe8000-7f382efec000 rw-p 00000000 00:00 0 
7f382efec000-7f382eff9000 r-xp 00000000 08:06 19192                      /usr/lib/jvm/java-8-openjdk-amd64/jre/lib/amd64/jli/libjli.so
7f382eff9000-7f382f1f9000 ---p 0000d000 08:06 19192                      /usr/lib/jvm/java-8-openjdk-amd64/jre/lib/amd64/jli/libjli.so
7f382f1f9000-7f382f1fa000 r--p 0000d000 08:06 19192                      /usr/lib/jvm/java-8-openjdk-amd64/jre/lib/amd64/jli/libjli.so
7f382f1fa000-7f382f1fb000 rw-p 0000e000 08:06 19192                      /usr/lib/jvm/java-8-openjdk-amd64/jre/lib/amd64/jli/libjli.so
7f382f1fb000-7f382f221000 r-xp 00000000 08:06 5248708                    /lib/x86_64-linux-gnu/ld-2.23.so
7f382f221000-7f382f222000 r--s 00000000 00:33 25                         /run/user/1000/dconf/user
7f382f222000-7f382f227000 r--s 002f9000 08:06 19155                      /usr/lib/jvm/java-8-openjdk-amd64/jre/lib/charsets.jar
7f382f227000-7f382f229000 r--s 00016000 08:06 19214                      /usr/lib/jvm/java-8-openjdk-amd64/jre/lib/jce.jar
7f382f229000-7f382f22e000 r--s 0009d000 08:06 19228                      /usr/lib/jvm/java-8-openjdk-amd64/jre/lib/jsse.jar
7f382f22e000-7f382f22f000 r--s 00010000 08:06 19157                      /usr/lib/jvm/java-8-openjdk-amd64/jre/lib/ext/zipfs.jar
7f382f22f000-7f382f232000 r--s 0000f000 08:06 19162                      /usr/lib/jvm/java-8-openjdk-amd64/jre/lib/ext/icedtea-sound.jar
7f382f232000-7f382f235000 r--s 00038000 08:06 19159                      /usr/lib/jvm/java-8-openjdk-amd64/jre/lib/ext/sunpkcs11.jar
7f382f235000-7f382f2fb000 rw-p 00000000 00:00 0 
7f382f2fb000-7f382f2fe000 ---p 00000000 00:00 0 
7f382f2fe000-7f382f400000 rw-p 00000000 00:00 0 
7f382f400000-7f382f402000 r--s 00001000 08:06 19158                      /usr/lib/jvm/java-8-openjdk-amd64/jre/lib/ext/dnsns.jar
7f382f402000-7f382f403000 r--s 0000a000 08:06 19164                      /usr/lib/jvm/java-8-openjdk-amd64/jre/lib/ext/jaccess.jar
7f382f403000-7f382f405000 r--s 00008000 08:06 19156                      /usr/lib/jvm/java-8-openjdk-amd64/jre/lib/ext/sunec.jar
7f382f405000-7f382f40f000 r--s 00116000 08:06 19165                      /usr/lib/jvm/java-8-openjdk-amd64/jre/lib/ext/localedata.jar
7f382f40f000-7f382f415000 r--s 0003b000 08:06 19161                      /usr/lib/jvm/java-8-openjdk-amd64/jre/lib/ext/sunjce_provider.jar
7f382f415000-7f382f41d000 rw-s 00000000 08:06 524306                     /tmp/hsperfdata_danieledt/15041
7f382f41d000-7f382f41e000 rw-p 00000000 00:00 0 
7f382f41e000-7f382f41f000 r--p 00000000 00:00 0 
7f382f41f000-7f382f420000 rw-p 00000000 00:00 0 
7f382f420000-7f382f421000 r--p 00025000 08:06 5248708                    /lib/x86_64-linux-gnu/ld-2.23.so
7f382f421000-7f382f422000 rw-p 00026000 08:06 5248708                    /lib/x86_64-linux-gnu/ld-2.23.so
7f382f422000-7f382f423000 rw-p 00000000 00:00 0 
7fff290c7000-7fff290e8000 rw-p 00000000 00:00 0                          [stack]
7fff291de000-7fff291e1000 r--p 00000000 00:00 0                          [vvar]
7fff291e1000-7fff291e3000 r-xp 00000000 00:00 0                          [vdso]
ffffffffff600000-ffffffffff601000 r-xp 00000000 00:00 0                  [vsyscall]

VM Arguments:
jvm_args: -Dfile.encoding=UTF-8 
java_command: boundary.Main
java_class_path (initial): /usr/lib/jvm/java-8-openjdk-amd64/jre/lib/resources.jar:/usr/lib/jvm/java-8-openjdk-amd64/jre/lib/rt.jar:/usr/lib/jvm/java-8-openjdk-amd64/jre/lib/jsse.jar:/usr/lib/jvm/java-8-openjdk-amd64/jre/lib/jce.jar:/usr/lib/jvm/java-8-openjdk-amd64/jre/lib/charsets.jar:/usr/lib/jvm/java-8-openjdk-amd64/jre/lib/ext/sunjce_provider.jar:/usr/lib/jvm/java-8-openjdk-amd64/jre/lib/ext/localedata.jar:/usr/lib/jvm/java-8-openjdk-amd64/jre/lib/ext/sunec.jar:/usr/lib/jvm/java-8-openjdk-amd64/jre/lib/ext/jaccess.jar:/usr/lib/jvm/java-8-openjdk-amd64/jre/lib/ext/sunpkcs11.jar:/usr/lib/jvm/java-8-openjdk-amd64/jre/lib/ext/nashorn.jar:/usr/lib/jvm/java-8-openjdk-amd64/jre/lib/ext/dnsns.jar:/usr/lib/jvm/java-8-openjdk-amd64/jre/lib/ext/jfxrt.jar:/usr/lib/jvm/java-8-openjdk-amd64/jre/lib/ext/cldrdata.jar:/usr/lib/jvm/java-8-openjdk-amd64/jre/lib/ext/icedtea-sound.jar:/usr/lib/jvm/java-8-openjdk-amd64/jre/lib/ext/zipfs.jar:/home/danieledt/Documenti/Eclipse/BD/bin:/home/danieledt/Documenti/Eclipse/BD/lib/postgresql-42.2.2.jar:/home/danieledt/Documenti/Eclipse/BD/miglayout15-swing.jar:/home/danieledt/Documenti/Eclipse/BD/jgoodies-forms-1.8.0.jar
Launcher Type: SUN_STANDARD

Environment Variables:
JAVA_HOME=/usr/lib/jvm/java-8-oracle
PATH=/home/danieledt/bin:/home/danieledt/.local/bin:/usr/local/sbin:/usr/local/bin:/usr/sbin:/usr/bin:/sbin:/bin:/usr/games:/usr/local/games:/snap/bin:/usr/lib/jvm/java-8-oracle/bin:/usr/lib/jvm/java-8-oracle/db/bin:/usr/lib/jvm/java-8-oracle/jre/bin
SHELL=/bin/bash
DISPLAY=:0.0

Signal Handlers:
SIGSEGV: [libjvm.so+0xa6e6f0], sa_mask[0]=11111111011111111101111111111110, sa_flags=SA_RESTART|SA_SIGINFO
SIGBUS: [libjvm.so+0xa6e6f0], sa_mask[0]=11111111011111111101111111111110, sa_flags=SA_RESTART|SA_SIGINFO
SIGFPE: [libjvm.so+0x8b5d50], sa_mask[0]=11111111011111111101111111111110, sa_flags=SA_RESTART|SA_SIGINFO
SIGPIPE: SIG_IGN, sa_mask[0]=00000000000010000000000000000000, sa_flags=SA_RESTART
SIGXFSZ: [libjvm.so+0x8b5d50], sa_mask[0]=11111111011111111101111111111110, sa_flags=SA_RESTART|SA_SIGINFO
SIGILL: [libjvm.so+0x8b5d50], sa_mask[0]=11111111011111111101111111111110, sa_flags=SA_RESTART|SA_SIGINFO
SIGUSR1: SIG_DFL, sa_mask[0]=00000000000000000000000000000000, sa_flags=none
SIGUSR2: [libjvm.so+0x8b5c00], sa_mask[0]=00100000000000000000000000000000, sa_flags=SA_RESTART|SA_SIGINFO
SIGHUP: [libjvm.so+0x8b60d0], sa_mask[0]=11111111011111111101111111111110, sa_flags=SA_RESTART|SA_SIGINFO
SIGINT: SIG_IGN, sa_mask[0]=00000000000000000000000000000000, sa_flags=none
SIGTERM: [libjvm.so+0x8b60d0], sa_mask[0]=11111111011111111101111111111110, sa_flags=SA_RESTART|SA_SIGINFO
SIGQUIT: [libjvm.so+0x8b60d0], sa_mask[0]=11111111011111111101111111111110, sa_flags=SA_RESTART|SA_SIGINFO


---------------  S Y S T E M  ---------------

OS:DISTRIB_ID=Ubuntu
DISTRIB_RELEASE=16.04
DISTRIB_CODENAME=xenial
DISTRIB_DESCRIPTION="Ubuntu 16.04.4 LTS"

uname:Linux 4.13.0-45-generic #50~16.04.1-Ubuntu SMP Wed May 30 11:18:27 UTC 2018 x86_64
libc:glibc 2.23 NPTL 2.23 
rlimit: STACK 8192k, CORE 0k, NPROC 27227, NOFILE 1048576, AS infinity
load average:1,83 2,03 2,19

/proc/meminfo:
MemTotal:        7080608 kB
MemFree:         3362260 kB
MemAvailable:    4469356 kB
Buffers:          130016 kB
Cached:          1244588 kB
SwapCached:            0 kB
Active:          2662044 kB
Inactive:         792076 kB
Active(anon):    2091852 kB
Inactive(anon):    66324 kB
Active(file):     570192 kB
Inactive(file):   725752 kB
Unevictable:          64 kB
Mlocked:              64 kB
SwapTotal:       5000188 kB
SwapFree:        5000188 kB
Dirty:               300 kB
Writeback:            16 kB
AnonPages:       2079724 kB
Mapped:           437300 kB
Shmem:             78664 kB
Slab:             102024 kB
SReclaimable:      63020 kB
SUnreclaim:        39004 kB
KernelStack:       11040 kB
PageTables:        39488 kB
NFS_Unstable:          0 kB
Bounce:                0 kB
WritebackTmp:          0 kB
CommitLimit:     8540492 kB
Committed_AS:    6672196 kB
VmallocTotal:   34359738367 kB
VmallocUsed:           0 kB
VmallocChunk:          0 kB
HardwareCorrupted:     0 kB
AnonHugePages:         0 kB
ShmemHugePages:        0 kB
ShmemPmdMapped:        0 kB
CmaTotal:              0 kB
CmaFree:               0 kB
HugePages_Total:       0
HugePages_Free:        0
HugePages_Rsvd:        0
HugePages_Surp:        0
Hugepagesize:       2048 kB
DirectMap4k:      218588 kB
DirectMap2M:     4968448 kB
DirectMap1G:     2097152 kB


CPU:total 4 (initial active 4) (4 cores per cpu, 1 threads per core) family 22 model 48 stepping 1, cmov, cx8, fxsr, mmx, sse, sse2, sse3, ssse3, sse4.1, sse4.2, popcnt, avx, aes, clmul, mmxext, 3dnowpref, lzcnt, sse4a, tsc, tscinvbit, tscinv, bmi1

/proc/cpuinfo:
processor	: 0
vendor_id	: AuthenticAMD
cpu family	: 22
model		: 48
model name	: AMD A8-6410 APU with AMD Radeon R5 Graphics
stepping	: 1
microcode	: 0x7030105
cpu MHz		: 1796.585
cache size	: 2048 KB
physical id	: 0
siblings	: 4
core id		: 0
cpu cores	: 4
apicid		: 0
initial apicid	: 0
fpu		: yes
fpu_exception	: yes
cpuid level	: 13
wp		: yes
flags		: fpu vme de pse tsc msr pae mce cx8 apic sep mtrr pge mca cmov pat pse36 clflush mmx fxsr sse sse2 ht syscall nx mmxext fxsr_opt pdpe1gb rdtscp lm constant_tsc rep_good acc_power nopl nonstop_tsc cpuid extd_apicid aperfmperf pni pclmulqdq monitor ssse3 cx16 sse4_1 sse4_2 movbe popcnt aes xsave avx f16c rdrand lahf_lm cmp_legacy svm extapic cr8_legacy abm sse4a misalignsse 3dnowprefetch osvw ibs skinit wdt topoext perfctr_nb bpext ptsc perfctr_l2 cpb hw_pstate retpoline retpoline_amd rsb_ctxsw ssbd ls_cfg_ssbd vmmcall bmi1 xsaveopt arat npt lbrv svm_lock nrip_save tsc_scale flushbyasid decodeassists pausefilter pfthreshold overflow_recov
bugs		: fxsave_leak sysret_ss_attrs null_seg spectre_v1 spectre_v2 spec_store_bypass
bogomips	: 3992.48
TLB size	: 1024 4K pages
clflush size	: 64
cache_alignment	: 64
address sizes	: 40 bits physical, 48 bits virtual
power management: ts ttp tm 100mhzsteps hwpstate cpb acc_power [13]

processor	: 1
vendor_id	: AuthenticAMD
cpu family	: 22
model		: 48
model name	: AMD A8-6410 APU with AMD Radeon R5 Graphics
stepping	: 1
microcode	: 0x7030105
cpu MHz		: 1796.616
cache size	: 2048 KB
physical id	: 0
siblings	: 4
core id		: 1
cpu cores	: 4
apicid		: 1
initial apicid	: 1
fpu		: yes
fpu_exception	: yes
cpuid level	: 13
wp		: yes
flags		: fpu vme de pse tsc msr pae mce cx8 apic sep mtrr pge mca cmov pat pse36 clflush mmx fxsr sse sse2 ht syscall nx mmxext fxsr_opt pdpe1gb rdtscp lm constant_tsc rep_good acc_power nopl nonstop_tsc cpuid extd_apicid aperfmperf pni pclmulqdq monitor ssse3 cx16 sse4_1 sse4_2 movbe popcnt aes xsave avx f16c rdrand lahf_lm cmp_legacy svm extapic cr8_legacy abm sse4a misalignsse 3dnowprefetch osvw ibs skinit wdt topoext perfctr_nb bpext ptsc perfctr_l2 cpb hw_pstate retpoline retpoline_amd rsb_ctxsw ssbd ls_cfg_ssbd vmmcall bmi1 xsaveopt arat npt lbrv svm_lock nrip_save tsc_scale flushbyasid decodeassists pausefilter pfthreshold overflow_recov
bugs		: fxsave_leak sysret_ss_attrs null_seg spectre_v1 spectre_v2 spec_store_bypass
bogomips	: 3992.48
TLB size	: 1024 4K pages
clflush size	: 64
cache_alignment	: 64
address sizes	: 40 bits physical, 48 bits virtual
power management: ts ttp tm 100mhzsteps hwpstate cpb acc_power [13]

processor	: 2
vendor_id	: AuthenticAMD
cpu family	: 22
model		: 48
model name	: AMD A8-6410 APU with AMD Radeon R5 Graphics
stepping	: 1
microcode	: 0x7030105
cpu MHz		: 1796.611
cache size	: 2048 KB
physical id	: 0
siblings	: 4
core id		: 2
cpu cores	: 4
apicid		: 2
initial apicid	: 2
fpu		: yes
fpu_exception	: yes
cpuid level	: 13
wp		: yes
flags		: fpu vme de pse tsc msr pae mce cx8 apic sep mtrr pge mca cmov pat pse36 clflush mmx fxsr sse sse2 ht syscall nx mmxext fxsr_opt pdpe1gb rdtscp lm constant_tsc rep_good acc_power nopl nonstop_tsc cpuid extd_apicid aperfmperf pni pclmulqdq monitor ssse3 cx16 sse4_1 sse4_2 movbe popcnt aes xsave avx f16c rdrand lahf_lm cmp_legacy svm extapic cr8_legacy abm sse4a misalignsse 3dnowprefetch osvw ibs skinit wdt topoext perfctr_nb bpext ptsc perfctr_l2 cpb hw_pstate retpoline retpoline_amd rsb_ctxsw ssbd ls_cfg_ssbd vmmcall bmi1 xsaveopt arat npt lbrv svm_lock nrip_save tsc_scale flushbyasid decodeassists pausefilter pfthreshold overflow_recov
bugs		: fxsave_leak sysret_ss_attrs null_seg spectre_v1 spectre_v2 spec_store_bypass
bogomips	: 3992.48
TLB size	: 1024 4K pages
clflush size	: 64
cache_alignment	: 64
address sizes	: 40 bits physical, 48 bits virtual
power management: ts ttp tm 100mhzsteps hwpstate cpb acc_power [13]

processor	: 3
vendor_id	: AuthenticAMD
cpu family	: 22
model		: 48
model name	: AMD A8-6410 APU with AMD Radeon R5 Graphics
stepping	: 1
microcode	: 0x7030105
cpu MHz		: 1796.611
cache size	: 2048 KB
physical id	: 0
siblings	: 4
core id		: 3
cpu cores	: 4
apicid		: 3
initial apicid	: 3
fpu		: yes
fpu_exception	: yes
cpuid level	: 13
wp		: yes
flags		: fpu vme de pse tsc msr pae mce cx8 apic sep mtrr pge mca cmov pat pse36 clflush mmx fxsr sse sse2 ht syscall nx mmxext fxsr_opt pdpe1gb rdtscp lm constant_tsc rep_good acc_power nopl nonstop_tsc cpuid extd_apicid aperfmperf pni pclmulqdq monitor ssse3 cx16 sse4_1 sse4_2 movbe popcnt aes xsave avx f16c rdrand lahf_lm cmp_legacy svm extapic cr8_legacy abm sse4a misalignsse 3dnowprefetch osvw ibs skinit wdt topoext perfctr_nb bpext ptsc perfctr_l2 cpb hw_pstate retpoline retpoline_amd rsb_ctxsw ssbd ls_cfg_ssbd vmmcall bmi1 xsaveopt arat npt lbrv svm_lock nrip_save tsc_scale flushbyasid decodeassists pausefilter pfthreshold overflow_recov
bugs		: fxsave_leak sysret_ss_attrs null_seg spectre_v1 spectre_v2 spec_store_bypass
bogomips	: 3992.48
TLB size	: 1024 4K pages
clflush size	: 64
cache_alignment	: 64
address sizes	: 40 bits physical, 48 bits virtual
power management: ts ttp tm 100mhzsteps hwpstate cpb acc_power [13]



Memory: 4k page, physical 7080608k(3362128k free), swap 5000188k(5000188k free)

vm_info: OpenJDK 64-Bit Server VM (25.171-b11) for linux-amd64 JRE (1.8.0_171-8u171-b11-0ubuntu0.16.04.1-b11), built on Apr 27 2018 17:19:03 by "buildd" with gcc 5.4.0 20160609

time: Fri Jul  6 10:33:41 2018
elapsed time: 11 seconds (0d 0h 0m 11s)

