#
# A fatal error has been detected by the Java Runtime Environment:
#
#  SIGSEGV (0xb) at pc=0x00007f0a9e1d227d, pid=19959, tid=0x00007f0a36d8a700
#
# JRE version: OpenJDK Runtime Environment (8.0_171-b11) (build 1.8.0_171-8u171-b11-0ubuntu0.16.04.1-b11)
# Java VM: OpenJDK 64-Bit Server VM (25.171-b11 mixed mode linux-amd64 compressed oops)
# Problematic frame:
# V  [libjvm.so+0x67e27d]
#
# Failed to write core dump. Core dumps have been disabled. To enable core dumping, try "ulimit -c unlimited" before starting Java again
#
# If you would like to submit a bug report, please visit:
#   http://bugreport.java.com/bugreport/crash.jsp
#

---------------  T H R E A D  ---------------

Current thread (0x00007f0a9832c800):  JavaThread "JavaFX Application Thread" [_thread_in_vm, id=19997, stack(0x00007f0a36c8a000,0x00007f0a36d8b000)]

siginfo: si_signo: 11 (SIGSEGV), si_code: 128 (SI_KERNEL), si_addr: 0x0000000000000000

Registers:
RAX=0x0000000000000000, RBX=0x00007f0a9832c800, RCX=0x00007f0a982a0ed8, RDX=0x70776569566e696d
RSP=0x00007f0a36d89230, RBP=0x00007f0a36d893b0, RSI=0x00007f0a36d893d0, RDI=0x00007f0a9832c9e0
R8 =0x00007f0a36d89400, R9 =0x00007f0a9832c800, R10=0x00007f0a24000a50, R11=0x00007f0a893e72a0
R12=0x00007f0a9832c9e0, R13=0x00007f0a9832c800, R14=0x00007f0a36d89400, R15=0x00007f0a36d89490
RIP=0x00007f0a9e1d227d, EFLAGS=0x0000000000010202, CSGSFS=0x002b000000000033, ERR=0x0000000000000000
  TRAPNO=0x000000000000000d

Top of Stack: (sp=0x00007f0a36d89230)
0x00007f0a36d89230:   00007f0a36d89340 00007f0a9e1b8c27
0x00007f0a36d89240:   00007f0a9832c800 00007f0a9832c800
0x00007f0a36d89250:   00007f0a0000000e 00007f0a9832c9e0
0x00007f0a36d89260:   00007f0a36d89270 00007f0a36d893d0
0x00007f0a36d89270:   00007f0a84832438 00007f0a9832c800
0x00007f0a36d89280:   00007f0a84832438 00007f0a9832c800
0x00007f0a36d89290:   00007f0a9832bdb0 00007f0a60044ea0
0x00007f0a36d892a0:   00007f0a60044eb0 00007f0a60045288
0x00007f0a36d892b0:   00000000000003d8 00007f0a9832bdf0
0x00007f0a36d892c0:   00007f0a84832438 00007f0a9832c800
0x00007f0a36d892d0:   0000000084826878 00000000dc821db0
0x00007f0a36d892e0:   0000000000000000 00007f0a89017d9b
0x00007f0a36d892f0:   00007f0a84832438 00007f0a9832c800
0x00007f0a36d89300:   00007f0a36d89340 00000000dc874198
0x00007f0a36d89310:   000000000000006f 00007f0a0000000a
0x00007f0a36d89320:   00000000dd632240 00007f0a00000000
0x00007f0a36d89330:   00007f0a36d89420 00007f0a36d893e0
0x00007f0a36d89340:   00007f0a36d894d0 0000000100000181
0x00007f0a36d89350:   00007f0a36d89550 00007f0a36d89308
0x00007f0a36d89360:   00007f0a36d89349 0000000800000005
0x00007f0a36d89370:   00007f0a00000000 7dc7d09301cb8500
0x00007f0a36d89380:   00007f0a36d89390 00007f0a9832c800
0x00007f0a36d89390:   00007f0a9832c9e0 00007f0a982a0ed8
0x00007f0a36d893a0:   00007f0a36d89400 00007f0a36d89490
0x00007f0a36d893b0:   00007f0a36d89480 00007f0a9e1d5ea2
0x00007f0a36d893c0:   00007f0a60044eb0 70776569566e696d
0x00007f0a36d893d0:   000000000000000e 00007f0a00000000
0x00007f0a36d893e0:   00007f0a9832c800 0000000000000000
0x00007f0a36d893f0:   0000000005a00004 7dc7d09301cb8500
0x00007f0a36d89400:   00007f0a9e9b8bf8 00007f0a9f70e710
0x00007f0a36d89410:   00000000982bd1f0 00007f0a00000063
0x00007f0a36d89420:   0000000000000000 0000003000000018 

Instructions: (pc=0x00007f0a9e1d227d)
0x00007f0a9e1d225d:   ff 48 89 b5 b8 fe ff ff 64 48 8b 04 25 28 00 00
0x00007f0a9e1d226d:   00 48 89 45 c8 31 c0 48 85 d2 0f 84 7b 05 00 00
0x00007f0a9e1d227d:   4c 8b 32 4d 85 f6 0f 84 6f 05 00 00 49 8b b9 20
0x00007f0a9e1d228d:   01 00 00 48 89 cb 4d 89 c4 e8 35 42 ff ff 4c 89 

Register to memory mapping:

RAX=0x0000000000000000 is an unknown value
RBX=0x00007f0a9832c800 is a thread
RCX=0x00007f0a982a0ed8 is an unknown value
RDX=0x70776569566e696d is an unknown value
RSP=0x00007f0a36d89230 is pointing into the stack for thread: 0x00007f0a9832c800
RBP=0x00007f0a36d893b0 is pointing into the stack for thread: 0x00007f0a9832c800
RSI=0x00007f0a36d893d0 is pointing into the stack for thread: 0x00007f0a9832c800
RDI=0x00007f0a9832c9e0 is an unknown value
R8 =0x00007f0a36d89400 is pointing into the stack for thread: 0x00007f0a9832c800
R9 =0x00007f0a9832c800 is a thread
R10=0x00007f0a24000a50 is an unknown value
R11=0x00007f0a893e72a0 is at entry_point+32 in (nmethod*)0x00007f0a893e7110
R12=0x00007f0a9832c9e0 is an unknown value
R13=0x00007f0a9832c800 is a thread
R14=0x00007f0a36d89400 is pointing into the stack for thread: 0x00007f0a9832c800
R15=0x00007f0a36d89490 is pointing into the stack for thread: 0x00007f0a9832c800


Stack: [0x00007f0a36c8a000,0x00007f0a36d8b000],  sp=0x00007f0a36d89230,  free space=1020k
Native frames: (J=compiled Java code, j=interpreted, Vv=VM code, C=native code)
V  [libjvm.so+0x67e27d]
V  [libjvm.so+0x681ea2]
C  [libglass.so+0x11e63]  JNIEnv_::CallVoidMethod(_jobject*, _jmethodID*, ...)+0x93
C  [libglass.so+0x1c2e5]  WindowContextBase::process_key(_GdkEventKey*)+0x215
C  [libglass.so+0x11ad0]  WindowContextBase::im_filter_keypress(_GdkEventKey*)+0x1f0
C  [libglass.so+0x21fbc]
C  [libgdk-x11-2.0.so.0+0x5ac8c]

Java frames: (J=compiled Java code, j=interpreted, Vv=VM code)
j  com.sun.glass.ui.gtk.GtkApplication._runLoop(Ljava/lang/Runnable;Z)V+0
j  com.sun.glass.ui.gtk.GtkApplication.lambda$null$450(Ljava/lang/Runnable;Z)V+7
j  com.sun.glass.ui.gtk.GtkApplication$$Lambda$41.run()V+12
j  java.lang.Thread.run()V+11
v  ~StubRoutines::call_stub

---------------  P R O C E S S  ---------------

Java Threads: ( => current thread )
  0x00007f0a24324800 JavaThread "Prism Font Disposer" daemon [_thread_blocked, id=20015, stack(0x00007f0a34edd000,0x00007f0a34fde000)]
  0x00007f0a98330000 JavaThread "JavaFX-Launcher" [_thread_blocked, id=19999, stack(0x00007f0a36388000,0x00007f0a36489000)]
=>0x00007f0a9832c800 JavaThread "JavaFX Application Thread" [_thread_in_vm, id=19997, stack(0x00007f0a36c8a000,0x00007f0a36d8b000)]
  0x00007f0a98329000 JavaThread "Thread-1" daemon [_thread_blocked, id=19996, stack(0x00007f0a36d8b000,0x00007f0a36e8c000)]
  0x00007f0a9826f000 JavaThread "QuantumRenderer-0" daemon [_thread_blocked, id=19982, stack(0x00007f0a7635c000,0x00007f0a7645d000)]
  0x00007f0a980c8800 JavaThread "Service Thread" daemon [_thread_blocked, id=19977, stack(0x00007f0a7660f000,0x00007f0a76710000)]
  0x00007f0a980bd800 JavaThread "C1 CompilerThread2" daemon [_thread_blocked, id=19976, stack(0x00007f0a76710000,0x00007f0a76811000)]
  0x00007f0a980bb800 JavaThread "C2 CompilerThread1" daemon [_thread_blocked, id=19975, stack(0x00007f0a76811000,0x00007f0a76912000)]
  0x00007f0a980b9000 JavaThread "C2 CompilerThread0" daemon [_thread_in_native, id=19974, stack(0x00007f0a76912000,0x00007f0a76a13000)]
  0x00007f0a980b7800 JavaThread "Signal Dispatcher" daemon [_thread_blocked, id=19973, stack(0x00007f0a76a13000,0x00007f0a76b14000)]
  0x00007f0a98084800 JavaThread "Finalizer" daemon [_thread_blocked, id=19972, stack(0x00007f0a76dee000,0x00007f0a76eef000)]
  0x00007f0a98080000 JavaThread "Reference Handler" daemon [_thread_blocked, id=19971, stack(0x00007f0a76eef000,0x00007f0a76ff0000)]
  0x00007f0a9800b000 JavaThread "main" [_thread_blocked, id=19964, stack(0x00007f0a9f7ad000,0x00007f0a9f8ae000)]

Other Threads:
  0x00007f0a98078800 VMThread [stack: 0x00007f0a76ff0000,0x00007f0a770f1000] [id=19970]
  0x00007f0a980cb000 WatcherThread [stack: 0x00007f0a7650e000,0x00007f0a7660f000] [id=19978]

VM state:not at safepoint (normal execution)

VM Mutex/Monitor currently owned by a thread: None

Heap:
 PSYoungGen      total 32768K, used 11749K [0x00000000dbf80000, 0x00000000dff80000, 0x0000000100000000)
  eden space 28160K, 41% used [0x00000000dbf80000,0x00000000dcaf9470,0x00000000ddb00000)
  from space 4608K, 0% used [0x00000000ddb00000,0x00000000ddb00000,0x00000000ddf80000)
  to   space 4608K, 0% used [0x00000000dfb00000,0x00000000dfb00000,0x00000000dff80000)
 ParOldGen       total 60928K, used 11802K [0x0000000093e00000, 0x0000000097980000, 0x00000000dbf80000)
  object space 60928K, 19% used [0x0000000093e00000,0x0000000094986bb8,0x0000000097980000)
 Metaspace       used 21270K, capacity 22505K, committed 22656K, reserved 1069056K
  class space    used 2842K, capacity 3100K, committed 3200K, reserved 1048576K

Card table byte_map: [0x00007f0a888de000,0x00007f0a88c40000] byte_map_base: 0x00007f0a8843f000

Marking Bits: (ParMarkBitMap*) 0x00007f0a9ea7c320
 Begin Bits: [0x00007f0a84e8b000, 0x00007f0a86993000)
 End Bits:   [0x00007f0a86993000, 0x00007f0a8849b000)

Polling page: 0x00007f0a9f8d0000

CodeCache: size=245760Kb used=7561Kb max_used=7567Kb free=238198Kb
 bounds [0x00007f0a89000000, 0x00007f0a89770000, 0x00007f0a98000000]
 total_blobs=3019 nmethods=2356 adapters=578
 compilation: enabled

Compilation events (10 events):
Event: 13,100 Thread 0x00007f0a980bd800 nmethod 2354 0x00007f0a89768e10 code [0x00007f0a89768f60, 0x00007f0a89769070]
Event: 13,100 Thread 0x00007f0a980bb800 nmethod 2343 0x00007f0a89638310 code [0x00007f0a89638460, 0x00007f0a896384d8]
Event: 13,104 Thread 0x00007f0a980bd800 2362       3       com.sun.javafx.scene.control.skin.Utils::computeTextWidth (47 bytes)
Event: 13,105 Thread 0x00007f0a980bd800 nmethod 2362 0x00007f0a89765a90 code [0x00007f0a89765c60, 0x00007f0a89766158]
Event: 13,105 Thread 0x00007f0a980bd800 2363       3       javafx.scene.control.SkinBase::snappedTopInset (8 bytes)
Event: 13,106 Thread 0x00007f0a980bd800 nmethod 2363 0x00007f0a89765610 code [0x00007f0a89765780, 0x00007f0a897659b0]
Event: 13,106 Thread 0x00007f0a980bd800 2365       1       javafx.geometry.Insets::getTop (5 bytes)
Event: 13,106 Thread 0x00007f0a980bd800 nmethod 2365 0x00007f0a89765350 code [0x00007f0a897654a0, 0x00007f0a897655b0]
Event: 13,106 Thread 0x00007f0a980bd800 2364       3       javafx.scene.control.SkinBase::snappedBottomInset (8 bytes)
Event: 13,106 Thread 0x00007f0a980bd800 nmethod 2364 0x00007f0a89764ed0 code [0x00007f0a89765040, 0x00007f0a89765270]

GC Heap History (8 events):
Event: 2,777 GC heap before
{Heap before GC invocations=1 (full 0):
 PSYoungGen      total 32768K, used 25797K [0x00000000dbf80000, 0x00000000de400000, 0x0000000100000000)
  eden space 28160K, 91% used [0x00000000dbf80000,0x00000000dd8b1470,0x00000000ddb00000)
  from space 4608K, 0% used [0x00000000ddf80000,0x00000000ddf80000,0x00000000de400000)
  to   space 4608K, 0% used [0x00000000ddb00000,0x00000000ddb00000,0x00000000ddf80000)
 ParOldGen       total 75264K, used 0K [0x0000000093e00000, 0x0000000098780000, 0x00000000dbf80000)
  object space 75264K, 0% used [0x0000000093e00000,0x0000000093e00000,0x0000000098780000)
 Metaspace       used 11681K, capacity 12064K, committed 12416K, reserved 1060864K
  class space    used 1413K, capacity 1540K, committed 1664K, reserved 1048576K
Event: 2,795 GC heap after
Heap after GC invocations=1 (full 0):
 PSYoungGen      total 32768K, used 4594K [0x00000000dbf80000, 0x00000000de400000, 0x0000000100000000)
  eden space 28160K, 0% used [0x00000000dbf80000,0x00000000dbf80000,0x00000000ddb00000)
  from space 4608K, 99% used [0x00000000ddb00000,0x00000000ddf7cb18,0x00000000ddf80000)
  to   space 4608K, 0% used [0x00000000ddf80000,0x00000000ddf80000,0x00000000de400000)
 ParOldGen       total 75264K, used 3036K [0x0000000093e00000, 0x0000000098780000, 0x00000000dbf80000)
  object space 75264K, 4% used [0x0000000093e00000,0x00000000940f7310,0x0000000098780000)
 Metaspace       used 11681K, capacity 12064K, committed 12416K, reserved 1060864K
  class space    used 1413K, capacity 1540K, committed 1664K, reserved 1048576K
}
Event: 9,469 GC heap before
{Heap before GC invocations=2 (full 0):
 PSYoungGen      total 32768K, used 32754K [0x00000000dbf80000, 0x00000000de400000, 0x0000000100000000)
  eden space 28160K, 100% used [0x00000000dbf80000,0x00000000ddb00000,0x00000000ddb00000)
  from space 4608K, 99% used [0x00000000ddb00000,0x00000000ddf7cb18,0x00000000ddf80000)
  to   space 4608K, 0% used [0x00000000ddf80000,0x00000000ddf80000,0x00000000de400000)
 ParOldGen       total 75264K, used 3036K [0x0000000093e00000, 0x0000000098780000, 0x00000000dbf80000)
  object space 75264K, 4% used [0x0000000093e00000,0x00000000940f7310,0x0000000098780000)
 Metaspace       used 18402K, capacity 19062K, committed 19328K, reserved 1067008K
  class space    used 2432K, capacity 2610K, committed 2688K, reserved 1048576K
Event: 9,493 GC heap after
Heap after GC invocations=2 (full 0):
 PSYoungGen      total 32768K, used 4578K [0x00000000dbf80000, 0x00000000de400000, 0x0000000100000000)
  eden space 28160K, 0% used [0x00000000dbf80000,0x00000000dbf80000,0x00000000ddb00000)
  from space 4608K, 99% used [0x00000000ddf80000,0x00000000de3f8ac0,0x00000000de400000)
  to   space 4608K, 0% used [0x00000000ddb00000,0x00000000ddb00000,0x00000000ddf80000)
 ParOldGen       total 75264K, used 12126K [0x0000000093e00000, 0x0000000098780000, 0x00000000dbf80000)
  object space 75264K, 16% used [0x0000000093e00000,0x00000000949d7880,0x0000000098780000)
 Metaspace       used 18402K, capacity 19062K, committed 19328K, reserved 1067008K
  class space    used 2432K, capacity 2610K, committed 2688K, reserved 1048576K
}
Event: 11,081 GC heap before
{Heap before GC invocations=3 (full 0):
 PSYoungGen      total 32768K, used 14823K [0x00000000dbf80000, 0x00000000de400000, 0x0000000100000000)
  eden space 28160K, 36% used [0x00000000dbf80000,0x00000000dc981318,0x00000000ddb00000)
  from space 4608K, 99% used [0x00000000ddf80000,0x00000000de3f8ac0,0x00000000de400000)
  to   space 4608K, 0% used [0x00000000ddb00000,0x00000000ddb00000,0x00000000ddf80000)
 ParOldGen       total 75264K, used 12126K [0x0000000093e00000, 0x0000000098780000, 0x00000000dbf80000)
  object space 75264K, 16% used [0x0000000093e00000,0x00000000949d7880,0x0000000098780000)
 Metaspace       used 20339K, capacity 21295K, committed 21296K, reserved 1067008K
  class space    used 2710K, capacity 2943K, committed 2944K, reserved 1048576K
Event: 11,148 GC heap after
Heap after GC invocations=3 (full 0):
 PSYoungGen      total 32768K, used 4576K [0x00000000dbf80000, 0x00000000dff80000, 0x0000000100000000)
  eden space 28160K, 0% used [0x00000000dbf80000,0x00000000dbf80000,0x00000000ddb00000)
  from space 4608K, 99% used [0x00000000ddb00000,0x00000000ddf78040,0x00000000ddf80000)
  to   space 4608K, 0% used [0x00000000dfb00000,0x00000000dfb00000,0x00000000dff80000)
 ParOldGen       total 75264K, used 14265K [0x0000000093e00000, 0x0000000098780000, 0x00000000dbf80000)
  object space 75264K, 18% used [0x0000000093e00000,0x0000000094bee5a0,0x0000000098780000)
 Metaspace       used 20339K, capacity 21295K, committed 21296K, reserved 1067008K
  class space    used 2710K, capacity 2943K, committed 2944K, reserved 1048576K
}
Event: 11,148 GC heap before
{Heap before GC invocations=4 (full 1):
 PSYoungGen      total 32768K, used 4576K [0x00000000dbf80000, 0x00000000dff80000, 0x0000000100000000)
  eden space 28160K, 0% used [0x00000000dbf80000,0x00000000dbf80000,0x00000000ddb00000)
  from space 4608K, 99% used [0x00000000ddb00000,0x00000000ddf78040,0x00000000ddf80000)
  to   space 4608K, 0% used [0x00000000dfb00000,0x00000000dfb00000,0x00000000dff80000)
 ParOldGen       total 75264K, used 14265K [0x0000000093e00000, 0x0000000098780000, 0x00000000dbf80000)
  object space 75264K, 18% used [0x0000000093e00000,0x0000000094bee5a0,0x0000000098780000)
 Metaspace       used 20339K, capacity 21295K, committed 21296K, reserved 1067008K
  class space    used 2710K, capacity 2943K, committed 2944K, reserved 1048576K
Event: 11,248 GC heap after
Heap after GC invocations=4 (full 1):
 PSYoungGen      total 32768K, used 0K [0x00000000dbf80000, 0x00000000dff80000, 0x0000000100000000)
  eden space 28160K, 0% used [0x00000000dbf80000,0x00000000dbf80000,0x00000000ddb00000)
  from space 4608K, 0% used [0x00000000ddb00000,0x00000000ddb00000,0x00000000ddf80000)
  to   space 4608K, 0% used [0x00000000dfb00000,0x00000000dfb00000,0x00000000dff80000)
 ParOldGen       total 60928K, used 11802K [0x0000000093e00000, 0x0000000097980000, 0x00000000dbf80000)
  object space 60928K, 19% used [0x0000000093e00000,0x0000000094986bb8,0x0000000097980000)
 Metaspace       used 20339K, capacity 21295K, committed 21296K, reserved 1067008K
  class space    used 2710K, capacity 2943K, committed 2944K, reserved 1048576K
}

Deoptimization events (10 events):
Event: 10,753 Thread 0x00007f0a9832c800 Uncommon trap: reason=array_check action=maybe_recompile pc=0x00007f0a89570430 method=com.sun.javafx.css.SimpleSelector.applies(Ljavafx/css/Styleable;[Ljava/util/Set;I)Z @ 37
Event: 10,753 Thread 0x00007f0a9832c800 Uncommon trap: reason=array_check action=maybe_recompile pc=0x00007f0a89570430 method=com.sun.javafx.css.SimpleSelector.applies(Ljavafx/css/Styleable;[Ljava/util/Set;I)Z @ 37
Event: 10,754 Thread 0x00007f0a9832c800 Uncommon trap: reason=array_check action=maybe_recompile pc=0x00007f0a89570430 method=com.sun.javafx.css.SimpleSelector.applies(Ljavafx/css/Styleable;[Ljava/util/Set;I)Z @ 37
Event: 10,754 Thread 0x00007f0a9832c800 Uncommon trap: reason=array_check action=maybe_recompile pc=0x00007f0a89570430 method=com.sun.javafx.css.SimpleSelector.applies(Ljavafx/css/Styleable;[Ljava/util/Set;I)Z @ 37
Event: 11,490 Thread 0x00007f0a9832c800 Uncommon trap: reason=array_check action=maybe_recompile pc=0x00007f0a895b71d4 method=com.sun.javafx.css.CompoundSelector.applies(Ljavafx/css/Styleable;[Ljava/util/Set;I)Z @ 128
Event: 11,490 Thread 0x00007f0a9832c800 Uncommon trap: reason=array_check action=maybe_recompile pc=0x00007f0a895b71d4 method=com.sun.javafx.css.CompoundSelector.applies(Ljavafx/css/Styleable;[Ljava/util/Set;I)Z @ 128
Event: 11,490 Thread 0x00007f0a9832c800 Uncommon trap: reason=array_check action=maybe_recompile pc=0x00007f0a895b71d4 method=com.sun.javafx.css.CompoundSelector.applies(Ljavafx/css/Styleable;[Ljava/util/Set;I)Z @ 128
Event: 11,490 Thread 0x00007f0a9832c800 Uncommon trap: reason=array_check action=maybe_recompile pc=0x00007f0a895b71d4 method=com.sun.javafx.css.CompoundSelector.applies(Ljavafx/css/Styleable;[Ljava/util/Set;I)Z @ 128
Event: 12,479 Thread 0x00007f0a9832c800 Uncommon trap: reason=array_check action=maybe_recompile pc=0x00007f0a89684e50 method=com.sun.javafx.css.SimpleSelector.applies(Ljavafx/css/Styleable;[Ljava/util/Set;I)Z @ 37
Event: 12,572 Thread 0x00007f0a9832c800 Uncommon trap: reason=unstable_if action=reinterpret pc=0x00007f0a89669244 method=javafx.scene.CssStyleHelper.lookup(Ljavafx/css/Styleable;Ljavafx/css/CssMetaData;Lcom/sun/javafx/css/StyleMap;Ljava/util/Set;Ljavafx/css/Styleable;Lcom/sun/javafx/css/Calcul

Classes redefined (0 events):
No events

Internal exceptions (10 events):
Event: 2,524 Thread 0x00007f0a9832c800 Exception <a 'java/lang/ArrayIndexOutOfBoundsException'> (0x00000000dd63c448) thrown at [/build/openjdk-8-wnL82d/openjdk-8-8u171-b11/src/hotspot/src/share/vm/runtime/sharedRuntime.cpp, line 605]
Event: 2,525 Thread 0x00007f0a9832c800 Exception <a 'java/lang/ArrayIndexOutOfBoundsException'> (0x00000000dd63d148) thrown at [/build/openjdk-8-wnL82d/openjdk-8-8u171-b11/src/hotspot/src/share/vm/runtime/sharedRuntime.cpp, line 605]
Event: 2,526 Thread 0x00007f0a9832c800 Exception <a 'java/lang/ArrayIndexOutOfBoundsException'> (0x00000000dd63e4f0) thrown at [/build/openjdk-8-wnL82d/openjdk-8-8u171-b11/src/hotspot/src/share/vm/runtime/sharedRuntime.cpp, line 605]
Event: 2,930 Thread 0x00007f0a9832c800 Implicit null exception at 0x00007f0a892cf7b5 to 0x00007f0a892cf9d5
Event: 9,138 Thread 0x00007f0a9832c800 Implicit null exception at 0x00007f0a892322f6 to 0x00007f0a892326a1
Event: 9,688 Thread 0x00007f0a9832c800 Exception <a 'java/lang/ArrayIndexOutOfBoundsException'> (0x00000000dc238e40) thrown at [/build/openjdk-8-wnL82d/openjdk-8-8u171-b11/src/hotspot/src/share/vm/runtime/sharedRuntime.cpp, line 605]
Event: 9,846 Thread 0x00007f0a9832c800 Exception <a 'java/lang/ArrayIndexOutOfBoundsException'> (0x00000000dc45a5a8) thrown at [/build/openjdk-8-wnL82d/openjdk-8-8u171-b11/src/hotspot/src/share/vm/runtime/sharedRuntime.cpp, line 605]
Event: 9,847 Thread 0x00007f0a9832c800 Exception <a 'java/lang/ArrayIndexOutOfBoundsException'> (0x00000000dc45b790) thrown at [/build/openjdk-8-wnL82d/openjdk-8-8u171-b11/src/hotspot/src/share/vm/runtime/sharedRuntime.cpp, line 605]
Event: 9,847 Thread 0x00007f0a9832c800 Exception <a 'java/lang/ArrayIndexOutOfBoundsException'> (0x00000000dc45d3d0) thrown at [/build/openjdk-8-wnL82d/openjdk-8-8u171-b11/src/hotspot/src/share/vm/runtime/sharedRuntime.cpp, line 605]
Event: 9,995 Thread 0x00007f0a9832c800 Exception <a 'java/io/FileNotFoundException'> (0x00000000dc5270b8) thrown at [/build/openjdk-8-wnL82d/openjdk-8-8u171-b11/src/hotspot/src/share/vm/prims/jni.cpp, line 709]

Events (10 events):
Event: 12,709 loading class javafx/event/EventHandler
Event: 12,709 loading class javafx/event/EventHandler done
Event: 12,826 loading class com/sun/javafx/scene/control/skin/Utils$2
Event: 12,826 loading class com/sun/javafx/scene/control/skin/Utils$2 done
Event: 13,102 Executing VM operation: ForceSafepoint
Event: 13,103 Executing VM operation: ForceSafepoint done
Event: 13,112 Thread 0x00007f0a9832c800 DEOPT PACKING pc=0x00007f0a89406654 sp=0x00007f0a36d873a0
Event: 13,112 Thread 0x00007f0a9832c800 DEOPT UNPACKING pc=0x00007f0a890470c4 sp=0x00007f0a36d87128 mode 0
Event: 13,112 Thread 0x00007f0a9832c800 DEOPT PACKING pc=0x00007f0a89406654 sp=0x00007f0a36d87c80
Event: 13,112 Thread 0x00007f0a9832c800 DEOPT UNPACKING pc=0x00007f0a890470c4 sp=0x00007f0a36d87a08 mode 0


Dynamic libraries:
00400000-00401000 r-xp 00000000 08:06 19152                              /usr/lib/jvm/java-8-openjdk-amd64/jre/bin/java
00600000-00601000 r--p 00000000 08:06 19152                              /usr/lib/jvm/java-8-openjdk-amd64/jre/bin/java
00601000-00602000 rw-p 00001000 08:06 19152                              /usr/lib/jvm/java-8-openjdk-amd64/jre/bin/java
01953000-01974000 rw-p 00000000 00:00 0                                  [heap]
93e00000-97980000 rw-p 00000000 00:00 0 
97980000-dbf80000 ---p 00000000 00:00 0 
dbf80000-dff80000 rw-p 00000000 00:00 0 
dff80000-100000000 ---p 00000000 00:00 0 
100000000-100320000 rw-p 00000000 00:00 0 
100320000-140000000 ---p 00000000 00:00 0 
7f0a04fff000-7f0a08000000 rw-p 00000000 00:00 0 
7f0a08000000-7f0a08021000 rw-p 00000000 00:00 0 
7f0a08021000-7f0a0c000000 ---p 00000000 00:00 0 
7f0a0c000000-7f0a0c021000 rw-p 00000000 00:00 0 
7f0a0c021000-7f0a10000000 ---p 00000000 00:00 0 
7f0a10000000-7f0a10021000 rw-p 00000000 00:00 0 
7f0a10021000-7f0a14000000 ---p 00000000 00:00 0 
7f0a14000000-7f0a14021000 rw-p 00000000 00:00 0 
7f0a14021000-7f0a18000000 ---p 00000000 00:00 0 
7f0a18000000-7f0a18021000 rw-p 00000000 00:00 0 
7f0a18021000-7f0a1c000000 ---p 00000000 00:00 0 
7f0a1c000000-7f0a1c021000 rw-p 00000000 00:00 0 
7f0a1c021000-7f0a20000000 ---p 00000000 00:00 0 
7f0a20000000-7f0a20021000 rw-p 00000000 00:00 0 
7f0a20021000-7f0a24000000 ---p 00000000 00:00 0 
7f0a24000000-7f0a244d3000 rw-p 00000000 00:00 0 
7f0a244d3000-7f0a28000000 ---p 00000000 00:00 0 
7f0a28000000-7f0a28022000 rw-p 00000000 00:00 0 
7f0a28022000-7f0a2c000000 ---p 00000000 00:00 0 
7f0a2c000000-7f0a2c021000 rw-p 00000000 00:00 0 
7f0a2c021000-7f0a30000000 ---p 00000000 00:00 0 
7f0a30000000-7f0a30022000 rw-p 00000000 00:00 0 
7f0a30022000-7f0a34000000 ---p 00000000 00:00 0 
7f0a34256000-7f0a34302000 r--p 00000000 08:06 78714                      /usr/share/fonts/truetype/dejavu/DejaVuSans-Bold.ttf
7f0a34302000-7f0a34502000 rw-p 00000000 00:00 0 
7f0a3454e000-7f0a3464e000 rw-p 00000000 00:00 0 
7f0a3464e000-7f0a3474e000 ---p 00000000 00:00 0 
7f0a3474e000-7f0a34764000 r-xp 00000000 08:06 19197                      /usr/lib/jvm/java-8-openjdk-amd64/jre/lib/amd64/libnet.so
7f0a34764000-7f0a34964000 ---p 00016000 08:06 19197                      /usr/lib/jvm/java-8-openjdk-amd64/jre/lib/amd64/libnet.so
7f0a34964000-7f0a34965000 r--p 00016000 08:06 19197                      /usr/lib/jvm/java-8-openjdk-amd64/jre/lib/amd64/libnet.so
7f0a34965000-7f0a34966000 rw-p 00017000 08:06 19197                      /usr/lib/jvm/java-8-openjdk-amd64/jre/lib/amd64/libnet.so
7f0a34966000-7f0a34abd000 rw-s 10d534000 00:06 332                       /dev/dri/renderD128
7f0a34abd000-7f0a34cbd000 rw-p 00000000 00:00 0 
7f0a34cbd000-7f0a34dbd000 rw-s 100f76000 00:06 332                       /dev/dri/renderD128
7f0a34dbd000-7f0a34ebd000 rw-s 104e85000 00:06 332                       /dev/dri/renderD128
7f0a34ebd000-7f0a34edd000 rw-s 10bd71000 00:06 332                       /dev/dri/renderD128
7f0a34edd000-7f0a34ee0000 ---p 00000000 00:00 0 
7f0a34ee0000-7f0a34fde000 rw-p 00000000 00:00 0 
7f0a34fde000-7f0a35097000 r--p 00000000 08:06 78715                      /usr/share/fonts/truetype/dejavu/DejaVuSans.ttf
7f0a35097000-7f0a35297000 rw-p 00000000 00:00 0 
7f0a35297000-7f0a352c7000 r-xp 00000000 08:06 32466                      /usr/lib/x86_64-linux-gnu/gtk-2.0/2.10.0/engines/libmurrine.so
7f0a352c7000-7f0a354c7000 ---p 00030000 08:06 32466                      /usr/lib/x86_64-linux-gnu/gtk-2.0/2.10.0/engines/libmurrine.so
7f0a354c7000-7f0a354c8000 r--p 00030000 08:06 32466                      /usr/lib/x86_64-linux-gnu/gtk-2.0/2.10.0/engines/libmurrine.so
7f0a354c8000-7f0a354c9000 rw-p 00031000 08:06 32466                      /usr/lib/x86_64-linux-gnu/gtk-2.0/2.10.0/engines/libmurrine.so
7f0a354c9000-7f0a354d3000 r-xp 00000000 08:06 32440                      /usr/lib/x86_64-linux-gnu/gtk-2.0/2.10.0/engines/libpixmap.so
7f0a354d3000-7f0a356d2000 ---p 0000a000 08:06 32440                      /usr/lib/x86_64-linux-gnu/gtk-2.0/2.10.0/engines/libpixmap.so
7f0a356d2000-7f0a356d3000 r--p 00009000 08:06 32440                      /usr/lib/x86_64-linux-gnu/gtk-2.0/2.10.0/engines/libpixmap.so
7f0a356d3000-7f0a356d4000 rw-p 0000a000 08:06 32440                      /usr/lib/x86_64-linux-gnu/gtk-2.0/2.10.0/engines/libpixmap.so
7f0a356d4000-7f0a3572b000 r-xp 00000000 08:06 10681                      /usr/lib/x86_64-linux-gnu/libjpeg.so.8.0.2
7f0a3572b000-7f0a3592b000 ---p 00057000 08:06 10681                      /usr/lib/x86_64-linux-gnu/libjpeg.so.8.0.2
7f0a3592b000-7f0a3592c000 r--p 00057000 08:06 10681                      /usr/lib/x86_64-linux-gnu/libjpeg.so.8.0.2
7f0a3592c000-7f0a3592d000 rw-p 00058000 08:06 10681                      /usr/lib/x86_64-linux-gnu/libjpeg.so.8.0.2
7f0a35947000-7f0a3594c000 r--s 0009d000 08:06 19228                      /usr/lib/jvm/java-8-openjdk-amd64/jre/lib/jsse.jar
7f0a3594c000-7f0a35950000 r-xp 00000000 08:06 8836                       /usr/lib/jvm/java-8-openjdk-amd64/jre/lib/amd64/libjavafx_iio.so
7f0a35950000-7f0a35b4f000 ---p 00004000 08:06 8836                       /usr/lib/jvm/java-8-openjdk-amd64/jre/lib/amd64/libjavafx_iio.so
7f0a35b4f000-7f0a35b50000 r--p 00003000 08:06 8836                       /usr/lib/jvm/java-8-openjdk-amd64/jre/lib/amd64/libjavafx_iio.so
7f0a35b50000-7f0a35b51000 rw-p 00004000 08:06 8836                       /usr/lib/jvm/java-8-openjdk-amd64/jre/lib/amd64/libjavafx_iio.so
7f0a35b51000-7f0a35b58000 r--s 00000000 08:06 1704018                    /var/cache/fontconfig/4be9850f182b35c1350b6bbf2e42601c-le64.cache-6
7f0a35b58000-7f0a35b63000 r--s 00000000 08:06 1704007                    /var/cache/fontconfig/945677eb7aeaf62f1d50efc3fb3ec7d8-le64.cache-6
7f0a35b63000-7f0a35b69000 r--s 00000000 08:06 1704004                    /var/cache/fontconfig/2cd17615ca594fa2959ae173292e504c-le64.cache-6
7f0a35b69000-7f0a35b7e000 r--s 00000000 08:06 1704006                    /var/cache/fontconfig/04aabc0a78ac019cf9454389977116d2-le64.cache-6
7f0a35b7e000-7f0a35b83000 r-xp 00000000 08:06 8842                       /usr/lib/jvm/java-8-openjdk-amd64/jre/lib/amd64/libjavafx_font_freetype.so
7f0a35b83000-7f0a35d82000 ---p 00005000 08:06 8842                       /usr/lib/jvm/java-8-openjdk-amd64/jre/lib/amd64/libjavafx_font_freetype.so
7f0a35d82000-7f0a35d83000 r--p 00004000 08:06 8842                       /usr/lib/jvm/java-8-openjdk-amd64/jre/lib/amd64/libjavafx_font_freetype.so
7f0a35d83000-7f0a35d84000 rw-p 00005000 08:06 8842                       /usr/lib/jvm/java-8-openjdk-amd64/jre/lib/amd64/libjavafx_font_freetype.so
7f0a35d84000-7f0a35f84000 rw-p 00000000 00:00 0 
7f0a35f84000-7f0a35f87000 r-xp 00000000 08:06 8835                       /usr/lib/jvm/java-8-openjdk-amd64/jre/lib/amd64/libjavafx_font.so
7f0a35f87000-7f0a36186000 ---p 00003000 08:06 8835                       /usr/lib/jvm/java-8-openjdk-amd64/jre/lib/amd64/libjavafx_font.so
7f0a36186000-7f0a36187000 r--p 00002000 08:06 8835                       /usr/lib/jvm/java-8-openjdk-amd64/jre/lib/amd64/libjavafx_font.so
7f0a36187000-7f0a36188000 rw-p 00003000 08:06 8835                       /usr/lib/jvm/java-8-openjdk-amd64/jre/lib/amd64/libjavafx_font.so
7f0a36188000-7f0a36388000 rw-p 00000000 00:00 0 
7f0a36388000-7f0a3638b000 ---p 00000000 00:00 0 
7f0a3638b000-7f0a36489000 rw-p 00000000 00:00 0 
7f0a36489000-7f0a3648a000 ---p 00000000 00:00 0 
7f0a3648a000-7f0a36c8a000 rw-p 00000000 00:00 0 
7f0a36c8a000-7f0a36c8d000 ---p 00000000 00:00 0 
7f0a36c8d000-7f0a36d8b000 rw-p 00000000 00:00 0 
7f0a36d8b000-7f0a36d8e000 ---p 00000000 00:00 0 
7f0a36d8e000-7f0a36e8c000 rw-p 00000000 00:00 0 
7f0a36e8c000-7f0a36e8d000 ---p 00000000 00:00 0 
7f0a36e8d000-7f0a3768d000 rw-p 00000000 00:00 0 
7f0a3768d000-7f0a37698000 r-xp 00000000 08:06 32451                      /usr/lib/x86_64-linux-gnu/gio/modules/libdconfsettings.so
7f0a37698000-7f0a37898000 ---p 0000b000 08:06 32451                      /usr/lib/x86_64-linux-gnu/gio/modules/libdconfsettings.so
7f0a37898000-7f0a37899000 r--p 0000b000 08:06 32451                      /usr/lib/x86_64-linux-gnu/gio/modules/libdconfsettings.so
7f0a37899000-7f0a3789a000 rw-p 0000c000 08:06 32451                      /usr/lib/x86_64-linux-gnu/gio/modules/libdconfsettings.so
7f0a3789a000-7f0a3789b000 ---p 00000000 00:00 0 
7f0a3789b000-7f0a3809b000 rw-p 00000000 00:00 0 
7f0a3809b000-7f0a380b4000 r-xp 00000000 08:06 33478                      /usr/lib/x86_64-linux-gnu/gio/modules/libgioremote-volume-monitor.so
7f0a380b4000-7f0a382b4000 ---p 00019000 08:06 33478                      /usr/lib/x86_64-linux-gnu/gio/modules/libgioremote-volume-monitor.so
7f0a382b4000-7f0a382b7000 r--p 00019000 08:06 33478                      /usr/lib/x86_64-linux-gnu/gio/modules/libgioremote-volume-monitor.so
7f0a382b7000-7f0a382b8000 rw-p 0001c000 08:06 33478                      /usr/lib/x86_64-linux-gnu/gio/modules/libgioremote-volume-monitor.so
7f0a382b8000-7f0a382ee000 r-xp 00000000 08:06 24604                      /usr/lib/x86_64-linux-gnu/gvfs/libgvfscommon.so
7f0a382ee000-7f0a384ee000 ---p 00036000 08:06 24604                      /usr/lib/x86_64-linux-gnu/gvfs/libgvfscommon.so
7f0a384ee000-7f0a384f3000 r--p 00036000 08:06 24604                      /usr/lib/x86_64-linux-gnu/gvfs/libgvfscommon.so
7f0a384f3000-7f0a384f4000 rw-p 0003b000 08:06 24604                      /usr/lib/x86_64-linux-gnu/gvfs/libgvfscommon.so
7f0a384f4000-7f0a38524000 r-xp 00000000 08:06 33479                      /usr/lib/x86_64-linux-gnu/gio/modules/libgvfsdbus.so
7f0a38524000-7f0a38724000 ---p 00030000 08:06 33479                      /usr/lib/x86_64-linux-gnu/gio/modules/libgvfsdbus.so
7f0a38724000-7f0a38725000 r--p 00030000 08:06 33479                      /usr/lib/x86_64-linux-gnu/gio/modules/libgvfsdbus.so
7f0a38725000-7f0a38727000 rw-p 00031000 08:06 33479                      /usr/lib/x86_64-linux-gnu/gio/modules/libgvfsdbus.so
7f0a38727000-7f0a38737000 r-xp 00000000 08:06 13395                      /usr/lib/x86_64-linux-gnu/libunity-gtk2-parser.so.0.0.0
7f0a38737000-7f0a38937000 ---p 00010000 08:06 13395                      /usr/lib/x86_64-linux-gnu/libunity-gtk2-parser.so.0.0.0
7f0a38937000-7f0a38938000 r--p 00010000 08:06 13395                      /usr/lib/x86_64-linux-gnu/libunity-gtk2-parser.so.0.0.0
7f0a38938000-7f0a38939000 rw-p 00011000 08:06 13395                      /usr/lib/x86_64-linux-gnu/libunity-gtk2-parser.so.0.0.0
7f0a38939000-7f0a3893e000 r-xp 00000000 08:06 30669                      /usr/lib/x86_64-linux-gnu/gtk-2.0/modules/libunity-gtk-module.so
7f0a3893e000-7f0a38b3d000 ---p 00005000 08:06 30669                      /usr/lib/x86_64-linux-gnu/gtk-2.0/modules/libunity-gtk-module.so
7f0a38b3d000-7f0a38b3e000 r--p 00004000 08:06 30669                      /usr/lib/x86_64-linux-gnu/gtk-2.0/modules/libunity-gtk-module.so
7f0a38b3e000-7f0a38b3f000 rw-p 00005000 08:06 30669                      /usr/lib/x86_64-linux-gnu/gtk-2.0/modules/libunity-gtk-module.so
7f0a38b3f000-7f0a38b45000 r-xp 00000000 08:06 10263                      /usr/lib/x86_64-linux-gnu/libdatrie.so.1.3.3
7f0a38b45000-7f0a38d45000 ---p 00006000 08:06 10263                      /usr/lib/x86_64-linux-gnu/libdatrie.so.1.3.3
7f0a38d45000-7f0a38d46000 r--p 00006000 08:06 10263                      /usr/lib/x86_64-linux-gnu/libdatrie.so.1.3.3
7f0a38d46000-7f0a38d47000 rw-p 00007000 08:06 10263                      /usr/lib/x86_64-linux-gnu/libdatrie.so.1.3.3
7f0a38d47000-7f0a38d6b000 r-xp 00000000 08:06 9432                       /usr/lib/x86_64-linux-gnu/libgraphite2.so.3.0.1
7f0a38d6b000-7f0a38f6a000 ---p 00024000 08:06 9432                       /usr/lib/x86_64-linux-gnu/libgraphite2.so.3.0.1
7f0a38f6a000-7f0a38f6c000 r--p 00023000 08:06 9432                       /usr/lib/x86_64-linux-gnu/libgraphite2.so.3.0.1
7f0a38f6c000-7f0a38f6d000 rw-p 00025000 08:06 9432                       /usr/lib/x86_64-linux-gnu/libgraphite2.so.3.0.1
7f0a38f6d000-7f0a38f75000 r-xp 00000000 08:06 11095                      /usr/lib/x86_64-linux-gnu/libthai.so.0.2.4
7f0a38f75000-7f0a39174000 ---p 00008000 08:06 11095                      /usr/lib/x86_64-linux-gnu/libthai.so.0.2.4
7f0a39174000-7f0a39175000 r--p 00007000 08:06 11095                      /usr/lib/x86_64-linux-gnu/libthai.so.0.2.4
7f0a39175000-7f0a39176000 rw-p 00008000 08:06 11095                      /usr/lib/x86_64-linux-gnu/libthai.so.0.2.4
7f0a39176000-7f0a391d2000 r-xp 00000000 08:06 10595                      /usr/lib/x86_64-linux-gnu/libharfbuzz.so.0.10000.1
7f0a391d2000-7f0a393d2000 ---p 0005c000 08:06 10595                      /usr/lib/x86_64-linux-gnu/libharfbuzz.so.0.10000.1
7f0a393d2000-7f0a393d3000 r--p 0005c000 08:06 10595                      /usr/lib/x86_64-linux-gnu/libharfbuzz.so.0.10000.1
7f0a393d3000-7f0a393d4000 rw-p 0005d000 08:06 10595                      /usr/lib/x86_64-linux-gnu/libharfbuzz.so.0.10000.1
7f0a393d4000-7f0a39442000 r-xp 00000000 08:06 5247573                    /lib/x86_64-linux-gnu/libpcre.so.3.13.2
7f0a39442000-7f0a39642000 ---p 0006e000 08:06 5247573                    /lib/x86_64-linux-gnu/libpcre.so.3.13.2
7f0a39642000-7f0a39643000 r--p 0006e000 08:06 5247573                    /lib/x86_64-linux-gnu/libpcre.so.3.13.2
7f0a39643000-7f0a39644000 rw-p 0006f000 08:06 5247573                    /lib/x86_64-linux-gnu/libpcre.so.3.13.2
7f0a39644000-7f0a3965b000 r-xp 00000000 08:06 5248714                    /lib/x86_64-linux-gnu/libresolv-2.23.so
7f0a3965b000-7f0a3985b000 ---p 00017000 08:06 5248714                    /lib/x86_64-linux-gnu/libresolv-2.23.so
7f0a3985b000-7f0a3985c000 r--p 00017000 08:06 5248714                    /lib/x86_64-linux-gnu/libresolv-2.23.so
7f0a3985c000-7f0a3985d000 rw-p 00018000 08:06 5248714                    /lib/x86_64-linux-gnu/libresolv-2.23.so
7f0a3985d000-7f0a3985f000 rw-p 00000000 00:00 0 
7f0a3985f000-7f0a3987e000 r-xp 00000000 08:06 5247602                    /lib/x86_64-linux-gnu/libselinux.so.1
7f0a3987e000-7f0a39a7d000 ---p 0001f000 08:06 5247602                    /lib/x86_64-linux-gnu/libselinux.so.1
7f0a39a7d000-7f0a39a7e000 r--p 0001e000 08:06 5247602                    /lib/x86_64-linux-gnu/libselinux.so.1
7f0a39a7e000-7f0a39a7f000 rw-p 0001f000 08:06 5247602                    /lib/x86_64-linux-gnu/libselinux.so.1
7f0a39a7f000-7f0a39a81000 rw-p 00000000 00:00 0 
7f0a39a81000-7f0a39a89000 r-xp 00000000 08:06 11230                      /usr/lib/x86_64-linux-gnu/libxcb-render.so.0.0.0
7f0a39a89000-7f0a39c89000 ---p 00008000 08:06 11230                      /usr/lib/x86_64-linux-gnu/libxcb-render.so.0.0.0
7f0a39c89000-7f0a39c8a000 r--p 00008000 08:06 11230                      /usr/lib/x86_64-linux-gnu/libxcb-render.so.0.0.0
7f0a39c8a000-7f0a39c8b000 rw-p 00009000 08:06 11230                      /usr/lib/x86_64-linux-gnu/libxcb-render.so.0.0.0
7f0a39c8b000-7f0a39c8d000 r-xp 00000000 08:06 11234                      /usr/lib/x86_64-linux-gnu/libxcb-shm.so.0.0.0
7f0a39c8d000-7f0a39e8d000 ---p 00002000 08:06 11234                      /usr/lib/x86_64-linux-gnu/libxcb-shm.so.0.0.0
7f0a39e8d000-7f0a39e8e000 r--p 00002000 08:06 11234                      /usr/lib/x86_64-linux-gnu/libxcb-shm.so.0.0.0
7f0a39e8e000-7f0a39e8f000 rw-p 00003000 08:06 11234                      /usr/lib/x86_64-linux-gnu/libxcb-shm.so.0.0.0
7f0a39e8f000-7f0a39eb3000 r-xp 00000000 08:06 5247585                    /lib/x86_64-linux-gnu/libpng12.so.0.54.0
7f0a39eb3000-7f0a3a0b2000 ---p 00024000 08:06 5247585                    /lib/x86_64-linux-gnu/libpng12.so.0.54.0
7f0a3a0b2000-7f0a3a0b3000 r--p 00023000 08:06 5247585                    /lib/x86_64-linux-gnu/libpng12.so.0.54.0
7f0a3a0b3000-7f0a3a0b4000 rw-p 00024000 08:06 5247585                    /lib/x86_64-linux-gnu/libpng12.so.0.54.0
7f0a3a0b4000-7f0a3a158000 r-xp 00000000 08:06 10418                      /usr/lib/x86_64-linux-gnu/libfreetype.so.6.12.1
7f0a3a158000-7f0a3a357000 ---p 000a4000 08:06 10418                      /usr/lib/x86_64-linux-gnu/libfreetype.so.6.12.1
7f0a3a357000-7f0a3a35d000 r--p 000a3000 08:06 10418                      /usr/lib/x86_64-linux-gnu/libfreetype.so.6.12.1
7f0a3a35d000-7f0a3a35e000 rw-p 000a9000 08:06 10418                      /usr/lib/x86_64-linux-gnu/libfreetype.so.6.12.1
7f0a3a35e000-7f0a3a3fd000 r-xp 00000000 08:06 10905                      /usr/lib/x86_64-linux-gnu/libpixman-1.so.0.33.6
7f0a3a3fd000-7f0a3a5fd000 ---p 0009f000 08:06 10905                      /usr/lib/x86_64-linux-gnu/libpixman-1.so.0.33.6
7f0a3a5fd000-7f0a3a605000 r--p 0009f000 08:06 10905                      /usr/lib/x86_64-linux-gnu/libpixman-1.so.0.33.6
7f0a3a605000-7f0a3a606000 rw-p 000a7000 08:06 10905                      /usr/lib/x86_64-linux-gnu/libpixman-1.so.0.33.6
7f0a3a606000-7f0a3a608000 r-xp 00000000 08:06 10023                      /usr/lib/x86_64-linux-gnu/libXcomposite.so.1.0.0
7f0a3a608000-7f0a3a807000 ---p 00002000 08:06 10023                      /usr/lib/x86_64-linux-gnu/libXcomposite.so.1.0.0
7f0a3a807000-7f0a3a808000 r--p 00001000 08:06 10023                      /usr/lib/x86_64-linux-gnu/libXcomposite.so.1.0.0
7f0a3a808000-7f0a3a809000 rw-p 00002000 08:06 10023                      /usr/lib/x86_64-linux-gnu/libXcomposite.so.1.0.0
7f0a3a809000-7f0a3a812000 r-xp 00000000 08:06 3963                       /usr/lib/x86_64-linux-gnu/libXcursor.so.1.0.2
7f0a3a812000-7f0a3aa11000 ---p 00009000 08:06 3963                       /usr/lib/x86_64-linux-gnu/libXcursor.so.1.0.2
7f0a3aa11000-7f0a3aa12000 r--p 00008000 08:06 3963                       /usr/lib/x86_64-linux-gnu/libXcursor.so.1.0.2
7f0a3aa12000-7f0a3aa13000 rw-p 00009000 08:06 3963                       /usr/lib/x86_64-linux-gnu/libXcursor.so.1.0.2
7f0a3aa13000-7f0a3aa1d000 r-xp 00000000 08:06 10051                      /usr/lib/x86_64-linux-gnu/libXrandr.so.2.2.0
7f0a3aa1d000-7f0a3ac1c000 ---p 0000a000 08:06 10051                      /usr/lib/x86_64-linux-gnu/libXrandr.so.2.2.0
7f0a3ac1c000-7f0a3ac1d000 r--p 00009000 08:06 10051                      /usr/lib/x86_64-linux-gnu/libXrandr.so.2.2.0
7f0a3ac1d000-7f0a3ac1e000 rw-p 0000a000 08:06 10051                      /usr/lib/x86_64-linux-gnu/libXrandr.so.2.2.0
7f0a3ac1e000-7f0a3ac2d000 r-xp 00000000 08:06 10041                      /usr/lib/x86_64-linux-gnu/libXi.so.6.1.0
7f0a3ac2d000-7f0a3ae2c000 ---p 0000f000 08:06 10041                      /usr/lib/x86_64-linux-gnu/libXi.so.6.1.0
7f0a3ae2c000-7f0a3ae2d000 r--p 0000e000 08:06 10041                      /usr/lib/x86_64-linux-gnu/libXi.so.6.1.0
7f0a3ae2d000-7f0a3ae2e000 rw-p 0000f000 08:06 10041                      /usr/lib/x86_64-linux-gnu/libXi.so.6.1.0
7f0a3ae2e000-7f0a3ae30000 r-xp 00000000 08:06 10043                      /usr/lib/x86_64-linux-gnu/libXinerama.so.1.0.0
7f0a3ae30000-7f0a3b02f000 ---p 00002000 08:06 10043                      /usr/lib/x86_64-linux-gnu/libXinerama.so.1.0.0
7f0a3b02f000-7f0a3b030000 r--p 00001000 08:06 10043                      /usr/lib/x86_64-linux-gnu/libXinerama.so.1.0.0
7f0a3b030000-7f0a3b031000 rw-p 00002000 08:06 10043                      /usr/lib/x86_64-linux-gnu/libXinerama.so.1.0.0
7f0a3b031000-7f0a3b03a000 r-xp 00000000 08:06 10053                      /usr/lib/x86_64-linux-gnu/libXrender.so.1.3.0
7f0a3b03a000-7f0a3b239000 ---p 00009000 08:06 10053                      /usr/lib/x86_64-linux-gnu/libXrender.so.1.3.0
7f0a3b239000-7f0a3b23a000 r--p 00008000 08:06 10053                      /usr/lib/x86_64-linux-gnu/libXrender.so.1.3.0
7f0a3b23a000-7f0a3b23b000 rw-p 00009000 08:06 10053                      /usr/lib/x86_64-linux-gnu/libXrender.so.1.3.0
7f0a3b23b000-7f0a3b278000 r-xp 00000000 08:06 10408                      /usr/lib/x86_64-linux-gnu/libfontconfig.so.1.9.0
7f0a3b278000-7f0a3b477000 ---p 0003d000 08:06 10408                      /usr/lib/x86_64-linux-gnu/libfontconfig.so.1.9.0
7f0a3b477000-7f0a3b479000 r--p 0003c000 08:06 10408                      /usr/lib/x86_64-linux-gnu/libfontconfig.so.1.9.0
7f0a3b479000-7f0a3b47e000 rw-p 0003e000 08:06 10408                      /usr/lib/x86_64-linux-gnu/libfontconfig.so.1.9.0
7f0a3b47e000-7f0a3b4c7000 r-xp 00000000 08:06 10881                      /usr/lib/x86_64-linux-gnu/libpango-1.0.so.0.3800.1
7f0a3b4c7000-7f0a3b6c7000 ---p 00049000 08:06 10881                      /usr/lib/x86_64-linux-gnu/libpango-1.0.so.0.3800.1
7f0a3b6c7000-7f0a3b6c9000 r--p 00049000 08:06 10881                      /usr/lib/x86_64-linux-gnu/libpango-1.0.so.0.3800.1
7f0a3b6c9000-7f0a3b6ca000 rw-p 0004b000 08:06 10881                      /usr/lib/x86_64-linux-gnu/libpango-1.0.so.0.3800.1
7f0a3b6ca000-7f0a3b6de000 r-xp 00000000 08:06 10885                      /usr/lib/x86_64-linux-gnu/libpangoft2-1.0.so.0.3800.1
7f0a3b6de000-7f0a3b8de000 ---p 00014000 08:06 10885                      /usr/lib/x86_64-linux-gnu/libpangoft2-1.0.so.0.3800.1
7f0a3b8de000-7f0a3b8df000 r--p 00014000 08:06 10885                      /usr/lib/x86_64-linux-gnu/libpangoft2-1.0.so.0.3800.1
7f0a3b8df000-7f0a3b8e0000 rw-p 00015000 08:06 10885                      /usr/lib/x86_64-linux-gnu/libpangoft2-1.0.so.0.3800.1
7f0a3b8e0000-7f0a3b902000 r-xp 00000000 08:06 10117                      /usr/lib/x86_64-linux-gnu/libatk-1.0.so.0.21809.1
7f0a3b902000-7f0a3bb01000 ---p 00022000 08:06 10117                      /usr/lib/x86_64-linux-gnu/libatk-1.0.so.0.21809.1
7f0a3bb01000-7f0a3bb04000 r--p 00021000 08:06 10117                      /usr/lib/x86_64-linux-gnu/libatk-1.0.so.0.21809.1
7f0a3bb04000-7f0a3bb05000 rw-p 00024000 08:06 10117                      /usr/lib/x86_64-linux-gnu/libatk-1.0.so.0.21809.1
7f0a3bb05000-7f0a3bb11000 r-xp 00000000 08:06 10883                      /usr/lib/x86_64-linux-gnu/libpangocairo-1.0.so.0.3800.1
7f0a3bb11000-7f0a3bd10000 ---p 0000c000 08:06 10883                      /usr/lib/x86_64-linux-gnu/libpangocairo-1.0.so.0.3800.1
7f0a3bd10000-7f0a3bd11000 r--p 0000b000 08:06 10883                      /usr/lib/x86_64-linux-gnu/libpangocairo-1.0.so.0.3800.1
7f0a3bd11000-7f0a3bd12000 rw-p 0000c000 08:06 10883                      /usr/lib/x86_64-linux-gnu/libpangocairo-1.0.so.0.3800.1
7f0a3bd12000-7f0a3bd15000 r-xp 00000000 08:06 10489                      /usr/lib/x86_64-linux-gnu/libgmodule-2.0.so.0.4800.2
7f0a3bd15000-7f0a3bf14000 ---p 00003000 08:06 10489                      /usr/lib/x86_64-linux-gnu/libgmodule-2.0.so.0.4800.2
7f0a3bf14000-7f0a3bf15000 r--p 00002000 08:06 10489                      /usr/lib/x86_64-linux-gnu/libgmodule-2.0.so.0.4800.2
7f0a3bf15000-7f0a3bf16000 rw-p 00003000 08:06 10489                      /usr/lib/x86_64-linux-gnu/libgmodule-2.0.so.0.4800.2
7f0a3bf16000-7f0a3bf1b000 r-xp 00000000 08:06 10059                      /usr/lib/x86_64-linux-gnu/libXtst.so.6.1.0
7f0a3bf1b000-7f0a3c11a000 ---p 00005000 08:06 10059                      /usr/lib/x86_64-linux-gnu/libXtst.so.6.1.0
7f0a3c11a000-7f0a3c11b000 r--p 00004000 08:06 10059                      /usr/lib/x86_64-linux-gnu/libXtst.so.6.1.0
7f0a3c11b000-7f0a3c11c000 rw-p 00005000 08:06 10059                      /usr/lib/x86_64-linux-gnu/libXtst.so.6.1.0
7f0a3c11c000-7f0a3c22b000 r-xp 00000000 08:06 5247486                    /lib/x86_64-linux-gnu/libglib-2.0.so.0.4800.2
7f0a3c22b000-7f0a3c42a000 ---p 0010f000 08:06 5247486                    /lib/x86_64-linux-gnu/libglib-2.0.so.0.4800.2
7f0a3c42a000-7f0a3c42b000 r--p 0010e000 08:06 5247486                    /lib/x86_64-linux-gnu/libglib-2.0.so.0.4800.2
7f0a3c42b000-7f0a3c42c000 rw-p 0010f000 08:06 5247486                    /lib/x86_64-linux-gnu/libglib-2.0.so.0.4800.2
7f0a3c42c000-7f0a3c42d000 rw-p 00000000 00:00 0 
7f0a3c42d000-7f0a3c42e000 r-xp 00000000 08:06 10567                      /usr/lib/x86_64-linux-gnu/libgthread-2.0.so.0.4800.2
7f0a3c42e000-7f0a3c62d000 ---p 00001000 08:06 10567                      /usr/lib/x86_64-linux-gnu/libgthread-2.0.so.0.4800.2
7f0a3c62d000-7f0a3c62e000 r--p 00000000 08:06 10567                      /usr/lib/x86_64-linux-gnu/libgthread-2.0.so.0.4800.2
7f0a3c62e000-7f0a3c62f000 rw-p 00001000 08:06 10567                      /usr/lib/x86_64-linux-gnu/libgthread-2.0.so.0.4800.2
7f0a3c62f000-7f0a3c681000 r-xp 00000000 08:06 10505                      /usr/lib/x86_64-linux-gnu/libgobject-2.0.so.0.4800.2
7f0a3c681000-7f0a3c880000 ---p 00052000 08:06 10505                      /usr/lib/x86_64-linux-gnu/libgobject-2.0.so.0.4800.2
7f0a3c880000-7f0a3c881000 r--p 00051000 08:06 10505                      /usr/lib/x86_64-linux-gnu/libgobject-2.0.so.0.4800.2
7f0a3c881000-7f0a3c882000 rw-p 00052000 08:06 10505                      /usr/lib/x86_64-linux-gnu/libgobject-2.0.so.0.4800.2
7f0a3c882000-7f0a3ca02000 r-xp 00000000 08:06 10475                      /usr/lib/x86_64-linux-gnu/libgio-2.0.so.0.4800.2
7f0a3ca02000-7f0a3cc02000 ---p 00180000 08:06 10475                      /usr/lib/x86_64-linux-gnu/libgio-2.0.so.0.4800.2
7f0a3cc02000-7f0a3cc06000 r--p 00180000 08:06 10475                      /usr/lib/x86_64-linux-gnu/libgio-2.0.so.0.4800.2
7f0a3cc06000-7f0a3cc08000 rw-p 00184000 08:06 10475                      /usr/lib/x86_64-linux-gnu/libgio-2.0.so.0.4800.2
7f0a3cc08000-7f0a3cc0a000 rw-p 00000000 00:00 0 
7f0a3cc0a000-7f0a3cc2b000 r-xp 00000000 08:06 7561                       /usr/lib/x86_64-linux-gnu/libgdk_pixbuf-2.0.so.0.3200.2
7f0a3cc2b000-7f0a3ce2a000 ---p 00021000 08:06 7561                       /usr/lib/x86_64-linux-gnu/libgdk_pixbuf-2.0.so.0.3200.2
7f0a3ce2a000-7f0a3ce2b000 r--p 00020000 08:06 7561                       /usr/lib/x86_64-linux-gnu/libgdk_pixbuf-2.0.so.0.3200.2
7f0a3ce2b000-7f0a3ce2c000 rw-p 00021000 08:06 7561                       /usr/lib/x86_64-linux-gnu/libgdk_pixbuf-2.0.so.0.3200.2
7f0a3ce2c000-7f0a3cf3a000 r-xp 00000000 08:06 10180                      /usr/lib/x86_64-linux-gnu/libcairo.so.2.11400.6
7f0a3cf3a000-7f0a3d13a000 ---p 0010e000 08:06 10180                      /usr/lib/x86_64-linux-gnu/libcairo.so.2.11400.6
7f0a3d13a000-7f0a3d13d000 r--p 0010e000 08:06 10180                      /usr/lib/x86_64-linux-gnu/libcairo.so.2.11400.6
7f0a3d13d000-7f0a3d13e000 rw-p 00111000 08:06 10180                      /usr/lib/x86_64-linux-gnu/libcairo.so.2.11400.6
7f0a3d13e000-7f0a3d140000 rw-p 00000000 00:00 0 
7f0a3d140000-7f0a3d1f0000 r-xp 00000000 08:06 7946                       /usr/lib/x86_64-linux-gnu/libgdk-x11-2.0.so.0.2400.30
7f0a3d1f0000-7f0a3d3ef000 ---p 000b0000 08:06 7946                       /usr/lib/x86_64-linux-gnu/libgdk-x11-2.0.so.0.2400.30
7f0a3d3ef000-7f0a3d3f3000 r--p 000af000 08:06 7946                       /usr/lib/x86_64-linux-gnu/libgdk-x11-2.0.so.0.2400.30
7f0a3d3f3000-7f0a3d3f5000 rw-p 000b3000 08:06 7946                       /usr/lib/x86_64-linux-gnu/libgdk-x11-2.0.so.0.2400.30
7f0a3d3f5000-7f0a3d833000 r-xp 00000000 08:06 7947                       /usr/lib/x86_64-linux-gnu/libgtk-x11-2.0.so.0.2400.30
7f0a3d833000-7f0a3da32000 ---p 0043e000 08:06 7947                       /usr/lib/x86_64-linux-gnu/libgtk-x11-2.0.so.0.2400.30
7f0a3da32000-7f0a3da39000 r--p 0043d000 08:06 7947                       /usr/lib/x86_64-linux-gnu/libgtk-x11-2.0.so.0.2400.30
7f0a3da39000-7f0a3da3d000 rw-p 00444000 08:06 7947                       /usr/lib/x86_64-linux-gnu/libgtk-x11-2.0.so.0.2400.30
7f0a3da3d000-7f0a3da40000 rw-p 00000000 00:00 0 
7f0a3da40000-7f0a3da41000 ---p 00000000 00:00 0 
7f0a3da41000-7f0a3e241000 rw-p 00000000 00:00 0 
7f0a3e241000-7f0a3e242000 ---p 00000000 00:00 0 
7f0a3e242000-7f0a3ea42000 rw-p 00000000 00:00 0 
7f0a3ea42000-7f0a3ea43000 ---p 00000000 00:00 0 
7f0a3ea43000-7f0a3f243000 rw-p 00000000 00:00 0 
7f0a3f243000-7f0a3f244000 ---p 00000000 00:00 0 
7f0a3f244000-7f0a3fa44000 rw-p 00000000 00:00 0 
7f0a3fa44000-7f0a3fa45000 ---p 00000000 00:00 0 
7f0a3fa45000-7f0a40245000 rw-p 00000000 00:00 0 
7f0a40245000-7f0a40246000 ---p 00000000 00:00 0 
7f0a40246000-7f0a40a46000 rw-p 00000000 00:00 0 
7f0a40a46000-7f0a43bed000 r-xp 00000000 08:06 3905                       /usr/lib/x86_64-linux-gnu/libLLVM-5.0.so.1
7f0a43bed000-7f0a43f3d000 r--p 031a6000 08:06 3905                       /usr/lib/x86_64-linux-gnu/libLLVM-5.0.so.1
7f0a43f3d000-7f0a43fad000 rw-p 034f6000 08:06 3905                       /usr/lib/x86_64-linux-gnu/libLLVM-5.0.so.1
7f0a43fad000-7f0a44000000 rw-p 00000000 00:00 0 
7f0a44000000-7f0a4447e000 rw-p 00000000 00:00 0 
7f0a4447e000-7f0a48000000 ---p 00000000 00:00 0 
7f0a48000000-7f0a48001000 r--s 00000000 08:06 1706007                    /var/cache/fontconfig/087e1975ba9a574b140bb1df193bf770-le64.cache-6
7f0a48001000-7f0a48002000 r--s 00000000 08:06 1704001                    /var/cache/fontconfig/0d8c3b2ac0904cb8a57a757ad11a4a08-le64.cache-6
7f0a48002000-7f0a48003000 r--s 00000000 08:06 1704011                    /var/cache/fontconfig/1ac9eb803944fde146138c791f5cc56a-le64.cache-6
7f0a48003000-7f0a48007000 r--s 00000000 08:06 1704038                    /var/cache/fontconfig/385c0604a188198f04d133e54aba7fe7-le64.cache-6
7f0a48007000-7f0a48008000 r--s 00000000 08:06 1705588                    /var/cache/fontconfig/dc05db6664285cc2f12bf69c139ae4c3-le64.cache-6
7f0a48008000-7f0a4800b000 r--s 00000000 08:06 1704472                    /var/cache/fontconfig/767a8244fc0220cfb567a839d0392e0b-le64.cache-6
7f0a4800b000-7f0a4800c000 r--s 00000000 08:06 1704002                    /var/cache/fontconfig/4794a0821666d79190d59a36cb4f44b5-le64.cache-6
7f0a4800c000-7f0a48033000 r--s 00000000 08:06 1704024                    /var/cache/fontconfig/0bd3dc0958fa2205aaaa8ebb13e2872b-le64.cache-6
7f0a48033000-7f0a48038000 r--s 00000000 08:06 1707645                    /var/cache/fontconfig/8801497958630a81b71ace7c5f9b32a8-le64.cache-6
7f0a48038000-7f0a48073000 r--s 00000000 08:06 1704031                    /var/cache/fontconfig/365b55f210c0a22e9a19e35191240f32-le64.cache-6
7f0a48073000-7f0a48074000 r--s 00000000 08:06 1704008                    /var/cache/fontconfig/bab58bb527bb656aaa9f116d68a48d89-le64.cache-6
7f0a48074000-7f0a4807b000 r--s 00000000 08:06 1704015                    /var/cache/fontconfig/3047814df9a2f067bd2d96a2b9c36e5a-le64.cache-6
7f0a4807b000-7f0a4807c000 r--s 00000000 08:06 1704030                    /var/cache/fontconfig/56cf4f4769d0f4abc89a4895d7bd3ae1-le64.cache-6
7f0a4807c000-7f0a48082000 r--s 00000000 08:06 1704035                    /var/cache/fontconfig/b47c4e1ecd0709278f4910c18777a504-le64.cache-6
7f0a48082000-7f0a48095000 r--s 00000000 08:06 1704014                    /var/cache/fontconfig/d52a8644073d54c13679302ca1180695-le64.cache-6
7f0a48095000-7f0a480a0000 r--s 00000000 08:06 1704009                    /var/cache/fontconfig/d589a48862398ed80a3d6066f4f56f4c-le64.cache-6
7f0a480a0000-7f0a480ab000 r--s 00000000 08:06 1704027                    /var/cache/fontconfig/83bf95040141907cd45bb53cf7c1c148-le64.cache-6
7f0a480ab000-7f0a480bd000 r--s 00000000 08:06 1704005                    /var/cache/fontconfig/9b89f8e3dae116d678bbf48e5f21f69b-le64.cache-6
7f0a480bd000-7f0a480ca000 r--s 00000000 08:06 2633402                    /home/danieledt/.cache/fontconfig/e13b20fdb08344e0e664864cc2ede53d-le64.cache-6
7f0a480ca000-7f0a480d4000 r--s 000b7000 08:06 263629                     /home/danieledt/Documenti/Eclipse/BD/lib/postgresql-42.2.2.jar
7f0a480d4000-7f0a480e0000 rw-s 10051f000 00:06 332                       /dev/dri/renderD128
7f0a480e0000-7f0a480f4000 r--p 00000000 08:06 22094                      /usr/share/glib-2.0/schemas/gschemas.compiled
7f0a480f4000-7f0a48108000 r--p 00000000 08:06 22094                      /usr/share/glib-2.0/schemas/gschemas.compiled
7f0a48108000-7f0a48130000 r-xp 00000000 08:06 8841                       /usr/lib/jvm/java-8-openjdk-amd64/jre/lib/amd64/libglass.so
7f0a48130000-7f0a48330000 ---p 00028000 08:06 8841                       /usr/lib/jvm/java-8-openjdk-amd64/jre/lib/amd64/libglass.so
7f0a48330000-7f0a48331000 r--p 00028000 08:06 8841                       /usr/lib/jvm/java-8-openjdk-amd64/jre/lib/amd64/libglass.so
7f0a48331000-7f0a48332000 rw-p 00029000 08:06 8841                       /usr/lib/jvm/java-8-openjdk-amd64/jre/lib/amd64/libglass.so
7f0a48332000-7f0a48369000 r-xp 00000000 08:06 11120                      /usr/lib/x86_64-linux-gnu/libtxc_dxtn_s2tc.so.0.0.0
7f0a48369000-7f0a48568000 ---p 00037000 08:06 11120                      /usr/lib/x86_64-linux-gnu/libtxc_dxtn_s2tc.so.0.0.0
7f0a48568000-7f0a48569000 r--p 00036000 08:06 11120                      /usr/lib/x86_64-linux-gnu/libtxc_dxtn_s2tc.so.0.0.0
7f0a48569000-7f0a4856a000 rw-p 00037000 08:06 11120                      /usr/lib/x86_64-linux-gnu/libtxc_dxtn_s2tc.so.0.0.0
7f0a4856a000-7f0a4856b000 ---p 00000000 00:00 0 
7f0a4856b000-7f0a48d6b000 rw-p 00000000 00:00 0 
7f0a48d6b000-7f0a48eac000 rw-s 00000000 08:06 2621909                    /home/danieledt/.cache/mesa/index
7f0a48eac000-7f0a48ead000 ---p 00000000 00:00 0 
7f0a48ead000-7f0a496ad000 rw-p 00000000 00:00 0 
7f0a496ad000-7f0a496c0000 r-xp 00000000 08:06 5247440                    /lib/x86_64-linux-gnu/libbsd.so.0.8.2
7f0a496c0000-7f0a498bf000 ---p 00013000 08:06 5247440                    /lib/x86_64-linux-gnu/libbsd.so.0.8.2
7f0a498bf000-7f0a498c0000 r--p 00012000 08:06 5247440                    /lib/x86_64-linux-gnu/libbsd.so.0.8.2
7f0a498c0000-7f0a498c1000 rw-p 00013000 08:06 5247440                    /lib/x86_64-linux-gnu/libbsd.so.0.8.2
7f0a498c1000-7f0a498c2000 rw-p 00000000 00:00 0 
7f0a498c2000-7f0a498e7000 r-xp 00000000 08:06 5247616                    /lib/x86_64-linux-gnu/libtinfo.so.5.9
7f0a498e7000-7f0a49ae6000 ---p 00025000 08:06 5247616                    /lib/x86_64-linux-gnu/libtinfo.so.5.9
7f0a49ae6000-7f0a49aea000 r--p 00024000 08:06 5247616                    /lib/x86_64-linux-gnu/libtinfo.so.5.9
7f0a49aea000-7f0a49aeb000 rw-p 00028000 08:06 5247616                    /lib/x86_64-linux-gnu/libtinfo.so.5.9
7f0a49aeb000-7f0a49b1c000 r-xp 00000000 08:06 10328                      /usr/lib/x86_64-linux-gnu/libedit.so.2.0.53
7f0a49b1c000-7f0a49d1c000 ---p 00031000 08:06 10328                      /usr/lib/x86_64-linux-gnu/libedit.so.2.0.53
7f0a49d1c000-7f0a49d1e000 r--p 00031000 08:06 10328                      /usr/lib/x86_64-linux-gnu/libedit.so.2.0.53
7f0a49d1e000-7f0a49d1f000 rw-p 00033000 08:06 10328                      /usr/lib/x86_64-linux-gnu/libedit.so.2.0.53
7f0a49d1f000-7f0a49d23000 rw-p 00000000 00:00 0 
7f0a49d23000-7f0a49d2a000 r-xp 00000000 08:06 10368                      /usr/lib/x86_64-linux-gnu/libffi.so.6.0.4
7f0a49d2a000-7f0a49f29000 ---p 00007000 08:06 10368                      /usr/lib/x86_64-linux-gnu/libffi.so.6.0.4
7f0a49f29000-7f0a49f2a000 r--p 00006000 08:06 10368                      /usr/lib/x86_64-linux-gnu/libffi.so.6.0.4
7f0a49f2a000-7f0a49f2b000 rw-p 00007000 08:06 10368                      /usr/lib/x86_64-linux-gnu/libffi.so.6.0.4
7f0a49f2b000-7f0a49f42000 r-xp 00000000 08:06 8183                       /usr/lib/x86_64-linux-gnu/libelf-0.165.so
7f0a49f42000-7f0a4a141000 ---p 00017000 08:06 8183                       /usr/lib/x86_64-linux-gnu/libelf-0.165.so
7f0a4a141000-7f0a4a142000 r--p 00016000 08:06 8183                       /usr/lib/x86_64-linux-gnu/libelf-0.165.so
7f0a4a142000-7f0a4a143000 rw-p 00017000 08:06 8183                       /usr/lib/x86_64-linux-gnu/libelf-0.165.so
7f0a4a143000-7f0a4a14b000 r-xp 00000000 08:06 5441                       /usr/lib/x86_64-linux-gnu/libdrm_amdgpu.so.1.0.0
7f0a4a14b000-7f0a4a34b000 ---p 00008000 08:06 5441                       /usr/lib/x86_64-linux-gnu/libdrm_amdgpu.so.1.0.0
7f0a4a34b000-7f0a4a34c000 r--p 00008000 08:06 5441                       /usr/lib/x86_64-linux-gnu/libdrm_amdgpu.so.1.0.0
7f0a4a34c000-7f0a4a34d000 rw-p 00009000 08:06 5441                       /usr/lib/x86_64-linux-gnu/libdrm_amdgpu.so.1.0.0
7f0a4a34d000-7f0a4a358000 r-xp 00000000 08:06 4253                       /usr/lib/x86_64-linux-gnu/libdrm_radeon.so.1.0.1
7f0a4a358000-7f0a4a557000 ---p 0000b000 08:06 4253                       /usr/lib/x86_64-linux-gnu/libdrm_radeon.so.1.0.1
7f0a4a557000-7f0a4a558000 r--p 0000a000 08:06 4253                       /usr/lib/x86_64-linux-gnu/libdrm_radeon.so.1.0.1
7f0a4a558000-7f0a4a559000 rw-p 0000b000 08:06 4253                       /usr/lib/x86_64-linux-gnu/libdrm_radeon.so.1.0.1
7f0a4a559000-7f0a4a560000 r-xp 00000000 08:06 4229                       /usr/lib/x86_64-linux-gnu/libdrm_nouveau.so.2.0.0
7f0a4a560000-7f0a4a75f000 ---p 00007000 08:06 4229                       /usr/lib/x86_64-linux-gnu/libdrm_nouveau.so.2.0.0
7f0a4a75f000-7f0a4a760000 r--p 00006000 08:06 4229                       /usr/lib/x86_64-linux-gnu/libdrm_nouveau.so.2.0.0
7f0a4a760000-7f0a4a761000 rw-p 00007000 08:06 4229                       /usr/lib/x86_64-linux-gnu/libdrm_nouveau.so.2.0.0
7f0a4a761000-7f0a4a76f000 r-xp 00000000 08:06 11015                      /usr/lib/x86_64-linux-gnu/libsensors.so.4.4.0
7f0a4a76f000-7f0a4a96e000 ---p 0000e000 08:06 11015                      /usr/lib/x86_64-linux-gnu/libsensors.so.4.4.0
7f0a4a96e000-7f0a4a96f000 r--p 0000d000 08:06 11015                      /usr/lib/x86_64-linux-gnu/libsensors.so.4.4.0
7f0a4a96f000-7f0a4a970000 rw-p 0000e000 08:06 11015                      /usr/lib/x86_64-linux-gnu/libsensors.so.4.4.0
7f0a4a970000-7f0a4b39f000 r-xp 00000000 08:06 26723                      /usr/lib/x86_64-linux-gnu/dri/radeonsi_dri.so
7f0a4b39f000-7f0a4b59e000 ---p 00a2f000 08:06 26723                      /usr/lib/x86_64-linux-gnu/dri/radeonsi_dri.so
7f0a4b59e000-7f0a4b5df000 r--p 00a2e000 08:06 26723                      /usr/lib/x86_64-linux-gnu/dri/radeonsi_dri.so
7f0a4b5df000-7f0a4b5e8000 rw-p 00a6f000 08:06 26723                      /usr/lib/x86_64-linux-gnu/dri/radeonsi_dri.so
7f0a4b5e8000-7f0a4b7df000 rw-p 00000000 00:00 0 
7f0a4b7df000-7f0a4b7e4000 r-xp 00000000 08:06 10029                      /usr/lib/x86_64-linux-gnu/libXdmcp.so.6.0.0
7f0a4b7e4000-7f0a4b9e3000 ---p 00005000 08:06 10029                      /usr/lib/x86_64-linux-gnu/libXdmcp.so.6.0.0
7f0a4b9e3000-7f0a4b9e4000 r--p 00004000 08:06 10029                      /usr/lib/x86_64-linux-gnu/libXdmcp.so.6.0.0
7f0a4b9e4000-7f0a4b9e5000 rw-p 00005000 08:06 10029                      /usr/lib/x86_64-linux-gnu/libXdmcp.so.6.0.0
7f0a4b9e5000-7f0a4b9e7000 r-xp 00000000 08:06 10018                      /usr/lib/x86_64-linux-gnu/libXau.so.6.0.0
7f0a4b9e7000-7f0a4bbe7000 ---p 00002000 08:06 10018                      /usr/lib/x86_64-linux-gnu/libXau.so.6.0.0
7f0a4bbe7000-7f0a4bbe8000 r--p 00002000 08:06 10018                      /usr/lib/x86_64-linux-gnu/libXau.so.6.0.0
7f0a4bbe8000-7f0a4bbe9000 rw-p 00003000 08:06 10018                      /usr/lib/x86_64-linux-gnu/libXau.so.6.0.0
7f0a4bbe9000-7f0a4bbf9000 r-xp 00000000 08:06 5431                       /usr/lib/x86_64-linux-gnu/libdrm.so.2.4.0
7f0a4bbf9000-7f0a4bdf8000 ---p 00010000 08:06 5431                       /usr/lib/x86_64-linux-gnu/libdrm.so.2.4.0
7f0a4bdf8000-7f0a4bdf9000 r--p 0000f000 08:06 5431                       /usr/lib/x86_64-linux-gnu/libdrm.so.2.4.0
7f0a4bdf9000-7f0a4bdfa000 rw-p 00010000 08:06 5431                       /usr/lib/x86_64-linux-gnu/libdrm.so.2.4.0
7f0a4bdfa000-7f0a4bdff000 r-xp 00000000 08:06 10069                      /usr/lib/x86_64-linux-gnu/libXxf86vm.so.1.0.0
7f0a4bdff000-7f0a4bffe000 ---p 00005000 08:06 10069                      /usr/lib/x86_64-linux-gnu/libXxf86vm.so.1.0.0
7f0a4bffe000-7f0a4bfff000 r--p 00004000 08:06 10069                      /usr/lib/x86_64-linux-gnu/libXxf86vm.so.1.0.0
7f0a4bfff000-7f0a4c000000 rw-p 00005000 08:06 10069                      /usr/lib/x86_64-linux-gnu/libXxf86vm.so.1.0.0
7f0a4c000000-7f0a4c021000 rw-p 00000000 00:00 0 
7f0a4c021000-7f0a50000000 ---p 00000000 00:00 0 
7f0a50000000-7f0a50021000 rw-p 00000000 00:00 0 
7f0a50021000-7f0a54000000 ---p 00000000 00:00 0 
7f0a54000000-7f0a546de000 rw-p 00000000 00:00 0 
7f0a546de000-7f0a58000000 ---p 00000000 00:00 0 
7f0a58000000-7f0a58784000 rw-p 00000000 00:00 0 
7f0a58784000-7f0a5c000000 ---p 00000000 00:00 0 
7f0a5c000000-7f0a5c021000 rw-p 00000000 00:00 0 
7f0a5c021000-7f0a60000000 ---p 00000000 00:00 0 
7f0a60000000-7f0a60b65000 rw-p 00000000 00:00 0 
7f0a60b65000-7f0a64000000 ---p 00000000 00:00 0 
7f0a64000000-7f0a64021000 rw-p 00000000 00:00 0 
7f0a64021000-7f0a68000000 ---p 00000000 00:00 0 
7f0a68000000-7f0a68021000 rw-p 00000000 00:00 0 
7f0a68021000-7f0a6c000000 ---p 00000000 00:00 0 
7f0a6c000000-7f0a6c021000 rw-p 00000000 00:00 0 
7f0a6c021000-7f0a70000000 ---p 00000000 00:00 0 
7f0a70000000-7f0a70021000 rw-p 00000000 00:00 0 
7f0a70021000-7f0a74000000 ---p 00000000 00:00 0 
7f0a74000000-7f0a74001000 r--s 00000000 08:06 1704029                    /var/cache/fontconfig/b9d506c9ac06c20b433354fa67a72993-le64.cache-6
7f0a74001000-7f0a74002000 r--s 00000000 08:06 1713568                    /var/cache/fontconfig/551ecf3b0e8b0bca0f25c0944f561853-le64.cache-6
7f0a74002000-7f0a74003000 r--s 00000000 08:06 1706006                    /var/cache/fontconfig/8a687c406b77f27d99abfeeba937fcce-le64.cache-6
7f0a74003000-7f0a74004000 r--s 00000000 08:06 1704003                    /var/cache/fontconfig/30829fa25452a46451e813d634d7f916-le64.cache-6
7f0a74004000-7f0a74005000 r--s 00000000 08:06 1704020                    /var/cache/fontconfig/0c9eb80ebd1c36541ebe2852d3bb0c49-le64.cache-6
7f0a74005000-7f0a74008000 r--s 00000000 08:06 1704023                    /var/cache/fontconfig/75114ca45c98e8a441da0ff356701271-le64.cache-6
7f0a74008000-7f0a74009000 r--s 00000000 08:06 1706004                    /var/cache/fontconfig/c277e94e32b20404286a1ddafa5a80f0-le64.cache-6
7f0a74009000-7f0a74022000 r--p 00000000 08:06 136726                     /usr/share/locale-langpack/it/LC_MESSAGES/glib20.mo
7f0a74022000-7f0a7404c000 r--p 00000000 08:06 131036                     /usr/share/locale-langpack/it/LC_MESSAGES/gtk20-properties.mo
7f0a7404c000-7f0a7405b000 r--p 00000000 08:06 134271                     /usr/share/locale-langpack/it/LC_MESSAGES/gtk20.mo
7f0a7405b000-7f0a7407b000 rw-s 10bd51000 00:06 332                       /dev/dri/renderD128
7f0a7407b000-7f0a7408b000 rw-s 105a18000 00:06 332                       /dev/dri/renderD128
7f0a7408b000-7f0a7409b000 rw-s 101116000 00:06 332                       /dev/dri/renderD128
7f0a7409b000-7f0a740bd000 r--p 00000000 08:06 136931                     /usr/share/locale-langpack/it/LC_MESSAGES/libc.mo
7f0a740bd000-7f0a740c1000 r-xp 00000000 08:06 11222                      /usr/lib/x86_64-linux-gnu/libxcb-dri2.so.0.0.0
7f0a740c1000-7f0a742c0000 ---p 00004000 08:06 11222                      /usr/lib/x86_64-linux-gnu/libxcb-dri2.so.0.0.0
7f0a742c0000-7f0a742c1000 r--p 00003000 08:06 11222                      /usr/lib/x86_64-linux-gnu/libxcb-dri2.so.0.0.0
7f0a742c1000-7f0a742c2000 rw-p 00004000 08:06 11222                      /usr/lib/x86_64-linux-gnu/libxcb-dri2.so.0.0.0
7f0a742c2000-7f0a742d9000 r-xp 00000000 08:06 11226                      /usr/lib/x86_64-linux-gnu/libxcb-glx.so.0.0.0
7f0a742d9000-7f0a744d8000 ---p 00017000 08:06 11226                      /usr/lib/x86_64-linux-gnu/libxcb-glx.so.0.0.0
7f0a744d8000-7f0a744da000 r--p 00016000 08:06 11226                      /usr/lib/x86_64-linux-gnu/libxcb-glx.so.0.0.0
7f0a744da000-7f0a744db000 rw-p 00018000 08:06 11226                      /usr/lib/x86_64-linux-gnu/libxcb-glx.so.0.0.0
7f0a744db000-7f0a744dc000 r-xp 00000000 08:06 10012                      /usr/lib/x86_64-linux-gnu/libX11-xcb.so.1.0.0
7f0a744dc000-7f0a746db000 ---p 00001000 08:06 10012                      /usr/lib/x86_64-linux-gnu/libX11-xcb.so.1.0.0
7f0a746db000-7f0a746dc000 r--p 00000000 08:06 10012                      /usr/lib/x86_64-linux-gnu/libX11-xcb.so.1.0.0
7f0a746dc000-7f0a746dd000 rw-p 00001000 08:06 10012                      /usr/lib/x86_64-linux-gnu/libX11-xcb.so.1.0.0
7f0a746dd000-7f0a746e2000 r-xp 00000000 08:06 10033                      /usr/lib/x86_64-linux-gnu/libXfixes.so.3.1.0
7f0a746e2000-7f0a748e1000 ---p 00005000 08:06 10033                      /usr/lib/x86_64-linux-gnu/libXfixes.so.3.1.0
7f0a748e1000-7f0a748e2000 r--p 00004000 08:06 10033                      /usr/lib/x86_64-linux-gnu/libXfixes.so.3.1.0
7f0a748e2000-7f0a748e3000 rw-p 00005000 08:06 10033                      /usr/lib/x86_64-linux-gnu/libXfixes.so.3.1.0
7f0a748e3000-7f0a748e5000 r-xp 00000000 08:06 10027                      /usr/lib/x86_64-linux-gnu/libXdamage.so.1.1.0
7f0a748e5000-7f0a74ae4000 ---p 00002000 08:06 10027                      /usr/lib/x86_64-linux-gnu/libXdamage.so.1.1.0
7f0a74ae4000-7f0a74ae5000 r--p 00001000 08:06 10027                      /usr/lib/x86_64-linux-gnu/libXdamage.so.1.1.0
7f0a74ae5000-7f0a74ae6000 rw-p 00002000 08:06 10027                      /usr/lib/x86_64-linux-gnu/libXdamage.so.1.1.0
7f0a74ae6000-7f0a74af7000 r-xp 00000000 08:06 10031                      /usr/lib/x86_64-linux-gnu/libXext.so.6.4.0
7f0a74af7000-7f0a74cf6000 ---p 00011000 08:06 10031                      /usr/lib/x86_64-linux-gnu/libXext.so.6.4.0
7f0a74cf6000-7f0a74cf7000 r--p 00010000 08:06 10031                      /usr/lib/x86_64-linux-gnu/libXext.so.6.4.0
7f0a74cf7000-7f0a74cf8000 rw-p 00011000 08:06 10031                      /usr/lib/x86_64-linux-gnu/libXext.so.6.4.0
7f0a74cf8000-7f0a74d23000 r-xp 00000000 08:06 6629                       /usr/lib/x86_64-linux-gnu/libglapi.so.0.0.0
7f0a74d23000-7f0a74f22000 ---p 0002b000 08:06 6629                       /usr/lib/x86_64-linux-gnu/libglapi.so.0.0.0
7f0a74f22000-7f0a74f26000 r--p 0002a000 08:06 6629                       /usr/lib/x86_64-linux-gnu/libglapi.so.0.0.0
7f0a74f26000-7f0a74f27000 rw-p 0002e000 08:06 6629                       /usr/lib/x86_64-linux-gnu/libglapi.so.0.0.0
7f0a74f27000-7f0a74f28000 rw-p 00000000 00:00 0 
7f0a74f28000-7f0a74f29000 r-xp 00000000 08:06 11273                      /usr/lib/x86_64-linux-gnu/libxshmfence.so.1.0.0
7f0a74f29000-7f0a75129000 ---p 00001000 08:06 11273                      /usr/lib/x86_64-linux-gnu/libxshmfence.so.1.0.0
7f0a75129000-7f0a7512a000 r--p 00001000 08:06 11273                      /usr/lib/x86_64-linux-gnu/libxshmfence.so.1.0.0
7f0a7512a000-7f0a7512b000 rw-p 00002000 08:06 11273                      /usr/lib/x86_64-linux-gnu/libxshmfence.so.1.0.0
7f0a7512b000-7f0a75130000 r-xp 00000000 08:06 11236                      /usr/lib/x86_64-linux-gnu/libxcb-sync.so.1.0.0
7f0a75130000-7f0a75330000 ---p 00005000 08:06 11236                      /usr/lib/x86_64-linux-gnu/libxcb-sync.so.1.0.0
7f0a75330000-7f0a75331000 r--p 00005000 08:06 11236                      /usr/lib/x86_64-linux-gnu/libxcb-sync.so.1.0.0
7f0a75331000-7f0a75332000 rw-p 00006000 08:06 11236                      /usr/lib/x86_64-linux-gnu/libxcb-sync.so.1.0.0
7f0a75332000-7f0a75334000 r-xp 00000000 08:06 11228                      /usr/lib/x86_64-linux-gnu/libxcb-present.so.0.0.0
7f0a75334000-7f0a75533000 ---p 00002000 08:06 11228                      /usr/lib/x86_64-linux-gnu/libxcb-present.so.0.0.0
7f0a75533000-7f0a75534000 r--p 00001000 08:06 11228                      /usr/lib/x86_64-linux-gnu/libxcb-present.so.0.0.0
7f0a75534000-7f0a75535000 rw-p 00002000 08:06 11228                      /usr/lib/x86_64-linux-gnu/libxcb-present.so.0.0.0
7f0a75535000-7f0a75537000 r-xp 00000000 08:06 11224                      /usr/lib/x86_64-linux-gnu/libxcb-dri3.so.0.0.0
7f0a75537000-7f0a75736000 ---p 00002000 08:06 11224                      /usr/lib/x86_64-linux-gnu/libxcb-dri3.so.0.0.0
7f0a75736000-7f0a75737000 r--p 00001000 08:06 11224                      /usr/lib/x86_64-linux-gnu/libxcb-dri3.so.0.0.0
7f0a75737000-7f0a75738000 rw-p 00002000 08:06 11224                      /usr/lib/x86_64-linux-gnu/libxcb-dri3.so.0.0.0
7f0a75738000-7f0a7575e000 r-xp 00000000 08:06 5247475                    /lib/x86_64-linux-gnu/libexpat.so.1.6.0
7f0a7575e000-7f0a7595e000 ---p 00026000 08:06 5247475                    /lib/x86_64-linux-gnu/libexpat.so.1.6.0
7f0a7595e000-7f0a75960000 r--p 00026000 08:06 5247475                    /lib/x86_64-linux-gnu/libexpat.so.1.6.0
7f0a75960000-7f0a75961000 rw-p 00028000 08:06 5247475                    /lib/x86_64-linux-gnu/libexpat.so.1.6.0
7f0a75961000-7f0a75982000 r-xp 00000000 08:06 11242                      /usr/lib/x86_64-linux-gnu/libxcb.so.1.1.0
7f0a75982000-7f0a75b81000 ---p 00021000 08:06 11242                      /usr/lib/x86_64-linux-gnu/libxcb.so.1.1.0
7f0a75b81000-7f0a75b82000 r--p 00020000 08:06 11242                      /usr/lib/x86_64-linux-gnu/libxcb.so.1.1.0
7f0a75b82000-7f0a75b83000 rw-p 00021000 08:06 11242                      /usr/lib/x86_64-linux-gnu/libxcb.so.1.1.0
7f0a75b83000-7f0a75bf1000 r-xp 00000000 08:06 23726                      /usr/lib/x86_64-linux-gnu/mesa/libGL.so.1.2.0
7f0a75bf1000-7f0a75df1000 ---p 0006e000 08:06 23726                      /usr/lib/x86_64-linux-gnu/mesa/libGL.so.1.2.0
7f0a75df1000-7f0a75df4000 r--p 0006e000 08:06 23726                      /usr/lib/x86_64-linux-gnu/mesa/libGL.so.1.2.0
7f0a75df4000-7f0a75df5000 rw-p 00071000 08:06 23726                      /usr/lib/x86_64-linux-gnu/mesa/libGL.so.1.2.0
7f0a75df5000-7f0a75df6000 rw-p 00000000 00:00 0 
7f0a75df6000-7f0a75f2b000 r-xp 00000000 08:06 10014                      /usr/lib/x86_64-linux-gnu/libX11.so.6.3.0
7f0a75f2b000-7f0a7612b000 ---p 00135000 08:06 10014                      /usr/lib/x86_64-linux-gnu/libX11.so.6.3.0
7f0a7612b000-7f0a7612c000 r--p 00135000 08:06 10014                      /usr/lib/x86_64-linux-gnu/libX11.so.6.3.0
7f0a7612c000-7f0a76130000 rw-p 00136000 08:06 10014                      /usr/lib/x86_64-linux-gnu/libX11.so.6.3.0
7f0a76130000-7f0a76134000 r--s 00000000 08:06 1705584                    /var/cache/fontconfig/7ef2298fde41cc6eeb7af42e48b7d293-le64.cache-6
7f0a76134000-7f0a76137000 r--s 0001e000 08:06 3543301                    /home/danieledt/Documenti/Eclipse/BD/jgoodies-forms-1.8.0.jar
7f0a76137000-7f0a76138000 r--s 00014000 08:06 3543299                    /home/danieledt/Documenti/Eclipse/BD/miglayout15-swing.jar
7f0a76138000-7f0a76148000 rw-s 1062ab000 00:06 332                       /dev/dri/renderD128
7f0a76148000-7f0a7614f000 r--s 00000000 08:06 29686                      /usr/lib/x86_64-linux-gnu/gconv/gconv-modules.cache
7f0a7614f000-7f0a7615b000 r-xp 00000000 08:06 8839                       /usr/lib/jvm/java-8-openjdk-amd64/jre/lib/amd64/libprism_es2.so
7f0a7615b000-7f0a7635a000 ---p 0000c000 08:06 8839                       /usr/lib/jvm/java-8-openjdk-amd64/jre/lib/amd64/libprism_es2.so
7f0a7635a000-7f0a7635b000 r--p 0000b000 08:06 8839                       /usr/lib/jvm/java-8-openjdk-amd64/jre/lib/amd64/libprism_es2.so
7f0a7635b000-7f0a7635c000 rw-p 0000c000 08:06 8839                       /usr/lib/jvm/java-8-openjdk-amd64/jre/lib/amd64/libprism_es2.so
7f0a7635c000-7f0a7635f000 ---p 00000000 00:00 0 
7f0a7635f000-7f0a7645d000 rw-p 00000000 00:00 0 
7f0a7645d000-7f0a76478000 r--s 00394000 08:06 19160                      /usr/lib/jvm/java-8-openjdk-amd64/jre/lib/ext/cldrdata.jar
7f0a76478000-7f0a7650e000 r--s 008d7000 08:06 1182450                    /usr/share/java/openjfx/jre/lib/ext/jfxrt.jar
7f0a7650e000-7f0a7650f000 ---p 00000000 00:00 0 
7f0a7650f000-7f0a7660f000 rw-p 00000000 00:00 0 
7f0a7660f000-7f0a76612000 ---p 00000000 00:00 0 
7f0a76612000-7f0a76710000 rw-p 00000000 00:00 0 
7f0a76710000-7f0a76713000 ---p 00000000 00:00 0 
7f0a76713000-7f0a76811000 rw-p 00000000 00:00 0 
7f0a76811000-7f0a76814000 ---p 00000000 00:00 0 
7f0a76814000-7f0a76912000 rw-p 00000000 00:00 0 
7f0a76912000-7f0a76915000 ---p 00000000 00:00 0 
7f0a76915000-7f0a76a13000 rw-p 00000000 00:00 0 
7f0a76a13000-7f0a76a16000 ---p 00000000 00:00 0 
7f0a76a16000-7f0a76b14000 rw-p 00000000 00:00 0 
7f0a76b14000-7f0a76dee000 r--p 00000000 08:06 9475                       /usr/lib/locale/locale-archive
7f0a76dee000-7f0a76df1000 ---p 00000000 00:00 0 
7f0a76df1000-7f0a76eef000 rw-p 00000000 00:00 0 
7f0a76eef000-7f0a76ef2000 ---p 00000000 00:00 0 
7f0a76ef2000-7f0a76ff0000 rw-p 00000000 00:00 0 
7f0a76ff0000-7f0a76ff1000 ---p 00000000 00:00 0 
7f0a76ff1000-7f0a78000000 rw-p 00000000 00:00 0 
7f0a78000000-7f0a78021000 rw-p 00000000 00:00 0 
7f0a78021000-7f0a7c000000 ---p 00000000 00:00 0 
7f0a7c000000-7f0a7c021000 rw-p 00000000 00:00 0 
7f0a7c021000-7f0a80000000 ---p 00000000 00:00 0 
7f0a80000000-7f0a80021000 rw-p 00000000 00:00 0 
7f0a80021000-7f0a84000000 ---p 00000000 00:00 0 
7f0a84000000-7f0a84013000 r--s 00346000 08:06 19167                      /usr/lib/jvm/java-8-openjdk-amd64/jre/lib/resources.jar
7f0a84013000-7f0a840e5000 rw-p 00000000 00:00 0 
7f0a840e5000-7f0a842b4000 r--s 03c2f000 08:06 19219                      /usr/lib/jvm/java-8-openjdk-amd64/jre/lib/rt.jar
7f0a842b4000-7f0a8849b000 rw-p 00000000 00:00 0 
7f0a8849b000-7f0a8849c000 ---p 00000000 00:00 0 
7f0a8849c000-7f0a8859c000 rw-p 00000000 00:00 0 
7f0a8859c000-7f0a8859d000 ---p 00000000 00:00 0 
7f0a8859d000-7f0a886bb000 rw-p 00000000 00:00 0 
7f0a886bb000-7f0a888de000 ---p 00000000 00:00 0 
7f0a888de000-7f0a888fc000 rw-p 00000000 00:00 0 
7f0a888fc000-7f0a88b1e000 ---p 00000000 00:00 0 
7f0a88b1e000-7f0a88b3f000 rw-p 00000000 00:00 0 
7f0a88b3f000-7f0a88c3f000 ---p 00000000 00:00 0 
7f0a88c3f000-7f0a88c5e000 rw-p 00000000 00:00 0 
7f0a88c5e000-7f0a89000000 ---p 00000000 00:00 0 
7f0a89000000-7f0a89770000 rwxp 00000000 00:00 0 
7f0a89770000-7f0a98000000 ---p 00000000 00:00 0 
7f0a98000000-7f0a9833d000 rw-p 00000000 00:00 0 
7f0a9833d000-7f0a9c000000 ---p 00000000 00:00 0 
7f0a9c000000-7f0a9c001000 rw-s 00000000 00:05 521523                     /memfd:xshmfence (deleted)
7f0a9c001000-7f0a9c005000 r--p 00000000 08:06 2631548                    /home/danieledt/.config/dconf/user
7f0a9c005000-7f0a9c020000 r--s 001d6000 08:06 19163                      /usr/lib/jvm/java-8-openjdk-amd64/jre/lib/ext/nashorn.jar
7f0a9c020000-7f0a9c021000 ---p 00000000 00:00 0 
7f0a9c021000-7f0a9c121000 rw-p 00000000 00:00 0 
7f0a9c121000-7f0a9c122000 ---p 00000000 00:00 0 
7f0a9c122000-7f0a9c222000 rw-p 00000000 00:00 0 
7f0a9c222000-7f0a9c22a000 r-xp 00000000 08:06 19191                      /usr/lib/jvm/java-8-openjdk-amd64/jre/lib/amd64/libzip.so
7f0a9c22a000-7f0a9c429000 ---p 00008000 08:06 19191                      /usr/lib/jvm/java-8-openjdk-amd64/jre/lib/amd64/libzip.so
7f0a9c429000-7f0a9c42a000 r--p 00007000 08:06 19191                      /usr/lib/jvm/java-8-openjdk-amd64/jre/lib/amd64/libzip.so
7f0a9c42a000-7f0a9c42b000 rw-p 00008000 08:06 19191                      /usr/lib/jvm/java-8-openjdk-amd64/jre/lib/amd64/libzip.so
7f0a9c42b000-7f0a9c436000 r-xp 00000000 08:06 5248723                    /lib/x86_64-linux-gnu/libnss_files-2.23.so
7f0a9c436000-7f0a9c635000 ---p 0000b000 08:06 5248723                    /lib/x86_64-linux-gnu/libnss_files-2.23.so
7f0a9c635000-7f0a9c636000 r--p 0000a000 08:06 5248723                    /lib/x86_64-linux-gnu/libnss_files-2.23.so
7f0a9c636000-7f0a9c637000 rw-p 0000b000 08:06 5248723                    /lib/x86_64-linux-gnu/libnss_files-2.23.so
7f0a9c637000-7f0a9c63d000 rw-p 00000000 00:00 0 
7f0a9c63d000-7f0a9c648000 r-xp 00000000 08:06 5248727                    /lib/x86_64-linux-gnu/libnss_nis-2.23.so
7f0a9c648000-7f0a9c847000 ---p 0000b000 08:06 5248727                    /lib/x86_64-linux-gnu/libnss_nis-2.23.so
7f0a9c847000-7f0a9c848000 r--p 0000a000 08:06 5248727                    /lib/x86_64-linux-gnu/libnss_nis-2.23.so
7f0a9c848000-7f0a9c849000 rw-p 0000b000 08:06 5248727                    /lib/x86_64-linux-gnu/libnss_nis-2.23.so
7f0a9c849000-7f0a9c85f000 r-xp 00000000 08:06 5248707                    /lib/x86_64-linux-gnu/libnsl-2.23.so
7f0a9c85f000-7f0a9ca5e000 ---p 00016000 08:06 5248707                    /lib/x86_64-linux-gnu/libnsl-2.23.so
7f0a9ca5e000-7f0a9ca5f000 r--p 00015000 08:06 5248707                    /lib/x86_64-linux-gnu/libnsl-2.23.so
7f0a9ca5f000-7f0a9ca60000 rw-p 00016000 08:06 5248707                    /lib/x86_64-linux-gnu/libnsl-2.23.so
7f0a9ca60000-7f0a9ca62000 rw-p 00000000 00:00 0 
7f0a9ca62000-7f0a9ca6a000 r-xp 00000000 08:06 5248718                    /lib/x86_64-linux-gnu/libnss_compat-2.23.so
7f0a9ca6a000-7f0a9cc69000 ---p 00008000 08:06 5248718                    /lib/x86_64-linux-gnu/libnss_compat-2.23.so
7f0a9cc69000-7f0a9cc6a000 r--p 00007000 08:06 5248718                    /lib/x86_64-linux-gnu/libnss_compat-2.23.so
7f0a9cc6a000-7f0a9cc6b000 rw-p 00008000 08:06 5248718                    /lib/x86_64-linux-gnu/libnss_compat-2.23.so
7f0a9cc6b000-7f0a9cc98000 r-xp 00000000 08:06 19182                      /usr/lib/jvm/java-8-openjdk-amd64/jre/lib/amd64/libjava.so
7f0a9cc98000-7f0a9ce97000 ---p 0002d000 08:06 19182                      /usr/lib/jvm/java-8-openjdk-amd64/jre/lib/amd64/libjava.so
7f0a9ce97000-7f0a9ce98000 r--p 0002c000 08:06 19182                      /usr/lib/jvm/java-8-openjdk-amd64/jre/lib/amd64/libjava.so
7f0a9ce98000-7f0a9ce9a000 rw-p 0002d000 08:06 19182                      /usr/lib/jvm/java-8-openjdk-amd64/jre/lib/amd64/libjava.so
7f0a9ce9a000-7f0a9cea9000 r-xp 00000000 08:06 19168                      /usr/lib/jvm/java-8-openjdk-amd64/jre/lib/amd64/libverify.so
7f0a9cea9000-7f0a9d0a8000 ---p 0000f000 08:06 19168                      /usr/lib/jvm/java-8-openjdk-amd64/jre/lib/amd64/libverify.so
7f0a9d0a8000-7f0a9d0aa000 r--p 0000e000 08:06 19168                      /usr/lib/jvm/java-8-openjdk-amd64/jre/lib/amd64/libverify.so
7f0a9d0aa000-7f0a9d0ab000 rw-p 00010000 08:06 19168                      /usr/lib/jvm/java-8-openjdk-amd64/jre/lib/amd64/libverify.so
7f0a9d0ab000-7f0a9d0b2000 r-xp 00000000 08:06 5248728                    /lib/x86_64-linux-gnu/librt-2.23.so
7f0a9d0b2000-7f0a9d2b1000 ---p 00007000 08:06 5248728                    /lib/x86_64-linux-gnu/librt-2.23.so
7f0a9d2b1000-7f0a9d2b2000 r--p 00006000 08:06 5248728                    /lib/x86_64-linux-gnu/librt-2.23.so
7f0a9d2b2000-7f0a9d2b3000 rw-p 00007000 08:06 5248728                    /lib/x86_64-linux-gnu/librt-2.23.so
7f0a9d2b3000-7f0a9d2c9000 r-xp 00000000 08:06 5247482                    /lib/x86_64-linux-gnu/libgcc_s.so.1
7f0a9d2c9000-7f0a9d4c8000 ---p 00016000 08:06 5247482                    /lib/x86_64-linux-gnu/libgcc_s.so.1
7f0a9d4c8000-7f0a9d4c9000 rw-p 00015000 08:06 5247482                    /lib/x86_64-linux-gnu/libgcc_s.so.1
7f0a9d4c9000-7f0a9d5d1000 r-xp 00000000 08:06 5248701                    /lib/x86_64-linux-gnu/libm-2.23.so
7f0a9d5d1000-7f0a9d7d0000 ---p 00108000 08:06 5248701                    /lib/x86_64-linux-gnu/libm-2.23.so
7f0a9d7d0000-7f0a9d7d1000 r--p 00107000 08:06 5248701                    /lib/x86_64-linux-gnu/libm-2.23.so
7f0a9d7d1000-7f0a9d7d2000 rw-p 00108000 08:06 5248701                    /lib/x86_64-linux-gnu/libm-2.23.so
7f0a9d7d2000-7f0a9d944000 r-xp 00000000 08:06 3735                       /usr/lib/x86_64-linux-gnu/libstdc++.so.6.0.21
7f0a9d944000-7f0a9db44000 ---p 00172000 08:06 3735                       /usr/lib/x86_64-linux-gnu/libstdc++.so.6.0.21
7f0a9db44000-7f0a9db4e000 r--p 00172000 08:06 3735                       /usr/lib/x86_64-linux-gnu/libstdc++.so.6.0.21
7f0a9db4e000-7f0a9db50000 rw-p 0017c000 08:06 3735                       /usr/lib/x86_64-linux-gnu/libstdc++.so.6.0.21
7f0a9db50000-7f0a9db54000 rw-p 00000000 00:00 0 
7f0a9db54000-7f0a9e7ad000 r-xp 00000000 08:06 19195                      /usr/lib/jvm/java-8-openjdk-amd64/jre/lib/amd64/server/libjvm.so
7f0a9e7ad000-7f0a9e9ad000 ---p 00c59000 08:06 19195                      /usr/lib/jvm/java-8-openjdk-amd64/jre/lib/amd64/server/libjvm.so
7f0a9e9ad000-7f0a9ea40000 r--p 00c59000 08:06 19195                      /usr/lib/jvm/java-8-openjdk-amd64/jre/lib/amd64/server/libjvm.so
7f0a9ea40000-7f0a9ea69000 rw-p 00cec000 08:06 19195                      /usr/lib/jvm/java-8-openjdk-amd64/jre/lib/amd64/server/libjvm.so
7f0a9ea69000-7f0a9ea99000 rw-p 00000000 00:00 0 
7f0a9ea99000-7f0a9eab1000 r-xp 00000000 08:06 5248709                    /lib/x86_64-linux-gnu/libpthread-2.23.so
7f0a9eab1000-7f0a9ecb0000 ---p 00018000 08:06 5248709                    /lib/x86_64-linux-gnu/libpthread-2.23.so
7f0a9ecb0000-7f0a9ecb1000 r--p 00017000 08:06 5248709                    /lib/x86_64-linux-gnu/libpthread-2.23.so
7f0a9ecb1000-7f0a9ecb2000 rw-p 00018000 08:06 5248709                    /lib/x86_64-linux-gnu/libpthread-2.23.so
7f0a9ecb2000-7f0a9ecb6000 rw-p 00000000 00:00 0 
7f0a9ecb6000-7f0a9ecb9000 r-xp 00000000 08:06 5248712                    /lib/x86_64-linux-gnu/libdl-2.23.so
7f0a9ecb9000-7f0a9eeb8000 ---p 00003000 08:06 5248712                    /lib/x86_64-linux-gnu/libdl-2.23.so
7f0a9eeb8000-7f0a9eeb9000 r--p 00002000 08:06 5248712                    /lib/x86_64-linux-gnu/libdl-2.23.so
7f0a9eeb9000-7f0a9eeba000 rw-p 00003000 08:06 5248712                    /lib/x86_64-linux-gnu/libdl-2.23.so
7f0a9eeba000-7f0a9eed3000 r-xp 00000000 08:06 5247635                    /lib/x86_64-linux-gnu/libz.so.1.2.8
7f0a9eed3000-7f0a9f0d2000 ---p 00019000 08:06 5247635                    /lib/x86_64-linux-gnu/libz.so.1.2.8
7f0a9f0d2000-7f0a9f0d3000 r--p 00018000 08:06 5247635                    /lib/x86_64-linux-gnu/libz.so.1.2.8
7f0a9f0d3000-7f0a9f0d4000 rw-p 00019000 08:06 5247635                    /lib/x86_64-linux-gnu/libz.so.1.2.8
7f0a9f0d4000-7f0a9f294000 r-xp 00000000 08:06 5248710                    /lib/x86_64-linux-gnu/libc-2.23.so
7f0a9f294000-7f0a9f494000 ---p 001c0000 08:06 5248710                    /lib/x86_64-linux-gnu/libc-2.23.so
7f0a9f494000-7f0a9f498000 r--p 001c0000 08:06 5248710                    /lib/x86_64-linux-gnu/libc-2.23.so
7f0a9f498000-7f0a9f49a000 rw-p 001c4000 08:06 5248710                    /lib/x86_64-linux-gnu/libc-2.23.so
7f0a9f49a000-7f0a9f49e000 rw-p 00000000 00:00 0 
7f0a9f49e000-7f0a9f4ab000 r-xp 00000000 08:06 19192                      /usr/lib/jvm/java-8-openjdk-amd64/jre/lib/amd64/jli/libjli.so
7f0a9f4ab000-7f0a9f6ab000 ---p 0000d000 08:06 19192                      /usr/lib/jvm/java-8-openjdk-amd64/jre/lib/amd64/jli/libjli.so
7f0a9f6ab000-7f0a9f6ac000 r--p 0000d000 08:06 19192                      /usr/lib/jvm/java-8-openjdk-amd64/jre/lib/amd64/jli/libjli.so
7f0a9f6ac000-7f0a9f6ad000 rw-p 0000e000 08:06 19192                      /usr/lib/jvm/java-8-openjdk-amd64/jre/lib/amd64/jli/libjli.so
7f0a9f6ad000-7f0a9f6d3000 r-xp 00000000 08:06 5248708                    /lib/x86_64-linux-gnu/ld-2.23.so
7f0a9f6d3000-7f0a9f6d4000 r--s 00000000 00:33 24                         /run/user/1000/dconf/user
7f0a9f6d4000-7f0a9f6d9000 r--s 002f9000 08:06 19155                      /usr/lib/jvm/java-8-openjdk-amd64/jre/lib/charsets.jar
7f0a9f6d9000-7f0a9f6db000 r--s 00016000 08:06 19214                      /usr/lib/jvm/java-8-openjdk-amd64/jre/lib/jce.jar
7f0a9f6db000-7f0a9f6e0000 r--s 0009d000 08:06 19228                      /usr/lib/jvm/java-8-openjdk-amd64/jre/lib/jsse.jar
7f0a9f6e0000-7f0a9f6e1000 r--s 00010000 08:06 19157                      /usr/lib/jvm/java-8-openjdk-amd64/jre/lib/ext/zipfs.jar
7f0a9f6e1000-7f0a9f6e4000 r--s 0000f000 08:06 19162                      /usr/lib/jvm/java-8-openjdk-amd64/jre/lib/ext/icedtea-sound.jar
7f0a9f6e4000-7f0a9f6e7000 r--s 00038000 08:06 19159                      /usr/lib/jvm/java-8-openjdk-amd64/jre/lib/ext/sunpkcs11.jar
7f0a9f6e7000-7f0a9f7ad000 rw-p 00000000 00:00 0 
7f0a9f7ad000-7f0a9f7b0000 ---p 00000000 00:00 0 
7f0a9f7b0000-7f0a9f8b2000 rw-p 00000000 00:00 0 
7f0a9f8b2000-7f0a9f8b4000 r--s 00001000 08:06 19158                      /usr/lib/jvm/java-8-openjdk-amd64/jre/lib/ext/dnsns.jar
7f0a9f8b4000-7f0a9f8b5000 r--s 0000a000 08:06 19164                      /usr/lib/jvm/java-8-openjdk-amd64/jre/lib/ext/jaccess.jar
7f0a9f8b5000-7f0a9f8b7000 r--s 00008000 08:06 19156                      /usr/lib/jvm/java-8-openjdk-amd64/jre/lib/ext/sunec.jar
7f0a9f8b7000-7f0a9f8c1000 r--s 00116000 08:06 19165                      /usr/lib/jvm/java-8-openjdk-amd64/jre/lib/ext/localedata.jar
7f0a9f8c1000-7f0a9f8c7000 r--s 0003b000 08:06 19161                      /usr/lib/jvm/java-8-openjdk-amd64/jre/lib/ext/sunjce_provider.jar
7f0a9f8c7000-7f0a9f8cf000 rw-s 00000000 08:06 524306                     /tmp/hsperfdata_danieledt/19959
7f0a9f8cf000-7f0a9f8d0000 rw-p 00000000 00:00 0 
7f0a9f8d0000-7f0a9f8d1000 r--p 00000000 00:00 0 
7f0a9f8d1000-7f0a9f8d2000 rw-p 00000000 00:00 0 
7f0a9f8d2000-7f0a9f8d3000 r--p 00025000 08:06 5248708                    /lib/x86_64-linux-gnu/ld-2.23.so
7f0a9f8d3000-7f0a9f8d4000 rw-p 00026000 08:06 5248708                    /lib/x86_64-linux-gnu/ld-2.23.so
7f0a9f8d4000-7f0a9f8d5000 rw-p 00000000 00:00 0 
7fff4c90c000-7fff4c92d000 rw-p 00000000 00:00 0                          [stack]
7fff4c9ac000-7fff4c9af000 r--p 00000000 00:00 0                          [vvar]
7fff4c9af000-7fff4c9b1000 r-xp 00000000 00:00 0                          [vdso]
ffffffffff600000-ffffffffff601000 r-xp 00000000 00:00 0                  [vsyscall]

VM Arguments:
jvm_args: -Dfile.encoding=UTF-8 
java_command: boundary.Main
java_class_path (initial): /usr/lib/jvm/java-8-openjdk-amd64/jre/lib/resources.jar:/usr/lib/jvm/java-8-openjdk-amd64/jre/lib/rt.jar:/usr/lib/jvm/java-8-openjdk-amd64/jre/lib/jsse.jar:/usr/lib/jvm/java-8-openjdk-amd64/jre/lib/jce.jar:/usr/lib/jvm/java-8-openjdk-amd64/jre/lib/charsets.jar:/usr/lib/jvm/java-8-openjdk-amd64/jre/lib/ext/sunjce_provider.jar:/usr/lib/jvm/java-8-openjdk-amd64/jre/lib/ext/localedata.jar:/usr/lib/jvm/java-8-openjdk-amd64/jre/lib/ext/sunec.jar:/usr/lib/jvm/java-8-openjdk-amd64/jre/lib/ext/jaccess.jar:/usr/lib/jvm/java-8-openjdk-amd64/jre/lib/ext/sunpkcs11.jar:/usr/lib/jvm/java-8-openjdk-amd64/jre/lib/ext/nashorn.jar:/usr/lib/jvm/java-8-openjdk-amd64/jre/lib/ext/dnsns.jar:/usr/lib/jvm/java-8-openjdk-amd64/jre/lib/ext/jfxrt.jar:/usr/lib/jvm/java-8-openjdk-amd64/jre/lib/ext/cldrdata.jar:/usr/lib/jvm/java-8-openjdk-amd64/jre/lib/ext/icedtea-sound.jar:/usr/lib/jvm/java-8-openjdk-amd64/jre/lib/ext/zipfs.jar:/home/danieledt/Documenti/Eclipse/BD/bin:/home/danieledt/Documenti/Eclipse/BD/lib/postgresql-42.2.2.jar:/home/danieledt/Documenti/Eclipse/BD/miglayout15-swing.jar:/home/danieledt/Documenti/Eclipse/BD/jgoodies-forms-1.8.0.jar
Launcher Type: SUN_STANDARD

Environment Variables:
JAVA_HOME=/usr/lib/jvm/java-8-oracle
PATH=/home/danieledt/bin:/home/danieledt/.local/bin:/usr/local/sbin:/usr/local/bin:/usr/sbin:/usr/bin:/sbin:/bin:/usr/games:/usr/local/games:/snap/bin:/usr/lib/jvm/java-8-oracle/bin:/usr/lib/jvm/java-8-oracle/db/bin:/usr/lib/jvm/java-8-oracle/jre/bin
SHELL=/bin/bash
DISPLAY=:0.0

Signal Handlers:
SIGSEGV: [libjvm.so+0xa6e6f0], sa_mask[0]=11111111011111111101111111111110, sa_flags=SA_RESTART|SA_SIGINFO
SIGBUS: [libjvm.so+0xa6e6f0], sa_mask[0]=11111111011111111101111111111110, sa_flags=SA_RESTART|SA_SIGINFO
SIGFPE: [libjvm.so+0x8b5d50], sa_mask[0]=11111111011111111101111111111110, sa_flags=SA_RESTART|SA_SIGINFO
SIGPIPE: SIG_IGN, sa_mask[0]=00000000000010000000000000000000, sa_flags=SA_RESTART
SIGXFSZ: [libjvm.so+0x8b5d50], sa_mask[0]=11111111011111111101111111111110, sa_flags=SA_RESTART|SA_SIGINFO
SIGILL: [libjvm.so+0x8b5d50], sa_mask[0]=11111111011111111101111111111110, sa_flags=SA_RESTART|SA_SIGINFO
SIGUSR1: SIG_DFL, sa_mask[0]=00000000000000000000000000000000, sa_flags=none
SIGUSR2: [libjvm.so+0x8b5c00], sa_mask[0]=00100000000000000000000000000000, sa_flags=SA_RESTART|SA_SIGINFO
SIGHUP: [libjvm.so+0x8b60d0], sa_mask[0]=11111111011111111101111111111110, sa_flags=SA_RESTART|SA_SIGINFO
SIGINT: SIG_IGN, sa_mask[0]=00000000000000000000000000000000, sa_flags=none
SIGTERM: [libjvm.so+0x8b60d0], sa_mask[0]=11111111011111111101111111111110, sa_flags=SA_RESTART|SA_SIGINFO
SIGQUIT: [libjvm.so+0x8b60d0], sa_mask[0]=11111111011111111101111111111110, sa_flags=SA_RESTART|SA_SIGINFO


---------------  S Y S T E M  ---------------

OS:DISTRIB_ID=Ubuntu
DISTRIB_RELEASE=16.04
DISTRIB_CODENAME=xenial
DISTRIB_DESCRIPTION="Ubuntu 16.04.4 LTS"

uname:Linux 4.13.0-45-generic #50~16.04.1-Ubuntu SMP Wed May 30 11:18:27 UTC 2018 x86_64
libc:glibc 2.23 NPTL 2.23 
rlimit: STACK 8192k, CORE 0k, NPROC 27227, NOFILE 1048576, AS infinity
load average:4,89 3,86 2,77

/proc/meminfo:
MemTotal:        7080608 kB
MemFree:         2737196 kB
MemAvailable:    3950944 kB
Buffers:          133420 kB
Cached:          1387404 kB
SwapCached:            0 kB
Active:          3146632 kB
Inactive:         922048 kB
Active(anon):    2560228 kB
Inactive(anon):   107156 kB
Active(file):     586404 kB
Inactive(file):   814892 kB
Unevictable:          64 kB
Mlocked:              64 kB
SwapTotal:       5000188 kB
SwapFree:        5000188 kB
Dirty:               980 kB
Writeback:             0 kB
AnonPages:       2548000 kB
Mapped:           514088 kB
Shmem:            119532 kB
Slab:             107096 kB
SReclaimable:      65620 kB
SUnreclaim:        41476 kB
KernelStack:       12096 kB
PageTables:        42696 kB
NFS_Unstable:          0 kB
Bounce:                0 kB
WritebackTmp:          0 kB
CommitLimit:     8540492 kB
Committed_AS:    7378868 kB
VmallocTotal:   34359738367 kB
VmallocUsed:           0 kB
VmallocChunk:          0 kB
HardwareCorrupted:     0 kB
AnonHugePages:         0 kB
ShmemHugePages:        0 kB
ShmemPmdMapped:        0 kB
CmaTotal:              0 kB
CmaFree:               0 kB
HugePages_Total:       0
HugePages_Free:        0
HugePages_Rsvd:        0
HugePages_Surp:        0
Hugepagesize:       2048 kB
DirectMap4k:      220636 kB
DirectMap2M:     4966400 kB
DirectMap1G:     2097152 kB


CPU:total 4 (initial active 4) (4 cores per cpu, 1 threads per core) family 22 model 48 stepping 1, cmov, cx8, fxsr, mmx, sse, sse2, sse3, ssse3, sse4.1, sse4.2, popcnt, avx, aes, clmul, mmxext, 3dnowpref, lzcnt, sse4a, tsc, tscinvbit, tscinv, bmi1

/proc/cpuinfo:
processor	: 0
vendor_id	: AuthenticAMD
cpu family	: 22
model		: 48
model name	: AMD A8-6410 APU with AMD Radeon R5 Graphics
stepping	: 1
microcode	: 0x7030105
cpu MHz		: 1796.614
cache size	: 2048 KB
physical id	: 0
siblings	: 4
core id		: 0
cpu cores	: 4
apicid		: 0
initial apicid	: 0
fpu		: yes
fpu_exception	: yes
cpuid level	: 13
wp		: yes
flags		: fpu vme de pse tsc msr pae mce cx8 apic sep mtrr pge mca cmov pat pse36 clflush mmx fxsr sse sse2 ht syscall nx mmxext fxsr_opt pdpe1gb rdtscp lm constant_tsc rep_good acc_power nopl nonstop_tsc cpuid extd_apicid aperfmperf pni pclmulqdq monitor ssse3 cx16 sse4_1 sse4_2 movbe popcnt aes xsave avx f16c rdrand lahf_lm cmp_legacy svm extapic cr8_legacy abm sse4a misalignsse 3dnowprefetch osvw ibs skinit wdt topoext perfctr_nb bpext ptsc perfctr_l2 cpb hw_pstate retpoline retpoline_amd rsb_ctxsw ssbd ls_cfg_ssbd vmmcall bmi1 xsaveopt arat npt lbrv svm_lock nrip_save tsc_scale flushbyasid decodeassists pausefilter pfthreshold overflow_recov
bugs		: fxsave_leak sysret_ss_attrs null_seg spectre_v1 spectre_v2 spec_store_bypass
bogomips	: 3992.48
TLB size	: 1024 4K pages
clflush size	: 64
cache_alignment	: 64
address sizes	: 40 bits physical, 48 bits virtual
power management: ts ttp tm 100mhzsteps hwpstate cpb acc_power [13]

processor	: 1
vendor_id	: AuthenticAMD
cpu family	: 22
model		: 48
model name	: AMD A8-6410 APU with AMD Radeon R5 Graphics
stepping	: 1
microcode	: 0x7030105
cpu MHz		: 1796.613
cache size	: 2048 KB
physical id	: 0
siblings	: 4
core id		: 1
cpu cores	: 4
apicid		: 1
initial apicid	: 1
fpu		: yes
fpu_exception	: yes
cpuid level	: 13
wp		: yes
flags		: fpu vme de pse tsc msr pae mce cx8 apic sep mtrr pge mca cmov pat pse36 clflush mmx fxsr sse sse2 ht syscall nx mmxext fxsr_opt pdpe1gb rdtscp lm constant_tsc rep_good acc_power nopl nonstop_tsc cpuid extd_apicid aperfmperf pni pclmulqdq monitor ssse3 cx16 sse4_1 sse4_2 movbe popcnt aes xsave avx f16c rdrand lahf_lm cmp_legacy svm extapic cr8_legacy abm sse4a misalignsse 3dnowprefetch osvw ibs skinit wdt topoext perfctr_nb bpext ptsc perfctr_l2 cpb hw_pstate retpoline retpoline_amd rsb_ctxsw ssbd ls_cfg_ssbd vmmcall bmi1 xsaveopt arat npt lbrv svm_lock nrip_save tsc_scale flushbyasid decodeassists pausefilter pfthreshold overflow_recov
bugs		: fxsave_leak sysret_ss_attrs null_seg spectre_v1 spectre_v2 spec_store_bypass
bogomips	: 3992.48
TLB size	: 1024 4K pages
clflush size	: 64
cache_alignment	: 64
address sizes	: 40 bits physical, 48 bits virtual
power management: ts ttp tm 100mhzsteps hwpstate cpb acc_power [13]

processor	: 2
vendor_id	: AuthenticAMD
cpu family	: 22
model		: 48
model name	: AMD A8-6410 APU with AMD Radeon R5 Graphics
stepping	: 1
microcode	: 0x7030105
cpu MHz		: 1796.614
cache size	: 2048 KB
physical id	: 0
siblings	: 4
core id		: 2
cpu cores	: 4
apicid		: 2
initial apicid	: 2
fpu		: yes
fpu_exception	: yes
cpuid level	: 13
wp		: yes
flags		: fpu vme de pse tsc msr pae mce cx8 apic sep mtrr pge mca cmov pat pse36 clflush mmx fxsr sse sse2 ht syscall nx mmxext fxsr_opt pdpe1gb rdtscp lm constant_tsc rep_good acc_power nopl nonstop_tsc cpuid extd_apicid aperfmperf pni pclmulqdq monitor ssse3 cx16 sse4_1 sse4_2 movbe popcnt aes xsave avx f16c rdrand lahf_lm cmp_legacy svm extapic cr8_legacy abm sse4a misalignsse 3dnowprefetch osvw ibs skinit wdt topoext perfctr_nb bpext ptsc perfctr_l2 cpb hw_pstate retpoline retpoline_amd rsb_ctxsw ssbd ls_cfg_ssbd vmmcall bmi1 xsaveopt arat npt lbrv svm_lock nrip_save tsc_scale flushbyasid decodeassists pausefilter pfthreshold overflow_recov
bugs		: fxsave_leak sysret_ss_attrs null_seg spectre_v1 spectre_v2 spec_store_bypass
bogomips	: 3992.48
TLB size	: 1024 4K pages
clflush size	: 64
cache_alignment	: 64
address sizes	: 40 bits physical, 48 bits virtual
power management: ts ttp tm 100mhzsteps hwpstate cpb acc_power [13]

processor	: 3
vendor_id	: AuthenticAMD
cpu family	: 22
model		: 48
model name	: AMD A8-6410 APU with AMD Radeon R5 Graphics
stepping	: 1
microcode	: 0x7030105
cpu MHz		: 1796.613
cache size	: 2048 KB
physical id	: 0
siblings	: 4
core id		: 3
cpu cores	: 4
apicid		: 3
initial apicid	: 3
fpu		: yes
fpu_exception	: yes
cpuid level	: 13
wp		: yes
flags		: fpu vme de pse tsc msr pae mce cx8 apic sep mtrr pge mca cmov pat pse36 clflush mmx fxsr sse sse2 ht syscall nx mmxext fxsr_opt pdpe1gb rdtscp lm constant_tsc rep_good acc_power nopl nonstop_tsc cpuid extd_apicid aperfmperf pni pclmulqdq monitor ssse3 cx16 sse4_1 sse4_2 movbe popcnt aes xsave avx f16c rdrand lahf_lm cmp_legacy svm extapic cr8_legacy abm sse4a misalignsse 3dnowprefetch osvw ibs skinit wdt topoext perfctr_nb bpext ptsc perfctr_l2 cpb hw_pstate retpoline retpoline_amd rsb_ctxsw ssbd ls_cfg_ssbd vmmcall bmi1 xsaveopt arat npt lbrv svm_lock nrip_save tsc_scale flushbyasid decodeassists pausefilter pfthreshold overflow_recov
bugs		: fxsave_leak sysret_ss_attrs null_seg spectre_v1 spectre_v2 spec_store_bypass
bogomips	: 3992.48
TLB size	: 1024 4K pages
clflush size	: 64
cache_alignment	: 64
address sizes	: 40 bits physical, 48 bits virtual
power management: ts ttp tm 100mhzsteps hwpstate cpb acc_power [13]



Memory: 4k page, physical 7080608k(2736948k free), swap 5000188k(5000188k free)

vm_info: OpenJDK 64-Bit Server VM (25.171-b11) for linux-amd64 JRE (1.8.0_171-8u171-b11-0ubuntu0.16.04.1-b11), built on Apr 27 2018 17:19:03 by "buildd" with gcc 5.4.0 20160609

time: Fri Jul  6 10:53:49 2018
elapsed time: 13 seconds (0d 0h 0m 13s)

