#
# A fatal error has been detected by the Java Runtime Environment:
#
#  SIGSEGV (0xb) at pc=0x00007fdaf237c27d, pid=16548, tid=0x00007fda86ffd700
#
# JRE version: OpenJDK Runtime Environment (8.0_171-b11) (build 1.8.0_171-8u171-b11-0ubuntu0.16.04.1-b11)
# Java VM: OpenJDK 64-Bit Server VM (25.171-b11 mixed mode linux-amd64 compressed oops)
# Problematic frame:
# V  [libjvm.so+0x67e27d]
#
# Failed to write core dump. Core dumps have been disabled. To enable core dumping, try "ulimit -c unlimited" before starting Java again
#
# If you would like to submit a bug report, please visit:
#   http://bugreport.java.com/bugreport/crash.jsp
#

---------------  T H R E A D  ---------------

Current thread (0x00007fdaec362800):  JavaThread "JavaFX Application Thread" [_thread_in_vm, id=16583, stack(0x00007fda86efd000,0x00007fda86ffe000)]

siginfo: si_signo: 11 (SIGSEGV), si_code: 128 (SI_KERNEL), si_addr: 0x0000000000000000

Registers:
RAX=0x0000000000000000, RBX=0x00007fdaec362800, RCX=0x00007fdaec2d6518, RDX=0x6563732f78666176
RSP=0x00007fda86ffc230, RBP=0x00007fda86ffc3b0, RSI=0x00007fda86ffc3d0, RDI=0x00007fdaec3629e0
R8 =0x00007fda86ffc400, R9 =0x00007fdaec362800, R10=0x00007fda70000af0, R11=0x00007fdadd405560
R12=0x00007fdaec3629e0, R13=0x00007fdaec362800, R14=0x00007fda86ffc400, R15=0x00007fda86ffc490
RIP=0x00007fdaf237c27d, EFLAGS=0x0000000000010202, CSGSFS=0x002b000000000033, ERR=0x0000000000000000
  TRAPNO=0x000000000000000d

Top of Stack: (sp=0x00007fda86ffc230)
0x00007fda86ffc230:   00007fda86ffc340 00007fdaf2362c27
0x00007fda86ffc240:   00007fdaec362800 00007fdaec362800
0x00007fda86ffc250:   00007fda0000000e 00007fdaec3629e0
0x00007fda86ffc260:   00007fda86ffc270 00007fda86ffc3d0
0x00007fda86ffc270:   00007fdad89f0438 00007fdaec362800
0x00007fda86ffc280:   00007fdad89f0438 00007fdaec362800
0x00007fda86ffc290:   00007fdaec361f30 00007fdab4011a60
0x00007fda86ffc2a0:   00007fdab4011a70 00007fdab4011e48
0x00007fda86ffc2b0:   00000000000003d8 00007fdaec361f70
0x00007fda86ffc2c0:   00007fdad89f0438 00007fdaec362800
0x00007fda86ffc2d0:   00000000d89e4878 00000000dc821e40
0x00007fda86ffc2e0:   0000000000000000 00007fdadd017d9b
0x00007fda86ffc2f0:   00007fdad89f0438 00007fdaec362800
0x00007fda86ffc300:   00007fda86ffc340 00000000dc874160
0x00007fda86ffc310:   000000000000006f 00007fda0000000a
0x00007fda86ffc320:   00000000dd67a558 00007fda00000000
0x00007fda86ffc330:   00007fda86ffc420 00007fda86ffc3e0
0x00007fda86ffc340:   00007fda86ffc4d0 0000000100000181
0x00007fda86ffc350:   00007fda86ffc550 00007fda86ffc308
0x00007fda86ffc360:   00007fda86ffc349 0000000800000005
0x00007fda86ffc370:   00007fda00000000 01882120cc53f400
0x00007fda86ffc380:   00007fda86ffc390 00007fdaec362800
0x00007fda86ffc390:   00007fdaec3629e0 00007fdaec2d6518
0x00007fda86ffc3a0:   00007fda86ffc400 00007fda86ffc490
0x00007fda86ffc3b0:   00007fda86ffc480 00007fdaf237fea2
0x00007fda86ffc3c0:   00007fdab4011a70 6563732f78666176
0x00007fda86ffc3d0:   000000000000000e 00007fda00000000
0x00007fda86ffc3e0:   00007fdaec362800 0000000000000000
0x00007fda86ffc3f0:   0000000005800004 01882120cc53f400
0x00007fda86ffc400:   00007fdaf2b62bf8 00007fdaf38b8710
0x00007fda86ffc410:   00000000ec2f3370 00007fda00000063
0x00007fda86ffc420:   0000000000000000 0000003000000018 

Instructions: (pc=0x00007fdaf237c27d)
0x00007fdaf237c25d:   ff 48 89 b5 b8 fe ff ff 64 48 8b 04 25 28 00 00
0x00007fdaf237c26d:   00 48 89 45 c8 31 c0 48 85 d2 0f 84 7b 05 00 00
0x00007fdaf237c27d:   4c 8b 32 4d 85 f6 0f 84 6f 05 00 00 49 8b b9 20
0x00007fdaf237c28d:   01 00 00 48 89 cb 4d 89 c4 e8 35 42 ff ff 4c 89 

Register to memory mapping:

RAX=0x0000000000000000 is an unknown value
RBX=0x00007fdaec362800 is a thread
RCX=0x00007fdaec2d6518 is an unknown value
RDX=0x6563732f78666176 is an unknown value
RSP=0x00007fda86ffc230 is pointing into the stack for thread: 0x00007fdaec362800
RBP=0x00007fda86ffc3b0 is pointing into the stack for thread: 0x00007fdaec362800
RSI=0x00007fda86ffc3d0 is pointing into the stack for thread: 0x00007fdaec362800
RDI=0x00007fdaec3629e0 is an unknown value
R8 =0x00007fda86ffc400 is pointing into the stack for thread: 0x00007fdaec362800
R9 =0x00007fdaec362800 is a thread
R10=0x00007fda70000af0 is an unknown value
R11=0x00007fdadd405560 is at entry_point+32 in (nmethod*)0x00007fdadd4053d0
R12=0x00007fdaec3629e0 is an unknown value
R13=0x00007fdaec362800 is a thread
R14=0x00007fda86ffc400 is pointing into the stack for thread: 0x00007fdaec362800
R15=0x00007fda86ffc490 is pointing into the stack for thread: 0x00007fdaec362800


Stack: [0x00007fda86efd000,0x00007fda86ffe000],  sp=0x00007fda86ffc230,  free space=1020k
Native frames: (J=compiled Java code, j=interpreted, Vv=VM code, C=native code)
V  [libjvm.so+0x67e27d]
V  [libjvm.so+0x681ea2]
C  [libglass.so+0x11e63]  JNIEnv_::CallVoidMethod(_jobject*, _jmethodID*, ...)+0x93
C  [libglass.so+0x1c2e5]  WindowContextBase::process_key(_GdkEventKey*)+0x215
C  [libglass.so+0x11ad0]  WindowContextBase::im_filter_keypress(_GdkEventKey*)+0x1f0
C  [libglass.so+0x21fbc]
C  [libgdk-x11-2.0.so.0+0x5ac8c]

Java frames: (J=compiled Java code, j=interpreted, Vv=VM code)
j  com.sun.glass.ui.gtk.GtkApplication._runLoop(Ljava/lang/Runnable;Z)V+0
j  com.sun.glass.ui.gtk.GtkApplication.lambda$null$450(Ljava/lang/Runnable;Z)V+7
j  com.sun.glass.ui.gtk.GtkApplication$$Lambda$41.run()V+12
j  java.lang.Thread.run()V+11
v  ~StubRoutines::call_stub

---------------  P R O C E S S  ---------------

Java Threads: ( => current thread )
  0x00007fda7030a800 JavaThread "Prism Font Disposer" daemon [_thread_blocked, id=16590, stack(0x00007fda85087000,0x00007fda85188000)]
  0x00007fdaec366000 JavaThread "JavaFX-Launcher" [_thread_blocked, id=16585, stack(0x00007fda865fb000,0x00007fda866fc000)]
=>0x00007fdaec362800 JavaThread "JavaFX Application Thread" [_thread_in_vm, id=16583, stack(0x00007fda86efd000,0x00007fda86ffe000)]
  0x00007fdaec35e800 JavaThread "Thread-1" daemon [_thread_blocked, id=16582, stack(0x00007fda8c018000,0x00007fda8c119000)]
  0x00007fdaec2a5000 JavaThread "QuantumRenderer-0" daemon [_thread_blocked, id=16570, stack(0x00007fdaca4ee000,0x00007fdaca5ef000)]
  0x00007fdaec0c0800 JavaThread "Service Thread" daemon [_thread_blocked, id=16568, stack(0x00007fdaca7cf000,0x00007fdaca8d0000)]
  0x00007fdaec0bd800 JavaThread "C1 CompilerThread2" daemon [_thread_blocked, id=16567, stack(0x00007fdaca8d0000,0x00007fdaca9d1000)]
  0x00007fdaec0bb800 JavaThread "C2 CompilerThread1" daemon [_thread_blocked, id=16566, stack(0x00007fdaca9d1000,0x00007fdacaad2000)]
  0x00007fdaec0b9000 JavaThread "C2 CompilerThread0" daemon [_thread_in_native, id=16565, stack(0x00007fdacaad2000,0x00007fdacabd3000)]
  0x00007fdaec0b7800 JavaThread "Signal Dispatcher" daemon [_thread_blocked, id=16564, stack(0x00007fdacabd3000,0x00007fdacacd4000)]
  0x00007fdaec084800 JavaThread "Finalizer" daemon [_thread_blocked, id=16561, stack(0x00007fdacafae000,0x00007fdacb0af000)]
  0x00007fdaec080000 JavaThread "Reference Handler" daemon [_thread_blocked, id=16560, stack(0x00007fdacb0af000,0x00007fdacb1b0000)]
  0x00007fdaec00b000 JavaThread "main" [_thread_blocked, id=16552, stack(0x00007fdaf3957000,0x00007fdaf3a58000)]

Other Threads:
  0x00007fdaec078800 VMThread [stack: 0x00007fdacb1b0000,0x00007fdacb2b1000] [id=16559]
  0x00007fdaec0c3000 WatcherThread [stack: 0x00007fdaca6ce000,0x00007fdaca7cf000] [id=16569]

VM state:not at safepoint (normal execution)

VM Mutex/Monitor currently owned by a thread: None

Heap:
 PSYoungGen      total 32768K, used 15556K [0x00000000dbf80000, 0x00000000dff80000, 0x0000000100000000)
  eden space 28160K, 55% used [0x00000000dbf80000,0x00000000dceb10c0,0x00000000ddb00000)
  from space 4608K, 0% used [0x00000000ddb00000,0x00000000ddb00000,0x00000000ddf80000)
  to   space 4608K, 0% used [0x00000000dfb00000,0x00000000dfb00000,0x00000000dff80000)
 ParOldGen       total 64512K, used 11855K [0x0000000093e00000, 0x0000000097d00000, 0x00000000dbf80000)
  object space 64512K, 18% used [0x0000000093e00000,0x0000000094993dd8,0x0000000097d00000)
 Metaspace       used 21744K, capacity 22908K, committed 23168K, reserved 1069056K
  class space    used 2868K, capacity 3141K, committed 3200K, reserved 1048576K

Card table byte_map: [0x00007fdadcc9e000,0x00007fdadd000000] byte_map_base: 0x00007fdadc7ff000

Marking Bits: (ParMarkBitMap*) 0x00007fdaf2c26320
 Begin Bits: [0x00007fdad9049000, 0x00007fdadab51000)
 End Bits:   [0x00007fdadab51000, 0x00007fdadc659000)

Polling page: 0x00007fdaf3a7a000

CodeCache: size=245760Kb used=8716Kb max_used=8716Kb free=237043Kb
 bounds [0x00007fdadd000000, 0x00007fdadd890000, 0x00007fdaec000000]
 total_blobs=3467 nmethods=2804 adapters=578
 compilation: enabled

Compilation events (10 events):
Event: 12,608 Thread 0x00007fdaec0bd800 nmethod 2794 0x00007fdadd884ad0 code [0x00007fdadd884c60, 0x00007fdadd884f38]
Event: 12,608 Thread 0x00007fdaec0bd800 2788       3       javafx.scene.layout.Region::maxHeight (52 bytes)
Event: 12,609 Thread 0x00007fdaec0bd800 nmethod 2788 0x00007fdadd883e10 code [0x00007fdadd884000, 0x00007fdadd884888]
Event: 12,609 Thread 0x00007fdaec0bd800 2796       1       com.sun.javafx.collections.VetoableListDecorator::access$400 (5 bytes)
Event: 12,610 Thread 0x00007fdaec0bd800 nmethod 2796 0x00007fdadd883b50 code [0x00007fdadd883ca0, 0x00007fdadd883d90]
Event: 12,610 Thread 0x00007fdaec0bd800 2789       3       javafx.scene.layout.Region::getMaxHeight (22 bytes)
Event: 12,610 Thread 0x00007fdaec0bd800 nmethod 2789 0x00007fdadd8834d0 code [0x00007fdadd883660, 0x00007fdadd883a28]
Event: 12,610 Thread 0x00007fdaec0bd800 2797       1       com.sun.javafx.geom.RectBounds::getWidth (10 bytes)
Event: 12,610 Thread 0x00007fdaec0bd800 nmethod 2797 0x00007fdadd883210 code [0x00007fdadd883360, 0x00007fdadd883470]
Event: 12,610 Thread 0x00007fdaec0bd800 2800       3       javafx.scene.Node$11::invalidated (52 bytes)

GC Heap History (8 events):
Event: 1,928 GC heap before
{Heap before GC invocations=1 (full 0):
 PSYoungGen      total 32768K, used 25796K [0x00000000dbf80000, 0x00000000de400000, 0x0000000100000000)
  eden space 28160K, 91% used [0x00000000dbf80000,0x00000000dd8b1378,0x00000000ddb00000)
  from space 4608K, 0% used [0x00000000ddf80000,0x00000000ddf80000,0x00000000de400000)
  to   space 4608K, 0% used [0x00000000ddb00000,0x00000000ddb00000,0x00000000ddf80000)
 ParOldGen       total 75264K, used 0K [0x0000000093e00000, 0x0000000098780000, 0x00000000dbf80000)
  object space 75264K, 0% used [0x0000000093e00000,0x0000000093e00000,0x0000000098780000)
 Metaspace       used 11680K, capacity 12064K, committed 12416K, reserved 1060864K
  class space    used 1413K, capacity 1540K, committed 1664K, reserved 1048576K
Event: 1,941 GC heap after
Heap after GC invocations=1 (full 0):
 PSYoungGen      total 32768K, used 4578K [0x00000000dbf80000, 0x00000000de400000, 0x0000000100000000)
  eden space 28160K, 0% used [0x00000000dbf80000,0x00000000dbf80000,0x00000000ddb00000)
  from space 4608K, 99% used [0x00000000ddb00000,0x00000000ddf78b28,0x00000000ddf80000)
  to   space 4608K, 0% used [0x00000000ddf80000,0x00000000ddf80000,0x00000000de400000)
 ParOldGen       total 75264K, used 3066K [0x0000000093e00000, 0x0000000098780000, 0x00000000dbf80000)
  object space 75264K, 4% used [0x0000000093e00000,0x00000000940fe9b0,0x0000000098780000)
 Metaspace       used 11680K, capacity 12064K, committed 12416K, reserved 1060864K
  class space    used 1413K, capacity 1540K, committed 1664K, reserved 1048576K
}
Event: 10,192 GC heap before
{Heap before GC invocations=2 (full 0):
 PSYoungGen      total 32768K, used 32738K [0x00000000dbf80000, 0x00000000de400000, 0x0000000100000000)
  eden space 28160K, 100% used [0x00000000dbf80000,0x00000000ddb00000,0x00000000ddb00000)
  from space 4608K, 99% used [0x00000000ddb00000,0x00000000ddf78b28,0x00000000ddf80000)
  to   space 4608K, 0% used [0x00000000ddf80000,0x00000000ddf80000,0x00000000de400000)
 ParOldGen       total 75264K, used 3066K [0x0000000093e00000, 0x0000000098780000, 0x00000000dbf80000)
  object space 75264K, 4% used [0x0000000093e00000,0x00000000940fe9b0,0x0000000098780000)
 Metaspace       used 18421K, capacity 19034K, committed 19328K, reserved 1067008K
  class space    used 2418K, capacity 2578K, committed 2688K, reserved 1048576K
Event: 10,213 GC heap after
Heap after GC invocations=2 (full 0):
 PSYoungGen      total 32768K, used 4591K [0x00000000dbf80000, 0x00000000de400000, 0x0000000100000000)
  eden space 28160K, 0% used [0x00000000dbf80000,0x00000000dbf80000,0x00000000ddb00000)
  from space 4608K, 99% used [0x00000000ddf80000,0x00000000de3fbf30,0x00000000de400000)
  to   space 4608K, 0% used [0x00000000ddb00000,0x00000000ddb00000,0x00000000ddf80000)
 ParOldGen       total 75264K, used 12191K [0x0000000093e00000, 0x0000000098780000, 0x00000000dbf80000)
  object space 75264K, 16% used [0x0000000093e00000,0x00000000949e7f58,0x0000000098780000)
 Metaspace       used 18421K, capacity 19034K, committed 19328K, reserved 1067008K
  class space    used 2418K, capacity 2578K, committed 2688K, reserved 1048576K
}
Event: 11,080 GC heap before
{Heap before GC invocations=3 (full 0):
 PSYoungGen      total 32768K, used 15742K [0x00000000dbf80000, 0x00000000de400000, 0x0000000100000000)
  eden space 28160K, 39% used [0x00000000dbf80000,0x00000000dca63a50,0x00000000ddb00000)
  from space 4608K, 99% used [0x00000000ddf80000,0x00000000de3fbf30,0x00000000de400000)
  to   space 4608K, 0% used [0x00000000ddb00000,0x00000000ddb00000,0x00000000ddf80000)
 ParOldGen       total 75264K, used 12191K [0x0000000093e00000, 0x0000000098780000, 0x00000000dbf80000)
  object space 75264K, 16% used [0x0000000093e00000,0x00000000949e7f58,0x0000000098780000)
 Metaspace       used 20371K, capacity 21226K, committed 21296K, reserved 1067008K
  class space    used 2690K, capacity 2904K, committed 2944K, reserved 1048576K
Event: 11,110 GC heap after
Heap after GC invocations=3 (full 0):
 PSYoungGen      total 32768K, used 4576K [0x00000000dbf80000, 0x00000000dff80000, 0x0000000100000000)
  eden space 28160K, 0% used [0x00000000dbf80000,0x00000000dbf80000,0x00000000ddb00000)
  from space 4608K, 99% used [0x00000000ddb00000,0x00000000ddf78050,0x00000000ddf80000)
  to   space 4608K, 0% used [0x00000000dfb00000,0x00000000dfb00000,0x00000000dff80000)
 ParOldGen       total 75264K, used 14292K [0x0000000093e00000, 0x0000000098780000, 0x00000000dbf80000)
  object space 75264K, 18% used [0x0000000093e00000,0x0000000094bf52d0,0x0000000098780000)
 Metaspace       used 20371K, capacity 21226K, committed 21296K, reserved 1067008K
  class space    used 2690K, capacity 2904K, committed 2944K, reserved 1048576K
}
Event: 11,110 GC heap before
{Heap before GC invocations=4 (full 1):
 PSYoungGen      total 32768K, used 4576K [0x00000000dbf80000, 0x00000000dff80000, 0x0000000100000000)
  eden space 28160K, 0% used [0x00000000dbf80000,0x00000000dbf80000,0x00000000ddb00000)
  from space 4608K, 99% used [0x00000000ddb00000,0x00000000ddf78050,0x00000000ddf80000)
  to   space 4608K, 0% used [0x00000000dfb00000,0x00000000dfb00000,0x00000000dff80000)
 ParOldGen       total 75264K, used 14292K [0x0000000093e00000, 0x0000000098780000, 0x00000000dbf80000)
  object space 75264K, 18% used [0x0000000093e00000,0x0000000094bf52d0,0x0000000098780000)
 Metaspace       used 20371K, capacity 21226K, committed 21296K, reserved 1067008K
  class space    used 2690K, capacity 2904K, committed 2944K, reserved 1048576K
Event: 11,254 GC heap after
Heap after GC invocations=4 (full 1):
 PSYoungGen      total 32768K, used 0K [0x00000000dbf80000, 0x00000000dff80000, 0x0000000100000000)
  eden space 28160K, 0% used [0x00000000dbf80000,0x00000000dbf80000,0x00000000ddb00000)
  from space 4608K, 0% used [0x00000000ddb00000,0x00000000ddb00000,0x00000000ddf80000)
  to   space 4608K, 0% used [0x00000000dfb00000,0x00000000dfb00000,0x00000000dff80000)
 ParOldGen       total 64512K, used 11855K [0x0000000093e00000, 0x0000000097d00000, 0x00000000dbf80000)
  object space 64512K, 18% used [0x0000000093e00000,0x0000000094993dd8,0x0000000097d00000)
 Metaspace       used 20371K, capacity 21226K, committed 21296K, reserved 1067008K
  class space    used 2690K, capacity 2904K, committed 2944K, reserved 1048576K
}

Deoptimization events (10 events):
Event: 11,009 Thread 0x00007fdaec362800 Uncommon trap: reason=bimorphic action=maybe_recompile pc=0x00007fdadd5e3148 method=com.sun.javafx.css.SimpleSelector.applies(Ljavafx/css/Styleable;)Z @ 95
Event: 11,009 Thread 0x00007fdaec362800 Uncommon trap: reason=bimorphic action=maybe_recompile pc=0x00007fdadd5e3148 method=com.sun.javafx.css.SimpleSelector.applies(Ljavafx/css/Styleable;)Z @ 95
Event: 11,010 Thread 0x00007fdaec362800 Uncommon trap: reason=bimorphic action=maybe_recompile pc=0x00007fdadd5e3148 method=com.sun.javafx.css.SimpleSelector.applies(Ljavafx/css/Styleable;)Z @ 95
Event: 11,402 Thread 0x00007fdaec362800 Uncommon trap: reason=array_check action=maybe_recompile pc=0x00007fdadd628488 method=com.sun.javafx.css.CompoundSelector.applies(Ljavafx/css/Styleable;[Ljava/util/Set;I)Z @ 128
Event: 11,402 Thread 0x00007fdaec362800 Uncommon trap: reason=array_check action=maybe_recompile pc=0x00007fdadd628488 method=com.sun.javafx.css.CompoundSelector.applies(Ljavafx/css/Styleable;[Ljava/util/Set;I)Z @ 128
Event: 11,402 Thread 0x00007fdaec362800 Uncommon trap: reason=array_check action=maybe_recompile pc=0x00007fdadd628488 method=com.sun.javafx.css.CompoundSelector.applies(Ljavafx/css/Styleable;[Ljava/util/Set;I)Z @ 128
Event: 11,402 Thread 0x00007fdaec362800 Uncommon trap: reason=array_check action=maybe_recompile pc=0x00007fdadd628488 method=com.sun.javafx.css.CompoundSelector.applies(Ljavafx/css/Styleable;[Ljava/util/Set;I)Z @ 128
Event: 11,402 Thread 0x00007fdaec362800 Uncommon trap: reason=array_check action=maybe_recompile pc=0x00007fdadd632060 method=com.sun.javafx.css.SimpleSelector.applies(Ljavafx/css/Styleable;[Ljava/util/Set;I)Z @ 37
Event: 11,962 Thread 0x00007fdaec362800 Uncommon trap: reason=unstable_if action=reinterpret pc=0x00007fdadd735200 method=javafx.scene.CssStyleHelper.lookup(Ljavafx/css/Styleable;Ljavafx/css/CssMetaData;Lcom/sun/javafx/css/StyleMap;Ljava/util/Set;Ljavafx/css/Styleable;Lcom/sun/javafx/css/Calcul
Event: 12,589 Thread 0x00007fdaec362800 Uncommon trap: reason=unstable_if action=reinterpret pc=0x00007fdadd7fb3dc method=javafx.scene.CssStyleHelper.canReuseStyleHelper(Ljavafx/scene/Node;Lcom/sun/javafx/css/StyleMap;)Z @ 178

Classes redefined (0 events):
No events

Internal exceptions (10 events):
Event: 0,536 Thread 0x00007fdaec00b000 Exception <a 'java/security/PrivilegedActionException'> (0x00000000dc249298) thrown at [/build/openjdk-8-wnL82d/openjdk-8-8u171-b11/src/hotspot/src/share/vm/prims/jvm.cpp, line 1435]
Event: 0,537 Thread 0x00007fdaec00b000 Exception <a 'java/lang/NullPointerException'> (0x00000000dc24a6d0) thrown at [/build/openjdk-8-wnL82d/openjdk-8-8u171-b11/src/hotspot/src/share/vm/interpreter/linkResolver.cpp, line 1185]
Event: 1,321 Thread 0x00007fdaec362800 Exception <a 'java/lang/NullPointerException'> (0x00000000dcfeb290) thrown at [/build/openjdk-8-wnL82d/openjdk-8-8u171-b11/src/hotspot/src/share/vm/interpreter/linkResolver.cpp, line 1185]
Event: 1,321 Thread 0x00007fdaec362800 Exception <a 'java/lang/NullPointerException'> (0x00000000dcfeb290) thrown at [/build/openjdk-8-wnL82d/openjdk-8-8u171-b11/src/hotspot/src/share/vm/prims/jvm.cpp, line 1439]
Event: 1,716 Thread 0x00007fdaec362800 Exception <a 'java/lang/ArrayIndexOutOfBoundsException'> (0x00000000dd63c390) thrown at [/build/openjdk-8-wnL82d/openjdk-8-8u171-b11/src/hotspot/src/share/vm/runtime/sharedRuntime.cpp, line 605]
Event: 1,717 Thread 0x00007fdaec362800 Exception <a 'java/lang/ArrayIndexOutOfBoundsException'> (0x00000000dd63d090) thrown at [/build/openjdk-8-wnL82d/openjdk-8-8u171-b11/src/hotspot/src/share/vm/runtime/sharedRuntime.cpp, line 605]
Event: 1,718 Thread 0x00007fdaec362800 Exception <a 'java/lang/ArrayIndexOutOfBoundsException'> (0x00000000dd63e438) thrown at [/build/openjdk-8-wnL82d/openjdk-8-8u171-b11/src/hotspot/src/share/vm/runtime/sharedRuntime.cpp, line 605]
Event: 9,994 Thread 0x00007fdaec362800 Implicit null exception at 0x00007fdadd22c936 to 0x00007fdadd22cce1
Event: 10,363 Thread 0x00007fdaec362800 Exception <a 'java/lang/ArrayIndexOutOfBoundsException'> (0x00000000dc247798) thrown at [/build/openjdk-8-wnL82d/openjdk-8-8u171-b11/src/hotspot/src/share/vm/runtime/sharedRuntime.cpp, line 605]
Event: 10,665 Thread 0x00007fdaec362800 Exception <a 'java/io/FileNotFoundException'> (0x00000000dc6519b0) thrown at [/build/openjdk-8-wnL82d/openjdk-8-8u171-b11/src/hotspot/src/share/vm/prims/jni.cpp, line 709]

Events (10 events):
Event: 12,417 loading class com/sun/javafx/tk/FontMetrics done
Event: 12,498 loading class com/sun/javafx/scene/control/skin/Utils$2
Event: 12,498 loading class com/sun/javafx/scene/control/skin/Utils$2 done
Event: 12,589 Thread 0x00007fdaec362800 Uncommon trap: trap_request=0xffffff65 fr.pc=0x00007fdadd7fb3dc
Event: 12,589 Thread 0x00007fdaec362800 DEOPT PACKING pc=0x00007fdadd7fb3dc sp=0x00007fda86ff88a0
Event: 12,589 Thread 0x00007fdaec362800 DEOPT UNPACKING pc=0x00007fdadd04547a sp=0x00007fda86ff87d8 mode 2
Event: 12,613 Thread 0x00007fdaec362800 DEOPT PACKING pc=0x00007fdadd3e9514 sp=0x00007fda86ffa480
Event: 12,614 Thread 0x00007fdaec362800 DEOPT UNPACKING pc=0x00007fdadd0470c4 sp=0x00007fda86ffa208 mode 0
Event: 12,614 Thread 0x00007fdaec362800 DEOPT PACKING pc=0x00007fdadd3e9514 sp=0x00007fda86ffacf0
Event: 12,614 Thread 0x00007fdaec362800 DEOPT UNPACKING pc=0x00007fdadd0470c4 sp=0x00007fda86ffaa78 mode 0


Dynamic libraries:
00400000-00401000 r-xp 00000000 08:06 19152                              /usr/lib/jvm/java-8-openjdk-amd64/jre/bin/java
00600000-00601000 r--p 00000000 08:06 19152                              /usr/lib/jvm/java-8-openjdk-amd64/jre/bin/java
00601000-00602000 rw-p 00001000 08:06 19152                              /usr/lib/jvm/java-8-openjdk-amd64/jre/bin/java
00d7e000-00d9f000 rw-p 00000000 00:00 0                                  [heap]
93e00000-97d00000 rw-p 00000000 00:00 0 
97d00000-dbf80000 ---p 00000000 00:00 0 
dbf80000-dff80000 rw-p 00000000 00:00 0 
dff80000-100000000 ---p 00000000 00:00 0 
100000000-100320000 rw-p 00000000 00:00 0 
100320000-140000000 ---p 00000000 00:00 0 
7fda58000000-7fda58021000 rw-p 00000000 00:00 0 
7fda58021000-7fda5c000000 ---p 00000000 00:00 0 
7fda5cfff000-7fda60000000 rw-p 00000000 00:00 0 
7fda60000000-7fda60021000 rw-p 00000000 00:00 0 
7fda60021000-7fda64000000 ---p 00000000 00:00 0 
7fda64000000-7fda64021000 rw-p 00000000 00:00 0 
7fda64021000-7fda68000000 ---p 00000000 00:00 0 
7fda68000000-7fda68021000 rw-p 00000000 00:00 0 
7fda68021000-7fda6c000000 ---p 00000000 00:00 0 
7fda6c000000-7fda6c021000 rw-p 00000000 00:00 0 
7fda6c021000-7fda70000000 ---p 00000000 00:00 0 
7fda70000000-7fda704f2000 rw-p 00000000 00:00 0 
7fda704f2000-7fda74000000 ---p 00000000 00:00 0 
7fda74000000-7fda74021000 rw-p 00000000 00:00 0 
7fda74021000-7fda78000000 ---p 00000000 00:00 0 
7fda78000000-7fda78022000 rw-p 00000000 00:00 0 
7fda78022000-7fda7c000000 ---p 00000000 00:00 0 
7fda7c000000-7fda7c021000 rw-p 00000000 00:00 0 
7fda7c021000-7fda80000000 ---p 00000000 00:00 0 
7fda80000000-7fda80022000 rw-p 00000000 00:00 0 
7fda80022000-7fda84000000 ---p 00000000 00:00 0 
7fda8443c000-7fda844e8000 r--p 00000000 08:06 78714                      /usr/share/fonts/truetype/dejavu/DejaVuSans-Bold.ttf
7fda844e8000-7fda84668000 rw-p 00000000 00:00 0 
7fda84668000-7fda846e8000 ---p 00000000 00:00 0 
7fda846e8000-7fda848e8000 rw-p 00000000 00:00 0 
7fda848e8000-7fda848fe000 r-xp 00000000 08:06 19197                      /usr/lib/jvm/java-8-openjdk-amd64/jre/lib/amd64/libnet.so
7fda848fe000-7fda84afe000 ---p 00016000 08:06 19197                      /usr/lib/jvm/java-8-openjdk-amd64/jre/lib/amd64/libnet.so
7fda84afe000-7fda84aff000 r--p 00016000 08:06 19197                      /usr/lib/jvm/java-8-openjdk-amd64/jre/lib/amd64/libnet.so
7fda84aff000-7fda84b00000 rw-p 00017000 08:06 19197                      /usr/lib/jvm/java-8-openjdk-amd64/jre/lib/amd64/libnet.so
7fda84b00000-7fda84c57000 rw-s 10a72c000 00:06 334                       /dev/dri/renderD128
7fda84c57000-7fda84c67000 rw-s 1033d5000 00:06 334                       /dev/dri/renderD128
7fda84c67000-7fda84e67000 rw-p 00000000 00:00 0 
7fda84e67000-7fda84f67000 rw-s 105426000 00:06 334                       /dev/dri/renderD128
7fda84f67000-7fda85067000 rw-s 109b50000 00:06 334                       /dev/dri/renderD128
7fda85067000-7fda85087000 rw-s 102b49000 00:06 334                       /dev/dri/renderD128
7fda85087000-7fda8508a000 ---p 00000000 00:00 0 
7fda8508a000-7fda85188000 rw-p 00000000 00:00 0 
7fda85188000-7fda85241000 r--p 00000000 08:06 78715                      /usr/share/fonts/truetype/dejavu/DejaVuSans.ttf
7fda85241000-7fda85441000 rw-p 00000000 00:00 0 
7fda85441000-7fda85471000 r-xp 00000000 08:06 32466                      /usr/lib/x86_64-linux-gnu/gtk-2.0/2.10.0/engines/libmurrine.so
7fda85471000-7fda85671000 ---p 00030000 08:06 32466                      /usr/lib/x86_64-linux-gnu/gtk-2.0/2.10.0/engines/libmurrine.so
7fda85671000-7fda85672000 r--p 00030000 08:06 32466                      /usr/lib/x86_64-linux-gnu/gtk-2.0/2.10.0/engines/libmurrine.so
7fda85672000-7fda85673000 rw-p 00031000 08:06 32466                      /usr/lib/x86_64-linux-gnu/gtk-2.0/2.10.0/engines/libmurrine.so
7fda85673000-7fda8567d000 r-xp 00000000 08:06 32440                      /usr/lib/x86_64-linux-gnu/gtk-2.0/2.10.0/engines/libpixmap.so
7fda8567d000-7fda8587c000 ---p 0000a000 08:06 32440                      /usr/lib/x86_64-linux-gnu/gtk-2.0/2.10.0/engines/libpixmap.so
7fda8587c000-7fda8587d000 r--p 00009000 08:06 32440                      /usr/lib/x86_64-linux-gnu/gtk-2.0/2.10.0/engines/libpixmap.so
7fda8587d000-7fda8587e000 rw-p 0000a000 08:06 32440                      /usr/lib/x86_64-linux-gnu/gtk-2.0/2.10.0/engines/libpixmap.so
7fda8587e000-7fda858d5000 r-xp 00000000 08:06 10681                      /usr/lib/x86_64-linux-gnu/libjpeg.so.8.0.2
7fda858d5000-7fda85ad5000 ---p 00057000 08:06 10681                      /usr/lib/x86_64-linux-gnu/libjpeg.so.8.0.2
7fda85ad5000-7fda85ad6000 r--p 00057000 08:06 10681                      /usr/lib/x86_64-linux-gnu/libjpeg.so.8.0.2
7fda85ad6000-7fda85ad7000 rw-p 00058000 08:06 10681                      /usr/lib/x86_64-linux-gnu/libjpeg.so.8.0.2
7fda85ae1000-7fda85ae6000 r--s 0009d000 08:06 19228                      /usr/lib/jvm/java-8-openjdk-amd64/jre/lib/jsse.jar
7fda85ae6000-7fda85af6000 rw-s 1057ef000 00:06 334                       /dev/dri/renderD128
7fda85af6000-7fda85afa000 r-xp 00000000 08:06 8836                       /usr/lib/jvm/java-8-openjdk-amd64/jre/lib/amd64/libjavafx_iio.so
7fda85afa000-7fda85cf9000 ---p 00004000 08:06 8836                       /usr/lib/jvm/java-8-openjdk-amd64/jre/lib/amd64/libjavafx_iio.so
7fda85cf9000-7fda85cfa000 r--p 00003000 08:06 8836                       /usr/lib/jvm/java-8-openjdk-amd64/jre/lib/amd64/libjavafx_iio.so
7fda85cfa000-7fda85cfb000 rw-p 00004000 08:06 8836                       /usr/lib/jvm/java-8-openjdk-amd64/jre/lib/amd64/libjavafx_iio.so
7fda85cfb000-7fda85d02000 r--s 00000000 08:06 1704018                    /var/cache/fontconfig/4be9850f182b35c1350b6bbf2e42601c-le64.cache-6
7fda85d02000-7fda85d03000 r--s 00000000 08:06 1706007                    /var/cache/fontconfig/087e1975ba9a574b140bb1df193bf770-le64.cache-6
7fda85d03000-7fda85d0e000 r--s 00000000 08:06 1704007                    /var/cache/fontconfig/945677eb7aeaf62f1d50efc3fb3ec7d8-le64.cache-6
7fda85d0e000-7fda85d14000 r--s 00000000 08:06 1704004                    /var/cache/fontconfig/2cd17615ca594fa2959ae173292e504c-le64.cache-6
7fda85d14000-7fda85d15000 r--s 00000000 08:06 1704001                    /var/cache/fontconfig/0d8c3b2ac0904cb8a57a757ad11a4a08-le64.cache-6
7fda85d15000-7fda85d2a000 r--s 00000000 08:06 1704006                    /var/cache/fontconfig/04aabc0a78ac019cf9454389977116d2-le64.cache-6
7fda85d2a000-7fda85d2b000 r--s 00000000 08:06 1704011                    /var/cache/fontconfig/1ac9eb803944fde146138c791f5cc56a-le64.cache-6
7fda85d2b000-7fda85d2f000 r--s 00000000 08:06 1704038                    /var/cache/fontconfig/385c0604a188198f04d133e54aba7fe7-le64.cache-6
7fda85d2f000-7fda85d30000 r--s 00000000 08:06 1705588                    /var/cache/fontconfig/dc05db6664285cc2f12bf69c139ae4c3-le64.cache-6
7fda85d30000-7fda85d33000 r--s 00000000 08:06 1704472                    /var/cache/fontconfig/767a8244fc0220cfb567a839d0392e0b-le64.cache-6
7fda85d33000-7fda85d34000 r--s 00000000 08:06 1704002                    /var/cache/fontconfig/4794a0821666d79190d59a36cb4f44b5-le64.cache-6
7fda85d34000-7fda85d5b000 r--s 00000000 08:06 1704024                    /var/cache/fontconfig/0bd3dc0958fa2205aaaa8ebb13e2872b-le64.cache-6
7fda85d5b000-7fda85d60000 r--s 00000000 08:06 1707645                    /var/cache/fontconfig/8801497958630a81b71ace7c5f9b32a8-le64.cache-6
7fda85d60000-7fda85d9b000 r--s 00000000 08:06 1704031                    /var/cache/fontconfig/365b55f210c0a22e9a19e35191240f32-le64.cache-6
7fda85d9b000-7fda85d9c000 r--s 00000000 08:06 1704008                    /var/cache/fontconfig/bab58bb527bb656aaa9f116d68a48d89-le64.cache-6
7fda85d9c000-7fda85da3000 r--s 00000000 08:06 1704015                    /var/cache/fontconfig/3047814df9a2f067bd2d96a2b9c36e5a-le64.cache-6
7fda85da3000-7fda85da9000 r--s 00000000 08:06 1704035                    /var/cache/fontconfig/b47c4e1ecd0709278f4910c18777a504-le64.cache-6
7fda85da9000-7fda85dbc000 r--s 00000000 08:06 1704014                    /var/cache/fontconfig/d52a8644073d54c13679302ca1180695-le64.cache-6
7fda85dbc000-7fda85dc7000 r--s 00000000 08:06 1704009                    /var/cache/fontconfig/d589a48862398ed80a3d6066f4f56f4c-le64.cache-6
7fda85dc7000-7fda85dd2000 r--s 00000000 08:06 1704027                    /var/cache/fontconfig/83bf95040141907cd45bb53cf7c1c148-le64.cache-6
7fda85dd2000-7fda85de4000 r--s 00000000 08:06 1704005                    /var/cache/fontconfig/9b89f8e3dae116d678bbf48e5f21f69b-le64.cache-6
7fda85de4000-7fda85df1000 r--s 00000000 08:06 2633402                    /home/danieledt/.cache/fontconfig/e13b20fdb08344e0e664864cc2ede53d-le64.cache-6
7fda85df1000-7fda85df6000 r-xp 00000000 08:06 8842                       /usr/lib/jvm/java-8-openjdk-amd64/jre/lib/amd64/libjavafx_font_freetype.so
7fda85df6000-7fda85ff5000 ---p 00005000 08:06 8842                       /usr/lib/jvm/java-8-openjdk-amd64/jre/lib/amd64/libjavafx_font_freetype.so
7fda85ff5000-7fda85ff6000 r--p 00004000 08:06 8842                       /usr/lib/jvm/java-8-openjdk-amd64/jre/lib/amd64/libjavafx_font_freetype.so
7fda85ff6000-7fda85ff7000 rw-p 00005000 08:06 8842                       /usr/lib/jvm/java-8-openjdk-amd64/jre/lib/amd64/libjavafx_font_freetype.so
7fda85ff7000-7fda861f7000 rw-p 00000000 00:00 0 
7fda861f7000-7fda861fa000 r-xp 00000000 08:06 8835                       /usr/lib/jvm/java-8-openjdk-amd64/jre/lib/amd64/libjavafx_font.so
7fda861fa000-7fda863f9000 ---p 00003000 08:06 8835                       /usr/lib/jvm/java-8-openjdk-amd64/jre/lib/amd64/libjavafx_font.so
7fda863f9000-7fda863fa000 r--p 00002000 08:06 8835                       /usr/lib/jvm/java-8-openjdk-amd64/jre/lib/amd64/libjavafx_font.so
7fda863fa000-7fda863fb000 rw-p 00003000 08:06 8835                       /usr/lib/jvm/java-8-openjdk-amd64/jre/lib/amd64/libjavafx_font.so
7fda863fb000-7fda865fb000 rw-p 00000000 00:00 0 
7fda865fb000-7fda865fe000 ---p 00000000 00:00 0 
7fda865fe000-7fda866fc000 rw-p 00000000 00:00 0 
7fda866fc000-7fda866fd000 ---p 00000000 00:00 0 
7fda866fd000-7fda86efd000 rw-p 00000000 00:00 0 
7fda86efd000-7fda86f00000 ---p 00000000 00:00 0 
7fda86f00000-7fda86ffe000 rw-p 00000000 00:00 0 
7fda86ffe000-7fda86fff000 ---p 00000000 00:00 0 
7fda86fff000-7fda877ff000 rw-p 00000000 00:00 0 
7fda877ff000-7fda87800000 ---p 00000000 00:00 0 
7fda87800000-7fda88000000 rw-p 00000000 00:00 0 
7fda88000000-7fda88021000 rw-p 00000000 00:00 0 
7fda88021000-7fda8c000000 ---p 00000000 00:00 0 
7fda8c000000-7fda8c001000 r--s 00000000 08:06 1704030                    /var/cache/fontconfig/56cf4f4769d0f4abc89a4895d7bd3ae1-le64.cache-6
7fda8c001000-7fda8c002000 r--s 00000000 08:06 1704029                    /var/cache/fontconfig/b9d506c9ac06c20b433354fa67a72993-le64.cache-6
7fda8c002000-7fda8c00c000 r--s 000b7000 08:06 263629                     /home/danieledt/Documenti/Eclipse/BD/lib/postgresql-42.2.2.jar
7fda8c00c000-7fda8c018000 rw-s 1028ad000 00:06 334                       /dev/dri/renderD128
7fda8c018000-7fda8c01b000 ---p 00000000 00:00 0 
7fda8c01b000-7fda8c119000 rw-p 00000000 00:00 0 
7fda8c119000-7fda8c124000 r-xp 00000000 08:06 32451                      /usr/lib/x86_64-linux-gnu/gio/modules/libdconfsettings.so
7fda8c124000-7fda8c324000 ---p 0000b000 08:06 32451                      /usr/lib/x86_64-linux-gnu/gio/modules/libdconfsettings.so
7fda8c324000-7fda8c325000 r--p 0000b000 08:06 32451                      /usr/lib/x86_64-linux-gnu/gio/modules/libdconfsettings.so
7fda8c325000-7fda8c326000 rw-p 0000c000 08:06 32451                      /usr/lib/x86_64-linux-gnu/gio/modules/libdconfsettings.so
7fda8c326000-7fda8c33f000 r-xp 00000000 08:06 33478                      /usr/lib/x86_64-linux-gnu/gio/modules/libgioremote-volume-monitor.so
7fda8c33f000-7fda8c53f000 ---p 00019000 08:06 33478                      /usr/lib/x86_64-linux-gnu/gio/modules/libgioremote-volume-monitor.so
7fda8c53f000-7fda8c542000 r--p 00019000 08:06 33478                      /usr/lib/x86_64-linux-gnu/gio/modules/libgioremote-volume-monitor.so
7fda8c542000-7fda8c543000 rw-p 0001c000 08:06 33478                      /usr/lib/x86_64-linux-gnu/gio/modules/libgioremote-volume-monitor.so
7fda8c543000-7fda8c579000 r-xp 00000000 08:06 24604                      /usr/lib/x86_64-linux-gnu/gvfs/libgvfscommon.so
7fda8c579000-7fda8c779000 ---p 00036000 08:06 24604                      /usr/lib/x86_64-linux-gnu/gvfs/libgvfscommon.so
7fda8c779000-7fda8c77e000 r--p 00036000 08:06 24604                      /usr/lib/x86_64-linux-gnu/gvfs/libgvfscommon.so
7fda8c77e000-7fda8c77f000 rw-p 0003b000 08:06 24604                      /usr/lib/x86_64-linux-gnu/gvfs/libgvfscommon.so
7fda8c77f000-7fda8c7af000 r-xp 00000000 08:06 33479                      /usr/lib/x86_64-linux-gnu/gio/modules/libgvfsdbus.so
7fda8c7af000-7fda8c9af000 ---p 00030000 08:06 33479                      /usr/lib/x86_64-linux-gnu/gio/modules/libgvfsdbus.so
7fda8c9af000-7fda8c9b0000 r--p 00030000 08:06 33479                      /usr/lib/x86_64-linux-gnu/gio/modules/libgvfsdbus.so
7fda8c9b0000-7fda8c9b2000 rw-p 00031000 08:06 33479                      /usr/lib/x86_64-linux-gnu/gio/modules/libgvfsdbus.so
7fda8c9b2000-7fda8c9c2000 r-xp 00000000 08:06 13395                      /usr/lib/x86_64-linux-gnu/libunity-gtk2-parser.so.0.0.0
7fda8c9c2000-7fda8cbc2000 ---p 00010000 08:06 13395                      /usr/lib/x86_64-linux-gnu/libunity-gtk2-parser.so.0.0.0
7fda8cbc2000-7fda8cbc3000 r--p 00010000 08:06 13395                      /usr/lib/x86_64-linux-gnu/libunity-gtk2-parser.so.0.0.0
7fda8cbc3000-7fda8cbc4000 rw-p 00011000 08:06 13395                      /usr/lib/x86_64-linux-gnu/libunity-gtk2-parser.so.0.0.0
7fda8cbc4000-7fda8cbc9000 r-xp 00000000 08:06 30669                      /usr/lib/x86_64-linux-gnu/gtk-2.0/modules/libunity-gtk-module.so
7fda8cbc9000-7fda8cdc8000 ---p 00005000 08:06 30669                      /usr/lib/x86_64-linux-gnu/gtk-2.0/modules/libunity-gtk-module.so
7fda8cdc8000-7fda8cdc9000 r--p 00004000 08:06 30669                      /usr/lib/x86_64-linux-gnu/gtk-2.0/modules/libunity-gtk-module.so
7fda8cdc9000-7fda8cdca000 rw-p 00005000 08:06 30669                      /usr/lib/x86_64-linux-gnu/gtk-2.0/modules/libunity-gtk-module.so
7fda8cdca000-7fda8cdf4000 r--p 00000000 08:06 131036                     /usr/share/locale-langpack/it/LC_MESSAGES/gtk20-properties.mo
7fda8cdf4000-7fda8cdfa000 r-xp 00000000 08:06 10263                      /usr/lib/x86_64-linux-gnu/libdatrie.so.1.3.3
7fda8cdfa000-7fda8cffa000 ---p 00006000 08:06 10263                      /usr/lib/x86_64-linux-gnu/libdatrie.so.1.3.3
7fda8cffa000-7fda8cffb000 r--p 00006000 08:06 10263                      /usr/lib/x86_64-linux-gnu/libdatrie.so.1.3.3
7fda8cffb000-7fda8cffc000 rw-p 00007000 08:06 10263                      /usr/lib/x86_64-linux-gnu/libdatrie.so.1.3.3
7fda8cffc000-7fda8d020000 r-xp 00000000 08:06 9432                       /usr/lib/x86_64-linux-gnu/libgraphite2.so.3.0.1
7fda8d020000-7fda8d21f000 ---p 00024000 08:06 9432                       /usr/lib/x86_64-linux-gnu/libgraphite2.so.3.0.1
7fda8d21f000-7fda8d221000 r--p 00023000 08:06 9432                       /usr/lib/x86_64-linux-gnu/libgraphite2.so.3.0.1
7fda8d221000-7fda8d222000 rw-p 00025000 08:06 9432                       /usr/lib/x86_64-linux-gnu/libgraphite2.so.3.0.1
7fda8d222000-7fda8d22a000 r-xp 00000000 08:06 11095                      /usr/lib/x86_64-linux-gnu/libthai.so.0.2.4
7fda8d22a000-7fda8d429000 ---p 00008000 08:06 11095                      /usr/lib/x86_64-linux-gnu/libthai.so.0.2.4
7fda8d429000-7fda8d42a000 r--p 00007000 08:06 11095                      /usr/lib/x86_64-linux-gnu/libthai.so.0.2.4
7fda8d42a000-7fda8d42b000 rw-p 00008000 08:06 11095                      /usr/lib/x86_64-linux-gnu/libthai.so.0.2.4
7fda8d42b000-7fda8d487000 r-xp 00000000 08:06 10595                      /usr/lib/x86_64-linux-gnu/libharfbuzz.so.0.10000.1
7fda8d487000-7fda8d687000 ---p 0005c000 08:06 10595                      /usr/lib/x86_64-linux-gnu/libharfbuzz.so.0.10000.1
7fda8d687000-7fda8d688000 r--p 0005c000 08:06 10595                      /usr/lib/x86_64-linux-gnu/libharfbuzz.so.0.10000.1
7fda8d688000-7fda8d689000 rw-p 0005d000 08:06 10595                      /usr/lib/x86_64-linux-gnu/libharfbuzz.so.0.10000.1
7fda8d689000-7fda8d6f7000 r-xp 00000000 08:06 5247573                    /lib/x86_64-linux-gnu/libpcre.so.3.13.2
7fda8d6f7000-7fda8d8f7000 ---p 0006e000 08:06 5247573                    /lib/x86_64-linux-gnu/libpcre.so.3.13.2
7fda8d8f7000-7fda8d8f8000 r--p 0006e000 08:06 5247573                    /lib/x86_64-linux-gnu/libpcre.so.3.13.2
7fda8d8f8000-7fda8d8f9000 rw-p 0006f000 08:06 5247573                    /lib/x86_64-linux-gnu/libpcre.so.3.13.2
7fda8d8f9000-7fda8d910000 r-xp 00000000 08:06 5248714                    /lib/x86_64-linux-gnu/libresolv-2.23.so
7fda8d910000-7fda8db10000 ---p 00017000 08:06 5248714                    /lib/x86_64-linux-gnu/libresolv-2.23.so
7fda8db10000-7fda8db11000 r--p 00017000 08:06 5248714                    /lib/x86_64-linux-gnu/libresolv-2.23.so
7fda8db11000-7fda8db12000 rw-p 00018000 08:06 5248714                    /lib/x86_64-linux-gnu/libresolv-2.23.so
7fda8db12000-7fda8db14000 rw-p 00000000 00:00 0 
7fda8db14000-7fda8db33000 r-xp 00000000 08:06 5247602                    /lib/x86_64-linux-gnu/libselinux.so.1
7fda8db33000-7fda8dd32000 ---p 0001f000 08:06 5247602                    /lib/x86_64-linux-gnu/libselinux.so.1
7fda8dd32000-7fda8dd33000 r--p 0001e000 08:06 5247602                    /lib/x86_64-linux-gnu/libselinux.so.1
7fda8dd33000-7fda8dd34000 rw-p 0001f000 08:06 5247602                    /lib/x86_64-linux-gnu/libselinux.so.1
7fda8dd34000-7fda8dd36000 rw-p 00000000 00:00 0 
7fda8dd36000-7fda8dd3e000 r-xp 00000000 08:06 11230                      /usr/lib/x86_64-linux-gnu/libxcb-render.so.0.0.0
7fda8dd3e000-7fda8df3e000 ---p 00008000 08:06 11230                      /usr/lib/x86_64-linux-gnu/libxcb-render.so.0.0.0
7fda8df3e000-7fda8df3f000 r--p 00008000 08:06 11230                      /usr/lib/x86_64-linux-gnu/libxcb-render.so.0.0.0
7fda8df3f000-7fda8df40000 rw-p 00009000 08:06 11230                      /usr/lib/x86_64-linux-gnu/libxcb-render.so.0.0.0
7fda8df40000-7fda8df42000 r-xp 00000000 08:06 11234                      /usr/lib/x86_64-linux-gnu/libxcb-shm.so.0.0.0
7fda8df42000-7fda8e142000 ---p 00002000 08:06 11234                      /usr/lib/x86_64-linux-gnu/libxcb-shm.so.0.0.0
7fda8e142000-7fda8e143000 r--p 00002000 08:06 11234                      /usr/lib/x86_64-linux-gnu/libxcb-shm.so.0.0.0
7fda8e143000-7fda8e144000 rw-p 00003000 08:06 11234                      /usr/lib/x86_64-linux-gnu/libxcb-shm.so.0.0.0
7fda8e144000-7fda8e168000 r-xp 00000000 08:06 5247585                    /lib/x86_64-linux-gnu/libpng12.so.0.54.0
7fda8e168000-7fda8e367000 ---p 00024000 08:06 5247585                    /lib/x86_64-linux-gnu/libpng12.so.0.54.0
7fda8e367000-7fda8e368000 r--p 00023000 08:06 5247585                    /lib/x86_64-linux-gnu/libpng12.so.0.54.0
7fda8e368000-7fda8e369000 rw-p 00024000 08:06 5247585                    /lib/x86_64-linux-gnu/libpng12.so.0.54.0
7fda8e369000-7fda8e40d000 r-xp 00000000 08:06 10418                      /usr/lib/x86_64-linux-gnu/libfreetype.so.6.12.1
7fda8e40d000-7fda8e60c000 ---p 000a4000 08:06 10418                      /usr/lib/x86_64-linux-gnu/libfreetype.so.6.12.1
7fda8e60c000-7fda8e612000 r--p 000a3000 08:06 10418                      /usr/lib/x86_64-linux-gnu/libfreetype.so.6.12.1
7fda8e612000-7fda8e613000 rw-p 000a9000 08:06 10418                      /usr/lib/x86_64-linux-gnu/libfreetype.so.6.12.1
7fda8e613000-7fda8e6b2000 r-xp 00000000 08:06 10905                      /usr/lib/x86_64-linux-gnu/libpixman-1.so.0.33.6
7fda8e6b2000-7fda8e8b2000 ---p 0009f000 08:06 10905                      /usr/lib/x86_64-linux-gnu/libpixman-1.so.0.33.6
7fda8e8b2000-7fda8e8ba000 r--p 0009f000 08:06 10905                      /usr/lib/x86_64-linux-gnu/libpixman-1.so.0.33.6
7fda8e8ba000-7fda8e8bb000 rw-p 000a7000 08:06 10905                      /usr/lib/x86_64-linux-gnu/libpixman-1.so.0.33.6
7fda8e8bb000-7fda8e8bd000 r-xp 00000000 08:06 10023                      /usr/lib/x86_64-linux-gnu/libXcomposite.so.1.0.0
7fda8e8bd000-7fda8eabc000 ---p 00002000 08:06 10023                      /usr/lib/x86_64-linux-gnu/libXcomposite.so.1.0.0
7fda8eabc000-7fda8eabd000 r--p 00001000 08:06 10023                      /usr/lib/x86_64-linux-gnu/libXcomposite.so.1.0.0
7fda8eabd000-7fda8eabe000 rw-p 00002000 08:06 10023                      /usr/lib/x86_64-linux-gnu/libXcomposite.so.1.0.0
7fda8eabe000-7fda8eac7000 r-xp 00000000 08:06 3963                       /usr/lib/x86_64-linux-gnu/libXcursor.so.1.0.2
7fda8eac7000-7fda8ecc6000 ---p 00009000 08:06 3963                       /usr/lib/x86_64-linux-gnu/libXcursor.so.1.0.2
7fda8ecc6000-7fda8ecc7000 r--p 00008000 08:06 3963                       /usr/lib/x86_64-linux-gnu/libXcursor.so.1.0.2
7fda8ecc7000-7fda8ecc8000 rw-p 00009000 08:06 3963                       /usr/lib/x86_64-linux-gnu/libXcursor.so.1.0.2
7fda8ecc8000-7fda8ecd2000 r-xp 00000000 08:06 10051                      /usr/lib/x86_64-linux-gnu/libXrandr.so.2.2.0
7fda8ecd2000-7fda8eed1000 ---p 0000a000 08:06 10051                      /usr/lib/x86_64-linux-gnu/libXrandr.so.2.2.0
7fda8eed1000-7fda8eed2000 r--p 00009000 08:06 10051                      /usr/lib/x86_64-linux-gnu/libXrandr.so.2.2.0
7fda8eed2000-7fda8eed3000 rw-p 0000a000 08:06 10051                      /usr/lib/x86_64-linux-gnu/libXrandr.so.2.2.0
7fda8eed3000-7fda8eee2000 r-xp 00000000 08:06 10041                      /usr/lib/x86_64-linux-gnu/libXi.so.6.1.0
7fda8eee2000-7fda8f0e1000 ---p 0000f000 08:06 10041                      /usr/lib/x86_64-linux-gnu/libXi.so.6.1.0
7fda8f0e1000-7fda8f0e2000 r--p 0000e000 08:06 10041                      /usr/lib/x86_64-linux-gnu/libXi.so.6.1.0
7fda8f0e2000-7fda8f0e3000 rw-p 0000f000 08:06 10041                      /usr/lib/x86_64-linux-gnu/libXi.so.6.1.0
7fda8f0e3000-7fda8f0e5000 r-xp 00000000 08:06 10043                      /usr/lib/x86_64-linux-gnu/libXinerama.so.1.0.0
7fda8f0e5000-7fda8f2e4000 ---p 00002000 08:06 10043                      /usr/lib/x86_64-linux-gnu/libXinerama.so.1.0.0
7fda8f2e4000-7fda8f2e5000 r--p 00001000 08:06 10043                      /usr/lib/x86_64-linux-gnu/libXinerama.so.1.0.0
7fda8f2e5000-7fda8f2e6000 rw-p 00002000 08:06 10043                      /usr/lib/x86_64-linux-gnu/libXinerama.so.1.0.0
7fda8f2e6000-7fda8f2ef000 r-xp 00000000 08:06 10053                      /usr/lib/x86_64-linux-gnu/libXrender.so.1.3.0
7fda8f2ef000-7fda8f4ee000 ---p 00009000 08:06 10053                      /usr/lib/x86_64-linux-gnu/libXrender.so.1.3.0
7fda8f4ee000-7fda8f4ef000 r--p 00008000 08:06 10053                      /usr/lib/x86_64-linux-gnu/libXrender.so.1.3.0
7fda8f4ef000-7fda8f4f0000 rw-p 00009000 08:06 10053                      /usr/lib/x86_64-linux-gnu/libXrender.so.1.3.0
7fda8f4f0000-7fda8f52d000 r-xp 00000000 08:06 10408                      /usr/lib/x86_64-linux-gnu/libfontconfig.so.1.9.0
7fda8f52d000-7fda8f72c000 ---p 0003d000 08:06 10408                      /usr/lib/x86_64-linux-gnu/libfontconfig.so.1.9.0
7fda8f72c000-7fda8f72e000 r--p 0003c000 08:06 10408                      /usr/lib/x86_64-linux-gnu/libfontconfig.so.1.9.0
7fda8f72e000-7fda8f733000 rw-p 0003e000 08:06 10408                      /usr/lib/x86_64-linux-gnu/libfontconfig.so.1.9.0
7fda8f733000-7fda8f77c000 r-xp 00000000 08:06 10881                      /usr/lib/x86_64-linux-gnu/libpango-1.0.so.0.3800.1
7fda8f77c000-7fda8f97c000 ---p 00049000 08:06 10881                      /usr/lib/x86_64-linux-gnu/libpango-1.0.so.0.3800.1
7fda8f97c000-7fda8f97e000 r--p 00049000 08:06 10881                      /usr/lib/x86_64-linux-gnu/libpango-1.0.so.0.3800.1
7fda8f97e000-7fda8f97f000 rw-p 0004b000 08:06 10881                      /usr/lib/x86_64-linux-gnu/libpango-1.0.so.0.3800.1
7fda8f97f000-7fda8f993000 r-xp 00000000 08:06 10885                      /usr/lib/x86_64-linux-gnu/libpangoft2-1.0.so.0.3800.1
7fda8f993000-7fda8fb93000 ---p 00014000 08:06 10885                      /usr/lib/x86_64-linux-gnu/libpangoft2-1.0.so.0.3800.1
7fda8fb93000-7fda8fb94000 r--p 00014000 08:06 10885                      /usr/lib/x86_64-linux-gnu/libpangoft2-1.0.so.0.3800.1
7fda8fb94000-7fda8fb95000 rw-p 00015000 08:06 10885                      /usr/lib/x86_64-linux-gnu/libpangoft2-1.0.so.0.3800.1
7fda8fb95000-7fda8fbb7000 r-xp 00000000 08:06 10117                      /usr/lib/x86_64-linux-gnu/libatk-1.0.so.0.21809.1
7fda8fbb7000-7fda8fdb6000 ---p 00022000 08:06 10117                      /usr/lib/x86_64-linux-gnu/libatk-1.0.so.0.21809.1
7fda8fdb6000-7fda8fdb9000 r--p 00021000 08:06 10117                      /usr/lib/x86_64-linux-gnu/libatk-1.0.so.0.21809.1
7fda8fdb9000-7fda8fdba000 rw-p 00024000 08:06 10117                      /usr/lib/x86_64-linux-gnu/libatk-1.0.so.0.21809.1
7fda8fdba000-7fda8fdc6000 r-xp 00000000 08:06 10883                      /usr/lib/x86_64-linux-gnu/libpangocairo-1.0.so.0.3800.1
7fda8fdc6000-7fda8ffc5000 ---p 0000c000 08:06 10883                      /usr/lib/x86_64-linux-gnu/libpangocairo-1.0.so.0.3800.1
7fda8ffc5000-7fda8ffc6000 r--p 0000b000 08:06 10883                      /usr/lib/x86_64-linux-gnu/libpangocairo-1.0.so.0.3800.1
7fda8ffc6000-7fda8ffc7000 rw-p 0000c000 08:06 10883                      /usr/lib/x86_64-linux-gnu/libpangocairo-1.0.so.0.3800.1
7fda8ffc7000-7fda8ffca000 r-xp 00000000 08:06 10489                      /usr/lib/x86_64-linux-gnu/libgmodule-2.0.so.0.4800.2
7fda8ffca000-7fda901c9000 ---p 00003000 08:06 10489                      /usr/lib/x86_64-linux-gnu/libgmodule-2.0.so.0.4800.2
7fda901c9000-7fda901ca000 r--p 00002000 08:06 10489                      /usr/lib/x86_64-linux-gnu/libgmodule-2.0.so.0.4800.2
7fda901ca000-7fda901cb000 rw-p 00003000 08:06 10489                      /usr/lib/x86_64-linux-gnu/libgmodule-2.0.so.0.4800.2
7fda901cb000-7fda901d0000 r-xp 00000000 08:06 10059                      /usr/lib/x86_64-linux-gnu/libXtst.so.6.1.0
7fda901d0000-7fda903cf000 ---p 00005000 08:06 10059                      /usr/lib/x86_64-linux-gnu/libXtst.so.6.1.0
7fda903cf000-7fda903d0000 r--p 00004000 08:06 10059                      /usr/lib/x86_64-linux-gnu/libXtst.so.6.1.0
7fda903d0000-7fda903d1000 rw-p 00005000 08:06 10059                      /usr/lib/x86_64-linux-gnu/libXtst.so.6.1.0
7fda903d1000-7fda904e0000 r-xp 00000000 08:06 5247486                    /lib/x86_64-linux-gnu/libglib-2.0.so.0.4800.2
7fda904e0000-7fda906df000 ---p 0010f000 08:06 5247486                    /lib/x86_64-linux-gnu/libglib-2.0.so.0.4800.2
7fda906df000-7fda906e0000 r--p 0010e000 08:06 5247486                    /lib/x86_64-linux-gnu/libglib-2.0.so.0.4800.2
7fda906e0000-7fda906e1000 rw-p 0010f000 08:06 5247486                    /lib/x86_64-linux-gnu/libglib-2.0.so.0.4800.2
7fda906e1000-7fda906e2000 rw-p 00000000 00:00 0 
7fda906e2000-7fda906e3000 r-xp 00000000 08:06 10567                      /usr/lib/x86_64-linux-gnu/libgthread-2.0.so.0.4800.2
7fda906e3000-7fda908e2000 ---p 00001000 08:06 10567                      /usr/lib/x86_64-linux-gnu/libgthread-2.0.so.0.4800.2
7fda908e2000-7fda908e3000 r--p 00000000 08:06 10567                      /usr/lib/x86_64-linux-gnu/libgthread-2.0.so.0.4800.2
7fda908e3000-7fda908e4000 rw-p 00001000 08:06 10567                      /usr/lib/x86_64-linux-gnu/libgthread-2.0.so.0.4800.2
7fda908e4000-7fda90936000 r-xp 00000000 08:06 10505                      /usr/lib/x86_64-linux-gnu/libgobject-2.0.so.0.4800.2
7fda90936000-7fda90b35000 ---p 00052000 08:06 10505                      /usr/lib/x86_64-linux-gnu/libgobject-2.0.so.0.4800.2
7fda90b35000-7fda90b36000 r--p 00051000 08:06 10505                      /usr/lib/x86_64-linux-gnu/libgobject-2.0.so.0.4800.2
7fda90b36000-7fda90b37000 rw-p 00052000 08:06 10505                      /usr/lib/x86_64-linux-gnu/libgobject-2.0.so.0.4800.2
7fda90b37000-7fda90cb7000 r-xp 00000000 08:06 10475                      /usr/lib/x86_64-linux-gnu/libgio-2.0.so.0.4800.2
7fda90cb7000-7fda90eb7000 ---p 00180000 08:06 10475                      /usr/lib/x86_64-linux-gnu/libgio-2.0.so.0.4800.2
7fda90eb7000-7fda90ebb000 r--p 00180000 08:06 10475                      /usr/lib/x86_64-linux-gnu/libgio-2.0.so.0.4800.2
7fda90ebb000-7fda90ebd000 rw-p 00184000 08:06 10475                      /usr/lib/x86_64-linux-gnu/libgio-2.0.so.0.4800.2
7fda90ebd000-7fda90ebf000 rw-p 00000000 00:00 0 
7fda90ebf000-7fda90ee0000 r-xp 00000000 08:06 7561                       /usr/lib/x86_64-linux-gnu/libgdk_pixbuf-2.0.so.0.3200.2
7fda90ee0000-7fda910df000 ---p 00021000 08:06 7561                       /usr/lib/x86_64-linux-gnu/libgdk_pixbuf-2.0.so.0.3200.2
7fda910df000-7fda910e0000 r--p 00020000 08:06 7561                       /usr/lib/x86_64-linux-gnu/libgdk_pixbuf-2.0.so.0.3200.2
7fda910e0000-7fda910e1000 rw-p 00021000 08:06 7561                       /usr/lib/x86_64-linux-gnu/libgdk_pixbuf-2.0.so.0.3200.2
7fda910e1000-7fda911ef000 r-xp 00000000 08:06 10180                      /usr/lib/x86_64-linux-gnu/libcairo.so.2.11400.6
7fda911ef000-7fda913ef000 ---p 0010e000 08:06 10180                      /usr/lib/x86_64-linux-gnu/libcairo.so.2.11400.6
7fda913ef000-7fda913f2000 r--p 0010e000 08:06 10180                      /usr/lib/x86_64-linux-gnu/libcairo.so.2.11400.6
7fda913f2000-7fda913f3000 rw-p 00111000 08:06 10180                      /usr/lib/x86_64-linux-gnu/libcairo.so.2.11400.6
7fda913f3000-7fda913f5000 rw-p 00000000 00:00 0 
7fda913f5000-7fda91833000 r-xp 00000000 08:06 7947                       /usr/lib/x86_64-linux-gnu/libgtk-x11-2.0.so.0.2400.30
7fda91833000-7fda91a32000 ---p 0043e000 08:06 7947                       /usr/lib/x86_64-linux-gnu/libgtk-x11-2.0.so.0.2400.30
7fda91a32000-7fda91a39000 r--p 0043d000 08:06 7947                       /usr/lib/x86_64-linux-gnu/libgtk-x11-2.0.so.0.2400.30
7fda91a39000-7fda91a3d000 rw-p 00444000 08:06 7947                       /usr/lib/x86_64-linux-gnu/libgtk-x11-2.0.so.0.2400.30
7fda91a3d000-7fda91a40000 rw-p 00000000 00:00 0 
7fda91a40000-7fda91a41000 ---p 00000000 00:00 0 
7fda91a41000-7fda92241000 rw-p 00000000 00:00 0 
7fda92241000-7fda92242000 ---p 00000000 00:00 0 
7fda92242000-7fda92a42000 rw-p 00000000 00:00 0 
7fda92a42000-7fda92a43000 ---p 00000000 00:00 0 
7fda92a43000-7fda93243000 rw-p 00000000 00:00 0 
7fda93243000-7fda93244000 ---p 00000000 00:00 0 
7fda93244000-7fda93a44000 rw-p 00000000 00:00 0 
7fda93a44000-7fda93a45000 ---p 00000000 00:00 0 
7fda93a45000-7fda94245000 rw-p 00000000 00:00 0 
7fda94245000-7fda94246000 ---p 00000000 00:00 0 
7fda94246000-7fda94a46000 rw-p 00000000 00:00 0 
7fda94a46000-7fda97bed000 r-xp 00000000 08:06 3905                       /usr/lib/x86_64-linux-gnu/libLLVM-5.0.so.1
7fda97bed000-7fda97f3d000 r--p 031a6000 08:06 3905                       /usr/lib/x86_64-linux-gnu/libLLVM-5.0.so.1
7fda97f3d000-7fda97fad000 rw-p 034f6000 08:06 3905                       /usr/lib/x86_64-linux-gnu/libLLVM-5.0.so.1
7fda97fad000-7fda98000000 rw-p 00000000 00:00 0 
7fda98000000-7fda98484000 rw-p 00000000 00:00 0 
7fda98484000-7fda9c000000 ---p 00000000 00:00 0 
7fda9c000000-7fda9c001000 r--s 00000000 08:06 1713568                    /var/cache/fontconfig/551ecf3b0e8b0bca0f25c0944f561853-le64.cache-6
7fda9c001000-7fda9c002000 r--s 00000000 08:06 1706006                    /var/cache/fontconfig/8a687c406b77f27d99abfeeba937fcce-le64.cache-6
7fda9c002000-7fda9c003000 r--s 00000000 08:06 1704003                    /var/cache/fontconfig/30829fa25452a46451e813d634d7f916-le64.cache-6
7fda9c003000-7fda9c006000 r--s 00000000 08:06 1704023                    /var/cache/fontconfig/75114ca45c98e8a441da0ff356701271-le64.cache-6
7fda9c006000-7fda9c01a000 r--p 00000000 08:06 22094                      /usr/share/glib-2.0/schemas/gschemas.compiled
7fda9c01a000-7fda9c0ca000 r-xp 00000000 08:06 7946                       /usr/lib/x86_64-linux-gnu/libgdk-x11-2.0.so.0.2400.30
7fda9c0ca000-7fda9c2c9000 ---p 000b0000 08:06 7946                       /usr/lib/x86_64-linux-gnu/libgdk-x11-2.0.so.0.2400.30
7fda9c2c9000-7fda9c2cd000 r--p 000af000 08:06 7946                       /usr/lib/x86_64-linux-gnu/libgdk-x11-2.0.so.0.2400.30
7fda9c2cd000-7fda9c2cf000 rw-p 000b3000 08:06 7946                       /usr/lib/x86_64-linux-gnu/libgdk-x11-2.0.so.0.2400.30
7fda9c2cf000-7fda9c2d0000 r--s 00000000 08:06 1704020                    /var/cache/fontconfig/0c9eb80ebd1c36541ebe2852d3bb0c49-le64.cache-6
7fda9c2d0000-7fda9c2d1000 r--s 00000000 08:06 1706004                    /var/cache/fontconfig/c277e94e32b20404286a1ddafa5a80f0-le64.cache-6
7fda9c2d1000-7fda9c2d5000 r--s 00000000 08:06 1705584                    /var/cache/fontconfig/7ef2298fde41cc6eeb7af42e48b7d293-le64.cache-6
7fda9c2d5000-7fda9c2ee000 r--p 00000000 08:06 136726                     /usr/share/locale-langpack/it/LC_MESSAGES/glib20.mo
7fda9c2ee000-7fda9c316000 r-xp 00000000 08:06 8841                       /usr/lib/jvm/java-8-openjdk-amd64/jre/lib/amd64/libglass.so
7fda9c316000-7fda9c516000 ---p 00028000 08:06 8841                       /usr/lib/jvm/java-8-openjdk-amd64/jre/lib/amd64/libglass.so
7fda9c516000-7fda9c517000 r--p 00028000 08:06 8841                       /usr/lib/jvm/java-8-openjdk-amd64/jre/lib/amd64/libglass.so
7fda9c517000-7fda9c518000 rw-p 00029000 08:06 8841                       /usr/lib/jvm/java-8-openjdk-amd64/jre/lib/amd64/libglass.so
7fda9c518000-7fda9c538000 rw-s 103dbe000 00:06 334                       /dev/dri/renderD128
7fda9c538000-7fda9c56f000 r-xp 00000000 08:06 11120                      /usr/lib/x86_64-linux-gnu/libtxc_dxtn_s2tc.so.0.0.0
7fda9c56f000-7fda9c76e000 ---p 00037000 08:06 11120                      /usr/lib/x86_64-linux-gnu/libtxc_dxtn_s2tc.so.0.0.0
7fda9c76e000-7fda9c76f000 r--p 00036000 08:06 11120                      /usr/lib/x86_64-linux-gnu/libtxc_dxtn_s2tc.so.0.0.0
7fda9c76f000-7fda9c770000 rw-p 00037000 08:06 11120                      /usr/lib/x86_64-linux-gnu/libtxc_dxtn_s2tc.so.0.0.0
7fda9c770000-7fda9c771000 ---p 00000000 00:00 0 
7fda9c771000-7fda9cf71000 rw-p 00000000 00:00 0 
7fda9cf71000-7fda9d0b2000 rw-s 00000000 08:06 2621909                    /home/danieledt/.cache/mesa/index
7fda9d0b2000-7fda9d0b3000 ---p 00000000 00:00 0 
7fda9d0b3000-7fda9d8b3000 rw-p 00000000 00:00 0 
7fda9d8b3000-7fda9d8c6000 r-xp 00000000 08:06 5247440                    /lib/x86_64-linux-gnu/libbsd.so.0.8.2
7fda9d8c6000-7fda9dac5000 ---p 00013000 08:06 5247440                    /lib/x86_64-linux-gnu/libbsd.so.0.8.2
7fda9dac5000-7fda9dac6000 r--p 00012000 08:06 5247440                    /lib/x86_64-linux-gnu/libbsd.so.0.8.2
7fda9dac6000-7fda9dac7000 rw-p 00013000 08:06 5247440                    /lib/x86_64-linux-gnu/libbsd.so.0.8.2
7fda9dac7000-7fda9dac8000 rw-p 00000000 00:00 0 
7fda9dac8000-7fda9daed000 r-xp 00000000 08:06 5247616                    /lib/x86_64-linux-gnu/libtinfo.so.5.9
7fda9daed000-7fda9dcec000 ---p 00025000 08:06 5247616                    /lib/x86_64-linux-gnu/libtinfo.so.5.9
7fda9dcec000-7fda9dcf0000 r--p 00024000 08:06 5247616                    /lib/x86_64-linux-gnu/libtinfo.so.5.9
7fda9dcf0000-7fda9dcf1000 rw-p 00028000 08:06 5247616                    /lib/x86_64-linux-gnu/libtinfo.so.5.9
7fda9dcf1000-7fda9dd22000 r-xp 00000000 08:06 10328                      /usr/lib/x86_64-linux-gnu/libedit.so.2.0.53
7fda9dd22000-7fda9df22000 ---p 00031000 08:06 10328                      /usr/lib/x86_64-linux-gnu/libedit.so.2.0.53
7fda9df22000-7fda9df24000 r--p 00031000 08:06 10328                      /usr/lib/x86_64-linux-gnu/libedit.so.2.0.53
7fda9df24000-7fda9df25000 rw-p 00033000 08:06 10328                      /usr/lib/x86_64-linux-gnu/libedit.so.2.0.53
7fda9df25000-7fda9df29000 rw-p 00000000 00:00 0 
7fda9df29000-7fda9df30000 r-xp 00000000 08:06 10368                      /usr/lib/x86_64-linux-gnu/libffi.so.6.0.4
7fda9df30000-7fda9e12f000 ---p 00007000 08:06 10368                      /usr/lib/x86_64-linux-gnu/libffi.so.6.0.4
7fda9e12f000-7fda9e130000 r--p 00006000 08:06 10368                      /usr/lib/x86_64-linux-gnu/libffi.so.6.0.4
7fda9e130000-7fda9e131000 rw-p 00007000 08:06 10368                      /usr/lib/x86_64-linux-gnu/libffi.so.6.0.4
7fda9e131000-7fda9e148000 r-xp 00000000 08:06 8183                       /usr/lib/x86_64-linux-gnu/libelf-0.165.so
7fda9e148000-7fda9e347000 ---p 00017000 08:06 8183                       /usr/lib/x86_64-linux-gnu/libelf-0.165.so
7fda9e347000-7fda9e348000 r--p 00016000 08:06 8183                       /usr/lib/x86_64-linux-gnu/libelf-0.165.so
7fda9e348000-7fda9e349000 rw-p 00017000 08:06 8183                       /usr/lib/x86_64-linux-gnu/libelf-0.165.so
7fda9e349000-7fda9e351000 r-xp 00000000 08:06 5441                       /usr/lib/x86_64-linux-gnu/libdrm_amdgpu.so.1.0.0
7fda9e351000-7fda9e551000 ---p 00008000 08:06 5441                       /usr/lib/x86_64-linux-gnu/libdrm_amdgpu.so.1.0.0
7fda9e551000-7fda9e552000 r--p 00008000 08:06 5441                       /usr/lib/x86_64-linux-gnu/libdrm_amdgpu.so.1.0.0
7fda9e552000-7fda9e553000 rw-p 00009000 08:06 5441                       /usr/lib/x86_64-linux-gnu/libdrm_amdgpu.so.1.0.0
7fda9e553000-7fda9e55e000 r-xp 00000000 08:06 4253                       /usr/lib/x86_64-linux-gnu/libdrm_radeon.so.1.0.1
7fda9e55e000-7fda9e75d000 ---p 0000b000 08:06 4253                       /usr/lib/x86_64-linux-gnu/libdrm_radeon.so.1.0.1
7fda9e75d000-7fda9e75e000 r--p 0000a000 08:06 4253                       /usr/lib/x86_64-linux-gnu/libdrm_radeon.so.1.0.1
7fda9e75e000-7fda9e75f000 rw-p 0000b000 08:06 4253                       /usr/lib/x86_64-linux-gnu/libdrm_radeon.so.1.0.1
7fda9e75f000-7fda9e766000 r-xp 00000000 08:06 4229                       /usr/lib/x86_64-linux-gnu/libdrm_nouveau.so.2.0.0
7fda9e766000-7fda9e965000 ---p 00007000 08:06 4229                       /usr/lib/x86_64-linux-gnu/libdrm_nouveau.so.2.0.0
7fda9e965000-7fda9e966000 r--p 00006000 08:06 4229                       /usr/lib/x86_64-linux-gnu/libdrm_nouveau.so.2.0.0
7fda9e966000-7fda9e967000 rw-p 00007000 08:06 4229                       /usr/lib/x86_64-linux-gnu/libdrm_nouveau.so.2.0.0
7fda9e967000-7fda9e975000 r-xp 00000000 08:06 11015                      /usr/lib/x86_64-linux-gnu/libsensors.so.4.4.0
7fda9e975000-7fda9eb74000 ---p 0000e000 08:06 11015                      /usr/lib/x86_64-linux-gnu/libsensors.so.4.4.0
7fda9eb74000-7fda9eb75000 r--p 0000d000 08:06 11015                      /usr/lib/x86_64-linux-gnu/libsensors.so.4.4.0
7fda9eb75000-7fda9eb76000 rw-p 0000e000 08:06 11015                      /usr/lib/x86_64-linux-gnu/libsensors.so.4.4.0
7fda9eb76000-7fda9f5a5000 r-xp 00000000 08:06 26723                      /usr/lib/x86_64-linux-gnu/dri/radeonsi_dri.so
7fda9f5a5000-7fda9f7a4000 ---p 00a2f000 08:06 26723                      /usr/lib/x86_64-linux-gnu/dri/radeonsi_dri.so
7fda9f7a4000-7fda9f7e5000 r--p 00a2e000 08:06 26723                      /usr/lib/x86_64-linux-gnu/dri/radeonsi_dri.so
7fda9f7e5000-7fda9f7ee000 rw-p 00a6f000 08:06 26723                      /usr/lib/x86_64-linux-gnu/dri/radeonsi_dri.so
7fda9f7ee000-7fda9f9e5000 rw-p 00000000 00:00 0 
7fda9f9e5000-7fda9f9ea000 r-xp 00000000 08:06 10029                      /usr/lib/x86_64-linux-gnu/libXdmcp.so.6.0.0
7fda9f9ea000-7fda9fbe9000 ---p 00005000 08:06 10029                      /usr/lib/x86_64-linux-gnu/libXdmcp.so.6.0.0
7fda9fbe9000-7fda9fbea000 r--p 00004000 08:06 10029                      /usr/lib/x86_64-linux-gnu/libXdmcp.so.6.0.0
7fda9fbea000-7fda9fbeb000 rw-p 00005000 08:06 10029                      /usr/lib/x86_64-linux-gnu/libXdmcp.so.6.0.0
7fda9fbeb000-7fda9fbed000 r-xp 00000000 08:06 10018                      /usr/lib/x86_64-linux-gnu/libXau.so.6.0.0
7fda9fbed000-7fda9fded000 ---p 00002000 08:06 10018                      /usr/lib/x86_64-linux-gnu/libXau.so.6.0.0
7fda9fded000-7fda9fdee000 r--p 00002000 08:06 10018                      /usr/lib/x86_64-linux-gnu/libXau.so.6.0.0
7fda9fdee000-7fda9fdef000 rw-p 00003000 08:06 10018                      /usr/lib/x86_64-linux-gnu/libXau.so.6.0.0
7fda9fdef000-7fda9fdff000 r-xp 00000000 08:06 5431                       /usr/lib/x86_64-linux-gnu/libdrm.so.2.4.0
7fda9fdff000-7fda9fffe000 ---p 00010000 08:06 5431                       /usr/lib/x86_64-linux-gnu/libdrm.so.2.4.0
7fda9fffe000-7fda9ffff000 r--p 0000f000 08:06 5431                       /usr/lib/x86_64-linux-gnu/libdrm.so.2.4.0
7fda9ffff000-7fdaa0000000 rw-p 00010000 08:06 5431                       /usr/lib/x86_64-linux-gnu/libdrm.so.2.4.0
7fdaa0000000-7fdaa0021000 rw-p 00000000 00:00 0 
7fdaa0021000-7fdaa4000000 ---p 00000000 00:00 0 
7fdaa4000000-7fdaa4021000 rw-p 00000000 00:00 0 
7fdaa4021000-7fdaa8000000 ---p 00000000 00:00 0 
7fdaa8000000-7fdaa846e000 rw-p 00000000 00:00 0 
7fdaa846e000-7fdaac000000 ---p 00000000 00:00 0 
7fdaac000000-7fdaac5f3000 rw-p 00000000 00:00 0 
7fdaac5f3000-7fdab0000000 ---p 00000000 00:00 0 
7fdab0000000-7fdab0021000 rw-p 00000000 00:00 0 
7fdab0021000-7fdab4000000 ---p 00000000 00:00 0 
7fdab4000000-7fdab44d1000 rw-p 00000000 00:00 0 
7fdab44d1000-7fdab8000000 ---p 00000000 00:00 0 
7fdab8000000-7fdab8021000 rw-p 00000000 00:00 0 
7fdab8021000-7fdabc000000 ---p 00000000 00:00 0 
7fdabc000000-7fdabc021000 rw-p 00000000 00:00 0 
7fdabc021000-7fdac0000000 ---p 00000000 00:00 0 
7fdac0000000-7fdac004b000 rw-p 00000000 00:00 0 
7fdac004b000-7fdac4000000 ---p 00000000 00:00 0 
7fdac4000000-7fdac4021000 rw-p 00000000 00:00 0 
7fdac4021000-7fdac8000000 ---p 00000000 00:00 0 
7fdac8000000-7fdac8003000 r--s 0001e000 08:06 3543301                    /home/danieledt/Documenti/Eclipse/BD/jgoodies-forms-1.8.0.jar
7fdac8003000-7fdac8017000 r--p 00000000 08:06 22094                      /usr/share/glib-2.0/schemas/gschemas.compiled
7fdac8017000-7fdac8027000 rw-s 102ff8000 00:06 334                       /dev/dri/renderD128
7fdac8027000-7fdac8049000 r--p 00000000 08:06 136931                     /usr/share/locale-langpack/it/LC_MESSAGES/libc.mo
7fdac8049000-7fdac804e000 r-xp 00000000 08:06 10069                      /usr/lib/x86_64-linux-gnu/libXxf86vm.so.1.0.0
7fdac804e000-7fdac824d000 ---p 00005000 08:06 10069                      /usr/lib/x86_64-linux-gnu/libXxf86vm.so.1.0.0
7fdac824d000-7fdac824e000 r--p 00004000 08:06 10069                      /usr/lib/x86_64-linux-gnu/libXxf86vm.so.1.0.0
7fdac824e000-7fdac824f000 rw-p 00005000 08:06 10069                      /usr/lib/x86_64-linux-gnu/libXxf86vm.so.1.0.0
7fdac824f000-7fdac8253000 r-xp 00000000 08:06 11222                      /usr/lib/x86_64-linux-gnu/libxcb-dri2.so.0.0.0
7fdac8253000-7fdac8452000 ---p 00004000 08:06 11222                      /usr/lib/x86_64-linux-gnu/libxcb-dri2.so.0.0.0
7fdac8452000-7fdac8453000 r--p 00003000 08:06 11222                      /usr/lib/x86_64-linux-gnu/libxcb-dri2.so.0.0.0
7fdac8453000-7fdac8454000 rw-p 00004000 08:06 11222                      /usr/lib/x86_64-linux-gnu/libxcb-dri2.so.0.0.0
7fdac8454000-7fdac846b000 r-xp 00000000 08:06 11226                      /usr/lib/x86_64-linux-gnu/libxcb-glx.so.0.0.0
7fdac846b000-7fdac866a000 ---p 00017000 08:06 11226                      /usr/lib/x86_64-linux-gnu/libxcb-glx.so.0.0.0
7fdac866a000-7fdac866c000 r--p 00016000 08:06 11226                      /usr/lib/x86_64-linux-gnu/libxcb-glx.so.0.0.0
7fdac866c000-7fdac866d000 rw-p 00018000 08:06 11226                      /usr/lib/x86_64-linux-gnu/libxcb-glx.so.0.0.0
7fdac866d000-7fdac866e000 r-xp 00000000 08:06 10012                      /usr/lib/x86_64-linux-gnu/libX11-xcb.so.1.0.0
7fdac866e000-7fdac886d000 ---p 00001000 08:06 10012                      /usr/lib/x86_64-linux-gnu/libX11-xcb.so.1.0.0
7fdac886d000-7fdac886e000 r--p 00000000 08:06 10012                      /usr/lib/x86_64-linux-gnu/libX11-xcb.so.1.0.0
7fdac886e000-7fdac886f000 rw-p 00001000 08:06 10012                      /usr/lib/x86_64-linux-gnu/libX11-xcb.so.1.0.0
7fdac886f000-7fdac8874000 r-xp 00000000 08:06 10033                      /usr/lib/x86_64-linux-gnu/libXfixes.so.3.1.0
7fdac8874000-7fdac8a73000 ---p 00005000 08:06 10033                      /usr/lib/x86_64-linux-gnu/libXfixes.so.3.1.0
7fdac8a73000-7fdac8a74000 r--p 00004000 08:06 10033                      /usr/lib/x86_64-linux-gnu/libXfixes.so.3.1.0
7fdac8a74000-7fdac8a75000 rw-p 00005000 08:06 10033                      /usr/lib/x86_64-linux-gnu/libXfixes.so.3.1.0
7fdac8a75000-7fdac8a77000 r-xp 00000000 08:06 10027                      /usr/lib/x86_64-linux-gnu/libXdamage.so.1.1.0
7fdac8a77000-7fdac8c76000 ---p 00002000 08:06 10027                      /usr/lib/x86_64-linux-gnu/libXdamage.so.1.1.0
7fdac8c76000-7fdac8c77000 r--p 00001000 08:06 10027                      /usr/lib/x86_64-linux-gnu/libXdamage.so.1.1.0
7fdac8c77000-7fdac8c78000 rw-p 00002000 08:06 10027                      /usr/lib/x86_64-linux-gnu/libXdamage.so.1.1.0
7fdac8c78000-7fdac8c89000 r-xp 00000000 08:06 10031                      /usr/lib/x86_64-linux-gnu/libXext.so.6.4.0
7fdac8c89000-7fdac8e88000 ---p 00011000 08:06 10031                      /usr/lib/x86_64-linux-gnu/libXext.so.6.4.0
7fdac8e88000-7fdac8e89000 r--p 00010000 08:06 10031                      /usr/lib/x86_64-linux-gnu/libXext.so.6.4.0
7fdac8e89000-7fdac8e8a000 rw-p 00011000 08:06 10031                      /usr/lib/x86_64-linux-gnu/libXext.so.6.4.0
7fdac8e8a000-7fdac8eb5000 r-xp 00000000 08:06 6629                       /usr/lib/x86_64-linux-gnu/libglapi.so.0.0.0
7fdac8eb5000-7fdac90b4000 ---p 0002b000 08:06 6629                       /usr/lib/x86_64-linux-gnu/libglapi.so.0.0.0
7fdac90b4000-7fdac90b8000 r--p 0002a000 08:06 6629                       /usr/lib/x86_64-linux-gnu/libglapi.so.0.0.0
7fdac90b8000-7fdac90b9000 rw-p 0002e000 08:06 6629                       /usr/lib/x86_64-linux-gnu/libglapi.so.0.0.0
7fdac90b9000-7fdac90ba000 rw-p 00000000 00:00 0 
7fdac90ba000-7fdac90bb000 r-xp 00000000 08:06 11273                      /usr/lib/x86_64-linux-gnu/libxshmfence.so.1.0.0
7fdac90bb000-7fdac92bb000 ---p 00001000 08:06 11273                      /usr/lib/x86_64-linux-gnu/libxshmfence.so.1.0.0
7fdac92bb000-7fdac92bc000 r--p 00001000 08:06 11273                      /usr/lib/x86_64-linux-gnu/libxshmfence.so.1.0.0
7fdac92bc000-7fdac92bd000 rw-p 00002000 08:06 11273                      /usr/lib/x86_64-linux-gnu/libxshmfence.so.1.0.0
7fdac92bd000-7fdac92c2000 r-xp 00000000 08:06 11236                      /usr/lib/x86_64-linux-gnu/libxcb-sync.so.1.0.0
7fdac92c2000-7fdac94c2000 ---p 00005000 08:06 11236                      /usr/lib/x86_64-linux-gnu/libxcb-sync.so.1.0.0
7fdac94c2000-7fdac94c3000 r--p 00005000 08:06 11236                      /usr/lib/x86_64-linux-gnu/libxcb-sync.so.1.0.0
7fdac94c3000-7fdac94c4000 rw-p 00006000 08:06 11236                      /usr/lib/x86_64-linux-gnu/libxcb-sync.so.1.0.0
7fdac94c4000-7fdac94c6000 r-xp 00000000 08:06 11228                      /usr/lib/x86_64-linux-gnu/libxcb-present.so.0.0.0
7fdac94c6000-7fdac96c5000 ---p 00002000 08:06 11228                      /usr/lib/x86_64-linux-gnu/libxcb-present.so.0.0.0
7fdac96c5000-7fdac96c6000 r--p 00001000 08:06 11228                      /usr/lib/x86_64-linux-gnu/libxcb-present.so.0.0.0
7fdac96c6000-7fdac96c7000 rw-p 00002000 08:06 11228                      /usr/lib/x86_64-linux-gnu/libxcb-present.so.0.0.0
7fdac96c7000-7fdac96c9000 r-xp 00000000 08:06 11224                      /usr/lib/x86_64-linux-gnu/libxcb-dri3.so.0.0.0
7fdac96c9000-7fdac98c8000 ---p 00002000 08:06 11224                      /usr/lib/x86_64-linux-gnu/libxcb-dri3.so.0.0.0
7fdac98c8000-7fdac98c9000 r--p 00001000 08:06 11224                      /usr/lib/x86_64-linux-gnu/libxcb-dri3.so.0.0.0
7fdac98c9000-7fdac98ca000 rw-p 00002000 08:06 11224                      /usr/lib/x86_64-linux-gnu/libxcb-dri3.so.0.0.0
7fdac98ca000-7fdac98f0000 r-xp 00000000 08:06 5247475                    /lib/x86_64-linux-gnu/libexpat.so.1.6.0
7fdac98f0000-7fdac9af0000 ---p 00026000 08:06 5247475                    /lib/x86_64-linux-gnu/libexpat.so.1.6.0
7fdac9af0000-7fdac9af2000 r--p 00026000 08:06 5247475                    /lib/x86_64-linux-gnu/libexpat.so.1.6.0
7fdac9af2000-7fdac9af3000 rw-p 00028000 08:06 5247475                    /lib/x86_64-linux-gnu/libexpat.so.1.6.0
7fdac9af3000-7fdac9b14000 r-xp 00000000 08:06 11242                      /usr/lib/x86_64-linux-gnu/libxcb.so.1.1.0
7fdac9b14000-7fdac9d13000 ---p 00021000 08:06 11242                      /usr/lib/x86_64-linux-gnu/libxcb.so.1.1.0
7fdac9d13000-7fdac9d14000 r--p 00020000 08:06 11242                      /usr/lib/x86_64-linux-gnu/libxcb.so.1.1.0
7fdac9d14000-7fdac9d15000 rw-p 00021000 08:06 11242                      /usr/lib/x86_64-linux-gnu/libxcb.so.1.1.0
7fdac9d15000-7fdac9d83000 r-xp 00000000 08:06 23726                      /usr/lib/x86_64-linux-gnu/mesa/libGL.so.1.2.0
7fdac9d83000-7fdac9f83000 ---p 0006e000 08:06 23726                      /usr/lib/x86_64-linux-gnu/mesa/libGL.so.1.2.0
7fdac9f83000-7fdac9f86000 r--p 0006e000 08:06 23726                      /usr/lib/x86_64-linux-gnu/mesa/libGL.so.1.2.0
7fdac9f86000-7fdac9f87000 rw-p 00071000 08:06 23726                      /usr/lib/x86_64-linux-gnu/mesa/libGL.so.1.2.0
7fdac9f87000-7fdac9f88000 rw-p 00000000 00:00 0 
7fdac9f88000-7fdaca0bd000 r-xp 00000000 08:06 10014                      /usr/lib/x86_64-linux-gnu/libX11.so.6.3.0
7fdaca0bd000-7fdaca2bd000 ---p 00135000 08:06 10014                      /usr/lib/x86_64-linux-gnu/libX11.so.6.3.0
7fdaca2bd000-7fdaca2be000 r--p 00135000 08:06 10014                      /usr/lib/x86_64-linux-gnu/libX11.so.6.3.0
7fdaca2be000-7fdaca2c2000 rw-p 00136000 08:06 10014                      /usr/lib/x86_64-linux-gnu/libX11.so.6.3.0
7fdaca2c2000-7fdaca2d1000 r--p 00000000 08:06 134271                     /usr/share/locale-langpack/it/LC_MESSAGES/gtk20.mo
7fdaca2d1000-7fdaca2e1000 rw-s 102fe8000 00:06 334                       /dev/dri/renderD128
7fdaca2e1000-7fdaca2ed000 r-xp 00000000 08:06 8839                       /usr/lib/jvm/java-8-openjdk-amd64/jre/lib/amd64/libprism_es2.so
7fdaca2ed000-7fdaca4ec000 ---p 0000c000 08:06 8839                       /usr/lib/jvm/java-8-openjdk-amd64/jre/lib/amd64/libprism_es2.so
7fdaca4ec000-7fdaca4ed000 r--p 0000b000 08:06 8839                       /usr/lib/jvm/java-8-openjdk-amd64/jre/lib/amd64/libprism_es2.so
7fdaca4ed000-7fdaca4ee000 rw-p 0000c000 08:06 8839                       /usr/lib/jvm/java-8-openjdk-amd64/jre/lib/amd64/libprism_es2.so
7fdaca4ee000-7fdaca4f1000 ---p 00000000 00:00 0 
7fdaca4f1000-7fdaca5ef000 rw-p 00000000 00:00 0 
7fdaca5ef000-7fdaca602000 r--s 00346000 08:06 19167                      /usr/lib/jvm/java-8-openjdk-amd64/jre/lib/resources.jar
7fdaca602000-7fdaca61d000 r--s 00394000 08:06 19160                      /usr/lib/jvm/java-8-openjdk-amd64/jre/lib/ext/cldrdata.jar
7fdaca61d000-7fdaca6b3000 r--s 008d7000 08:06 1182450                    /usr/share/java/openjfx/jre/lib/ext/jfxrt.jar
7fdaca6b3000-7fdaca6ce000 r--s 001d6000 08:06 19163                      /usr/lib/jvm/java-8-openjdk-amd64/jre/lib/ext/nashorn.jar
7fdaca6ce000-7fdaca6cf000 ---p 00000000 00:00 0 
7fdaca6cf000-7fdaca7cf000 rw-p 00000000 00:00 0 
7fdaca7cf000-7fdaca7d2000 ---p 00000000 00:00 0 
7fdaca7d2000-7fdaca8d0000 rw-p 00000000 00:00 0 
7fdaca8d0000-7fdaca8d3000 ---p 00000000 00:00 0 
7fdaca8d3000-7fdaca9d1000 rw-p 00000000 00:00 0 
7fdaca9d1000-7fdaca9d4000 ---p 00000000 00:00 0 
7fdaca9d4000-7fdacaad2000 rw-p 00000000 00:00 0 
7fdacaad2000-7fdacaad5000 ---p 00000000 00:00 0 
7fdacaad5000-7fdacabd3000 rw-p 00000000 00:00 0 
7fdacabd3000-7fdacabd6000 ---p 00000000 00:00 0 
7fdacabd6000-7fdacacd4000 rw-p 00000000 00:00 0 
7fdacacd4000-7fdacafae000 r--p 00000000 08:06 9475                       /usr/lib/locale/locale-archive
7fdacafae000-7fdacafb1000 ---p 00000000 00:00 0 
7fdacafb1000-7fdacb0af000 rw-p 00000000 00:00 0 
7fdacb0af000-7fdacb0b2000 ---p 00000000 00:00 0 
7fdacb0b2000-7fdacb1b0000 rw-p 00000000 00:00 0 
7fdacb1b0000-7fdacb1b1000 ---p 00000000 00:00 0 
7fdacb1b1000-7fdacc000000 rw-p 00000000 00:00 0 
7fdacc000000-7fdacc021000 rw-p 00000000 00:00 0 
7fdacc021000-7fdad0000000 ---p 00000000 00:00 0 
7fdad0000000-7fdad0021000 rw-p 00000000 00:00 0 
7fdad0021000-7fdad4000000 ---p 00000000 00:00 0 
7fdad4000000-7fdad4021000 rw-p 00000000 00:00 0 
7fdad4021000-7fdad8000000 ---p 00000000 00:00 0 
7fdad8000000-7fdad8001000 r--s 00014000 08:06 3543299                    /home/danieledt/Documenti/Eclipse/BD/miglayout15-swing.jar
7fdad8001000-7fdad8011000 rw-s 1005ce000 00:06 334                       /dev/dri/renderD128
7fdad8011000-7fdad82a3000 rw-p 00000000 00:00 0 
7fdad82a3000-7fdad8472000 r--s 03c2f000 08:06 19219                      /usr/lib/jvm/java-8-openjdk-amd64/jre/lib/rt.jar
7fdad8472000-7fdadc659000 rw-p 00000000 00:00 0 
7fdadc659000-7fdadc65a000 ---p 00000000 00:00 0 
7fdadc65a000-7fdadc75a000 rw-p 00000000 00:00 0 
7fdadc75a000-7fdadc75b000 ---p 00000000 00:00 0 
7fdadc75b000-7fdadc85b000 rw-p 00000000 00:00 0 
7fdadc85b000-7fdadc85c000 ---p 00000000 00:00 0 
7fdadc85c000-7fdadc95c000 rw-p 00000000 00:00 0 
7fdadc95c000-7fdadc95d000 ---p 00000000 00:00 0 
7fdadc95d000-7fdadca7d000 rw-p 00000000 00:00 0 
7fdadca7d000-7fdadcc9e000 ---p 00000000 00:00 0 
7fdadcc9e000-7fdadccbe000 rw-p 00000000 00:00 0 
7fdadccbe000-7fdadcede000 ---p 00000000 00:00 0 
7fdadcede000-7fdadceff000 rw-p 00000000 00:00 0 
7fdadceff000-7fdadcfff000 ---p 00000000 00:00 0 
7fdadcfff000-7fdadd000000 rw-p 00000000 00:00 0 
7fdadd000000-7fdadd890000 rwxp 00000000 00:00 0 
7fdadd890000-7fdaec000000 ---p 00000000 00:00 0 
7fdaec000000-7fdaec373000 rw-p 00000000 00:00 0 
7fdaec373000-7fdaf0000000 ---p 00000000 00:00 0 
7fdaf0000000-7fdaf0001000 rw-s 00000000 00:05 135135                     /memfd:xshmfence (deleted)
7fdaf0001000-7fdaf0005000 r--p 00000000 08:06 2638710                    /home/danieledt/.config/dconf/user
7fdaf0005000-7fdaf000c000 r--s 00000000 08:06 29686                      /usr/lib/x86_64-linux-gnu/gconv/gconv-modules.cache
7fdaf000c000-7fdaf002f000 rw-p 00000000 00:00 0 
7fdaf002f000-7fdaf03cc000 ---p 00000000 00:00 0 
7fdaf03cc000-7fdaf03d4000 r-xp 00000000 08:06 19191                      /usr/lib/jvm/java-8-openjdk-amd64/jre/lib/amd64/libzip.so
7fdaf03d4000-7fdaf05d3000 ---p 00008000 08:06 19191                      /usr/lib/jvm/java-8-openjdk-amd64/jre/lib/amd64/libzip.so
7fdaf05d3000-7fdaf05d4000 r--p 00007000 08:06 19191                      /usr/lib/jvm/java-8-openjdk-amd64/jre/lib/amd64/libzip.so
7fdaf05d4000-7fdaf05d5000 rw-p 00008000 08:06 19191                      /usr/lib/jvm/java-8-openjdk-amd64/jre/lib/amd64/libzip.so
7fdaf05d5000-7fdaf05e0000 r-xp 00000000 08:06 5248723                    /lib/x86_64-linux-gnu/libnss_files-2.23.so
7fdaf05e0000-7fdaf07df000 ---p 0000b000 08:06 5248723                    /lib/x86_64-linux-gnu/libnss_files-2.23.so
7fdaf07df000-7fdaf07e0000 r--p 0000a000 08:06 5248723                    /lib/x86_64-linux-gnu/libnss_files-2.23.so
7fdaf07e0000-7fdaf07e1000 rw-p 0000b000 08:06 5248723                    /lib/x86_64-linux-gnu/libnss_files-2.23.so
7fdaf07e1000-7fdaf07e7000 rw-p 00000000 00:00 0 
7fdaf07e7000-7fdaf07f2000 r-xp 00000000 08:06 5248727                    /lib/x86_64-linux-gnu/libnss_nis-2.23.so
7fdaf07f2000-7fdaf09f1000 ---p 0000b000 08:06 5248727                    /lib/x86_64-linux-gnu/libnss_nis-2.23.so
7fdaf09f1000-7fdaf09f2000 r--p 0000a000 08:06 5248727                    /lib/x86_64-linux-gnu/libnss_nis-2.23.so
7fdaf09f2000-7fdaf09f3000 rw-p 0000b000 08:06 5248727                    /lib/x86_64-linux-gnu/libnss_nis-2.23.so
7fdaf09f3000-7fdaf0a09000 r-xp 00000000 08:06 5248707                    /lib/x86_64-linux-gnu/libnsl-2.23.so
7fdaf0a09000-7fdaf0c08000 ---p 00016000 08:06 5248707                    /lib/x86_64-linux-gnu/libnsl-2.23.so
7fdaf0c08000-7fdaf0c09000 r--p 00015000 08:06 5248707                    /lib/x86_64-linux-gnu/libnsl-2.23.so
7fdaf0c09000-7fdaf0c0a000 rw-p 00016000 08:06 5248707                    /lib/x86_64-linux-gnu/libnsl-2.23.so
7fdaf0c0a000-7fdaf0c0c000 rw-p 00000000 00:00 0 
7fdaf0c0c000-7fdaf0c14000 r-xp 00000000 08:06 5248718                    /lib/x86_64-linux-gnu/libnss_compat-2.23.so
7fdaf0c14000-7fdaf0e13000 ---p 00008000 08:06 5248718                    /lib/x86_64-linux-gnu/libnss_compat-2.23.so
7fdaf0e13000-7fdaf0e14000 r--p 00007000 08:06 5248718                    /lib/x86_64-linux-gnu/libnss_compat-2.23.so
7fdaf0e14000-7fdaf0e15000 rw-p 00008000 08:06 5248718                    /lib/x86_64-linux-gnu/libnss_compat-2.23.so
7fdaf0e15000-7fdaf0e42000 r-xp 00000000 08:06 19182                      /usr/lib/jvm/java-8-openjdk-amd64/jre/lib/amd64/libjava.so
7fdaf0e42000-7fdaf1041000 ---p 0002d000 08:06 19182                      /usr/lib/jvm/java-8-openjdk-amd64/jre/lib/amd64/libjava.so
7fdaf1041000-7fdaf1042000 r--p 0002c000 08:06 19182                      /usr/lib/jvm/java-8-openjdk-amd64/jre/lib/amd64/libjava.so
7fdaf1042000-7fdaf1044000 rw-p 0002d000 08:06 19182                      /usr/lib/jvm/java-8-openjdk-amd64/jre/lib/amd64/libjava.so
7fdaf1044000-7fdaf1053000 r-xp 00000000 08:06 19168                      /usr/lib/jvm/java-8-openjdk-amd64/jre/lib/amd64/libverify.so
7fdaf1053000-7fdaf1252000 ---p 0000f000 08:06 19168                      /usr/lib/jvm/java-8-openjdk-amd64/jre/lib/amd64/libverify.so
7fdaf1252000-7fdaf1254000 r--p 0000e000 08:06 19168                      /usr/lib/jvm/java-8-openjdk-amd64/jre/lib/amd64/libverify.so
7fdaf1254000-7fdaf1255000 rw-p 00010000 08:06 19168                      /usr/lib/jvm/java-8-openjdk-amd64/jre/lib/amd64/libverify.so
7fdaf1255000-7fdaf125c000 r-xp 00000000 08:06 5248728                    /lib/x86_64-linux-gnu/librt-2.23.so
7fdaf125c000-7fdaf145b000 ---p 00007000 08:06 5248728                    /lib/x86_64-linux-gnu/librt-2.23.so
7fdaf145b000-7fdaf145c000 r--p 00006000 08:06 5248728                    /lib/x86_64-linux-gnu/librt-2.23.so
7fdaf145c000-7fdaf145d000 rw-p 00007000 08:06 5248728                    /lib/x86_64-linux-gnu/librt-2.23.so
7fdaf145d000-7fdaf1473000 r-xp 00000000 08:06 5247482                    /lib/x86_64-linux-gnu/libgcc_s.so.1
7fdaf1473000-7fdaf1672000 ---p 00016000 08:06 5247482                    /lib/x86_64-linux-gnu/libgcc_s.so.1
7fdaf1672000-7fdaf1673000 rw-p 00015000 08:06 5247482                    /lib/x86_64-linux-gnu/libgcc_s.so.1
7fdaf1673000-7fdaf177b000 r-xp 00000000 08:06 5248701                    /lib/x86_64-linux-gnu/libm-2.23.so
7fdaf177b000-7fdaf197a000 ---p 00108000 08:06 5248701                    /lib/x86_64-linux-gnu/libm-2.23.so
7fdaf197a000-7fdaf197b000 r--p 00107000 08:06 5248701                    /lib/x86_64-linux-gnu/libm-2.23.so
7fdaf197b000-7fdaf197c000 rw-p 00108000 08:06 5248701                    /lib/x86_64-linux-gnu/libm-2.23.so
7fdaf197c000-7fdaf1aee000 r-xp 00000000 08:06 3735                       /usr/lib/x86_64-linux-gnu/libstdc++.so.6.0.21
7fdaf1aee000-7fdaf1cee000 ---p 00172000 08:06 3735                       /usr/lib/x86_64-linux-gnu/libstdc++.so.6.0.21
7fdaf1cee000-7fdaf1cf8000 r--p 00172000 08:06 3735                       /usr/lib/x86_64-linux-gnu/libstdc++.so.6.0.21
7fdaf1cf8000-7fdaf1cfa000 rw-p 0017c000 08:06 3735                       /usr/lib/x86_64-linux-gnu/libstdc++.so.6.0.21
7fdaf1cfa000-7fdaf1cfe000 rw-p 00000000 00:00 0 
7fdaf1cfe000-7fdaf2957000 r-xp 00000000 08:06 19195                      /usr/lib/jvm/java-8-openjdk-amd64/jre/lib/amd64/server/libjvm.so
7fdaf2957000-7fdaf2b57000 ---p 00c59000 08:06 19195                      /usr/lib/jvm/java-8-openjdk-amd64/jre/lib/amd64/server/libjvm.so
7fdaf2b57000-7fdaf2bea000 r--p 00c59000 08:06 19195                      /usr/lib/jvm/java-8-openjdk-amd64/jre/lib/amd64/server/libjvm.so
7fdaf2bea000-7fdaf2c13000 rw-p 00cec000 08:06 19195                      /usr/lib/jvm/java-8-openjdk-amd64/jre/lib/amd64/server/libjvm.so
7fdaf2c13000-7fdaf2c43000 rw-p 00000000 00:00 0 
7fdaf2c43000-7fdaf2c5b000 r-xp 00000000 08:06 5248709                    /lib/x86_64-linux-gnu/libpthread-2.23.so
7fdaf2c5b000-7fdaf2e5a000 ---p 00018000 08:06 5248709                    /lib/x86_64-linux-gnu/libpthread-2.23.so
7fdaf2e5a000-7fdaf2e5b000 r--p 00017000 08:06 5248709                    /lib/x86_64-linux-gnu/libpthread-2.23.so
7fdaf2e5b000-7fdaf2e5c000 rw-p 00018000 08:06 5248709                    /lib/x86_64-linux-gnu/libpthread-2.23.so
7fdaf2e5c000-7fdaf2e60000 rw-p 00000000 00:00 0 
7fdaf2e60000-7fdaf2e63000 r-xp 00000000 08:06 5248712                    /lib/x86_64-linux-gnu/libdl-2.23.so
7fdaf2e63000-7fdaf3062000 ---p 00003000 08:06 5248712                    /lib/x86_64-linux-gnu/libdl-2.23.so
7fdaf3062000-7fdaf3063000 r--p 00002000 08:06 5248712                    /lib/x86_64-linux-gnu/libdl-2.23.so
7fdaf3063000-7fdaf3064000 rw-p 00003000 08:06 5248712                    /lib/x86_64-linux-gnu/libdl-2.23.so
7fdaf3064000-7fdaf307d000 r-xp 00000000 08:06 5247635                    /lib/x86_64-linux-gnu/libz.so.1.2.8
7fdaf307d000-7fdaf327c000 ---p 00019000 08:06 5247635                    /lib/x86_64-linux-gnu/libz.so.1.2.8
7fdaf327c000-7fdaf327d000 r--p 00018000 08:06 5247635                    /lib/x86_64-linux-gnu/libz.so.1.2.8
7fdaf327d000-7fdaf327e000 rw-p 00019000 08:06 5247635                    /lib/x86_64-linux-gnu/libz.so.1.2.8
7fdaf327e000-7fdaf343e000 r-xp 00000000 08:06 5248710                    /lib/x86_64-linux-gnu/libc-2.23.so
7fdaf343e000-7fdaf363e000 ---p 001c0000 08:06 5248710                    /lib/x86_64-linux-gnu/libc-2.23.so
7fdaf363e000-7fdaf3642000 r--p 001c0000 08:06 5248710                    /lib/x86_64-linux-gnu/libc-2.23.so
7fdaf3642000-7fdaf3644000 rw-p 001c4000 08:06 5248710                    /lib/x86_64-linux-gnu/libc-2.23.so
7fdaf3644000-7fdaf3648000 rw-p 00000000 00:00 0 
7fdaf3648000-7fdaf3655000 r-xp 00000000 08:06 19192                      /usr/lib/jvm/java-8-openjdk-amd64/jre/lib/amd64/jli/libjli.so
7fdaf3655000-7fdaf3855000 ---p 0000d000 08:06 19192                      /usr/lib/jvm/java-8-openjdk-amd64/jre/lib/amd64/jli/libjli.so
7fdaf3855000-7fdaf3856000 r--p 0000d000 08:06 19192                      /usr/lib/jvm/java-8-openjdk-amd64/jre/lib/amd64/jli/libjli.so
7fdaf3856000-7fdaf3857000 rw-p 0000e000 08:06 19192                      /usr/lib/jvm/java-8-openjdk-amd64/jre/lib/amd64/jli/libjli.so
7fdaf3857000-7fdaf387d000 r-xp 00000000 08:06 5248708                    /lib/x86_64-linux-gnu/ld-2.23.so
7fdaf387d000-7fdaf387e000 r--s 00000000 00:33 27                         /run/user/1000/dconf/user
7fdaf387e000-7fdaf3883000 r--s 002f9000 08:06 19155                      /usr/lib/jvm/java-8-openjdk-amd64/jre/lib/charsets.jar
7fdaf3883000-7fdaf3885000 r--s 00016000 08:06 19214                      /usr/lib/jvm/java-8-openjdk-amd64/jre/lib/jce.jar
7fdaf3885000-7fdaf388a000 r--s 0009d000 08:06 19228                      /usr/lib/jvm/java-8-openjdk-amd64/jre/lib/jsse.jar
7fdaf388a000-7fdaf388b000 r--s 00010000 08:06 19157                      /usr/lib/jvm/java-8-openjdk-amd64/jre/lib/ext/zipfs.jar
7fdaf388b000-7fdaf388e000 r--s 0000f000 08:06 19162                      /usr/lib/jvm/java-8-openjdk-amd64/jre/lib/ext/icedtea-sound.jar
7fdaf388e000-7fdaf3891000 r--s 00038000 08:06 19159                      /usr/lib/jvm/java-8-openjdk-amd64/jre/lib/ext/sunpkcs11.jar
7fdaf3891000-7fdaf3957000 rw-p 00000000 00:00 0 
7fdaf3957000-7fdaf395a000 ---p 00000000 00:00 0 
7fdaf395a000-7fdaf3a5c000 rw-p 00000000 00:00 0 
7fdaf3a5c000-7fdaf3a5e000 r--s 00001000 08:06 19158                      /usr/lib/jvm/java-8-openjdk-amd64/jre/lib/ext/dnsns.jar
7fdaf3a5e000-7fdaf3a5f000 r--s 0000a000 08:06 19164                      /usr/lib/jvm/java-8-openjdk-amd64/jre/lib/ext/jaccess.jar
7fdaf3a5f000-7fdaf3a61000 r--s 00008000 08:06 19156                      /usr/lib/jvm/java-8-openjdk-amd64/jre/lib/ext/sunec.jar
7fdaf3a61000-7fdaf3a6b000 r--s 00116000 08:06 19165                      /usr/lib/jvm/java-8-openjdk-amd64/jre/lib/ext/localedata.jar
7fdaf3a6b000-7fdaf3a71000 r--s 0003b000 08:06 19161                      /usr/lib/jvm/java-8-openjdk-amd64/jre/lib/ext/sunjce_provider.jar
7fdaf3a71000-7fdaf3a79000 rw-s 00000000 08:06 524303                     /tmp/hsperfdata_danieledt/16548
7fdaf3a79000-7fdaf3a7a000 rw-p 00000000 00:00 0 
7fdaf3a7a000-7fdaf3a7b000 r--p 00000000 00:00 0 
7fdaf3a7b000-7fdaf3a7c000 rw-p 00000000 00:00 0 
7fdaf3a7c000-7fdaf3a7d000 r--p 00025000 08:06 5248708                    /lib/x86_64-linux-gnu/ld-2.23.so
7fdaf3a7d000-7fdaf3a7e000 rw-p 00026000 08:06 5248708                    /lib/x86_64-linux-gnu/ld-2.23.so
7fdaf3a7e000-7fdaf3a7f000 rw-p 00000000 00:00 0 
7ffd07cb1000-7ffd07cd2000 rw-p 00000000 00:00 0                          [stack]
7ffd07db8000-7ffd07dbb000 r--p 00000000 00:00 0                          [vvar]
7ffd07dbb000-7ffd07dbd000 r-xp 00000000 00:00 0                          [vdso]
ffffffffff600000-ffffffffff601000 r-xp 00000000 00:00 0                  [vsyscall]

VM Arguments:
jvm_args: -Dfile.encoding=UTF-8 
java_command: boundary.Main
java_class_path (initial): /usr/lib/jvm/java-8-openjdk-amd64/jre/lib/resources.jar:/usr/lib/jvm/java-8-openjdk-amd64/jre/lib/rt.jar:/usr/lib/jvm/java-8-openjdk-amd64/jre/lib/jsse.jar:/usr/lib/jvm/java-8-openjdk-amd64/jre/lib/jce.jar:/usr/lib/jvm/java-8-openjdk-amd64/jre/lib/charsets.jar:/usr/lib/jvm/java-8-openjdk-amd64/jre/lib/ext/sunjce_provider.jar:/usr/lib/jvm/java-8-openjdk-amd64/jre/lib/ext/localedata.jar:/usr/lib/jvm/java-8-openjdk-amd64/jre/lib/ext/sunec.jar:/usr/lib/jvm/java-8-openjdk-amd64/jre/lib/ext/jaccess.jar:/usr/lib/jvm/java-8-openjdk-amd64/jre/lib/ext/sunpkcs11.jar:/usr/lib/jvm/java-8-openjdk-amd64/jre/lib/ext/nashorn.jar:/usr/lib/jvm/java-8-openjdk-amd64/jre/lib/ext/dnsns.jar:/usr/lib/jvm/java-8-openjdk-amd64/jre/lib/ext/jfxrt.jar:/usr/lib/jvm/java-8-openjdk-amd64/jre/lib/ext/cldrdata.jar:/usr/lib/jvm/java-8-openjdk-amd64/jre/lib/ext/icedtea-sound.jar:/usr/lib/jvm/java-8-openjdk-amd64/jre/lib/ext/zipfs.jar:/home/danieledt/Documenti/Eclipse/BD/bin:/home/danieledt/Documenti/Eclipse/BD/lib/postgresql-42.2.2.jar:/home/danieledt/Documenti/Eclipse/BD/miglayout15-swing.jar:/home/danieledt/Documenti/Eclipse/BD/jgoodies-forms-1.8.0.jar
Launcher Type: SUN_STANDARD

Environment Variables:
JAVA_HOME=/usr/lib/jvm/java-8-oracle
PATH=/home/danieledt/bin:/home/danieledt/.local/bin:/usr/local/sbin:/usr/local/bin:/usr/sbin:/usr/bin:/sbin:/bin:/usr/games:/usr/local/games:/snap/bin:/usr/lib/jvm/java-8-oracle/bin:/usr/lib/jvm/java-8-oracle/db/bin:/usr/lib/jvm/java-8-oracle/jre/bin
SHELL=/bin/bash
DISPLAY=:0.0

Signal Handlers:
SIGSEGV: [libjvm.so+0xa6e6f0], sa_mask[0]=11111111011111111101111111111110, sa_flags=SA_RESTART|SA_SIGINFO
SIGBUS: [libjvm.so+0xa6e6f0], sa_mask[0]=11111111011111111101111111111110, sa_flags=SA_RESTART|SA_SIGINFO
SIGFPE: [libjvm.so+0x8b5d50], sa_mask[0]=11111111011111111101111111111110, sa_flags=SA_RESTART|SA_SIGINFO
SIGPIPE: SIG_IGN, sa_mask[0]=00000000000010000000000000000000, sa_flags=SA_RESTART
SIGXFSZ: [libjvm.so+0x8b5d50], sa_mask[0]=11111111011111111101111111111110, sa_flags=SA_RESTART|SA_SIGINFO
SIGILL: [libjvm.so+0x8b5d50], sa_mask[0]=11111111011111111101111111111110, sa_flags=SA_RESTART|SA_SIGINFO
SIGUSR1: SIG_DFL, sa_mask[0]=00000000000000000000000000000000, sa_flags=none
SIGUSR2: [libjvm.so+0x8b5c00], sa_mask[0]=00100000000000000000000000000000, sa_flags=SA_RESTART|SA_SIGINFO
SIGHUP: [libjvm.so+0x8b60d0], sa_mask[0]=11111111011111111101111111111110, sa_flags=SA_RESTART|SA_SIGINFO
SIGINT: SIG_IGN, sa_mask[0]=00000000000000000000000000000000, sa_flags=none
SIGTERM: [libjvm.so+0x8b60d0], sa_mask[0]=11111111011111111101111111111110, sa_flags=SA_RESTART|SA_SIGINFO
SIGQUIT: [libjvm.so+0x8b60d0], sa_mask[0]=11111111011111111101111111111110, sa_flags=SA_RESTART|SA_SIGINFO


---------------  S Y S T E M  ---------------

OS:DISTRIB_ID=Ubuntu
DISTRIB_RELEASE=16.04
DISTRIB_CODENAME=xenial
DISTRIB_DESCRIPTION="Ubuntu 16.04.4 LTS"

uname:Linux 4.13.0-45-generic #50~16.04.1-Ubuntu SMP Wed May 30 11:18:27 UTC 2018 x86_64
libc:glibc 2.23 NPTL 2.23 
rlimit: STACK 8192k, CORE 0k, NPROC 27227, NOFILE 1048576, AS infinity
load average:0,99 1,00 1,11

/proc/meminfo:
MemTotal:        7080616 kB
MemFree:         3059684 kB
MemAvailable:    4020656 kB
Buffers:          129760 kB
Cached:          1108616 kB
SwapCached:            0 kB
Active:          3073828 kB
Inactive:         692632 kB
Active(anon):    2537004 kB
Inactive(anon):    75168 kB
Active(file):     536824 kB
Inactive(file):   617464 kB
Unevictable:          64 kB
Mlocked:              64 kB
SwapTotal:       5000188 kB
SwapFree:        5000188 kB
Dirty:               592 kB
Writeback:             0 kB
AnonPages:       2528272 kB
Mapped:           506524 kB
Shmem:             84072 kB
Slab:              94364 kB
SReclaimable:      53860 kB
SUnreclaim:        40504 kB
KernelStack:       11616 kB
PageTables:        40628 kB
NFS_Unstable:          0 kB
Bounce:                0 kB
WritebackTmp:          0 kB
CommitLimit:     8540496 kB
Committed_AS:    6943428 kB
VmallocTotal:   34359738367 kB
VmallocUsed:           0 kB
VmallocChunk:          0 kB
HardwareCorrupted:     0 kB
AnonHugePages:         0 kB
ShmemHugePages:        0 kB
ShmemPmdMapped:        0 kB
CmaTotal:              0 kB
CmaFree:               0 kB
HugePages_Total:       0
HugePages_Free:        0
HugePages_Rsvd:        0
HugePages_Surp:        0
Hugepagesize:       2048 kB
DirectMap4k:      198108 kB
DirectMap2M:     4988928 kB
DirectMap1G:     2097152 kB


CPU:total 4 (initial active 4) (4 cores per cpu, 1 threads per core) family 22 model 48 stepping 1, cmov, cx8, fxsr, mmx, sse, sse2, sse3, ssse3, sse4.1, sse4.2, popcnt, avx, aes, clmul, mmxext, 3dnowpref, lzcnt, sse4a, tsc, tscinvbit, tscinv, bmi1

/proc/cpuinfo:
processor	: 0
vendor_id	: AuthenticAMD
cpu family	: 22
model		: 48
model name	: AMD A8-6410 APU with AMD Radeon R5 Graphics
stepping	: 1
microcode	: 0x7030105
cpu MHz		: 1996.129
cache size	: 2048 KB
physical id	: 0
siblings	: 4
core id		: 0
cpu cores	: 4
apicid		: 0
initial apicid	: 0
fpu		: yes
fpu_exception	: yes
cpuid level	: 13
wp		: yes
flags		: fpu vme de pse tsc msr pae mce cx8 apic sep mtrr pge mca cmov pat pse36 clflush mmx fxsr sse sse2 ht syscall nx mmxext fxsr_opt pdpe1gb rdtscp lm constant_tsc rep_good acc_power nopl nonstop_tsc cpuid extd_apicid aperfmperf pni pclmulqdq monitor ssse3 cx16 sse4_1 sse4_2 movbe popcnt aes xsave avx f16c rdrand lahf_lm cmp_legacy svm extapic cr8_legacy abm sse4a misalignsse 3dnowprefetch osvw ibs skinit wdt topoext perfctr_nb bpext ptsc perfctr_l2 cpb hw_pstate retpoline retpoline_amd rsb_ctxsw ssbd ls_cfg_ssbd vmmcall bmi1 xsaveopt arat npt lbrv svm_lock nrip_save tsc_scale flushbyasid decodeassists pausefilter pfthreshold overflow_recov
bugs		: fxsave_leak sysret_ss_attrs null_seg spectre_v1 spectre_v2 spec_store_bypass
bogomips	: 3992.25
TLB size	: 1024 4K pages
clflush size	: 64
cache_alignment	: 64
address sizes	: 40 bits physical, 48 bits virtual
power management: ts ttp tm 100mhzsteps hwpstate cpb acc_power [13]

processor	: 1
vendor_id	: AuthenticAMD
cpu family	: 22
model		: 48
model name	: AMD A8-6410 APU with AMD Radeon R5 Graphics
stepping	: 1
microcode	: 0x7030105
cpu MHz		: 1996.130
cache size	: 2048 KB
physical id	: 0
siblings	: 4
core id		: 1
cpu cores	: 4
apicid		: 1
initial apicid	: 1
fpu		: yes
fpu_exception	: yes
cpuid level	: 13
wp		: yes
flags		: fpu vme de pse tsc msr pae mce cx8 apic sep mtrr pge mca cmov pat pse36 clflush mmx fxsr sse sse2 ht syscall nx mmxext fxsr_opt pdpe1gb rdtscp lm constant_tsc rep_good acc_power nopl nonstop_tsc cpuid extd_apicid aperfmperf pni pclmulqdq monitor ssse3 cx16 sse4_1 sse4_2 movbe popcnt aes xsave avx f16c rdrand lahf_lm cmp_legacy svm extapic cr8_legacy abm sse4a misalignsse 3dnowprefetch osvw ibs skinit wdt topoext perfctr_nb bpext ptsc perfctr_l2 cpb hw_pstate retpoline retpoline_amd rsb_ctxsw ssbd ls_cfg_ssbd vmmcall bmi1 xsaveopt arat npt lbrv svm_lock nrip_save tsc_scale flushbyasid decodeassists pausefilter pfthreshold overflow_recov
bugs		: fxsave_leak sysret_ss_attrs null_seg spectre_v1 spectre_v2 spec_store_bypass
bogomips	: 3992.25
TLB size	: 1024 4K pages
clflush size	: 64
cache_alignment	: 64
address sizes	: 40 bits physical, 48 bits virtual
power management: ts ttp tm 100mhzsteps hwpstate cpb acc_power [13]

processor	: 2
vendor_id	: AuthenticAMD
cpu family	: 22
model		: 48
model name	: AMD A8-6410 APU with AMD Radeon R5 Graphics
stepping	: 1
microcode	: 0x7030105
cpu MHz		: 1996.165
cache size	: 2048 KB
physical id	: 0
siblings	: 4
core id		: 2
cpu cores	: 4
apicid		: 2
initial apicid	: 2
fpu		: yes
fpu_exception	: yes
cpuid level	: 13
wp		: yes
flags		: fpu vme de pse tsc msr pae mce cx8 apic sep mtrr pge mca cmov pat pse36 clflush mmx fxsr sse sse2 ht syscall nx mmxext fxsr_opt pdpe1gb rdtscp lm constant_tsc rep_good acc_power nopl nonstop_tsc cpuid extd_apicid aperfmperf pni pclmulqdq monitor ssse3 cx16 sse4_1 sse4_2 movbe popcnt aes xsave avx f16c rdrand lahf_lm cmp_legacy svm extapic cr8_legacy abm sse4a misalignsse 3dnowprefetch osvw ibs skinit wdt topoext perfctr_nb bpext ptsc perfctr_l2 cpb hw_pstate retpoline retpoline_amd rsb_ctxsw ssbd ls_cfg_ssbd vmmcall bmi1 xsaveopt arat npt lbrv svm_lock nrip_save tsc_scale flushbyasid decodeassists pausefilter pfthreshold overflow_recov
bugs		: fxsave_leak sysret_ss_attrs null_seg spectre_v1 spectre_v2 spec_store_bypass
bogomips	: 3992.25
TLB size	: 1024 4K pages
clflush size	: 64
cache_alignment	: 64
address sizes	: 40 bits physical, 48 bits virtual
power management: ts ttp tm 100mhzsteps hwpstate cpb acc_power [13]

processor	: 3
vendor_id	: AuthenticAMD
cpu family	: 22
model		: 48
model name	: AMD A8-6410 APU with AMD Radeon R5 Graphics
stepping	: 1
microcode	: 0x7030105
cpu MHz		: 1996.147
cache size	: 2048 KB
physical id	: 0
siblings	: 4
core id		: 3
cpu cores	: 4
apicid		: 3
initial apicid	: 3
fpu		: yes
fpu_exception	: yes
cpuid level	: 13
wp		: yes
flags		: fpu vme de pse tsc msr pae mce cx8 apic sep mtrr pge mca cmov pat pse36 clflush mmx fxsr sse sse2 ht syscall nx mmxext fxsr_opt pdpe1gb rdtscp lm constant_tsc rep_good acc_power nopl nonstop_tsc cpuid extd_apicid aperfmperf pni pclmulqdq monitor ssse3 cx16 sse4_1 sse4_2 movbe popcnt aes xsave avx f16c rdrand lahf_lm cmp_legacy svm extapic cr8_legacy abm sse4a misalignsse 3dnowprefetch osvw ibs skinit wdt topoext perfctr_nb bpext ptsc perfctr_l2 cpb hw_pstate retpoline retpoline_amd rsb_ctxsw ssbd ls_cfg_ssbd vmmcall bmi1 xsaveopt arat npt lbrv svm_lock nrip_save tsc_scale flushbyasid decodeassists pausefilter pfthreshold overflow_recov
bugs		: fxsave_leak sysret_ss_attrs null_seg spectre_v1 spectre_v2 spec_store_bypass
bogomips	: 3992.25
TLB size	: 1024 4K pages
clflush size	: 64
cache_alignment	: 64
address sizes	: 40 bits physical, 48 bits virtual
power management: ts ttp tm 100mhzsteps hwpstate cpb acc_power [13]



Memory: 4k page, physical 7080616k(3059684k free), swap 5000188k(5000188k free)

vm_info: OpenJDK 64-Bit Server VM (25.171-b11) for linux-amd64 JRE (1.8.0_171-8u171-b11-0ubuntu0.16.04.1-b11), built on Apr 27 2018 17:19:03 by "buildd" with gcc 5.4.0 20160609

time: Sat Jul  7 11:41:04 2018
elapsed time: 12 seconds (0d 0h 0m 12s)

