#
# A fatal error has been detected by the Java Runtime Environment:
#
#  SIGSEGV (0xb) at pc=0x00007fa4094e327d, pid=20106, tid=0x00007fa3a2127700
#
# JRE version: OpenJDK Runtime Environment (8.0_171-b11) (build 1.8.0_171-8u171-b11-0ubuntu0.16.04.1-b11)
# Java VM: OpenJDK 64-Bit Server VM (25.171-b11 mixed mode linux-amd64 compressed oops)
# Problematic frame:
# V  [libjvm.so+0x67e27d]
#
# Failed to write core dump. Core dumps have been disabled. To enable core dumping, try "ulimit -c unlimited" before starting Java again
#
# If you would like to submit a bug report, please visit:
#   http://bugreport.java.com/bugreport/crash.jsp
#

---------------  T H R E A D  ---------------

Current thread (0x00007fa404302800):  JavaThread "JavaFX Application Thread" [_thread_in_vm, id=20143, stack(0x00007fa3a2027000,0x00007fa3a2128000)]

siginfo: si_signo: 11 (SIGSEGV), si_code: 128 (SI_KERNEL), si_addr: 0x0000000000000000

Registers:
RAX=0x0000000000000000, RBX=0x00007fa404302800, RCX=0x00007fa404276fe8, RDX=0x2e544e4556455f44
RSP=0x00007fa3a2126230, RBP=0x00007fa3a21263b0, RSI=0x00007fa3a21263d0, RDI=0x00007fa4043029e0
R8 =0x00007fa3a2126400, R9 =0x00007fa404302800, R10=0x00007fa390000a60, R11=0x00007fa3f478f1e0
R12=0x00007fa4043029e0, R13=0x00007fa404302800, R14=0x00007fa3a2126400, R15=0x00007fa3a2126490
RIP=0x00007fa4094e327d, EFLAGS=0x0000000000010206, CSGSFS=0x002b000000000033, ERR=0x0000000000000000
  TRAPNO=0x000000000000000d

Top of Stack: (sp=0x00007fa3a2126230)
0x00007fa3a2126230:   00007fa3a2126340 00007fa4094c9c27
0x00007fa3a2126240:   00007fa404302800 00007fa404302800
0x00007fa3a2126250:   00007fa40000000e 00007fa4043029e0
0x00007fa3a2126260:   00007fa3a2126270 00007fa3a21263d0
0x00007fa3a2126270:   00007fa3efab9438 00007fa404302800
0x00007fa3a2126280:   00007fa3efab9438 00007fa404302800
0x00007fa3a2126290:   00007fa404301f60 00007fa3c8011e50
0x00007fa3a21262a0:   00007fa3c8011e60 00007fa3c8012238
0x00007fa3a21262b0:   00000000000003d8 00007fa404301fa0
0x00007fa3a21262c0:   00007fa3efab9438 00007fa404302800
0x00007fa3a21262d0:   00000000efaad878 00000000dc821d00
0x00007fa3a21262e0:   0000000000000000 00007fa3f439fd9b
0x00007fa3a21262f0:   00007fa3efab9438 00007fa404302800
0x00007fa3a2126300:   00007fa3a2126340 00000000dc873ad0
0x00007fa3a2126310:   000000000000006f 00007fa30000000a
0x00007fa3a2126320:   00000000dd616e00 00007fa400000000
0x00007fa3a2126330:   00007fa3a2126420 00007fa3a21263e0
0x00007fa3a2126340:   00007fa3a21264d0 0000000100000181
0x00007fa3a2126350:   00007fa3a2126550 00007fa3a2126308
0x00007fa3a2126360:   00007fa3a2126349 0000000800000005
0x00007fa3a2126370:   00007fa400000000 3d2092a530369500
0x00007fa3a2126380:   00007fa3a2126390 00007fa404302800
0x00007fa3a2126390:   00007fa4043029e0 00007fa404276fe8
0x00007fa3a21263a0:   00007fa3a2126400 00007fa3a2126490
0x00007fa3a21263b0:   00007fa3a2126480 00007fa4094e6ea2
0x00007fa3a21263c0:   00007fa3c8011e60 2e544e4556455f44
0x00007fa3a21263d0:   000000000000000e 00007fa300000000
0x00007fa3a21263e0:   00007fa404302800 0000000000000000
0x00007fa3a21263f0:   0000000005a00004 3d2092a530369500
0x00007fa3a2126400:   00007fa409cc9bf8 00007fa40aa1f710
0x00007fa3a2126410:   00000000042932d0 00007fa300000063
0x00007fa3a2126420:   0000000000000000 0000003000000018 

Instructions: (pc=0x00007fa4094e327d)
0x00007fa4094e325d:   ff 48 89 b5 b8 fe ff ff 64 48 8b 04 25 28 00 00
0x00007fa4094e326d:   00 48 89 45 c8 31 c0 48 85 d2 0f 84 7b 05 00 00
0x00007fa4094e327d:   4c 8b 32 4d 85 f6 0f 84 6f 05 00 00 49 8b b9 20
0x00007fa4094e328d:   01 00 00 48 89 cb 4d 89 c4 e8 35 42 ff ff 4c 89 

Register to memory mapping:

RAX=0x0000000000000000 is an unknown value
RBX=0x00007fa404302800 is a thread
RCX=0x00007fa404276fe8 is an unknown value
RDX=0x2e544e4556455f44 is an unknown value
RSP=0x00007fa3a2126230 is pointing into the stack for thread: 0x00007fa404302800
RBP=0x00007fa3a21263b0 is pointing into the stack for thread: 0x00007fa404302800
RSI=0x00007fa3a21263d0 is pointing into the stack for thread: 0x00007fa404302800
RDI=0x00007fa4043029e0 is an unknown value
R8 =0x00007fa3a2126400 is pointing into the stack for thread: 0x00007fa404302800
R9 =0x00007fa404302800 is a thread
R10=0x00007fa390000a60 is an unknown value
R11=0x00007fa3f478f1e0 is at entry_point+32 in (nmethod*)0x00007fa3f478f050
R12=0x00007fa4043029e0 is an unknown value
R13=0x00007fa404302800 is a thread
R14=0x00007fa3a2126400 is pointing into the stack for thread: 0x00007fa404302800
R15=0x00007fa3a2126490 is pointing into the stack for thread: 0x00007fa404302800


Stack: [0x00007fa3a2027000,0x00007fa3a2128000],  sp=0x00007fa3a2126230,  free space=1020k
Native frames: (J=compiled Java code, j=interpreted, Vv=VM code, C=native code)
V  [libjvm.so+0x67e27d]
V  [libjvm.so+0x681ea2]
C  [libglass.so+0x11e63]  JNIEnv_::CallVoidMethod(_jobject*, _jmethodID*, ...)+0x93
C  [libglass.so+0x1c2e5]  WindowContextBase::process_key(_GdkEventKey*)+0x215
C  [libglass.so+0x11ad0]  WindowContextBase::im_filter_keypress(_GdkEventKey*)+0x1f0
C  [libglass.so+0x21fbc]
C  [libgdk-x11-2.0.so.0+0x5ac8c]

Java frames: (J=compiled Java code, j=interpreted, Vv=VM code)
j  com.sun.glass.ui.gtk.GtkApplication._runLoop(Ljava/lang/Runnable;Z)V+0
j  com.sun.glass.ui.gtk.GtkApplication.lambda$null$450(Ljava/lang/Runnable;Z)V+7
j  com.sun.glass.ui.gtk.GtkApplication$$Lambda$41.run()V+12
j  java.lang.Thread.run()V+11
v  ~StubRoutines::call_stub

---------------  P R O C E S S  ---------------

Java Threads: ( => current thread )
  0x00007fa3902fc000 JavaThread "Prism Font Disposer" daemon [_thread_blocked, id=20156, stack(0x00007fa3a01ee000,0x00007fa3a02ef000)]
  0x00007fa404306000 JavaThread "JavaFX-Launcher" [_thread_blocked, id=20146, stack(0x00007fa3a1725000,0x00007fa3a1826000)]
=>0x00007fa404302800 JavaThread "JavaFX Application Thread" [_thread_in_vm, id=20143, stack(0x00007fa3a2027000,0x00007fa3a2128000)]
  0x00007fa4042fe800 JavaThread "Thread-1" daemon [_thread_blocked, id=20142, stack(0x00007fa3a2128000,0x00007fa3a2229000)]
  0x00007fa404245000 JavaThread "QuantumRenderer-0" daemon [_thread_blocked, id=20129, stack(0x00007fa3ed672000,0x00007fa3ed773000)]
  0x00007fa4040c0800 JavaThread "Service Thread" daemon [_thread_blocked, id=20124, stack(0x00007fa3ed940000,0x00007fa3eda41000)]
  0x00007fa4040bd800 JavaThread "C1 CompilerThread2" daemon [_thread_blocked, id=20122, stack(0x00007fa3eda41000,0x00007fa3edb42000)]
  0x00007fa4040bb800 JavaThread "C2 CompilerThread1" daemon [_thread_in_native, id=20121, stack(0x00007fa3edb42000,0x00007fa3edc43000)]
  0x00007fa4040b9000 JavaThread "C2 CompilerThread0" daemon [_thread_blocked, id=20120, stack(0x00007fa3edc43000,0x00007fa3edd44000)]
  0x00007fa4040b7800 JavaThread "Signal Dispatcher" daemon [_thread_blocked, id=20119, stack(0x00007fa3edd44000,0x00007fa3ede45000)]
  0x00007fa404084800 JavaThread "Finalizer" daemon [_thread_blocked, id=20118, stack(0x00007fa3ee11f000,0x00007fa3ee220000)]
  0x00007fa404080000 JavaThread "Reference Handler" daemon [_thread_blocked, id=20117, stack(0x00007fa3ee220000,0x00007fa3ee321000)]
  0x00007fa40400b000 JavaThread "main" [_thread_blocked, id=20111, stack(0x00007fa40aabe000,0x00007fa40abbf000)]

Other Threads:
  0x00007fa404078800 VMThread [stack: 0x00007fa3ee321000,0x00007fa3ee422000] [id=20116]
  0x00007fa4040c3000 WatcherThread [stack: 0x00007fa3ed83f000,0x00007fa3ed940000] [id=20125]

VM state:not at safepoint (normal execution)

VM Mutex/Monitor currently owned by a thread: None

Heap:
 PSYoungGen      total 32768K, used 12279K [0x00000000dbf80000, 0x00000000de400000, 0x0000000100000000)
  eden space 28160K, 43% used [0x00000000dbf80000,0x00000000dcb7de80,0x00000000ddb00000)
  from space 4608K, 0% used [0x00000000ddb00000,0x00000000ddb00000,0x00000000ddf80000)
  to   space 4608K, 0% used [0x00000000ddf80000,0x00000000ddf80000,0x00000000de400000)
 ParOldGen       total 70656K, used 14111K [0x0000000093e00000, 0x0000000098300000, 0x00000000dbf80000)
  object space 70656K, 19% used [0x0000000093e00000,0x0000000094bc7d10,0x0000000098300000)
 Metaspace       used 21259K, capacity 22442K, committed 22656K, reserved 1069056K
  class space    used 2839K, capacity 3100K, committed 3200K, reserved 1048576K

Card table byte_map: [0x00007fa3f3c66000,0x00007fa3f3fc8000] byte_map_base: 0x00007fa3f37c7000

Marking Bits: (ParMarkBitMap*) 0x00007fa409d8d320
 Begin Bits: [0x00007fa3f0112000, 0x00007fa3f1c1a000)
 End Bits:   [0x00007fa3f1c1a000, 0x00007fa3f3722000)

Polling page: 0x00007fa40abe1000

CodeCache: size=245760Kb used=7559Kb max_used=7563Kb free=238200Kb
 bounds [0x00007fa3f4388000, 0x00007fa3f4af8000, 0x00007fa403388000]
 total_blobs=3023 nmethods=2360 adapters=578
 compilation: enabled

Compilation events (10 events):
Event: 13,152 Thread 0x00007fa4040bd800 2361       1       javafx.scene.layout.Region::snappedTopInset (5 bytes)
Event: 13,153 Thread 0x00007fa4040bd800 nmethod 2361 0x00007fa3f4aecdd0 code [0x00007fa3f4aecf20, 0x00007fa3f4aed030]
Event: 13,153 Thread 0x00007fa4040bd800 2362       3       com.sun.javafx.font.LogicalFont::equals (32 bytes)
Event: 13,153 Thread 0x00007fa4040bd800 nmethod 2362 0x00007fa3f4aec690 code [0x00007fa3f4aec820, 0x00007fa3f4aecca8]
Event: 13,153 Thread 0x00007fa4040bd800 2360       3       com.sun.javafx.scene.control.skin.LabeledSkinBase::bottomLabelPadding (18 bytes)
Event: 13,155 Thread 0x00007fa4040bd800 nmethod 2360 0x00007fa3f4aeb810 code [0x00007fa3f4aeba00, 0x00007fa3f4aec398]
Event: 13,155 Thread 0x00007fa4040bd800 2358       3       com.sun.javafx.scene.control.skin.Utils::computeTextWidth (47 bytes)
Event: 13,156 Thread 0x00007fa4040bd800 nmethod 2358 0x00007fa3f4aeaf50 code [0x00007fa3f4aeb120, 0x00007fa3f4aeb618]
Event: 13,156 Thread 0x00007fa4040b9000 2359       4       java.lang.StrictMath::floorOrCeil (128 bytes)
Event: 13,158 Thread 0x00007fa4040b9000 nmethod 2359 0x00007fa3f4aea7d0 code [0x00007fa3f4aea940, 0x00007fa3f4aea9f8]

GC Heap History (8 events):
Event: 2,722 GC heap before
{Heap before GC invocations=1 (full 0):
 PSYoungGen      total 32768K, used 25716K [0x00000000dbf80000, 0x00000000de400000, 0x0000000100000000)
  eden space 28160K, 91% used [0x00000000dbf80000,0x00000000dd89d190,0x00000000ddb00000)
  from space 4608K, 0% used [0x00000000ddf80000,0x00000000ddf80000,0x00000000de400000)
  to   space 4608K, 0% used [0x00000000ddb00000,0x00000000ddb00000,0x00000000ddf80000)
 ParOldGen       total 75264K, used 0K [0x0000000093e00000, 0x0000000098780000, 0x00000000dbf80000)
  object space 75264K, 0% used [0x0000000093e00000,0x0000000093e00000,0x0000000098780000)
 Metaspace       used 11692K, capacity 12064K, committed 12416K, reserved 1060864K
  class space    used 1413K, capacity 1540K, committed 1664K, reserved 1048576K
Event: 2,745 GC heap after
Heap after GC invocations=1 (full 0):
 PSYoungGen      total 32768K, used 4578K [0x00000000dbf80000, 0x00000000de400000, 0x0000000100000000)
  eden space 28160K, 0% used [0x00000000dbf80000,0x00000000dbf80000,0x00000000ddb00000)
  from space 4608K, 99% used [0x00000000ddb00000,0x00000000ddf78b38,0x00000000ddf80000)
  to   space 4608K, 0% used [0x00000000ddf80000,0x00000000ddf80000,0x00000000de400000)
 ParOldGen       total 75264K, used 3027K [0x0000000093e00000, 0x0000000098780000, 0x00000000dbf80000)
  object space 75264K, 4% used [0x0000000093e00000,0x00000000940f4f78,0x0000000098780000)
 Metaspace       used 11692K, capacity 12064K, committed 12416K, reserved 1060864K
  class space    used 1413K, capacity 1540K, committed 1664K, reserved 1048576K
}
Event: 9,936 GC heap before
{Heap before GC invocations=2 (full 0):
 PSYoungGen      total 32768K, used 32738K [0x00000000dbf80000, 0x00000000de400000, 0x0000000100000000)
  eden space 28160K, 100% used [0x00000000dbf80000,0x00000000ddb00000,0x00000000ddb00000)
  from space 4608K, 99% used [0x00000000ddb00000,0x00000000ddf78b38,0x00000000ddf80000)
  to   space 4608K, 0% used [0x00000000ddf80000,0x00000000ddf80000,0x00000000de400000)
 ParOldGen       total 75264K, used 3027K [0x0000000093e00000, 0x0000000098780000, 0x00000000dbf80000)
  object space 75264K, 4% used [0x0000000093e00000,0x00000000940f4f78,0x0000000098780000)
 Metaspace       used 18404K, capacity 19118K, committed 19328K, reserved 1067008K
  class space    used 2431K, capacity 2610K, committed 2688K, reserved 1048576K
Event: 9,960 GC heap after
Heap after GC invocations=2 (full 0):
 PSYoungGen      total 32768K, used 4607K [0x00000000dbf80000, 0x00000000de400000, 0x0000000100000000)
  eden space 28160K, 0% used [0x00000000dbf80000,0x00000000dbf80000,0x00000000ddb00000)
  from space 4608K, 99% used [0x00000000ddf80000,0x00000000de3ffc60,0x00000000de400000)
  to   space 4608K, 0% used [0x00000000ddb00000,0x00000000ddb00000,0x00000000ddf80000)
 ParOldGen       total 75264K, used 12241K [0x0000000093e00000, 0x0000000098780000, 0x00000000dbf80000)
  object space 75264K, 16% used [0x0000000093e00000,0x00000000949f4408,0x0000000098780000)
 Metaspace       used 18404K, capacity 19118K, committed 19328K, reserved 1067008K
  class space    used 2431K, capacity 2610K, committed 2688K, reserved 1048576K
}
Event: 11,369 GC heap before
{Heap before GC invocations=3 (full 0):
 PSYoungGen      total 32768K, used 14202K [0x00000000dbf80000, 0x00000000de400000, 0x0000000100000000)
  eden space 28160K, 34% used [0x00000000dbf80000,0x00000000dc8ded00,0x00000000ddb00000)
  from space 4608K, 99% used [0x00000000ddf80000,0x00000000de3ffc60,0x00000000de400000)
  to   space 4608K, 0% used [0x00000000ddb00000,0x00000000ddb00000,0x00000000ddf80000)
 ParOldGen       total 75264K, used 12241K [0x0000000093e00000, 0x0000000098780000, 0x00000000dbf80000)
  object space 75264K, 16% used [0x0000000093e00000,0x00000000949f4408,0x0000000098780000)
 Metaspace       used 20342K, capacity 21292K, committed 21296K, reserved 1067008K
  class space    used 2707K, capacity 2943K, committed 2944K, reserved 1048576K
Event: 11,390 GC heap after
Heap after GC invocations=3 (full 0):
 PSYoungGen      total 32768K, used 4592K [0x00000000dbf80000, 0x00000000de400000, 0x0000000100000000)
  eden space 28160K, 0% used [0x00000000dbf80000,0x00000000dbf80000,0x00000000ddb00000)
  from space 4608K, 99% used [0x00000000ddb00000,0x00000000ddf7c050,0x00000000ddf80000)
  to   space 4608K, 0% used [0x00000000ddf80000,0x00000000ddf80000,0x00000000de400000)
 ParOldGen       total 75264K, used 14378K [0x0000000093e00000, 0x0000000098780000, 0x00000000dbf80000)
  object space 75264K, 19% used [0x0000000093e00000,0x0000000094c0a980,0x0000000098780000)
 Metaspace       used 20342K, capacity 21292K, committed 21296K, reserved 1067008K
  class space    used 2707K, capacity 2943K, committed 2944K, reserved 1048576K
}
Event: 11,390 GC heap before
{Heap before GC invocations=4 (full 1):
 PSYoungGen      total 32768K, used 4592K [0x00000000dbf80000, 0x00000000de400000, 0x0000000100000000)
  eden space 28160K, 0% used [0x00000000dbf80000,0x00000000dbf80000,0x00000000ddb00000)
  from space 4608K, 99% used [0x00000000ddb00000,0x00000000ddf7c050,0x00000000ddf80000)
  to   space 4608K, 0% used [0x00000000ddf80000,0x00000000ddf80000,0x00000000de400000)
 ParOldGen       total 75264K, used 14378K [0x0000000093e00000, 0x0000000098780000, 0x00000000dbf80000)
  object space 75264K, 19% used [0x0000000093e00000,0x0000000094c0a980,0x0000000098780000)
 Metaspace       used 20342K, capacity 21292K, committed 21296K, reserved 1067008K
  class space    used 2707K, capacity 2943K, committed 2944K, reserved 1048576K
Event: 11,546 GC heap after
Heap after GC invocations=4 (full 1):
 PSYoungGen      total 32768K, used 0K [0x00000000dbf80000, 0x00000000de400000, 0x0000000100000000)
  eden space 28160K, 0% used [0x00000000dbf80000,0x00000000dbf80000,0x00000000ddb00000)
  from space 4608K, 0% used [0x00000000ddb00000,0x00000000ddb00000,0x00000000ddf80000)
  to   space 4608K, 0% used [0x00000000ddf80000,0x00000000ddf80000,0x00000000de400000)
 ParOldGen       total 70656K, used 14111K [0x0000000093e00000, 0x0000000098300000, 0x00000000dbf80000)
  object space 70656K, 19% used [0x0000000093e00000,0x0000000094bc7d10,0x0000000098300000)
 Metaspace       used 20342K, capacity 21292K, committed 21296K, reserved 1067008K
  class space    used 2707K, capacity 2943K, committed 2944K, reserved 1048576K
}

Deoptimization events (10 events):
Event: 10,943 Thread 0x00007fa404302800 Uncommon trap: reason=array_check action=maybe_recompile pc=0x00007fa3f48e6314 method=com.sun.javafx.css.SimpleSelector.applies(Ljavafx/css/Styleable;[Ljava/util/Set;I)Z @ 37
Event: 10,987 Thread 0x00007fa404302800 Uncommon trap: reason=bimorphic action=maybe_recompile pc=0x00007fa3f48ea67c method=com.sun.javafx.css.SimpleSelector.applies(Ljavafx/css/Styleable;)Z @ 95
Event: 10,988 Thread 0x00007fa404302800 Uncommon trap: reason=bimorphic action=maybe_recompile pc=0x00007fa3f48ea67c method=com.sun.javafx.css.SimpleSelector.applies(Ljavafx/css/Styleable;)Z @ 95
Event: 10,989 Thread 0x00007fa404302800 Uncommon trap: reason=bimorphic action=maybe_recompile pc=0x00007fa3f48ea67c method=com.sun.javafx.css.SimpleSelector.applies(Ljavafx/css/Styleable;)Z @ 95
Event: 10,990 Thread 0x00007fa404302800 Uncommon trap: reason=bimorphic action=maybe_recompile pc=0x00007fa3f48ea67c method=com.sun.javafx.css.SimpleSelector.applies(Ljavafx/css/Styleable;)Z @ 95
Event: 11,722 Thread 0x00007fa404302800 Uncommon trap: reason=array_check action=maybe_recompile pc=0x00007fa3f4949a54 method=com.sun.javafx.css.CompoundSelector.applies(Ljavafx/css/Styleable;[Ljava/util/Set;I)Z @ 128
Event: 11,722 Thread 0x00007fa404302800 Uncommon trap: reason=array_check action=maybe_recompile pc=0x00007fa3f4949a54 method=com.sun.javafx.css.CompoundSelector.applies(Ljavafx/css/Styleable;[Ljava/util/Set;I)Z @ 128
Event: 11,723 Thread 0x00007fa404302800 Uncommon trap: reason=array_check action=maybe_recompile pc=0x00007fa3f4949a54 method=com.sun.javafx.css.CompoundSelector.applies(Ljavafx/css/Styleable;[Ljava/util/Set;I)Z @ 128
Event: 11,724 Thread 0x00007fa404302800 Uncommon trap: reason=array_check action=maybe_recompile pc=0x00007fa3f4949a54 method=com.sun.javafx.css.CompoundSelector.applies(Ljavafx/css/Styleable;[Ljava/util/Set;I)Z @ 128
Event: 12,218 Thread 0x00007fa404302800 Uncommon trap: reason=unstable_if action=reinterpret pc=0x00007fa3f49d1b04 method=javafx.scene.CssStyleHelper.lookup(Ljavafx/css/Styleable;Ljavafx/css/CssMetaData;Lcom/sun/javafx/css/StyleMap;Ljava/util/Set;Ljavafx/css/Styleable;Lcom/sun/javafx/css/Calcul

Classes redefined (0 events):
No events

Internal exceptions (10 events):
Event: 2,443 Thread 0x00007fa404302800 Exception <a 'java/lang/ArrayIndexOutOfBoundsException'> (0x00000000dd63c450) thrown at [/build/openjdk-8-wnL82d/openjdk-8-8u171-b11/src/hotspot/src/share/vm/runtime/sharedRuntime.cpp, line 605]
Event: 2,445 Thread 0x00007fa404302800 Exception <a 'java/lang/ArrayIndexOutOfBoundsException'> (0x00000000dd63d150) thrown at [/build/openjdk-8-wnL82d/openjdk-8-8u171-b11/src/hotspot/src/share/vm/runtime/sharedRuntime.cpp, line 605]
Event: 2,446 Thread 0x00007fa404302800 Exception <a 'java/lang/ArrayIndexOutOfBoundsException'> (0x00000000dd63e4f8) thrown at [/build/openjdk-8-wnL82d/openjdk-8-8u171-b11/src/hotspot/src/share/vm/runtime/sharedRuntime.cpp, line 605]
Event: 2,864 Thread 0x00007fa404302800 Implicit null exception at 0x00007fa3f465dd75 to 0x00007fa3f465df91
Event: 9,616 Thread 0x00007fa404302800 Implicit null exception at 0x00007fa3f4638ab5 to 0x00007fa3f4638e65
Event: 10,124 Thread 0x00007fa404302800 Exception <a 'java/lang/ArrayIndexOutOfBoundsException'> (0x00000000dc194740) thrown at [/build/openjdk-8-wnL82d/openjdk-8-8u171-b11/src/hotspot/src/share/vm/runtime/sharedRuntime.cpp, line 605]
Event: 10,273 Thread 0x00007fa404302800 Exception <a 'java/lang/ArrayIndexOutOfBoundsException'> (0x00000000dc3b72d8) thrown at [/build/openjdk-8-wnL82d/openjdk-8-8u171-b11/src/hotspot/src/share/vm/runtime/sharedRuntime.cpp, line 605]
Event: 10,274 Thread 0x00007fa404302800 Exception <a 'java/lang/ArrayIndexOutOfBoundsException'> (0x00000000dc3b84c0) thrown at [/build/openjdk-8-wnL82d/openjdk-8-8u171-b11/src/hotspot/src/share/vm/runtime/sharedRuntime.cpp, line 605]
Event: 10,275 Thread 0x00007fa404302800 Exception <a 'java/lang/ArrayIndexOutOfBoundsException'> (0x00000000dc3ba100) thrown at [/build/openjdk-8-wnL82d/openjdk-8-8u171-b11/src/hotspot/src/share/vm/runtime/sharedRuntime.cpp, line 605]
Event: 10,428 Thread 0x00007fa404302800 Exception <a 'java/io/FileNotFoundException'> (0x00000000dc483f10) thrown at [/build/openjdk-8-wnL82d/openjdk-8-8u171-b11/src/hotspot/src/share/vm/prims/jni.cpp, line 709]

Events (10 events):
Event: 12,792 loading class javafx/scene/input/MouseEvent
Event: 12,792 loading class javafx/scene/input/MouseEvent done
Event: 12,792 loading class javafx/event/EventHandler
Event: 12,792 loading class javafx/event/EventHandler done
Event: 12,993 loading class com/sun/javafx/scene/control/skin/Utils$2
Event: 12,993 loading class com/sun/javafx/scene/control/skin/Utils$2 done
Event: 13,159 Thread 0x00007fa404302800 DEOPT PACKING pc=0x00007fa3f47a7354 sp=0x00007fa3a21243a0
Event: 13,159 Thread 0x00007fa404302800 DEOPT UNPACKING pc=0x00007fa3f43cf0c4 sp=0x00007fa3a2124128 mode 0
Event: 13,159 Thread 0x00007fa404302800 DEOPT PACKING pc=0x00007fa3f47a7354 sp=0x00007fa3a2124c80
Event: 13,159 Thread 0x00007fa404302800 DEOPT UNPACKING pc=0x00007fa3f43cf0c4 sp=0x00007fa3a2124a08 mode 0


Dynamic libraries:
00400000-00401000 r-xp 00000000 08:06 19152                              /usr/lib/jvm/java-8-openjdk-amd64/jre/bin/java
00600000-00601000 r--p 00000000 08:06 19152                              /usr/lib/jvm/java-8-openjdk-amd64/jre/bin/java
00601000-00602000 rw-p 00001000 08:06 19152                              /usr/lib/jvm/java-8-openjdk-amd64/jre/bin/java
01112000-01133000 rw-p 00000000 00:00 0                                  [heap]
93e00000-98300000 rw-p 00000000 00:00 0 
98300000-dbf80000 ---p 00000000 00:00 0 
dbf80000-de400000 rw-p 00000000 00:00 0 
de400000-100000000 ---p 00000000 00:00 0 
100000000-100320000 rw-p 00000000 00:00 0 
100320000-140000000 ---p 00000000 00:00 0 
7fa370000000-7fa370021000 rw-p 00000000 00:00 0 
7fa370021000-7fa374000000 ---p 00000000 00:00 0 
7fa374000000-7fa374021000 rw-p 00000000 00:00 0 
7fa374021000-7fa378000000 ---p 00000000 00:00 0 
7fa3783fe000-7fa3784fe000 rw-p 00000000 00:00 0 
7fa3784fe000-7fa3785fe000 ---p 00000000 00:00 0 
7fa3785fe000-7fa3787fe000 rw-p 00000000 00:00 0 
7fa3787fe000-7fa37b7ff000 rw-p 00000000 00:00 0 
7fa37b991000-7fa37b9a7000 r-xp 00000000 08:06 19197                      /usr/lib/jvm/java-8-openjdk-amd64/jre/lib/amd64/libnet.so
7fa37b9a7000-7fa37bba7000 ---p 00016000 08:06 19197                      /usr/lib/jvm/java-8-openjdk-amd64/jre/lib/amd64/libnet.so
7fa37bba7000-7fa37bba8000 r--p 00016000 08:06 19197                      /usr/lib/jvm/java-8-openjdk-amd64/jre/lib/amd64/libnet.so
7fa37bba8000-7fa37bba9000 rw-p 00017000 08:06 19197                      /usr/lib/jvm/java-8-openjdk-amd64/jre/lib/amd64/libnet.so
7fa37bba9000-7fa37bd00000 rw-s 10d565000 00:06 332                       /dev/dri/renderD128
7fa37bd00000-7fa37bf00000 rw-p 00000000 00:00 0 
7fa37bf00000-7fa37c000000 rw-s 106163000 00:06 332                       /dev/dri/renderD128
7fa37c000000-7fa37c021000 rw-p 00000000 00:00 0 
7fa37c021000-7fa380000000 ---p 00000000 00:00 0 
7fa380000000-7fa380021000 rw-p 00000000 00:00 0 
7fa380021000-7fa384000000 ---p 00000000 00:00 0 
7fa384000000-7fa384021000 rw-p 00000000 00:00 0 
7fa384021000-7fa388000000 ---p 00000000 00:00 0 
7fa388000000-7fa388021000 rw-p 00000000 00:00 0 
7fa388021000-7fa38c000000 ---p 00000000 00:00 0 
7fa38c000000-7fa38c021000 rw-p 00000000 00:00 0 
7fa38c021000-7fa390000000 ---p 00000000 00:00 0 
7fa390000000-7fa3904fc000 rw-p 00000000 00:00 0 
7fa3904fc000-7fa394000000 ---p 00000000 00:00 0 
7fa394000000-7fa394022000 rw-p 00000000 00:00 0 
7fa394022000-7fa398000000 ---p 00000000 00:00 0 
7fa398000000-7fa398022000 rw-p 00000000 00:00 0 
7fa398022000-7fa39c000000 ---p 00000000 00:00 0 
7fa39c000000-7fa39c021000 rw-p 00000000 00:00 0 
7fa39c021000-7fa3a0000000 ---p 00000000 00:00 0 
7fa3a0022000-7fa3a00ce000 r--p 00000000 08:06 78714                      /usr/share/fonts/truetype/dejavu/DejaVuSans-Bold.ttf
7fa3a00ce000-7fa3a01ce000 rw-s 104f85000 00:06 332                       /dev/dri/renderD128
7fa3a01ce000-7fa3a01ee000 rw-s 1050db000 00:06 332                       /dev/dri/renderD128
7fa3a01ee000-7fa3a01f1000 ---p 00000000 00:00 0 
7fa3a01f1000-7fa3a02ef000 rw-p 00000000 00:00 0 
7fa3a02ef000-7fa3a03a8000 r--p 00000000 08:06 78715                      /usr/share/fonts/truetype/dejavu/DejaVuSans.ttf
7fa3a03a8000-7fa3a05a8000 rw-p 00000000 00:00 0 
7fa3a05a8000-7fa3a05d8000 r-xp 00000000 08:06 32466                      /usr/lib/x86_64-linux-gnu/gtk-2.0/2.10.0/engines/libmurrine.so
7fa3a05d8000-7fa3a07d8000 ---p 00030000 08:06 32466                      /usr/lib/x86_64-linux-gnu/gtk-2.0/2.10.0/engines/libmurrine.so
7fa3a07d8000-7fa3a07d9000 r--p 00030000 08:06 32466                      /usr/lib/x86_64-linux-gnu/gtk-2.0/2.10.0/engines/libmurrine.so
7fa3a07d9000-7fa3a07da000 rw-p 00031000 08:06 32466                      /usr/lib/x86_64-linux-gnu/gtk-2.0/2.10.0/engines/libmurrine.so
7fa3a07da000-7fa3a07e4000 r-xp 00000000 08:06 32440                      /usr/lib/x86_64-linux-gnu/gtk-2.0/2.10.0/engines/libpixmap.so
7fa3a07e4000-7fa3a09e3000 ---p 0000a000 08:06 32440                      /usr/lib/x86_64-linux-gnu/gtk-2.0/2.10.0/engines/libpixmap.so
7fa3a09e3000-7fa3a09e4000 r--p 00009000 08:06 32440                      /usr/lib/x86_64-linux-gnu/gtk-2.0/2.10.0/engines/libpixmap.so
7fa3a09e4000-7fa3a09e5000 rw-p 0000a000 08:06 32440                      /usr/lib/x86_64-linux-gnu/gtk-2.0/2.10.0/engines/libpixmap.so
7fa3a09e5000-7fa3a0a3c000 r-xp 00000000 08:06 10681                      /usr/lib/x86_64-linux-gnu/libjpeg.so.8.0.2
7fa3a0a3c000-7fa3a0c3c000 ---p 00057000 08:06 10681                      /usr/lib/x86_64-linux-gnu/libjpeg.so.8.0.2
7fa3a0c3c000-7fa3a0c3d000 r--p 00057000 08:06 10681                      /usr/lib/x86_64-linux-gnu/libjpeg.so.8.0.2
7fa3a0c3d000-7fa3a0c3e000 rw-p 00058000 08:06 10681                      /usr/lib/x86_64-linux-gnu/libjpeg.so.8.0.2
7fa3a0c48000-7fa3a0c4d000 r--s 0009d000 08:06 19228                      /usr/lib/jvm/java-8-openjdk-amd64/jre/lib/jsse.jar
7fa3a0c4d000-7fa3a0c5d000 rw-s 105a18000 00:06 332                       /dev/dri/renderD128
7fa3a0c5d000-7fa3a0c61000 r-xp 00000000 08:06 8836                       /usr/lib/jvm/java-8-openjdk-amd64/jre/lib/amd64/libjavafx_iio.so
7fa3a0c61000-7fa3a0e60000 ---p 00004000 08:06 8836                       /usr/lib/jvm/java-8-openjdk-amd64/jre/lib/amd64/libjavafx_iio.so
7fa3a0e60000-7fa3a0e61000 r--p 00003000 08:06 8836                       /usr/lib/jvm/java-8-openjdk-amd64/jre/lib/amd64/libjavafx_iio.so
7fa3a0e61000-7fa3a0e62000 rw-p 00004000 08:06 8836                       /usr/lib/jvm/java-8-openjdk-amd64/jre/lib/amd64/libjavafx_iio.so
7fa3a0e62000-7fa3a0e69000 r--s 00000000 08:06 1704018                    /var/cache/fontconfig/4be9850f182b35c1350b6bbf2e42601c-le64.cache-6
7fa3a0e69000-7fa3a0e6a000 r--s 00000000 08:06 1706007                    /var/cache/fontconfig/087e1975ba9a574b140bb1df193bf770-le64.cache-6
7fa3a0e6a000-7fa3a0e75000 r--s 00000000 08:06 1704007                    /var/cache/fontconfig/945677eb7aeaf62f1d50efc3fb3ec7d8-le64.cache-6
7fa3a0e75000-7fa3a0e7b000 r--s 00000000 08:06 1704004                    /var/cache/fontconfig/2cd17615ca594fa2959ae173292e504c-le64.cache-6
7fa3a0e7b000-7fa3a0e7c000 r--s 00000000 08:06 1704001                    /var/cache/fontconfig/0d8c3b2ac0904cb8a57a757ad11a4a08-le64.cache-6
7fa3a0e7c000-7fa3a0e91000 r--s 00000000 08:06 1704006                    /var/cache/fontconfig/04aabc0a78ac019cf9454389977116d2-le64.cache-6
7fa3a0e91000-7fa3a0e92000 r--s 00000000 08:06 1704011                    /var/cache/fontconfig/1ac9eb803944fde146138c791f5cc56a-le64.cache-6
7fa3a0e92000-7fa3a0e96000 r--s 00000000 08:06 1704038                    /var/cache/fontconfig/385c0604a188198f04d133e54aba7fe7-le64.cache-6
7fa3a0e96000-7fa3a0e97000 r--s 00000000 08:06 1705588                    /var/cache/fontconfig/dc05db6664285cc2f12bf69c139ae4c3-le64.cache-6
7fa3a0e97000-7fa3a0e9a000 r--s 00000000 08:06 1704472                    /var/cache/fontconfig/767a8244fc0220cfb567a839d0392e0b-le64.cache-6
7fa3a0e9a000-7fa3a0ec1000 r--s 00000000 08:06 1704024                    /var/cache/fontconfig/0bd3dc0958fa2205aaaa8ebb13e2872b-le64.cache-6
7fa3a0ec1000-7fa3a0ec6000 r--s 00000000 08:06 1707645                    /var/cache/fontconfig/8801497958630a81b71ace7c5f9b32a8-le64.cache-6
7fa3a0ec6000-7fa3a0f01000 r--s 00000000 08:06 1704031                    /var/cache/fontconfig/365b55f210c0a22e9a19e35191240f32-le64.cache-6
7fa3a0f01000-7fa3a0f08000 r--s 00000000 08:06 1704015                    /var/cache/fontconfig/3047814df9a2f067bd2d96a2b9c36e5a-le64.cache-6
7fa3a0f08000-7fa3a0f1b000 r--s 00000000 08:06 1704014                    /var/cache/fontconfig/d52a8644073d54c13679302ca1180695-le64.cache-6
7fa3a0f1b000-7fa3a0f20000 r-xp 00000000 08:06 8842                       /usr/lib/jvm/java-8-openjdk-amd64/jre/lib/amd64/libjavafx_font_freetype.so
7fa3a0f20000-7fa3a111f000 ---p 00005000 08:06 8842                       /usr/lib/jvm/java-8-openjdk-amd64/jre/lib/amd64/libjavafx_font_freetype.so
7fa3a111f000-7fa3a1120000 r--p 00004000 08:06 8842                       /usr/lib/jvm/java-8-openjdk-amd64/jre/lib/amd64/libjavafx_font_freetype.so
7fa3a1120000-7fa3a1121000 rw-p 00005000 08:06 8842                       /usr/lib/jvm/java-8-openjdk-amd64/jre/lib/amd64/libjavafx_font_freetype.so
7fa3a1121000-7fa3a1124000 r-xp 00000000 08:06 8835                       /usr/lib/jvm/java-8-openjdk-amd64/jre/lib/amd64/libjavafx_font.so
7fa3a1124000-7fa3a1323000 ---p 00003000 08:06 8835                       /usr/lib/jvm/java-8-openjdk-amd64/jre/lib/amd64/libjavafx_font.so
7fa3a1323000-7fa3a1324000 r--p 00002000 08:06 8835                       /usr/lib/jvm/java-8-openjdk-amd64/jre/lib/amd64/libjavafx_font.so
7fa3a1324000-7fa3a1325000 rw-p 00003000 08:06 8835                       /usr/lib/jvm/java-8-openjdk-amd64/jre/lib/amd64/libjavafx_font.so
7fa3a1325000-7fa3a1525000 rw-p 00000000 00:00 0 
7fa3a1525000-7fa3a1725000 rw-p 00000000 00:00 0 
7fa3a1725000-7fa3a1728000 ---p 00000000 00:00 0 
7fa3a1728000-7fa3a1826000 rw-p 00000000 00:00 0 
7fa3a1826000-7fa3a1827000 ---p 00000000 00:00 0 
7fa3a1827000-7fa3a2027000 rw-p 00000000 00:00 0 
7fa3a2027000-7fa3a202a000 ---p 00000000 00:00 0 
7fa3a202a000-7fa3a2128000 rw-p 00000000 00:00 0 
7fa3a2128000-7fa3a212b000 ---p 00000000 00:00 0 
7fa3a212b000-7fa3a2229000 rw-p 00000000 00:00 0 
7fa3a2229000-7fa3a222a000 ---p 00000000 00:00 0 
7fa3a222a000-7fa3a2a2a000 rw-p 00000000 00:00 0 
7fa3a2a2a000-7fa3a2a35000 r-xp 00000000 08:06 32451                      /usr/lib/x86_64-linux-gnu/gio/modules/libdconfsettings.so
7fa3a2a35000-7fa3a2c35000 ---p 0000b000 08:06 32451                      /usr/lib/x86_64-linux-gnu/gio/modules/libdconfsettings.so
7fa3a2c35000-7fa3a2c36000 r--p 0000b000 08:06 32451                      /usr/lib/x86_64-linux-gnu/gio/modules/libdconfsettings.so
7fa3a2c36000-7fa3a2c37000 rw-p 0000c000 08:06 32451                      /usr/lib/x86_64-linux-gnu/gio/modules/libdconfsettings.so
7fa3a2c37000-7fa3a2c38000 ---p 00000000 00:00 0 
7fa3a2c38000-7fa3a3438000 rw-p 00000000 00:00 0 
7fa3a3438000-7fa3a3451000 r-xp 00000000 08:06 33478                      /usr/lib/x86_64-linux-gnu/gio/modules/libgioremote-volume-monitor.so
7fa3a3451000-7fa3a3651000 ---p 00019000 08:06 33478                      /usr/lib/x86_64-linux-gnu/gio/modules/libgioremote-volume-monitor.so
7fa3a3651000-7fa3a3654000 r--p 00019000 08:06 33478                      /usr/lib/x86_64-linux-gnu/gio/modules/libgioremote-volume-monitor.so
7fa3a3654000-7fa3a3655000 rw-p 0001c000 08:06 33478                      /usr/lib/x86_64-linux-gnu/gio/modules/libgioremote-volume-monitor.so
7fa3a3655000-7fa3a368b000 r-xp 00000000 08:06 24604                      /usr/lib/x86_64-linux-gnu/gvfs/libgvfscommon.so
7fa3a368b000-7fa3a388b000 ---p 00036000 08:06 24604                      /usr/lib/x86_64-linux-gnu/gvfs/libgvfscommon.so
7fa3a388b000-7fa3a3890000 r--p 00036000 08:06 24604                      /usr/lib/x86_64-linux-gnu/gvfs/libgvfscommon.so
7fa3a3890000-7fa3a3891000 rw-p 0003b000 08:06 24604                      /usr/lib/x86_64-linux-gnu/gvfs/libgvfscommon.so
7fa3a3891000-7fa3a38c1000 r-xp 00000000 08:06 33479                      /usr/lib/x86_64-linux-gnu/gio/modules/libgvfsdbus.so
7fa3a38c1000-7fa3a3ac1000 ---p 00030000 08:06 33479                      /usr/lib/x86_64-linux-gnu/gio/modules/libgvfsdbus.so
7fa3a3ac1000-7fa3a3ac2000 r--p 00030000 08:06 33479                      /usr/lib/x86_64-linux-gnu/gio/modules/libgvfsdbus.so
7fa3a3ac2000-7fa3a3ac4000 rw-p 00031000 08:06 33479                      /usr/lib/x86_64-linux-gnu/gio/modules/libgvfsdbus.so
7fa3a3ac4000-7fa3a3ad4000 r-xp 00000000 08:06 13395                      /usr/lib/x86_64-linux-gnu/libunity-gtk2-parser.so.0.0.0
7fa3a3ad4000-7fa3a3cd4000 ---p 00010000 08:06 13395                      /usr/lib/x86_64-linux-gnu/libunity-gtk2-parser.so.0.0.0
7fa3a3cd4000-7fa3a3cd5000 r--p 00010000 08:06 13395                      /usr/lib/x86_64-linux-gnu/libunity-gtk2-parser.so.0.0.0
7fa3a3cd5000-7fa3a3cd6000 rw-p 00011000 08:06 13395                      /usr/lib/x86_64-linux-gnu/libunity-gtk2-parser.so.0.0.0
7fa3a3cd6000-7fa3a3cdb000 r-xp 00000000 08:06 30669                      /usr/lib/x86_64-linux-gnu/gtk-2.0/modules/libunity-gtk-module.so
7fa3a3cdb000-7fa3a3eda000 ---p 00005000 08:06 30669                      /usr/lib/x86_64-linux-gnu/gtk-2.0/modules/libunity-gtk-module.so
7fa3a3eda000-7fa3a3edb000 r--p 00004000 08:06 30669                      /usr/lib/x86_64-linux-gnu/gtk-2.0/modules/libunity-gtk-module.so
7fa3a3edb000-7fa3a3edc000 rw-p 00005000 08:06 30669                      /usr/lib/x86_64-linux-gnu/gtk-2.0/modules/libunity-gtk-module.so
7fa3a3edc000-7fa3a3ee2000 r-xp 00000000 08:06 10263                      /usr/lib/x86_64-linux-gnu/libdatrie.so.1.3.3
7fa3a3ee2000-7fa3a40e2000 ---p 00006000 08:06 10263                      /usr/lib/x86_64-linux-gnu/libdatrie.so.1.3.3
7fa3a40e2000-7fa3a40e3000 r--p 00006000 08:06 10263                      /usr/lib/x86_64-linux-gnu/libdatrie.so.1.3.3
7fa3a40e3000-7fa3a40e4000 rw-p 00007000 08:06 10263                      /usr/lib/x86_64-linux-gnu/libdatrie.so.1.3.3
7fa3a40e4000-7fa3a4108000 r-xp 00000000 08:06 9432                       /usr/lib/x86_64-linux-gnu/libgraphite2.so.3.0.1
7fa3a4108000-7fa3a4307000 ---p 00024000 08:06 9432                       /usr/lib/x86_64-linux-gnu/libgraphite2.so.3.0.1
7fa3a4307000-7fa3a4309000 r--p 00023000 08:06 9432                       /usr/lib/x86_64-linux-gnu/libgraphite2.so.3.0.1
7fa3a4309000-7fa3a430a000 rw-p 00025000 08:06 9432                       /usr/lib/x86_64-linux-gnu/libgraphite2.so.3.0.1
7fa3a430a000-7fa3a4312000 r-xp 00000000 08:06 11095                      /usr/lib/x86_64-linux-gnu/libthai.so.0.2.4
7fa3a4312000-7fa3a4511000 ---p 00008000 08:06 11095                      /usr/lib/x86_64-linux-gnu/libthai.so.0.2.4
7fa3a4511000-7fa3a4512000 r--p 00007000 08:06 11095                      /usr/lib/x86_64-linux-gnu/libthai.so.0.2.4
7fa3a4512000-7fa3a4513000 rw-p 00008000 08:06 11095                      /usr/lib/x86_64-linux-gnu/libthai.so.0.2.4
7fa3a4513000-7fa3a456f000 r-xp 00000000 08:06 10595                      /usr/lib/x86_64-linux-gnu/libharfbuzz.so.0.10000.1
7fa3a456f000-7fa3a476f000 ---p 0005c000 08:06 10595                      /usr/lib/x86_64-linux-gnu/libharfbuzz.so.0.10000.1
7fa3a476f000-7fa3a4770000 r--p 0005c000 08:06 10595                      /usr/lib/x86_64-linux-gnu/libharfbuzz.so.0.10000.1
7fa3a4770000-7fa3a4771000 rw-p 0005d000 08:06 10595                      /usr/lib/x86_64-linux-gnu/libharfbuzz.so.0.10000.1
7fa3a4771000-7fa3a47df000 r-xp 00000000 08:06 5247573                    /lib/x86_64-linux-gnu/libpcre.so.3.13.2
7fa3a47df000-7fa3a49df000 ---p 0006e000 08:06 5247573                    /lib/x86_64-linux-gnu/libpcre.so.3.13.2
7fa3a49df000-7fa3a49e0000 r--p 0006e000 08:06 5247573                    /lib/x86_64-linux-gnu/libpcre.so.3.13.2
7fa3a49e0000-7fa3a49e1000 rw-p 0006f000 08:06 5247573                    /lib/x86_64-linux-gnu/libpcre.so.3.13.2
7fa3a49e1000-7fa3a49f8000 r-xp 00000000 08:06 5248714                    /lib/x86_64-linux-gnu/libresolv-2.23.so
7fa3a49f8000-7fa3a4bf8000 ---p 00017000 08:06 5248714                    /lib/x86_64-linux-gnu/libresolv-2.23.so
7fa3a4bf8000-7fa3a4bf9000 r--p 00017000 08:06 5248714                    /lib/x86_64-linux-gnu/libresolv-2.23.so
7fa3a4bf9000-7fa3a4bfa000 rw-p 00018000 08:06 5248714                    /lib/x86_64-linux-gnu/libresolv-2.23.so
7fa3a4bfa000-7fa3a4bfc000 rw-p 00000000 00:00 0 
7fa3a4bfc000-7fa3a4c1b000 r-xp 00000000 08:06 5247602                    /lib/x86_64-linux-gnu/libselinux.so.1
7fa3a4c1b000-7fa3a4e1a000 ---p 0001f000 08:06 5247602                    /lib/x86_64-linux-gnu/libselinux.so.1
7fa3a4e1a000-7fa3a4e1b000 r--p 0001e000 08:06 5247602                    /lib/x86_64-linux-gnu/libselinux.so.1
7fa3a4e1b000-7fa3a4e1c000 rw-p 0001f000 08:06 5247602                    /lib/x86_64-linux-gnu/libselinux.so.1
7fa3a4e1c000-7fa3a4e1e000 rw-p 00000000 00:00 0 
7fa3a4e1e000-7fa3a4e26000 r-xp 00000000 08:06 11230                      /usr/lib/x86_64-linux-gnu/libxcb-render.so.0.0.0
7fa3a4e26000-7fa3a5026000 ---p 00008000 08:06 11230                      /usr/lib/x86_64-linux-gnu/libxcb-render.so.0.0.0
7fa3a5026000-7fa3a5027000 r--p 00008000 08:06 11230                      /usr/lib/x86_64-linux-gnu/libxcb-render.so.0.0.0
7fa3a5027000-7fa3a5028000 rw-p 00009000 08:06 11230                      /usr/lib/x86_64-linux-gnu/libxcb-render.so.0.0.0
7fa3a5028000-7fa3a502a000 r-xp 00000000 08:06 11234                      /usr/lib/x86_64-linux-gnu/libxcb-shm.so.0.0.0
7fa3a502a000-7fa3a522a000 ---p 00002000 08:06 11234                      /usr/lib/x86_64-linux-gnu/libxcb-shm.so.0.0.0
7fa3a522a000-7fa3a522b000 r--p 00002000 08:06 11234                      /usr/lib/x86_64-linux-gnu/libxcb-shm.so.0.0.0
7fa3a522b000-7fa3a522c000 rw-p 00003000 08:06 11234                      /usr/lib/x86_64-linux-gnu/libxcb-shm.so.0.0.0
7fa3a522c000-7fa3a5250000 r-xp 00000000 08:06 5247585                    /lib/x86_64-linux-gnu/libpng12.so.0.54.0
7fa3a5250000-7fa3a544f000 ---p 00024000 08:06 5247585                    /lib/x86_64-linux-gnu/libpng12.so.0.54.0
7fa3a544f000-7fa3a5450000 r--p 00023000 08:06 5247585                    /lib/x86_64-linux-gnu/libpng12.so.0.54.0
7fa3a5450000-7fa3a5451000 rw-p 00024000 08:06 5247585                    /lib/x86_64-linux-gnu/libpng12.so.0.54.0
7fa3a5451000-7fa3a54f5000 r-xp 00000000 08:06 10418                      /usr/lib/x86_64-linux-gnu/libfreetype.so.6.12.1
7fa3a54f5000-7fa3a56f4000 ---p 000a4000 08:06 10418                      /usr/lib/x86_64-linux-gnu/libfreetype.so.6.12.1
7fa3a56f4000-7fa3a56fa000 r--p 000a3000 08:06 10418                      /usr/lib/x86_64-linux-gnu/libfreetype.so.6.12.1
7fa3a56fa000-7fa3a56fb000 rw-p 000a9000 08:06 10418                      /usr/lib/x86_64-linux-gnu/libfreetype.so.6.12.1
7fa3a56fb000-7fa3a579a000 r-xp 00000000 08:06 10905                      /usr/lib/x86_64-linux-gnu/libpixman-1.so.0.33.6
7fa3a579a000-7fa3a599a000 ---p 0009f000 08:06 10905                      /usr/lib/x86_64-linux-gnu/libpixman-1.so.0.33.6
7fa3a599a000-7fa3a59a2000 r--p 0009f000 08:06 10905                      /usr/lib/x86_64-linux-gnu/libpixman-1.so.0.33.6
7fa3a59a2000-7fa3a59a3000 rw-p 000a7000 08:06 10905                      /usr/lib/x86_64-linux-gnu/libpixman-1.so.0.33.6
7fa3a59a3000-7fa3a59a5000 r-xp 00000000 08:06 10023                      /usr/lib/x86_64-linux-gnu/libXcomposite.so.1.0.0
7fa3a59a5000-7fa3a5ba4000 ---p 00002000 08:06 10023                      /usr/lib/x86_64-linux-gnu/libXcomposite.so.1.0.0
7fa3a5ba4000-7fa3a5ba5000 r--p 00001000 08:06 10023                      /usr/lib/x86_64-linux-gnu/libXcomposite.so.1.0.0
7fa3a5ba5000-7fa3a5ba6000 rw-p 00002000 08:06 10023                      /usr/lib/x86_64-linux-gnu/libXcomposite.so.1.0.0
7fa3a5ba6000-7fa3a5baf000 r-xp 00000000 08:06 3963                       /usr/lib/x86_64-linux-gnu/libXcursor.so.1.0.2
7fa3a5baf000-7fa3a5dae000 ---p 00009000 08:06 3963                       /usr/lib/x86_64-linux-gnu/libXcursor.so.1.0.2
7fa3a5dae000-7fa3a5daf000 r--p 00008000 08:06 3963                       /usr/lib/x86_64-linux-gnu/libXcursor.so.1.0.2
7fa3a5daf000-7fa3a5db0000 rw-p 00009000 08:06 3963                       /usr/lib/x86_64-linux-gnu/libXcursor.so.1.0.2
7fa3a5db0000-7fa3a5dba000 r-xp 00000000 08:06 10051                      /usr/lib/x86_64-linux-gnu/libXrandr.so.2.2.0
7fa3a5dba000-7fa3a5fb9000 ---p 0000a000 08:06 10051                      /usr/lib/x86_64-linux-gnu/libXrandr.so.2.2.0
7fa3a5fb9000-7fa3a5fba000 r--p 00009000 08:06 10051                      /usr/lib/x86_64-linux-gnu/libXrandr.so.2.2.0
7fa3a5fba000-7fa3a5fbb000 rw-p 0000a000 08:06 10051                      /usr/lib/x86_64-linux-gnu/libXrandr.so.2.2.0
7fa3a5fbb000-7fa3a5fca000 r-xp 00000000 08:06 10041                      /usr/lib/x86_64-linux-gnu/libXi.so.6.1.0
7fa3a5fca000-7fa3a61c9000 ---p 0000f000 08:06 10041                      /usr/lib/x86_64-linux-gnu/libXi.so.6.1.0
7fa3a61c9000-7fa3a61ca000 r--p 0000e000 08:06 10041                      /usr/lib/x86_64-linux-gnu/libXi.so.6.1.0
7fa3a61ca000-7fa3a61cb000 rw-p 0000f000 08:06 10041                      /usr/lib/x86_64-linux-gnu/libXi.so.6.1.0
7fa3a61cb000-7fa3a61cd000 r-xp 00000000 08:06 10043                      /usr/lib/x86_64-linux-gnu/libXinerama.so.1.0.0
7fa3a61cd000-7fa3a63cc000 ---p 00002000 08:06 10043                      /usr/lib/x86_64-linux-gnu/libXinerama.so.1.0.0
7fa3a63cc000-7fa3a63cd000 r--p 00001000 08:06 10043                      /usr/lib/x86_64-linux-gnu/libXinerama.so.1.0.0
7fa3a63cd000-7fa3a63ce000 rw-p 00002000 08:06 10043                      /usr/lib/x86_64-linux-gnu/libXinerama.so.1.0.0
7fa3a63ce000-7fa3a63d7000 r-xp 00000000 08:06 10053                      /usr/lib/x86_64-linux-gnu/libXrender.so.1.3.0
7fa3a63d7000-7fa3a65d6000 ---p 00009000 08:06 10053                      /usr/lib/x86_64-linux-gnu/libXrender.so.1.3.0
7fa3a65d6000-7fa3a65d7000 r--p 00008000 08:06 10053                      /usr/lib/x86_64-linux-gnu/libXrender.so.1.3.0
7fa3a65d7000-7fa3a65d8000 rw-p 00009000 08:06 10053                      /usr/lib/x86_64-linux-gnu/libXrender.so.1.3.0
7fa3a65d8000-7fa3a6615000 r-xp 00000000 08:06 10408                      /usr/lib/x86_64-linux-gnu/libfontconfig.so.1.9.0
7fa3a6615000-7fa3a6814000 ---p 0003d000 08:06 10408                      /usr/lib/x86_64-linux-gnu/libfontconfig.so.1.9.0
7fa3a6814000-7fa3a6816000 r--p 0003c000 08:06 10408                      /usr/lib/x86_64-linux-gnu/libfontconfig.so.1.9.0
7fa3a6816000-7fa3a681b000 rw-p 0003e000 08:06 10408                      /usr/lib/x86_64-linux-gnu/libfontconfig.so.1.9.0
7fa3a681b000-7fa3a6864000 r-xp 00000000 08:06 10881                      /usr/lib/x86_64-linux-gnu/libpango-1.0.so.0.3800.1
7fa3a6864000-7fa3a6a64000 ---p 00049000 08:06 10881                      /usr/lib/x86_64-linux-gnu/libpango-1.0.so.0.3800.1
7fa3a6a64000-7fa3a6a66000 r--p 00049000 08:06 10881                      /usr/lib/x86_64-linux-gnu/libpango-1.0.so.0.3800.1
7fa3a6a66000-7fa3a6a67000 rw-p 0004b000 08:06 10881                      /usr/lib/x86_64-linux-gnu/libpango-1.0.so.0.3800.1
7fa3a6a67000-7fa3a6a7b000 r-xp 00000000 08:06 10885                      /usr/lib/x86_64-linux-gnu/libpangoft2-1.0.so.0.3800.1
7fa3a6a7b000-7fa3a6c7b000 ---p 00014000 08:06 10885                      /usr/lib/x86_64-linux-gnu/libpangoft2-1.0.so.0.3800.1
7fa3a6c7b000-7fa3a6c7c000 r--p 00014000 08:06 10885                      /usr/lib/x86_64-linux-gnu/libpangoft2-1.0.so.0.3800.1
7fa3a6c7c000-7fa3a6c7d000 rw-p 00015000 08:06 10885                      /usr/lib/x86_64-linux-gnu/libpangoft2-1.0.so.0.3800.1
7fa3a6c7d000-7fa3a6c9f000 r-xp 00000000 08:06 10117                      /usr/lib/x86_64-linux-gnu/libatk-1.0.so.0.21809.1
7fa3a6c9f000-7fa3a6e9e000 ---p 00022000 08:06 10117                      /usr/lib/x86_64-linux-gnu/libatk-1.0.so.0.21809.1
7fa3a6e9e000-7fa3a6ea1000 r--p 00021000 08:06 10117                      /usr/lib/x86_64-linux-gnu/libatk-1.0.so.0.21809.1
7fa3a6ea1000-7fa3a6ea2000 rw-p 00024000 08:06 10117                      /usr/lib/x86_64-linux-gnu/libatk-1.0.so.0.21809.1
7fa3a6ea2000-7fa3a6eae000 r-xp 00000000 08:06 10883                      /usr/lib/x86_64-linux-gnu/libpangocairo-1.0.so.0.3800.1
7fa3a6eae000-7fa3a70ad000 ---p 0000c000 08:06 10883                      /usr/lib/x86_64-linux-gnu/libpangocairo-1.0.so.0.3800.1
7fa3a70ad000-7fa3a70ae000 r--p 0000b000 08:06 10883                      /usr/lib/x86_64-linux-gnu/libpangocairo-1.0.so.0.3800.1
7fa3a70ae000-7fa3a70af000 rw-p 0000c000 08:06 10883                      /usr/lib/x86_64-linux-gnu/libpangocairo-1.0.so.0.3800.1
7fa3a70af000-7fa3a70b2000 r-xp 00000000 08:06 10489                      /usr/lib/x86_64-linux-gnu/libgmodule-2.0.so.0.4800.2
7fa3a70b2000-7fa3a72b1000 ---p 00003000 08:06 10489                      /usr/lib/x86_64-linux-gnu/libgmodule-2.0.so.0.4800.2
7fa3a72b1000-7fa3a72b2000 r--p 00002000 08:06 10489                      /usr/lib/x86_64-linux-gnu/libgmodule-2.0.so.0.4800.2
7fa3a72b2000-7fa3a72b3000 rw-p 00003000 08:06 10489                      /usr/lib/x86_64-linux-gnu/libgmodule-2.0.so.0.4800.2
7fa3a72b3000-7fa3a72b8000 r-xp 00000000 08:06 10059                      /usr/lib/x86_64-linux-gnu/libXtst.so.6.1.0
7fa3a72b8000-7fa3a74b7000 ---p 00005000 08:06 10059                      /usr/lib/x86_64-linux-gnu/libXtst.so.6.1.0
7fa3a74b7000-7fa3a74b8000 r--p 00004000 08:06 10059                      /usr/lib/x86_64-linux-gnu/libXtst.so.6.1.0
7fa3a74b8000-7fa3a74b9000 rw-p 00005000 08:06 10059                      /usr/lib/x86_64-linux-gnu/libXtst.so.6.1.0
7fa3a74b9000-7fa3a75c8000 r-xp 00000000 08:06 5247486                    /lib/x86_64-linux-gnu/libglib-2.0.so.0.4800.2
7fa3a75c8000-7fa3a77c7000 ---p 0010f000 08:06 5247486                    /lib/x86_64-linux-gnu/libglib-2.0.so.0.4800.2
7fa3a77c7000-7fa3a77c8000 r--p 0010e000 08:06 5247486                    /lib/x86_64-linux-gnu/libglib-2.0.so.0.4800.2
7fa3a77c8000-7fa3a77c9000 rw-p 0010f000 08:06 5247486                    /lib/x86_64-linux-gnu/libglib-2.0.so.0.4800.2
7fa3a77c9000-7fa3a77ca000 rw-p 00000000 00:00 0 
7fa3a77ca000-7fa3a77cb000 r-xp 00000000 08:06 10567                      /usr/lib/x86_64-linux-gnu/libgthread-2.0.so.0.4800.2
7fa3a77cb000-7fa3a79ca000 ---p 00001000 08:06 10567                      /usr/lib/x86_64-linux-gnu/libgthread-2.0.so.0.4800.2
7fa3a79ca000-7fa3a79cb000 r--p 00000000 08:06 10567                      /usr/lib/x86_64-linux-gnu/libgthread-2.0.so.0.4800.2
7fa3a79cb000-7fa3a79cc000 rw-p 00001000 08:06 10567                      /usr/lib/x86_64-linux-gnu/libgthread-2.0.so.0.4800.2
7fa3a79cc000-7fa3a7a1e000 r-xp 00000000 08:06 10505                      /usr/lib/x86_64-linux-gnu/libgobject-2.0.so.0.4800.2
7fa3a7a1e000-7fa3a7c1d000 ---p 00052000 08:06 10505                      /usr/lib/x86_64-linux-gnu/libgobject-2.0.so.0.4800.2
7fa3a7c1d000-7fa3a7c1e000 r--p 00051000 08:06 10505                      /usr/lib/x86_64-linux-gnu/libgobject-2.0.so.0.4800.2
7fa3a7c1e000-7fa3a7c1f000 rw-p 00052000 08:06 10505                      /usr/lib/x86_64-linux-gnu/libgobject-2.0.so.0.4800.2
7fa3a7c1f000-7fa3a7d9f000 r-xp 00000000 08:06 10475                      /usr/lib/x86_64-linux-gnu/libgio-2.0.so.0.4800.2
7fa3a7d9f000-7fa3a7f9f000 ---p 00180000 08:06 10475                      /usr/lib/x86_64-linux-gnu/libgio-2.0.so.0.4800.2
7fa3a7f9f000-7fa3a7fa3000 r--p 00180000 08:06 10475                      /usr/lib/x86_64-linux-gnu/libgio-2.0.so.0.4800.2
7fa3a7fa3000-7fa3a7fa5000 rw-p 00184000 08:06 10475                      /usr/lib/x86_64-linux-gnu/libgio-2.0.so.0.4800.2
7fa3a7fa5000-7fa3a7fa7000 rw-p 00000000 00:00 0 
7fa3a7fa7000-7fa3a7fc8000 r-xp 00000000 08:06 7561                       /usr/lib/x86_64-linux-gnu/libgdk_pixbuf-2.0.so.0.3200.2
7fa3a7fc8000-7fa3a81c7000 ---p 00021000 08:06 7561                       /usr/lib/x86_64-linux-gnu/libgdk_pixbuf-2.0.so.0.3200.2
7fa3a81c7000-7fa3a81c8000 r--p 00020000 08:06 7561                       /usr/lib/x86_64-linux-gnu/libgdk_pixbuf-2.0.so.0.3200.2
7fa3a81c8000-7fa3a81c9000 rw-p 00021000 08:06 7561                       /usr/lib/x86_64-linux-gnu/libgdk_pixbuf-2.0.so.0.3200.2
7fa3a81c9000-7fa3a82d7000 r-xp 00000000 08:06 10180                      /usr/lib/x86_64-linux-gnu/libcairo.so.2.11400.6
7fa3a82d7000-7fa3a84d7000 ---p 0010e000 08:06 10180                      /usr/lib/x86_64-linux-gnu/libcairo.so.2.11400.6
7fa3a84d7000-7fa3a84da000 r--p 0010e000 08:06 10180                      /usr/lib/x86_64-linux-gnu/libcairo.so.2.11400.6
7fa3a84da000-7fa3a84db000 rw-p 00111000 08:06 10180                      /usr/lib/x86_64-linux-gnu/libcairo.so.2.11400.6
7fa3a84db000-7fa3a84dd000 rw-p 00000000 00:00 0 
7fa3a84dd000-7fa3a858d000 r-xp 00000000 08:06 7946                       /usr/lib/x86_64-linux-gnu/libgdk-x11-2.0.so.0.2400.30
7fa3a858d000-7fa3a878c000 ---p 000b0000 08:06 7946                       /usr/lib/x86_64-linux-gnu/libgdk-x11-2.0.so.0.2400.30
7fa3a878c000-7fa3a8790000 r--p 000af000 08:06 7946                       /usr/lib/x86_64-linux-gnu/libgdk-x11-2.0.so.0.2400.30
7fa3a8790000-7fa3a8792000 rw-p 000b3000 08:06 7946                       /usr/lib/x86_64-linux-gnu/libgdk-x11-2.0.so.0.2400.30
7fa3a8792000-7fa3a8bd0000 r-xp 00000000 08:06 7947                       /usr/lib/x86_64-linux-gnu/libgtk-x11-2.0.so.0.2400.30
7fa3a8bd0000-7fa3a8dcf000 ---p 0043e000 08:06 7947                       /usr/lib/x86_64-linux-gnu/libgtk-x11-2.0.so.0.2400.30
7fa3a8dcf000-7fa3a8dd6000 r--p 0043d000 08:06 7947                       /usr/lib/x86_64-linux-gnu/libgtk-x11-2.0.so.0.2400.30
7fa3a8dd6000-7fa3a8dda000 rw-p 00444000 08:06 7947                       /usr/lib/x86_64-linux-gnu/libgtk-x11-2.0.so.0.2400.30
7fa3a8dda000-7fa3a8ddd000 rw-p 00000000 00:00 0 
7fa3a8ddd000-7fa3a8e05000 r-xp 00000000 08:06 8841                       /usr/lib/jvm/java-8-openjdk-amd64/jre/lib/amd64/libglass.so
7fa3a8e05000-7fa3a9005000 ---p 00028000 08:06 8841                       /usr/lib/jvm/java-8-openjdk-amd64/jre/lib/amd64/libglass.so
7fa3a9005000-7fa3a9006000 r--p 00028000 08:06 8841                       /usr/lib/jvm/java-8-openjdk-amd64/jre/lib/amd64/libglass.so
7fa3a9006000-7fa3a9007000 rw-p 00029000 08:06 8841                       /usr/lib/jvm/java-8-openjdk-amd64/jre/lib/amd64/libglass.so
7fa3a9007000-7fa3a9008000 ---p 00000000 00:00 0 
7fa3a9008000-7fa3a9808000 rw-p 00000000 00:00 0 
7fa3a9808000-7fa3a9809000 ---p 00000000 00:00 0 
7fa3a9809000-7fa3aa009000 rw-p 00000000 00:00 0 
7fa3aa009000-7fa3aa00a000 ---p 00000000 00:00 0 
7fa3aa00a000-7fa3aa80a000 rw-p 00000000 00:00 0 
7fa3aa80a000-7fa3aa80b000 ---p 00000000 00:00 0 
7fa3aa80b000-7fa3ab00b000 rw-p 00000000 00:00 0 
7fa3ab00b000-7fa3ab00c000 ---p 00000000 00:00 0 
7fa3ab00c000-7fa3ab80c000 rw-p 00000000 00:00 0 
7fa3ab80c000-7fa3ab80d000 ---p 00000000 00:00 0 
7fa3ab80d000-7fa3ac00d000 rw-p 00000000 00:00 0 
7fa3ac00d000-7fa3ac044000 r-xp 00000000 08:06 11120                      /usr/lib/x86_64-linux-gnu/libtxc_dxtn_s2tc.so.0.0.0
7fa3ac044000-7fa3ac243000 ---p 00037000 08:06 11120                      /usr/lib/x86_64-linux-gnu/libtxc_dxtn_s2tc.so.0.0.0
7fa3ac243000-7fa3ac244000 r--p 00036000 08:06 11120                      /usr/lib/x86_64-linux-gnu/libtxc_dxtn_s2tc.so.0.0.0
7fa3ac244000-7fa3ac245000 rw-p 00037000 08:06 11120                      /usr/lib/x86_64-linux-gnu/libtxc_dxtn_s2tc.so.0.0.0
7fa3ac245000-7fa3ac246000 ---p 00000000 00:00 0 
7fa3ac246000-7fa3aca46000 rw-p 00000000 00:00 0 
7fa3aca46000-7fa3afbed000 r-xp 00000000 08:06 3905                       /usr/lib/x86_64-linux-gnu/libLLVM-5.0.so.1
7fa3afbed000-7fa3aff3d000 r--p 031a6000 08:06 3905                       /usr/lib/x86_64-linux-gnu/libLLVM-5.0.so.1
7fa3aff3d000-7fa3affad000 rw-p 034f6000 08:06 3905                       /usr/lib/x86_64-linux-gnu/libLLVM-5.0.so.1
7fa3affad000-7fa3b0000000 rw-p 00000000 00:00 0 
7fa3b0000000-7fa3b047e000 rw-p 00000000 00:00 0 
7fa3b047e000-7fa3b4000000 ---p 00000000 00:00 0 
7fa3b4000000-7fa3b4001000 r--s 00000000 08:06 1704002                    /var/cache/fontconfig/4794a0821666d79190d59a36cb4f44b5-le64.cache-6
7fa3b4001000-7fa3b4002000 r--s 00000000 08:06 1704008                    /var/cache/fontconfig/bab58bb527bb656aaa9f116d68a48d89-le64.cache-6
7fa3b4002000-7fa3b4003000 r--s 00000000 08:06 1704030                    /var/cache/fontconfig/56cf4f4769d0f4abc89a4895d7bd3ae1-le64.cache-6
7fa3b4003000-7fa3b4004000 r--s 00000000 08:06 1704029                    /var/cache/fontconfig/b9d506c9ac06c20b433354fa67a72993-le64.cache-6
7fa3b4004000-7fa3b400a000 r--s 00000000 08:06 1704035                    /var/cache/fontconfig/b47c4e1ecd0709278f4910c18777a504-le64.cache-6
7fa3b400a000-7fa3b400b000 r--s 00000000 08:06 1713568                    /var/cache/fontconfig/551ecf3b0e8b0bca0f25c0944f561853-le64.cache-6
7fa3b400b000-7fa3b4016000 r--s 00000000 08:06 1704009                    /var/cache/fontconfig/d589a48862398ed80a3d6066f4f56f4c-le64.cache-6
7fa3b4016000-7fa3b4019000 r--s 00000000 08:06 1704023                    /var/cache/fontconfig/75114ca45c98e8a441da0ff356701271-le64.cache-6
7fa3b4019000-7fa3b4024000 r--s 00000000 08:06 1704027                    /var/cache/fontconfig/83bf95040141907cd45bb53cf7c1c148-le64.cache-6
7fa3b4024000-7fa3b4036000 r--s 00000000 08:06 1704005                    /var/cache/fontconfig/9b89f8e3dae116d678bbf48e5f21f69b-le64.cache-6
7fa3b4036000-7fa3b4043000 r--s 00000000 08:06 2633402                    /home/danieledt/.cache/fontconfig/e13b20fdb08344e0e664864cc2ede53d-le64.cache-6
7fa3b4043000-7fa3b4047000 r--s 00000000 08:06 1705584                    /var/cache/fontconfig/7ef2298fde41cc6eeb7af42e48b7d293-le64.cache-6
7fa3b4047000-7fa3b404a000 r--s 0001e000 08:06 3543301                    /home/danieledt/Documenti/Eclipse/BD/jgoodies-forms-1.8.0.jar
7fa3b404a000-7fa3b4054000 r--s 000b7000 08:06 263629                     /home/danieledt/Documenti/Eclipse/BD/lib/postgresql-42.2.2.jar
7fa3b4054000-7fa3b4068000 r--p 00000000 08:06 22094                      /usr/share/glib-2.0/schemas/gschemas.compiled
7fa3b4068000-7fa3b407c000 r--p 00000000 08:06 22094                      /usr/share/glib-2.0/schemas/gschemas.compiled
7fa3b407c000-7fa3b4095000 r--p 00000000 08:06 136726                     /usr/share/locale-langpack/it/LC_MESSAGES/glib20.mo
7fa3b4095000-7fa3b40bf000 r--p 00000000 08:06 131036                     /usr/share/locale-langpack/it/LC_MESSAGES/gtk20-properties.mo
7fa3b40bf000-7fa3b40df000 rw-s 1050bb000 00:06 332                       /dev/dri/renderD128
7fa3b40df000-7fa3b40ef000 rw-s 102d35000 00:06 332                       /dev/dri/renderD128
7fa3b40ef000-7fa3b4230000 rw-s 00000000 08:06 2621909                    /home/danieledt/.cache/mesa/index
7fa3b4230000-7fa3b4231000 ---p 00000000 00:00 0 
7fa3b4231000-7fa3b4a31000 rw-p 00000000 00:00 0 
7fa3b4a31000-7fa3b4a44000 r-xp 00000000 08:06 5247440                    /lib/x86_64-linux-gnu/libbsd.so.0.8.2
7fa3b4a44000-7fa3b4c43000 ---p 00013000 08:06 5247440                    /lib/x86_64-linux-gnu/libbsd.so.0.8.2
7fa3b4c43000-7fa3b4c44000 r--p 00012000 08:06 5247440                    /lib/x86_64-linux-gnu/libbsd.so.0.8.2
7fa3b4c44000-7fa3b4c45000 rw-p 00013000 08:06 5247440                    /lib/x86_64-linux-gnu/libbsd.so.0.8.2
7fa3b4c45000-7fa3b4c46000 rw-p 00000000 00:00 0 
7fa3b4c46000-7fa3b4c6b000 r-xp 00000000 08:06 5247616                    /lib/x86_64-linux-gnu/libtinfo.so.5.9
7fa3b4c6b000-7fa3b4e6a000 ---p 00025000 08:06 5247616                    /lib/x86_64-linux-gnu/libtinfo.so.5.9
7fa3b4e6a000-7fa3b4e6e000 r--p 00024000 08:06 5247616                    /lib/x86_64-linux-gnu/libtinfo.so.5.9
7fa3b4e6e000-7fa3b4e6f000 rw-p 00028000 08:06 5247616                    /lib/x86_64-linux-gnu/libtinfo.so.5.9
7fa3b4e6f000-7fa3b4ea0000 r-xp 00000000 08:06 10328                      /usr/lib/x86_64-linux-gnu/libedit.so.2.0.53
7fa3b4ea0000-7fa3b50a0000 ---p 00031000 08:06 10328                      /usr/lib/x86_64-linux-gnu/libedit.so.2.0.53
7fa3b50a0000-7fa3b50a2000 r--p 00031000 08:06 10328                      /usr/lib/x86_64-linux-gnu/libedit.so.2.0.53
7fa3b50a2000-7fa3b50a3000 rw-p 00033000 08:06 10328                      /usr/lib/x86_64-linux-gnu/libedit.so.2.0.53
7fa3b50a3000-7fa3b50a7000 rw-p 00000000 00:00 0 
7fa3b50a7000-7fa3b50ae000 r-xp 00000000 08:06 10368                      /usr/lib/x86_64-linux-gnu/libffi.so.6.0.4
7fa3b50ae000-7fa3b52ad000 ---p 00007000 08:06 10368                      /usr/lib/x86_64-linux-gnu/libffi.so.6.0.4
7fa3b52ad000-7fa3b52ae000 r--p 00006000 08:06 10368                      /usr/lib/x86_64-linux-gnu/libffi.so.6.0.4
7fa3b52ae000-7fa3b52af000 rw-p 00007000 08:06 10368                      /usr/lib/x86_64-linux-gnu/libffi.so.6.0.4
7fa3b52af000-7fa3b52c6000 r-xp 00000000 08:06 8183                       /usr/lib/x86_64-linux-gnu/libelf-0.165.so
7fa3b52c6000-7fa3b54c5000 ---p 00017000 08:06 8183                       /usr/lib/x86_64-linux-gnu/libelf-0.165.so
7fa3b54c5000-7fa3b54c6000 r--p 00016000 08:06 8183                       /usr/lib/x86_64-linux-gnu/libelf-0.165.so
7fa3b54c6000-7fa3b54c7000 rw-p 00017000 08:06 8183                       /usr/lib/x86_64-linux-gnu/libelf-0.165.so
7fa3b54c7000-7fa3b54cf000 r-xp 00000000 08:06 5441                       /usr/lib/x86_64-linux-gnu/libdrm_amdgpu.so.1.0.0
7fa3b54cf000-7fa3b56cf000 ---p 00008000 08:06 5441                       /usr/lib/x86_64-linux-gnu/libdrm_amdgpu.so.1.0.0
7fa3b56cf000-7fa3b56d0000 r--p 00008000 08:06 5441                       /usr/lib/x86_64-linux-gnu/libdrm_amdgpu.so.1.0.0
7fa3b56d0000-7fa3b56d1000 rw-p 00009000 08:06 5441                       /usr/lib/x86_64-linux-gnu/libdrm_amdgpu.so.1.0.0
7fa3b56d1000-7fa3b56dc000 r-xp 00000000 08:06 4253                       /usr/lib/x86_64-linux-gnu/libdrm_radeon.so.1.0.1
7fa3b56dc000-7fa3b58db000 ---p 0000b000 08:06 4253                       /usr/lib/x86_64-linux-gnu/libdrm_radeon.so.1.0.1
7fa3b58db000-7fa3b58dc000 r--p 0000a000 08:06 4253                       /usr/lib/x86_64-linux-gnu/libdrm_radeon.so.1.0.1
7fa3b58dc000-7fa3b58dd000 rw-p 0000b000 08:06 4253                       /usr/lib/x86_64-linux-gnu/libdrm_radeon.so.1.0.1
7fa3b58dd000-7fa3b58e4000 r-xp 00000000 08:06 4229                       /usr/lib/x86_64-linux-gnu/libdrm_nouveau.so.2.0.0
7fa3b58e4000-7fa3b5ae3000 ---p 00007000 08:06 4229                       /usr/lib/x86_64-linux-gnu/libdrm_nouveau.so.2.0.0
7fa3b5ae3000-7fa3b5ae4000 r--p 00006000 08:06 4229                       /usr/lib/x86_64-linux-gnu/libdrm_nouveau.so.2.0.0
7fa3b5ae4000-7fa3b5ae5000 rw-p 00007000 08:06 4229                       /usr/lib/x86_64-linux-gnu/libdrm_nouveau.so.2.0.0
7fa3b5ae5000-7fa3b5af3000 r-xp 00000000 08:06 11015                      /usr/lib/x86_64-linux-gnu/libsensors.so.4.4.0
7fa3b5af3000-7fa3b5cf2000 ---p 0000e000 08:06 11015                      /usr/lib/x86_64-linux-gnu/libsensors.so.4.4.0
7fa3b5cf2000-7fa3b5cf3000 r--p 0000d000 08:06 11015                      /usr/lib/x86_64-linux-gnu/libsensors.so.4.4.0
7fa3b5cf3000-7fa3b5cf4000 rw-p 0000e000 08:06 11015                      /usr/lib/x86_64-linux-gnu/libsensors.so.4.4.0
7fa3b5cf4000-7fa3b5d03000 r--p 00000000 08:06 134271                     /usr/share/locale-langpack/it/LC_MESSAGES/gtk20.mo
7fa3b5d03000-7fa3b5d13000 rw-s 10242b000 00:06 332                       /dev/dri/renderD128
7fa3b5d13000-7fa3b6742000 r-xp 00000000 08:06 26723                      /usr/lib/x86_64-linux-gnu/dri/radeonsi_dri.so
7fa3b6742000-7fa3b6941000 ---p 00a2f000 08:06 26723                      /usr/lib/x86_64-linux-gnu/dri/radeonsi_dri.so
7fa3b6941000-7fa3b6982000 r--p 00a2e000 08:06 26723                      /usr/lib/x86_64-linux-gnu/dri/radeonsi_dri.so
7fa3b6982000-7fa3b698b000 rw-p 00a6f000 08:06 26723                      /usr/lib/x86_64-linux-gnu/dri/radeonsi_dri.so
7fa3b698b000-7fa3b6b82000 rw-p 00000000 00:00 0 
7fa3b6b82000-7fa3b6ba4000 r--p 00000000 08:06 136931                     /usr/share/locale-langpack/it/LC_MESSAGES/libc.mo
7fa3b6ba4000-7fa3b6ba9000 r-xp 00000000 08:06 10029                      /usr/lib/x86_64-linux-gnu/libXdmcp.so.6.0.0
7fa3b6ba9000-7fa3b6da8000 ---p 00005000 08:06 10029                      /usr/lib/x86_64-linux-gnu/libXdmcp.so.6.0.0
7fa3b6da8000-7fa3b6da9000 r--p 00004000 08:06 10029                      /usr/lib/x86_64-linux-gnu/libXdmcp.so.6.0.0
7fa3b6da9000-7fa3b6daa000 rw-p 00005000 08:06 10029                      /usr/lib/x86_64-linux-gnu/libXdmcp.so.6.0.0
7fa3b6daa000-7fa3b6dac000 r-xp 00000000 08:06 10018                      /usr/lib/x86_64-linux-gnu/libXau.so.6.0.0
7fa3b6dac000-7fa3b6fac000 ---p 00002000 08:06 10018                      /usr/lib/x86_64-linux-gnu/libXau.so.6.0.0
7fa3b6fac000-7fa3b6fad000 r--p 00002000 08:06 10018                      /usr/lib/x86_64-linux-gnu/libXau.so.6.0.0
7fa3b6fad000-7fa3b6fae000 rw-p 00003000 08:06 10018                      /usr/lib/x86_64-linux-gnu/libXau.so.6.0.0
7fa3b6fae000-7fa3b6fbe000 r-xp 00000000 08:06 5431                       /usr/lib/x86_64-linux-gnu/libdrm.so.2.4.0
7fa3b6fbe000-7fa3b71bd000 ---p 00010000 08:06 5431                       /usr/lib/x86_64-linux-gnu/libdrm.so.2.4.0
7fa3b71bd000-7fa3b71be000 r--p 0000f000 08:06 5431                       /usr/lib/x86_64-linux-gnu/libdrm.so.2.4.0
7fa3b71be000-7fa3b71bf000 rw-p 00010000 08:06 5431                       /usr/lib/x86_64-linux-gnu/libdrm.so.2.4.0
7fa3b71bf000-7fa3b71c4000 r-xp 00000000 08:06 10069                      /usr/lib/x86_64-linux-gnu/libXxf86vm.so.1.0.0
7fa3b71c4000-7fa3b73c3000 ---p 00005000 08:06 10069                      /usr/lib/x86_64-linux-gnu/libXxf86vm.so.1.0.0
7fa3b73c3000-7fa3b73c4000 r--p 00004000 08:06 10069                      /usr/lib/x86_64-linux-gnu/libXxf86vm.so.1.0.0
7fa3b73c4000-7fa3b73c5000 rw-p 00005000 08:06 10069                      /usr/lib/x86_64-linux-gnu/libXxf86vm.so.1.0.0
7fa3b73c5000-7fa3b73c9000 r-xp 00000000 08:06 11222                      /usr/lib/x86_64-linux-gnu/libxcb-dri2.so.0.0.0
7fa3b73c9000-7fa3b75c8000 ---p 00004000 08:06 11222                      /usr/lib/x86_64-linux-gnu/libxcb-dri2.so.0.0.0
7fa3b75c8000-7fa3b75c9000 r--p 00003000 08:06 11222                      /usr/lib/x86_64-linux-gnu/libxcb-dri2.so.0.0.0
7fa3b75c9000-7fa3b75ca000 rw-p 00004000 08:06 11222                      /usr/lib/x86_64-linux-gnu/libxcb-dri2.so.0.0.0
7fa3b75ca000-7fa3b75e1000 r-xp 00000000 08:06 11226                      /usr/lib/x86_64-linux-gnu/libxcb-glx.so.0.0.0
7fa3b75e1000-7fa3b77e0000 ---p 00017000 08:06 11226                      /usr/lib/x86_64-linux-gnu/libxcb-glx.so.0.0.0
7fa3b77e0000-7fa3b77e2000 r--p 00016000 08:06 11226                      /usr/lib/x86_64-linux-gnu/libxcb-glx.so.0.0.0
7fa3b77e2000-7fa3b77e3000 rw-p 00018000 08:06 11226                      /usr/lib/x86_64-linux-gnu/libxcb-glx.so.0.0.0
7fa3b77e3000-7fa3b77e4000 r-xp 00000000 08:06 10012                      /usr/lib/x86_64-linux-gnu/libX11-xcb.so.1.0.0
7fa3b77e4000-7fa3b79e3000 ---p 00001000 08:06 10012                      /usr/lib/x86_64-linux-gnu/libX11-xcb.so.1.0.0
7fa3b79e3000-7fa3b79e4000 r--p 00000000 08:06 10012                      /usr/lib/x86_64-linux-gnu/libX11-xcb.so.1.0.0
7fa3b79e4000-7fa3b79e5000 rw-p 00001000 08:06 10012                      /usr/lib/x86_64-linux-gnu/libX11-xcb.so.1.0.0
7fa3b79e5000-7fa3b79ea000 r-xp 00000000 08:06 10033                      /usr/lib/x86_64-linux-gnu/libXfixes.so.3.1.0
7fa3b79ea000-7fa3b7be9000 ---p 00005000 08:06 10033                      /usr/lib/x86_64-linux-gnu/libXfixes.so.3.1.0
7fa3b7be9000-7fa3b7bea000 r--p 00004000 08:06 10033                      /usr/lib/x86_64-linux-gnu/libXfixes.so.3.1.0
7fa3b7bea000-7fa3b7beb000 rw-p 00005000 08:06 10033                      /usr/lib/x86_64-linux-gnu/libXfixes.so.3.1.0
7fa3b7beb000-7fa3b7bed000 r-xp 00000000 08:06 10027                      /usr/lib/x86_64-linux-gnu/libXdamage.so.1.1.0
7fa3b7bed000-7fa3b7dec000 ---p 00002000 08:06 10027                      /usr/lib/x86_64-linux-gnu/libXdamage.so.1.1.0
7fa3b7dec000-7fa3b7ded000 r--p 00001000 08:06 10027                      /usr/lib/x86_64-linux-gnu/libXdamage.so.1.1.0
7fa3b7ded000-7fa3b7dee000 rw-p 00002000 08:06 10027                      /usr/lib/x86_64-linux-gnu/libXdamage.so.1.1.0
7fa3b7dee000-7fa3b7dff000 r-xp 00000000 08:06 10031                      /usr/lib/x86_64-linux-gnu/libXext.so.6.4.0
7fa3b7dff000-7fa3b7ffe000 ---p 00011000 08:06 10031                      /usr/lib/x86_64-linux-gnu/libXext.so.6.4.0
7fa3b7ffe000-7fa3b7fff000 r--p 00010000 08:06 10031                      /usr/lib/x86_64-linux-gnu/libXext.so.6.4.0
7fa3b7fff000-7fa3b8000000 rw-p 00011000 08:06 10031                      /usr/lib/x86_64-linux-gnu/libXext.so.6.4.0
7fa3b8000000-7fa3b8021000 rw-p 00000000 00:00 0 
7fa3b8021000-7fa3bc000000 ---p 00000000 00:00 0 
7fa3bc000000-7fa3bc021000 rw-p 00000000 00:00 0 
7fa3bc021000-7fa3c0000000 ---p 00000000 00:00 0 
7fa3c0000000-7fa3c03ed000 rw-p 00000000 00:00 0 
7fa3c03ed000-7fa3c4000000 ---p 00000000 00:00 0 
7fa3c4000000-7fa3c4482000 rw-p 00000000 00:00 0 
7fa3c4482000-7fa3c8000000 ---p 00000000 00:00 0 
7fa3c8000000-7fa3c838e000 rw-p 00000000 00:00 0 
7fa3c838e000-7fa3cc000000 ---p 00000000 00:00 0 
7fa3cc000000-7fa3cc021000 rw-p 00000000 00:00 0 
7fa3cc021000-7fa3d0000000 ---p 00000000 00:00 0 
7fa3d0000000-7fa3d0021000 rw-p 00000000 00:00 0 
7fa3d0021000-7fa3d4000000 ---p 00000000 00:00 0 
7fa3d4000000-7fa3d4021000 rw-p 00000000 00:00 0 
7fa3d4021000-7fa3d8000000 ---p 00000000 00:00 0 
7fa3d8000000-7fa3d8021000 rw-p 00000000 00:00 0 
7fa3d8021000-7fa3dc000000 ---p 00000000 00:00 0 
7fa3dc000000-7fa3dc021000 rw-p 00000000 00:00 0 
7fa3dc021000-7fa3e0000000 ---p 00000000 00:00 0 
7fa3e0000000-7fa3e0021000 rw-p 00000000 00:00 0 
7fa3e0021000-7fa3e4000000 ---p 00000000 00:00 0 
7fa3e4000000-7fa3e4021000 rw-p 00000000 00:00 0 
7fa3e4021000-7fa3e8000000 ---p 00000000 00:00 0 
7fa3e8000000-7fa3e8021000 rw-p 00000000 00:00 0 
7fa3e8021000-7fa3ec000000 ---p 00000000 00:00 0 
7fa3ec000000-7fa3ec001000 r--s 00000000 08:06 1706006                    /var/cache/fontconfig/8a687c406b77f27d99abfeeba937fcce-le64.cache-6
7fa3ec001000-7fa3ec002000 r--s 00000000 08:06 1704003                    /var/cache/fontconfig/30829fa25452a46451e813d634d7f916-le64.cache-6
7fa3ec002000-7fa3ec00e000 rw-s 10051f000 00:06 332                       /dev/dri/renderD128
7fa3ec00e000-7fa3ec039000 r-xp 00000000 08:06 6629                       /usr/lib/x86_64-linux-gnu/libglapi.so.0.0.0
7fa3ec039000-7fa3ec238000 ---p 0002b000 08:06 6629                       /usr/lib/x86_64-linux-gnu/libglapi.so.0.0.0
7fa3ec238000-7fa3ec23c000 r--p 0002a000 08:06 6629                       /usr/lib/x86_64-linux-gnu/libglapi.so.0.0.0
7fa3ec23c000-7fa3ec23d000 rw-p 0002e000 08:06 6629                       /usr/lib/x86_64-linux-gnu/libglapi.so.0.0.0
7fa3ec23d000-7fa3ec23e000 rw-p 00000000 00:00 0 
7fa3ec23e000-7fa3ec23f000 r-xp 00000000 08:06 11273                      /usr/lib/x86_64-linux-gnu/libxshmfence.so.1.0.0
7fa3ec23f000-7fa3ec43f000 ---p 00001000 08:06 11273                      /usr/lib/x86_64-linux-gnu/libxshmfence.so.1.0.0
7fa3ec43f000-7fa3ec440000 r--p 00001000 08:06 11273                      /usr/lib/x86_64-linux-gnu/libxshmfence.so.1.0.0
7fa3ec440000-7fa3ec441000 rw-p 00002000 08:06 11273                      /usr/lib/x86_64-linux-gnu/libxshmfence.so.1.0.0
7fa3ec441000-7fa3ec446000 r-xp 00000000 08:06 11236                      /usr/lib/x86_64-linux-gnu/libxcb-sync.so.1.0.0
7fa3ec446000-7fa3ec646000 ---p 00005000 08:06 11236                      /usr/lib/x86_64-linux-gnu/libxcb-sync.so.1.0.0
7fa3ec646000-7fa3ec647000 r--p 00005000 08:06 11236                      /usr/lib/x86_64-linux-gnu/libxcb-sync.so.1.0.0
7fa3ec647000-7fa3ec648000 rw-p 00006000 08:06 11236                      /usr/lib/x86_64-linux-gnu/libxcb-sync.so.1.0.0
7fa3ec648000-7fa3ec64a000 r-xp 00000000 08:06 11228                      /usr/lib/x86_64-linux-gnu/libxcb-present.so.0.0.0
7fa3ec64a000-7fa3ec849000 ---p 00002000 08:06 11228                      /usr/lib/x86_64-linux-gnu/libxcb-present.so.0.0.0
7fa3ec849000-7fa3ec84a000 r--p 00001000 08:06 11228                      /usr/lib/x86_64-linux-gnu/libxcb-present.so.0.0.0
7fa3ec84a000-7fa3ec84b000 rw-p 00002000 08:06 11228                      /usr/lib/x86_64-linux-gnu/libxcb-present.so.0.0.0
7fa3ec84b000-7fa3ec84d000 r-xp 00000000 08:06 11224                      /usr/lib/x86_64-linux-gnu/libxcb-dri3.so.0.0.0
7fa3ec84d000-7fa3eca4c000 ---p 00002000 08:06 11224                      /usr/lib/x86_64-linux-gnu/libxcb-dri3.so.0.0.0
7fa3eca4c000-7fa3eca4d000 r--p 00001000 08:06 11224                      /usr/lib/x86_64-linux-gnu/libxcb-dri3.so.0.0.0
7fa3eca4d000-7fa3eca4e000 rw-p 00002000 08:06 11224                      /usr/lib/x86_64-linux-gnu/libxcb-dri3.so.0.0.0
7fa3eca4e000-7fa3eca74000 r-xp 00000000 08:06 5247475                    /lib/x86_64-linux-gnu/libexpat.so.1.6.0
7fa3eca74000-7fa3ecc74000 ---p 00026000 08:06 5247475                    /lib/x86_64-linux-gnu/libexpat.so.1.6.0
7fa3ecc74000-7fa3ecc76000 r--p 00026000 08:06 5247475                    /lib/x86_64-linux-gnu/libexpat.so.1.6.0
7fa3ecc76000-7fa3ecc77000 rw-p 00028000 08:06 5247475                    /lib/x86_64-linux-gnu/libexpat.so.1.6.0
7fa3ecc77000-7fa3ecc98000 r-xp 00000000 08:06 11242                      /usr/lib/x86_64-linux-gnu/libxcb.so.1.1.0
7fa3ecc98000-7fa3ece97000 ---p 00021000 08:06 11242                      /usr/lib/x86_64-linux-gnu/libxcb.so.1.1.0
7fa3ece97000-7fa3ece98000 r--p 00020000 08:06 11242                      /usr/lib/x86_64-linux-gnu/libxcb.so.1.1.0
7fa3ece98000-7fa3ece99000 rw-p 00021000 08:06 11242                      /usr/lib/x86_64-linux-gnu/libxcb.so.1.1.0
7fa3ece99000-7fa3ecf07000 r-xp 00000000 08:06 23726                      /usr/lib/x86_64-linux-gnu/mesa/libGL.so.1.2.0
7fa3ecf07000-7fa3ed107000 ---p 0006e000 08:06 23726                      /usr/lib/x86_64-linux-gnu/mesa/libGL.so.1.2.0
7fa3ed107000-7fa3ed10a000 r--p 0006e000 08:06 23726                      /usr/lib/x86_64-linux-gnu/mesa/libGL.so.1.2.0
7fa3ed10a000-7fa3ed10b000 rw-p 00071000 08:06 23726                      /usr/lib/x86_64-linux-gnu/mesa/libGL.so.1.2.0
7fa3ed10b000-7fa3ed10c000 rw-p 00000000 00:00 0 
7fa3ed10c000-7fa3ed241000 r-xp 00000000 08:06 10014                      /usr/lib/x86_64-linux-gnu/libX11.so.6.3.0
7fa3ed241000-7fa3ed441000 ---p 00135000 08:06 10014                      /usr/lib/x86_64-linux-gnu/libX11.so.6.3.0
7fa3ed441000-7fa3ed442000 r--p 00135000 08:06 10014                      /usr/lib/x86_64-linux-gnu/libX11.so.6.3.0
7fa3ed442000-7fa3ed446000 rw-p 00136000 08:06 10014                      /usr/lib/x86_64-linux-gnu/libX11.so.6.3.0
7fa3ed446000-7fa3ed447000 r--s 00000000 08:06 1704020                    /var/cache/fontconfig/0c9eb80ebd1c36541ebe2852d3bb0c49-le64.cache-6
7fa3ed447000-7fa3ed448000 r--s 00000000 08:06 1706004                    /var/cache/fontconfig/c277e94e32b20404286a1ddafa5a80f0-le64.cache-6
7fa3ed448000-7fa3ed449000 r--s 00014000 08:06 3543299                    /home/danieledt/Documenti/Eclipse/BD/miglayout15-swing.jar
7fa3ed449000-7fa3ed44a000 rw-s 00000000 00:05 525698                     /memfd:xshmfence (deleted)
7fa3ed44a000-7fa3ed44e000 r--p 00000000 08:06 2631548                    /home/danieledt/.config/dconf/user
7fa3ed44e000-7fa3ed45e000 rw-s 102c1b000 00:06 332                       /dev/dri/renderD128
7fa3ed45e000-7fa3ed465000 r--s 00000000 08:06 29686                      /usr/lib/x86_64-linux-gnu/gconv/gconv-modules.cache
7fa3ed465000-7fa3ed471000 r-xp 00000000 08:06 8839                       /usr/lib/jvm/java-8-openjdk-amd64/jre/lib/amd64/libprism_es2.so
7fa3ed471000-7fa3ed670000 ---p 0000c000 08:06 8839                       /usr/lib/jvm/java-8-openjdk-amd64/jre/lib/amd64/libprism_es2.so
7fa3ed670000-7fa3ed671000 r--p 0000b000 08:06 8839                       /usr/lib/jvm/java-8-openjdk-amd64/jre/lib/amd64/libprism_es2.so
7fa3ed671000-7fa3ed672000 rw-p 0000c000 08:06 8839                       /usr/lib/jvm/java-8-openjdk-amd64/jre/lib/amd64/libprism_es2.so
7fa3ed672000-7fa3ed675000 ---p 00000000 00:00 0 
7fa3ed675000-7fa3ed773000 rw-p 00000000 00:00 0 
7fa3ed773000-7fa3ed78e000 r--s 00394000 08:06 19160                      /usr/lib/jvm/java-8-openjdk-amd64/jre/lib/ext/cldrdata.jar
7fa3ed78e000-7fa3ed824000 r--s 008d7000 08:06 1182450                    /usr/share/java/openjfx/jre/lib/ext/jfxrt.jar
7fa3ed824000-7fa3ed83f000 r--s 001d6000 08:06 19163                      /usr/lib/jvm/java-8-openjdk-amd64/jre/lib/ext/nashorn.jar
7fa3ed83f000-7fa3ed840000 ---p 00000000 00:00 0 
7fa3ed840000-7fa3ed940000 rw-p 00000000 00:00 0 
7fa3ed940000-7fa3ed943000 ---p 00000000 00:00 0 
7fa3ed943000-7fa3eda41000 rw-p 00000000 00:00 0 
7fa3eda41000-7fa3eda44000 ---p 00000000 00:00 0 
7fa3eda44000-7fa3edb42000 rw-p 00000000 00:00 0 
7fa3edb42000-7fa3edb45000 ---p 00000000 00:00 0 
7fa3edb45000-7fa3edc43000 rw-p 00000000 00:00 0 
7fa3edc43000-7fa3edc46000 ---p 00000000 00:00 0 
7fa3edc46000-7fa3edd44000 rw-p 00000000 00:00 0 
7fa3edd44000-7fa3edd47000 ---p 00000000 00:00 0 
7fa3edd47000-7fa3ede45000 rw-p 00000000 00:00 0 
7fa3ede45000-7fa3ee11f000 r--p 00000000 08:06 9475                       /usr/lib/locale/locale-archive
7fa3ee11f000-7fa3ee122000 ---p 00000000 00:00 0 
7fa3ee122000-7fa3ee220000 rw-p 00000000 00:00 0 
7fa3ee220000-7fa3ee223000 ---p 00000000 00:00 0 
7fa3ee223000-7fa3ee321000 rw-p 00000000 00:00 0 
7fa3ee321000-7fa3ee322000 ---p 00000000 00:00 0 
7fa3ee322000-7fa3ef3e2000 rw-p 00000000 00:00 0 
7fa3ef3e2000-7fa3ef5b1000 r--s 03c2f000 08:06 19219                      /usr/lib/jvm/java-8-openjdk-amd64/jre/lib/rt.jar
7fa3ef5b1000-7fa3f3722000 rw-p 00000000 00:00 0 
7fa3f3722000-7fa3f3723000 ---p 00000000 00:00 0 
7fa3f3723000-7fa3f3823000 rw-p 00000000 00:00 0 
7fa3f3823000-7fa3f3824000 ---p 00000000 00:00 0 
7fa3f3824000-7fa3f3924000 rw-p 00000000 00:00 0 
7fa3f3924000-7fa3f3925000 ---p 00000000 00:00 0 
7fa3f3925000-7fa3f3a48000 rw-p 00000000 00:00 0 
7fa3f3a48000-7fa3f3c66000 ---p 00000000 00:00 0 
7fa3f3c66000-7fa3f3c89000 rw-p 00000000 00:00 0 
7fa3f3c89000-7fa3f3ea6000 ---p 00000000 00:00 0 
7fa3f3ea6000-7fa3f3eb9000 rw-p 00000000 00:00 0 
7fa3f3eb9000-7fa3f3fc7000 ---p 00000000 00:00 0 
7fa3f3fc7000-7fa3f3fe6000 rw-p 00000000 00:00 0 
7fa3f3fe6000-7fa3f4388000 ---p 00000000 00:00 0 
7fa3f4388000-7fa3f4af8000 rwxp 00000000 00:00 0 
7fa3f4af8000-7fa403388000 ---p 00000000 00:00 0 
7fa403388000-7fa403390000 r-xp 00000000 08:06 19191                      /usr/lib/jvm/java-8-openjdk-amd64/jre/lib/amd64/libzip.so
7fa403390000-7fa40358f000 ---p 00008000 08:06 19191                      /usr/lib/jvm/java-8-openjdk-amd64/jre/lib/amd64/libzip.so
7fa40358f000-7fa403590000 r--p 00007000 08:06 19191                      /usr/lib/jvm/java-8-openjdk-amd64/jre/lib/amd64/libzip.so
7fa403590000-7fa403591000 rw-p 00008000 08:06 19191                      /usr/lib/jvm/java-8-openjdk-amd64/jre/lib/amd64/libzip.so
7fa403591000-7fa40359c000 r-xp 00000000 08:06 5248723                    /lib/x86_64-linux-gnu/libnss_files-2.23.so
7fa40359c000-7fa40379b000 ---p 0000b000 08:06 5248723                    /lib/x86_64-linux-gnu/libnss_files-2.23.so
7fa40379b000-7fa40379c000 r--p 0000a000 08:06 5248723                    /lib/x86_64-linux-gnu/libnss_files-2.23.so
7fa40379c000-7fa40379d000 rw-p 0000b000 08:06 5248723                    /lib/x86_64-linux-gnu/libnss_files-2.23.so
7fa40379d000-7fa4037a3000 rw-p 00000000 00:00 0 
7fa4037a3000-7fa4037ae000 r-xp 00000000 08:06 5248727                    /lib/x86_64-linux-gnu/libnss_nis-2.23.so
7fa4037ae000-7fa4039ad000 ---p 0000b000 08:06 5248727                    /lib/x86_64-linux-gnu/libnss_nis-2.23.so
7fa4039ad000-7fa4039ae000 r--p 0000a000 08:06 5248727                    /lib/x86_64-linux-gnu/libnss_nis-2.23.so
7fa4039ae000-7fa4039af000 rw-p 0000b000 08:06 5248727                    /lib/x86_64-linux-gnu/libnss_nis-2.23.so
7fa4039af000-7fa4039c5000 r-xp 00000000 08:06 5248707                    /lib/x86_64-linux-gnu/libnsl-2.23.so
7fa4039c5000-7fa403bc4000 ---p 00016000 08:06 5248707                    /lib/x86_64-linux-gnu/libnsl-2.23.so
7fa403bc4000-7fa403bc5000 r--p 00015000 08:06 5248707                    /lib/x86_64-linux-gnu/libnsl-2.23.so
7fa403bc5000-7fa403bc6000 rw-p 00016000 08:06 5248707                    /lib/x86_64-linux-gnu/libnsl-2.23.so
7fa403bc6000-7fa403bc8000 rw-p 00000000 00:00 0 
7fa403bc8000-7fa403bd0000 r-xp 00000000 08:06 5248718                    /lib/x86_64-linux-gnu/libnss_compat-2.23.so
7fa403bd0000-7fa403dcf000 ---p 00008000 08:06 5248718                    /lib/x86_64-linux-gnu/libnss_compat-2.23.so
7fa403dcf000-7fa403dd0000 r--p 00007000 08:06 5248718                    /lib/x86_64-linux-gnu/libnss_compat-2.23.so
7fa403dd0000-7fa403dd1000 rw-p 00008000 08:06 5248718                    /lib/x86_64-linux-gnu/libnss_compat-2.23.so
7fa403dd1000-7fa403dfe000 r-xp 00000000 08:06 19182                      /usr/lib/jvm/java-8-openjdk-amd64/jre/lib/amd64/libjava.so
7fa403dfe000-7fa403ffd000 ---p 0002d000 08:06 19182                      /usr/lib/jvm/java-8-openjdk-amd64/jre/lib/amd64/libjava.so
7fa403ffd000-7fa403ffe000 r--p 0002c000 08:06 19182                      /usr/lib/jvm/java-8-openjdk-amd64/jre/lib/amd64/libjava.so
7fa403ffe000-7fa404000000 rw-p 0002d000 08:06 19182                      /usr/lib/jvm/java-8-openjdk-amd64/jre/lib/amd64/libjava.so
7fa404000000-7fa404313000 rw-p 00000000 00:00 0 
7fa404313000-7fa408000000 ---p 00000000 00:00 0 
7fa408000000-7fa408013000 r--s 00346000 08:06 19167                      /usr/lib/jvm/java-8-openjdk-amd64/jre/lib/resources.jar
7fa408013000-7fa4080aa000 rw-p 00000000 00:00 0 
7fa4080aa000-7fa4080ab000 ---p 00000000 00:00 0 
7fa4080ab000-7fa4081ab000 rw-p 00000000 00:00 0 
7fa4081ab000-7fa4081ba000 r-xp 00000000 08:06 19168                      /usr/lib/jvm/java-8-openjdk-amd64/jre/lib/amd64/libverify.so
7fa4081ba000-7fa4083b9000 ---p 0000f000 08:06 19168                      /usr/lib/jvm/java-8-openjdk-amd64/jre/lib/amd64/libverify.so
7fa4083b9000-7fa4083bb000 r--p 0000e000 08:06 19168                      /usr/lib/jvm/java-8-openjdk-amd64/jre/lib/amd64/libverify.so
7fa4083bb000-7fa4083bc000 rw-p 00010000 08:06 19168                      /usr/lib/jvm/java-8-openjdk-amd64/jre/lib/amd64/libverify.so
7fa4083bc000-7fa4083c3000 r-xp 00000000 08:06 5248728                    /lib/x86_64-linux-gnu/librt-2.23.so
7fa4083c3000-7fa4085c2000 ---p 00007000 08:06 5248728                    /lib/x86_64-linux-gnu/librt-2.23.so
7fa4085c2000-7fa4085c3000 r--p 00006000 08:06 5248728                    /lib/x86_64-linux-gnu/librt-2.23.so
7fa4085c3000-7fa4085c4000 rw-p 00007000 08:06 5248728                    /lib/x86_64-linux-gnu/librt-2.23.so
7fa4085c4000-7fa4085da000 r-xp 00000000 08:06 5247482                    /lib/x86_64-linux-gnu/libgcc_s.so.1
7fa4085da000-7fa4087d9000 ---p 00016000 08:06 5247482                    /lib/x86_64-linux-gnu/libgcc_s.so.1
7fa4087d9000-7fa4087da000 rw-p 00015000 08:06 5247482                    /lib/x86_64-linux-gnu/libgcc_s.so.1
7fa4087da000-7fa4088e2000 r-xp 00000000 08:06 5248701                    /lib/x86_64-linux-gnu/libm-2.23.so
7fa4088e2000-7fa408ae1000 ---p 00108000 08:06 5248701                    /lib/x86_64-linux-gnu/libm-2.23.so
7fa408ae1000-7fa408ae2000 r--p 00107000 08:06 5248701                    /lib/x86_64-linux-gnu/libm-2.23.so
7fa408ae2000-7fa408ae3000 rw-p 00108000 08:06 5248701                    /lib/x86_64-linux-gnu/libm-2.23.so
7fa408ae3000-7fa408c55000 r-xp 00000000 08:06 3735                       /usr/lib/x86_64-linux-gnu/libstdc++.so.6.0.21
7fa408c55000-7fa408e55000 ---p 00172000 08:06 3735                       /usr/lib/x86_64-linux-gnu/libstdc++.so.6.0.21
7fa408e55000-7fa408e5f000 r--p 00172000 08:06 3735                       /usr/lib/x86_64-linux-gnu/libstdc++.so.6.0.21
7fa408e5f000-7fa408e61000 rw-p 0017c000 08:06 3735                       /usr/lib/x86_64-linux-gnu/libstdc++.so.6.0.21
7fa408e61000-7fa408e65000 rw-p 00000000 00:00 0 
7fa408e65000-7fa409abe000 r-xp 00000000 08:06 19195                      /usr/lib/jvm/java-8-openjdk-amd64/jre/lib/amd64/server/libjvm.so
7fa409abe000-7fa409cbe000 ---p 00c59000 08:06 19195                      /usr/lib/jvm/java-8-openjdk-amd64/jre/lib/amd64/server/libjvm.so
7fa409cbe000-7fa409d51000 r--p 00c59000 08:06 19195                      /usr/lib/jvm/java-8-openjdk-amd64/jre/lib/amd64/server/libjvm.so
7fa409d51000-7fa409d7a000 rw-p 00cec000 08:06 19195                      /usr/lib/jvm/java-8-openjdk-amd64/jre/lib/amd64/server/libjvm.so
7fa409d7a000-7fa409daa000 rw-p 00000000 00:00 0 
7fa409daa000-7fa409dc2000 r-xp 00000000 08:06 5248709                    /lib/x86_64-linux-gnu/libpthread-2.23.so
7fa409dc2000-7fa409fc1000 ---p 00018000 08:06 5248709                    /lib/x86_64-linux-gnu/libpthread-2.23.so
7fa409fc1000-7fa409fc2000 r--p 00017000 08:06 5248709                    /lib/x86_64-linux-gnu/libpthread-2.23.so
7fa409fc2000-7fa409fc3000 rw-p 00018000 08:06 5248709                    /lib/x86_64-linux-gnu/libpthread-2.23.so
7fa409fc3000-7fa409fc7000 rw-p 00000000 00:00 0 
7fa409fc7000-7fa409fca000 r-xp 00000000 08:06 5248712                    /lib/x86_64-linux-gnu/libdl-2.23.so
7fa409fca000-7fa40a1c9000 ---p 00003000 08:06 5248712                    /lib/x86_64-linux-gnu/libdl-2.23.so
7fa40a1c9000-7fa40a1ca000 r--p 00002000 08:06 5248712                    /lib/x86_64-linux-gnu/libdl-2.23.so
7fa40a1ca000-7fa40a1cb000 rw-p 00003000 08:06 5248712                    /lib/x86_64-linux-gnu/libdl-2.23.so
7fa40a1cb000-7fa40a1e4000 r-xp 00000000 08:06 5247635                    /lib/x86_64-linux-gnu/libz.so.1.2.8
7fa40a1e4000-7fa40a3e3000 ---p 00019000 08:06 5247635                    /lib/x86_64-linux-gnu/libz.so.1.2.8
7fa40a3e3000-7fa40a3e4000 r--p 00018000 08:06 5247635                    /lib/x86_64-linux-gnu/libz.so.1.2.8
7fa40a3e4000-7fa40a3e5000 rw-p 00019000 08:06 5247635                    /lib/x86_64-linux-gnu/libz.so.1.2.8
7fa40a3e5000-7fa40a5a5000 r-xp 00000000 08:06 5248710                    /lib/x86_64-linux-gnu/libc-2.23.so
7fa40a5a5000-7fa40a7a5000 ---p 001c0000 08:06 5248710                    /lib/x86_64-linux-gnu/libc-2.23.so
7fa40a7a5000-7fa40a7a9000 r--p 001c0000 08:06 5248710                    /lib/x86_64-linux-gnu/libc-2.23.so
7fa40a7a9000-7fa40a7ab000 rw-p 001c4000 08:06 5248710                    /lib/x86_64-linux-gnu/libc-2.23.so
7fa40a7ab000-7fa40a7af000 rw-p 00000000 00:00 0 
7fa40a7af000-7fa40a7bc000 r-xp 00000000 08:06 19192                      /usr/lib/jvm/java-8-openjdk-amd64/jre/lib/amd64/jli/libjli.so
7fa40a7bc000-7fa40a9bc000 ---p 0000d000 08:06 19192                      /usr/lib/jvm/java-8-openjdk-amd64/jre/lib/amd64/jli/libjli.so
7fa40a9bc000-7fa40a9bd000 r--p 0000d000 08:06 19192                      /usr/lib/jvm/java-8-openjdk-amd64/jre/lib/amd64/jli/libjli.so
7fa40a9bd000-7fa40a9be000 rw-p 0000e000 08:06 19192                      /usr/lib/jvm/java-8-openjdk-amd64/jre/lib/amd64/jli/libjli.so
7fa40a9be000-7fa40a9e4000 r-xp 00000000 08:06 5248708                    /lib/x86_64-linux-gnu/ld-2.23.so
7fa40a9e4000-7fa40a9e5000 r--s 00000000 00:33 24                         /run/user/1000/dconf/user
7fa40a9e5000-7fa40a9ea000 r--s 002f9000 08:06 19155                      /usr/lib/jvm/java-8-openjdk-amd64/jre/lib/charsets.jar
7fa40a9ea000-7fa40a9ec000 r--s 00016000 08:06 19214                      /usr/lib/jvm/java-8-openjdk-amd64/jre/lib/jce.jar
7fa40a9ec000-7fa40a9f1000 r--s 0009d000 08:06 19228                      /usr/lib/jvm/java-8-openjdk-amd64/jre/lib/jsse.jar
7fa40a9f1000-7fa40a9f2000 r--s 00010000 08:06 19157                      /usr/lib/jvm/java-8-openjdk-amd64/jre/lib/ext/zipfs.jar
7fa40a9f2000-7fa40a9f5000 r--s 0000f000 08:06 19162                      /usr/lib/jvm/java-8-openjdk-amd64/jre/lib/ext/icedtea-sound.jar
7fa40a9f5000-7fa40a9f8000 r--s 00038000 08:06 19159                      /usr/lib/jvm/java-8-openjdk-amd64/jre/lib/ext/sunpkcs11.jar
7fa40a9f8000-7fa40aabe000 rw-p 00000000 00:00 0 
7fa40aabe000-7fa40aac1000 ---p 00000000 00:00 0 
7fa40aac1000-7fa40abc3000 rw-p 00000000 00:00 0 
7fa40abc3000-7fa40abc5000 r--s 00001000 08:06 19158                      /usr/lib/jvm/java-8-openjdk-amd64/jre/lib/ext/dnsns.jar
7fa40abc5000-7fa40abc6000 r--s 0000a000 08:06 19164                      /usr/lib/jvm/java-8-openjdk-amd64/jre/lib/ext/jaccess.jar
7fa40abc6000-7fa40abc8000 r--s 00008000 08:06 19156                      /usr/lib/jvm/java-8-openjdk-amd64/jre/lib/ext/sunec.jar
7fa40abc8000-7fa40abd2000 r--s 00116000 08:06 19165                      /usr/lib/jvm/java-8-openjdk-amd64/jre/lib/ext/localedata.jar
7fa40abd2000-7fa40abd8000 r--s 0003b000 08:06 19161                      /usr/lib/jvm/java-8-openjdk-amd64/jre/lib/ext/sunjce_provider.jar
7fa40abd8000-7fa40abe0000 rw-s 00000000 08:06 524306                     /tmp/hsperfdata_danieledt/20106
7fa40abe0000-7fa40abe1000 rw-p 00000000 00:00 0 
7fa40abe1000-7fa40abe2000 r--p 00000000 00:00 0 
7fa40abe2000-7fa40abe3000 rw-p 00000000 00:00 0 
7fa40abe3000-7fa40abe4000 r--p 00025000 08:06 5248708                    /lib/x86_64-linux-gnu/ld-2.23.so
7fa40abe4000-7fa40abe5000 rw-p 00026000 08:06 5248708                    /lib/x86_64-linux-gnu/ld-2.23.so
7fa40abe5000-7fa40abe6000 rw-p 00000000 00:00 0 
7ffc026f5000-7ffc02716000 rw-p 00000000 00:00 0                          [stack]
7ffc027ce000-7ffc027d1000 r--p 00000000 00:00 0                          [vvar]
7ffc027d1000-7ffc027d3000 r-xp 00000000 00:00 0                          [vdso]
ffffffffff600000-ffffffffff601000 r-xp 00000000 00:00 0                  [vsyscall]

VM Arguments:
jvm_args: -Dfile.encoding=UTF-8 
java_command: boundary.Main
java_class_path (initial): /usr/lib/jvm/java-8-openjdk-amd64/jre/lib/resources.jar:/usr/lib/jvm/java-8-openjdk-amd64/jre/lib/rt.jar:/usr/lib/jvm/java-8-openjdk-amd64/jre/lib/jsse.jar:/usr/lib/jvm/java-8-openjdk-amd64/jre/lib/jce.jar:/usr/lib/jvm/java-8-openjdk-amd64/jre/lib/charsets.jar:/usr/lib/jvm/java-8-openjdk-amd64/jre/lib/ext/sunjce_provider.jar:/usr/lib/jvm/java-8-openjdk-amd64/jre/lib/ext/localedata.jar:/usr/lib/jvm/java-8-openjdk-amd64/jre/lib/ext/sunec.jar:/usr/lib/jvm/java-8-openjdk-amd64/jre/lib/ext/jaccess.jar:/usr/lib/jvm/java-8-openjdk-amd64/jre/lib/ext/sunpkcs11.jar:/usr/lib/jvm/java-8-openjdk-amd64/jre/lib/ext/nashorn.jar:/usr/lib/jvm/java-8-openjdk-amd64/jre/lib/ext/dnsns.jar:/usr/lib/jvm/java-8-openjdk-amd64/jre/lib/ext/jfxrt.jar:/usr/lib/jvm/java-8-openjdk-amd64/jre/lib/ext/cldrdata.jar:/usr/lib/jvm/java-8-openjdk-amd64/jre/lib/ext/icedtea-sound.jar:/usr/lib/jvm/java-8-openjdk-amd64/jre/lib/ext/zipfs.jar:/home/danieledt/Documenti/Eclipse/BD/bin:/home/danieledt/Documenti/Eclipse/BD/lib/postgresql-42.2.2.jar:/home/danieledt/Documenti/Eclipse/BD/miglayout15-swing.jar:/home/danieledt/Documenti/Eclipse/BD/jgoodies-forms-1.8.0.jar
Launcher Type: SUN_STANDARD

Environment Variables:
JAVA_HOME=/usr/lib/jvm/java-8-oracle
PATH=/home/danieledt/bin:/home/danieledt/.local/bin:/usr/local/sbin:/usr/local/bin:/usr/sbin:/usr/bin:/sbin:/bin:/usr/games:/usr/local/games:/snap/bin:/usr/lib/jvm/java-8-oracle/bin:/usr/lib/jvm/java-8-oracle/db/bin:/usr/lib/jvm/java-8-oracle/jre/bin
SHELL=/bin/bash
DISPLAY=:0.0

Signal Handlers:
SIGSEGV: [libjvm.so+0xa6e6f0], sa_mask[0]=11111111011111111101111111111110, sa_flags=SA_RESTART|SA_SIGINFO
SIGBUS: [libjvm.so+0xa6e6f0], sa_mask[0]=11111111011111111101111111111110, sa_flags=SA_RESTART|SA_SIGINFO
SIGFPE: [libjvm.so+0x8b5d50], sa_mask[0]=11111111011111111101111111111110, sa_flags=SA_RESTART|SA_SIGINFO
SIGPIPE: SIG_IGN, sa_mask[0]=00000000000010000000000000000000, sa_flags=SA_RESTART
SIGXFSZ: [libjvm.so+0x8b5d50], sa_mask[0]=11111111011111111101111111111110, sa_flags=SA_RESTART|SA_SIGINFO
SIGILL: [libjvm.so+0x8b5d50], sa_mask[0]=11111111011111111101111111111110, sa_flags=SA_RESTART|SA_SIGINFO
SIGUSR1: SIG_DFL, sa_mask[0]=00000000000000000000000000000000, sa_flags=none
SIGUSR2: [libjvm.so+0x8b5c00], sa_mask[0]=00100000000000000000000000000000, sa_flags=SA_RESTART|SA_SIGINFO
SIGHUP: [libjvm.so+0x8b60d0], sa_mask[0]=11111111011111111101111111111110, sa_flags=SA_RESTART|SA_SIGINFO
SIGINT: SIG_IGN, sa_mask[0]=00000000000000000000000000000000, sa_flags=none
SIGTERM: [libjvm.so+0x8b60d0], sa_mask[0]=11111111011111111101111111111110, sa_flags=SA_RESTART|SA_SIGINFO
SIGQUIT: [libjvm.so+0x8b60d0], sa_mask[0]=11111111011111111101111111111110, sa_flags=SA_RESTART|SA_SIGINFO


---------------  S Y S T E M  ---------------

OS:DISTRIB_ID=Ubuntu
DISTRIB_RELEASE=16.04
DISTRIB_CODENAME=xenial
DISTRIB_DESCRIPTION="Ubuntu 16.04.4 LTS"

uname:Linux 4.13.0-45-generic #50~16.04.1-Ubuntu SMP Wed May 30 11:18:27 UTC 2018 x86_64
libc:glibc 2.23 NPTL 2.23 
rlimit: STACK 8192k, CORE 0k, NPROC 27227, NOFILE 1048576, AS infinity
load average:4,51 3,83 2,79

/proc/meminfo:
MemTotal:        7080608 kB
MemFree:         2751716 kB
MemAvailable:    3965636 kB
Buffers:          133452 kB
Cached:          1388232 kB
SwapCached:            0 kB
Active:          3135056 kB
Inactive:         922820 kB
Active(anon):    2548576 kB
Inactive(anon):   107860 kB
Active(file):     586480 kB
Inactive(file):   814960 kB
Unevictable:          64 kB
Mlocked:              64 kB
SwapTotal:       5000188 kB
SwapFree:        5000188 kB
Dirty:               100 kB
Writeback:             0 kB
AnonPages:       2536368 kB
Mapped:           514992 kB
Shmem:            120248 kB
Slab:             107280 kB
SReclaimable:      65680 kB
SUnreclaim:        41600 kB
KernelStack:       12112 kB
PageTables:        42668 kB
NFS_Unstable:          0 kB
Bounce:                0 kB
WritebackTmp:          0 kB
CommitLimit:     8540492 kB
Committed_AS:    7369800 kB
VmallocTotal:   34359738367 kB
VmallocUsed:           0 kB
VmallocChunk:          0 kB
HardwareCorrupted:     0 kB
AnonHugePages:         0 kB
ShmemHugePages:        0 kB
ShmemPmdMapped:        0 kB
CmaTotal:              0 kB
CmaFree:               0 kB
HugePages_Total:       0
HugePages_Free:        0
HugePages_Rsvd:        0
HugePages_Surp:        0
Hugepagesize:       2048 kB
DirectMap4k:      220636 kB
DirectMap2M:     4966400 kB
DirectMap1G:     2097152 kB


CPU:total 4 (initial active 4) (4 cores per cpu, 1 threads per core) family 22 model 48 stepping 1, cmov, cx8, fxsr, mmx, sse, sse2, sse3, ssse3, sse4.1, sse4.2, popcnt, avx, aes, clmul, mmxext, 3dnowpref, lzcnt, sse4a, tsc, tscinvbit, tscinv, bmi1

/proc/cpuinfo:
processor	: 0
vendor_id	: AuthenticAMD
cpu family	: 22
model		: 48
model name	: AMD A8-6410 APU with AMD Radeon R5 Graphics
stepping	: 1
microcode	: 0x7030105
cpu MHz		: 1796.623
cache size	: 2048 KB
physical id	: 0
siblings	: 4
core id		: 0
cpu cores	: 4
apicid		: 0
initial apicid	: 0
fpu		: yes
fpu_exception	: yes
cpuid level	: 13
wp		: yes
flags		: fpu vme de pse tsc msr pae mce cx8 apic sep mtrr pge mca cmov pat pse36 clflush mmx fxsr sse sse2 ht syscall nx mmxext fxsr_opt pdpe1gb rdtscp lm constant_tsc rep_good acc_power nopl nonstop_tsc cpuid extd_apicid aperfmperf pni pclmulqdq monitor ssse3 cx16 sse4_1 sse4_2 movbe popcnt aes xsave avx f16c rdrand lahf_lm cmp_legacy svm extapic cr8_legacy abm sse4a misalignsse 3dnowprefetch osvw ibs skinit wdt topoext perfctr_nb bpext ptsc perfctr_l2 cpb hw_pstate retpoline retpoline_amd rsb_ctxsw ssbd ls_cfg_ssbd vmmcall bmi1 xsaveopt arat npt lbrv svm_lock nrip_save tsc_scale flushbyasid decodeassists pausefilter pfthreshold overflow_recov
bugs		: fxsave_leak sysret_ss_attrs null_seg spectre_v1 spectre_v2 spec_store_bypass
bogomips	: 3992.48
TLB size	: 1024 4K pages
clflush size	: 64
cache_alignment	: 64
address sizes	: 40 bits physical, 48 bits virtual
power management: ts ttp tm 100mhzsteps hwpstate cpb acc_power [13]

processor	: 1
vendor_id	: AuthenticAMD
cpu family	: 22
model		: 48
model name	: AMD A8-6410 APU with AMD Radeon R5 Graphics
stepping	: 1
microcode	: 0x7030105
cpu MHz		: 1796.612
cache size	: 2048 KB
physical id	: 0
siblings	: 4
core id		: 1
cpu cores	: 4
apicid		: 1
initial apicid	: 1
fpu		: yes
fpu_exception	: yes
cpuid level	: 13
wp		: yes
flags		: fpu vme de pse tsc msr pae mce cx8 apic sep mtrr pge mca cmov pat pse36 clflush mmx fxsr sse sse2 ht syscall nx mmxext fxsr_opt pdpe1gb rdtscp lm constant_tsc rep_good acc_power nopl nonstop_tsc cpuid extd_apicid aperfmperf pni pclmulqdq monitor ssse3 cx16 sse4_1 sse4_2 movbe popcnt aes xsave avx f16c rdrand lahf_lm cmp_legacy svm extapic cr8_legacy abm sse4a misalignsse 3dnowprefetch osvw ibs skinit wdt topoext perfctr_nb bpext ptsc perfctr_l2 cpb hw_pstate retpoline retpoline_amd rsb_ctxsw ssbd ls_cfg_ssbd vmmcall bmi1 xsaveopt arat npt lbrv svm_lock nrip_save tsc_scale flushbyasid decodeassists pausefilter pfthreshold overflow_recov
bugs		: fxsave_leak sysret_ss_attrs null_seg spectre_v1 spectre_v2 spec_store_bypass
bogomips	: 3992.48
TLB size	: 1024 4K pages
clflush size	: 64
cache_alignment	: 64
address sizes	: 40 bits physical, 48 bits virtual
power management: ts ttp tm 100mhzsteps hwpstate cpb acc_power [13]

processor	: 2
vendor_id	: AuthenticAMD
cpu family	: 22
model		: 48
model name	: AMD A8-6410 APU with AMD Radeon R5 Graphics
stepping	: 1
microcode	: 0x7030105
cpu MHz		: 1796.628
cache size	: 2048 KB
physical id	: 0
siblings	: 4
core id		: 2
cpu cores	: 4
apicid		: 2
initial apicid	: 2
fpu		: yes
fpu_exception	: yes
cpuid level	: 13
wp		: yes
flags		: fpu vme de pse tsc msr pae mce cx8 apic sep mtrr pge mca cmov pat pse36 clflush mmx fxsr sse sse2 ht syscall nx mmxext fxsr_opt pdpe1gb rdtscp lm constant_tsc rep_good acc_power nopl nonstop_tsc cpuid extd_apicid aperfmperf pni pclmulqdq monitor ssse3 cx16 sse4_1 sse4_2 movbe popcnt aes xsave avx f16c rdrand lahf_lm cmp_legacy svm extapic cr8_legacy abm sse4a misalignsse 3dnowprefetch osvw ibs skinit wdt topoext perfctr_nb bpext ptsc perfctr_l2 cpb hw_pstate retpoline retpoline_amd rsb_ctxsw ssbd ls_cfg_ssbd vmmcall bmi1 xsaveopt arat npt lbrv svm_lock nrip_save tsc_scale flushbyasid decodeassists pausefilter pfthreshold overflow_recov
bugs		: fxsave_leak sysret_ss_attrs null_seg spectre_v1 spectre_v2 spec_store_bypass
bogomips	: 3992.48
TLB size	: 1024 4K pages
clflush size	: 64
cache_alignment	: 64
address sizes	: 40 bits physical, 48 bits virtual
power management: ts ttp tm 100mhzsteps hwpstate cpb acc_power [13]

processor	: 3
vendor_id	: AuthenticAMD
cpu family	: 22
model		: 48
model name	: AMD A8-6410 APU with AMD Radeon R5 Graphics
stepping	: 1
microcode	: 0x7030105
cpu MHz		: 1796.614
cache size	: 2048 KB
physical id	: 0
siblings	: 4
core id		: 3
cpu cores	: 4
apicid		: 3
initial apicid	: 3
fpu		: yes
fpu_exception	: yes
cpuid level	: 13
wp		: yes
flags		: fpu vme de pse tsc msr pae mce cx8 apic sep mtrr pge mca cmov pat pse36 clflush mmx fxsr sse sse2 ht syscall nx mmxext fxsr_opt pdpe1gb rdtscp lm constant_tsc rep_good acc_power nopl nonstop_tsc cpuid extd_apicid aperfmperf pni pclmulqdq monitor ssse3 cx16 sse4_1 sse4_2 movbe popcnt aes xsave avx f16c rdrand lahf_lm cmp_legacy svm extapic cr8_legacy abm sse4a misalignsse 3dnowprefetch osvw ibs skinit wdt topoext perfctr_nb bpext ptsc perfctr_l2 cpb hw_pstate retpoline retpoline_amd rsb_ctxsw ssbd ls_cfg_ssbd vmmcall bmi1 xsaveopt arat npt lbrv svm_lock nrip_save tsc_scale flushbyasid decodeassists pausefilter pfthreshold overflow_recov
bugs		: fxsave_leak sysret_ss_attrs null_seg spectre_v1 spectre_v2 spec_store_bypass
bogomips	: 3992.48
TLB size	: 1024 4K pages
clflush size	: 64
cache_alignment	: 64
address sizes	: 40 bits physical, 48 bits virtual
power management: ts ttp tm 100mhzsteps hwpstate cpb acc_power [13]



Memory: 4k page, physical 7080608k(2751716k free), swap 5000188k(5000188k free)

vm_info: OpenJDK 64-Bit Server VM (25.171-b11) for linux-amd64 JRE (1.8.0_171-8u171-b11-0ubuntu0.16.04.1-b11), built on Apr 27 2018 17:19:03 by "buildd" with gcc 5.4.0 20160609

time: Fri Jul  6 10:54:10 2018
elapsed time: 13 seconds (0d 0h 0m 13s)

