#
# A fatal error has been detected by the Java Runtime Environment:
#
#  SIGSEGV (0xb) at pc=0x00007fd600fa827d, pid=14422, tid=0x00007fd599b43700
#
# JRE version: OpenJDK Runtime Environment (8.0_171-b11) (build 1.8.0_171-8u171-b11-0ubuntu0.16.04.1-b11)
# Java VM: OpenJDK 64-Bit Server VM (25.171-b11 mixed mode linux-amd64 compressed oops)
# Problematic frame:
# V  [libjvm.so+0x67e27d]
#
# Failed to write core dump. Core dumps have been disabled. To enable core dumping, try "ulimit -c unlimited" before starting Java again
#
# If you would like to submit a bug report, please visit:
#   http://bugreport.java.com/bugreport/crash.jsp
#

---------------  T H R E A D  ---------------

Current thread (0x00007fd5fc342000):  JavaThread "JavaFX Application Thread" [_thread_in_vm, id=14460, stack(0x00007fd599a43000,0x00007fd599b44000)]

siginfo: si_signo: 11 (SIGSEGV), si_code: 1 (SEGV_MAPERR), si_addr: 0x0000000000000025

Registers:
RAX=0x0000000000000000, RBX=0x00007fd5fc342000, RCX=0x00007fd5fc2b6fe8, RDX=0x0000000000000025
RSP=0x00007fd599b42230, RBP=0x00007fd599b423b0, RSI=0x00007fd599b423d0, RDI=0x00007fd5fc3421e0
R8 =0x00007fd599b42400, R9 =0x00007fd5fc342000, R10=0x00007fd588000a70, R11=0x00007fd5ec371a60
R12=0x00007fd5fc3421e0, R13=0x00007fd5fc342000, R14=0x00007fd599b42400, R15=0x00007fd599b42490
RIP=0x00007fd600fa827d, EFLAGS=0x0000000000010202, CSGSFS=0x002b000000000033, ERR=0x0000000000000004
  TRAPNO=0x000000000000000e

Top of Stack: (sp=0x00007fd599b42230)
0x00007fd599b42230:   00007fd599b42340 00007fd600f8ec27
0x00007fd599b42240:   00007fd5fc342000 00007fd5fc342000
0x00007fd599b42250:   00007fd60000000e 00007fd5fc3421e0
0x00007fd599b42260:   00007fd599b42270 00007fd599b423d0
0x00007fd599b42270:   00007fd5eabaf438 00007fd5fc342000
0x00007fd599b42280:   00007fd5eabaf438 00007fd5fc342000
0x00007fd599b42290:   00007fd5fc3417e0 00007fd5b4001350
0x00007fd599b422a0:   00007fd5b4001360 00007fd5b4001738
0x00007fd599b422b0:   00000000000003d8 00007fd5fc341820
0x00007fd599b422c0:   00007fd5eabaf438 00007fd5fc342000
0x00007fd599b422d0:   00000000eaba3878 00000000dc821de8
0x00007fd599b422e0:   0000000000000000 00007fd5ebf86d9b
0x00007fd599b422f0:   00007fd5eabaf438 00007fd5fc342000
0x00007fd599b42300:   00007fd599b42340 00000000dc874100
0x00007fd599b42310:   000000000000006f 00007fd50000000a
0x00007fd599b42320:   00000000dd6d8dd8 00007fd500000000
0x00007fd599b42330:   00007fd599b42420 00007fd599b423e0
0x00007fd599b42340:   00007fd599b424d0 0000000100000181
0x00007fd599b42350:   00007fd599b42550 00007fd599b42308
0x00007fd599b42360:   00007fd599b42349 0000000800000005
0x00007fd599b42370:   00007fd600000000 ff9d6fadbb9f2d00
0x00007fd599b42380:   00007fd599b42390 00007fd5fc342000
0x00007fd599b42390:   00007fd5fc3421e0 00007fd5fc2b6fe8
0x00007fd599b423a0:   00007fd599b42400 00007fd599b42490
0x00007fd599b423b0:   00007fd599b42480 00007fd600fabea2
0x00007fd599b423c0:   00007fd5b4001360 0000000000000025
0x00007fd599b423d0:   000000000000000e 00007fd500000000
0x00007fd599b423e0:   00007fd5fc342000 0000000000000000
0x00007fd599b423f0:   0000000004800004 ff9d6fadbb9f2d00
0x00007fd599b42400:   00007fd60178ebf8 00007fd6024e4710
0x00007fd599b42410:   00000000fc2d32f0 00007fd500000063
0x00007fd599b42420:   0000000000000000 0000003000000018 

Instructions: (pc=0x00007fd600fa827d)
0x00007fd600fa825d:   ff 48 89 b5 b8 fe ff ff 64 48 8b 04 25 28 00 00
0x00007fd600fa826d:   00 48 89 45 c8 31 c0 48 85 d2 0f 84 7b 05 00 00
0x00007fd600fa827d:   4c 8b 32 4d 85 f6 0f 84 6f 05 00 00 49 8b b9 20
0x00007fd600fa828d:   01 00 00 48 89 cb 4d 89 c4 e8 35 42 ff ff 4c 89 

Register to memory mapping:

RAX=0x0000000000000000 is an unknown value
RBX=0x00007fd5fc342000 is a thread
RCX=0x00007fd5fc2b6fe8 is an unknown value
RDX=0x0000000000000025 is an unknown value
RSP=0x00007fd599b42230 is pointing into the stack for thread: 0x00007fd5fc342000
RBP=0x00007fd599b423b0 is pointing into the stack for thread: 0x00007fd5fc342000
RSI=0x00007fd599b423d0 is pointing into the stack for thread: 0x00007fd5fc342000
RDI=0x00007fd5fc3421e0 is an unknown value
R8 =0x00007fd599b42400 is pointing into the stack for thread: 0x00007fd5fc342000
R9 =0x00007fd5fc342000 is a thread
R10=0x00007fd588000a70 is an unknown value
R11=0x00007fd5ec371a60 is at entry_point+32 in (nmethod*)0x00007fd5ec3718d0
R12=0x00007fd5fc3421e0 is an unknown value
R13=0x00007fd5fc342000 is a thread
R14=0x00007fd599b42400 is pointing into the stack for thread: 0x00007fd5fc342000
R15=0x00007fd599b42490 is pointing into the stack for thread: 0x00007fd5fc342000


Stack: [0x00007fd599a43000,0x00007fd599b44000],  sp=0x00007fd599b42230,  free space=1020k
Native frames: (J=compiled Java code, j=interpreted, Vv=VM code, C=native code)
V  [libjvm.so+0x67e27d]
V  [libjvm.so+0x681ea2]
C  [libglass.so+0x11e63]  JNIEnv_::CallVoidMethod(_jobject*, _jmethodID*, ...)+0x93
C  [libglass.so+0x1c2e5]  WindowContextBase::process_key(_GdkEventKey*)+0x215
C  [libglass.so+0x11ad0]  WindowContextBase::im_filter_keypress(_GdkEventKey*)+0x1f0
C  [libglass.so+0x21fbc]
C  [libgdk-x11-2.0.so.0+0x5ac8c]

Java frames: (J=compiled Java code, j=interpreted, Vv=VM code)
j  com.sun.glass.ui.gtk.GtkApplication._runLoop(Ljava/lang/Runnable;Z)V+0
j  com.sun.glass.ui.gtk.GtkApplication.lambda$null$450(Ljava/lang/Runnable;Z)V+7
j  com.sun.glass.ui.gtk.GtkApplication$$Lambda$41.run()V+12
j  java.lang.Thread.run()V+11
v  ~StubRoutines::call_stub

---------------  P R O C E S S  ---------------

Java Threads: ( => current thread )
  0x00007fd5882f2800 JavaThread "Prism Font Disposer" daemon [_thread_blocked, id=14472, stack(0x00007fd583c46000,0x00007fd583d47000)]
  0x00007fd5fc345800 JavaThread "JavaFX-Launcher" [_thread_blocked, id=14463, stack(0x00007fd599141000,0x00007fd599242000)]
=>0x00007fd5fc342000 JavaThread "JavaFX Application Thread" [_thread_in_vm, id=14460, stack(0x00007fd599a43000,0x00007fd599b44000)]
  0x00007fd5fc33e000 JavaThread "Thread-1" daemon [_thread_blocked, id=14459, stack(0x00007fd599b44000,0x00007fd599c45000)]
  0x00007fd5fc285000 JavaThread "QuantumRenderer-0" daemon [_thread_blocked, id=14445, stack(0x00007fd5e8747000,0x00007fd5e8848000)]
  0x00007fd5fc0c0800 JavaThread "Service Thread" daemon [_thread_blocked, id=14441, stack(0x00007fd5e8a15000,0x00007fd5e8b16000)]
  0x00007fd5fc0bd800 JavaThread "C1 CompilerThread2" daemon [_thread_blocked, id=14440, stack(0x00007fd5e8b16000,0x00007fd5e8c17000)]
  0x00007fd5fc0bb800 JavaThread "C2 CompilerThread1" daemon [_thread_blocked, id=14439, stack(0x00007fd5e8c17000,0x00007fd5e8d18000)]
  0x00007fd5fc0b9000 JavaThread "C2 CompilerThread0" daemon [_thread_in_native, id=14438, stack(0x00007fd5e8d18000,0x00007fd5e8e19000)]
  0x00007fd5fc0b7800 JavaThread "Signal Dispatcher" daemon [_thread_blocked, id=14437, stack(0x00007fd5e8e19000,0x00007fd5e8f1a000)]
  0x00007fd5fc084800 JavaThread "Finalizer" daemon [_thread_blocked, id=14435, stack(0x00007fd5e91f4000,0x00007fd5e92f5000)]
  0x00007fd5fc080000 JavaThread "Reference Handler" daemon [_thread_blocked, id=14434, stack(0x00007fd5e92f5000,0x00007fd5e93f6000)]
  0x00007fd5fc00b000 JavaThread "main" [_thread_blocked, id=14425, stack(0x00007fd602583000,0x00007fd602684000)]

Other Threads:
  0x00007fd5fc078800 VMThread [stack: 0x00007fd5e93f6000,0x00007fd5e94f7000] [id=14433]
  0x00007fd5fc0c3000 WatcherThread [stack: 0x00007fd5e8914000,0x00007fd5e8a15000] [id=14442]

VM state:not at safepoint (normal execution)

VM Mutex/Monitor currently owned by a thread: None

Heap:
 PSYoungGen      total 32768K, used 11816K [0x00000000dbf80000, 0x00000000dff80000, 0x0000000100000000)
  eden space 28160K, 41% used [0x00000000dbf80000,0x00000000dcb0a040,0x00000000ddb00000)
  from space 4608K, 0% used [0x00000000ddb00000,0x00000000ddb00000,0x00000000ddf80000)
  to   space 4608K, 0% used [0x00000000dfb00000,0x00000000dfb00000,0x00000000dff80000)
 ParOldGen       total 64512K, used 11879K [0x0000000093e00000, 0x0000000097d00000, 0x00000000dbf80000)
  object space 64512K, 18% used [0x0000000093e00000,0x0000000094999d30,0x0000000097d00000)
 Metaspace       used 21419K, capacity 22628K, committed 22912K, reserved 1069056K
  class space    used 2852K, capacity 3113K, committed 3200K, reserved 1048576K

Card table byte_map: [0x00007fd5eb84d000,0x00007fd5ebbaf000] byte_map_base: 0x00007fd5eb3ae000

Marking Bits: (ParMarkBitMap*) 0x00007fd601852320
 Begin Bits: [0x00007fd5e09f0000, 0x00007fd5e24f8000)
 End Bits:   [0x00007fd5e24f8000, 0x00007fd5e4000000)

Polling page: 0x00007fd6026a6000

CodeCache: size=245760Kb used=7838Kb max_used=7838Kb free=237921Kb
 bounds [0x00007fd5ebf6f000, 0x00007fd5ec71f000, 0x00007fd5faf6f000]
 total_blobs=3090 nmethods=2424 adapters=581
 compilation: enabled

Compilation events (10 events):
Event: 13,461 Thread 0x00007fd5fc0bd800 2423       3       com.sun.javafx.scene.control.skin.Utils::computeTextWidth (47 bytes)
Event: 13,462 Thread 0x00007fd5fc0bd800 nmethod 2423 0x00007fd5ec714c50 code [0x00007fd5ec714e00, 0x00007fd5ec7152b8]
Event: 13,462 Thread 0x00007fd5fc0bd800 2426       1       javafx.scene.layout.Region::snappedTopInset (5 bytes)
Event: 13,462 Thread 0x00007fd5fc0bd800 nmethod 2426 0x00007fd5ec715490 code [0x00007fd5ec7155e0, 0x00007fd5ec7156f0]
Event: 13,462 Thread 0x00007fd5fc0bd800 2424       3       com.sun.javafx.scene.control.skin.LabeledSkinBase::leftLabelPadding (18 bytes)
Event: 13,464 Thread 0x00007fd5fc0bd800 nmethod 2424 0x00007fd5ec715750 code [0x00007fd5ec715940, 0x00007fd5ec7162d8]
Event: 13,464 Thread 0x00007fd5fc0bd800 2425       3       javafx.scene.control.SkinBase::snappedTopInset (8 bytes)
Event: 13,464 Thread 0x00007fd5fc0bd800 nmethod 2425 0x00007fd5ec7165d0 code [0x00007fd5ec716740, 0x00007fd5ec716970]
Event: 13,464 Thread 0x00007fd5fc0bd800 2427       3       javafx.scene.Node::relocate (90 bytes)
Event: 13,469 Thread 0x00007fd5fc0bd800 nmethod 2427 0x00007fd5ec716a50 code [0x00007fd5ec716e00, 0x00007fd5ec719148]

GC Heap History (8 events):
Event: 2,303 GC heap before
{Heap before GC invocations=1 (full 0):
 PSYoungGen      total 32768K, used 25797K [0x00000000dbf80000, 0x00000000de400000, 0x0000000100000000)
  eden space 28160K, 91% used [0x00000000dbf80000,0x00000000dd8b1498,0x00000000ddb00000)
  from space 4608K, 0% used [0x00000000ddf80000,0x00000000ddf80000,0x00000000de400000)
  to   space 4608K, 0% used [0x00000000ddb00000,0x00000000ddb00000,0x00000000ddf80000)
 ParOldGen       total 75264K, used 0K [0x0000000093e00000, 0x0000000098780000, 0x00000000dbf80000)
  object space 75264K, 0% used [0x0000000093e00000,0x0000000093e00000,0x0000000098780000)
 Metaspace       used 11678K, capacity 12064K, committed 12416K, reserved 1060864K
  class space    used 1413K, capacity 1540K, committed 1664K, reserved 1048576K
Event: 2,317 GC heap after
Heap after GC invocations=1 (full 0):
 PSYoungGen      total 32768K, used 4594K [0x00000000dbf80000, 0x00000000de400000, 0x0000000100000000)
  eden space 28160K, 0% used [0x00000000dbf80000,0x00000000dbf80000,0x00000000ddb00000)
  from space 4608K, 99% used [0x00000000ddb00000,0x00000000ddf7cb18,0x00000000ddf80000)
  to   space 4608K, 0% used [0x00000000ddf80000,0x00000000ddf80000,0x00000000de400000)
 ParOldGen       total 75264K, used 3044K [0x0000000093e00000, 0x0000000098780000, 0x00000000dbf80000)
  object space 75264K, 4% used [0x0000000093e00000,0x00000000940f9098,0x0000000098780000)
 Metaspace       used 11678K, capacity 12064K, committed 12416K, reserved 1060864K
  class space    used 1413K, capacity 1540K, committed 1664K, reserved 1048576K
}
Event: 10,689 GC heap before
{Heap before GC invocations=2 (full 0):
 PSYoungGen      total 32768K, used 32754K [0x00000000dbf80000, 0x00000000de400000, 0x0000000100000000)
  eden space 28160K, 100% used [0x00000000dbf80000,0x00000000ddb00000,0x00000000ddb00000)
  from space 4608K, 99% used [0x00000000ddb00000,0x00000000ddf7cb18,0x00000000ddf80000)
  to   space 4608K, 0% used [0x00000000ddf80000,0x00000000ddf80000,0x00000000de400000)
 ParOldGen       total 75264K, used 3044K [0x0000000093e00000, 0x0000000098780000, 0x00000000dbf80000)
  object space 75264K, 4% used [0x0000000093e00000,0x00000000940f9098,0x0000000098780000)
 Metaspace       used 18345K, capacity 19058K, committed 19328K, reserved 1067008K
  class space    used 2426K, capacity 2588K, committed 2688K, reserved 1048576K
Event: 10,718 GC heap after
Heap after GC invocations=2 (full 0):
 PSYoungGen      total 32768K, used 4576K [0x00000000dbf80000, 0x00000000de400000, 0x0000000100000000)
  eden space 28160K, 0% used [0x00000000dbf80000,0x00000000dbf80000,0x00000000ddb00000)
  from space 4608K, 99% used [0x00000000ddf80000,0x00000000de3f8050,0x00000000de400000)
  to   space 4608K, 0% used [0x00000000ddb00000,0x00000000ddb00000,0x00000000ddf80000)
 ParOldGen       total 75264K, used 12071K [0x0000000093e00000, 0x0000000098780000, 0x00000000dbf80000)
  object space 75264K, 16% used [0x0000000093e00000,0x00000000949c9cc0,0x0000000098780000)
 Metaspace       used 18345K, capacity 19058K, committed 19328K, reserved 1067008K
  class space    used 2426K, capacity 2588K, committed 2688K, reserved 1048576K
}
Event: 11,743 GC heap before
{Heap before GC invocations=3 (full 0):
 PSYoungGen      total 32768K, used 14811K [0x00000000dbf80000, 0x00000000de400000, 0x0000000100000000)
  eden space 28160K, 36% used [0x00000000dbf80000,0x00000000dc97ec88,0x00000000ddb00000)
  from space 4608K, 99% used [0x00000000ddf80000,0x00000000de3f8050,0x00000000de400000)
  to   space 4608K, 0% used [0x00000000ddb00000,0x00000000ddb00000,0x00000000ddf80000)
 ParOldGen       total 75264K, used 12071K [0x0000000093e00000, 0x0000000098780000, 0x00000000dbf80000)
  object space 75264K, 16% used [0x0000000093e00000,0x00000000949c9cc0,0x0000000098780000)
 Metaspace       used 20340K, capacity 21220K, committed 21296K, reserved 1067008K
  class space    used 2689K, capacity 2905K, committed 2944K, reserved 1048576K
Event: 11,778 GC heap after
Heap after GC invocations=3 (full 0):
 PSYoungGen      total 32768K, used 4606K [0x00000000dbf80000, 0x00000000dff80000, 0x0000000100000000)
  eden space 28160K, 0% used [0x00000000dbf80000,0x00000000dbf80000,0x00000000ddb00000)
  from space 4608K, 99% used [0x00000000ddb00000,0x00000000ddf7fb50,0x00000000ddf80000)
  to   space 4608K, 0% used [0x00000000dfb00000,0x00000000dfb00000,0x00000000dff80000)
 ParOldGen       total 75264K, used 14242K [0x0000000093e00000, 0x0000000098780000, 0x00000000dbf80000)
  object space 75264K, 18% used [0x0000000093e00000,0x0000000094be8b30,0x0000000098780000)
 Metaspace       used 20340K, capacity 21220K, committed 21296K, reserved 1067008K
  class space    used 2689K, capacity 2905K, committed 2944K, reserved 1048576K
}
Event: 11,779 GC heap before
{Heap before GC invocations=4 (full 1):
 PSYoungGen      total 32768K, used 4606K [0x00000000dbf80000, 0x00000000dff80000, 0x0000000100000000)
  eden space 28160K, 0% used [0x00000000dbf80000,0x00000000dbf80000,0x00000000ddb00000)
  from space 4608K, 99% used [0x00000000ddb00000,0x00000000ddf7fb50,0x00000000ddf80000)
  to   space 4608K, 0% used [0x00000000dfb00000,0x00000000dfb00000,0x00000000dff80000)
 ParOldGen       total 75264K, used 14242K [0x0000000093e00000, 0x0000000098780000, 0x00000000dbf80000)
  object space 75264K, 18% used [0x0000000093e00000,0x0000000094be8b30,0x0000000098780000)
 Metaspace       used 20340K, capacity 21220K, committed 21296K, reserved 1067008K
  class space    used 2689K, capacity 2905K, committed 2944K, reserved 1048576K
Event: 11,925 GC heap after
Heap after GC invocations=4 (full 1):
 PSYoungGen      total 32768K, used 0K [0x00000000dbf80000, 0x00000000dff80000, 0x0000000100000000)
  eden space 28160K, 0% used [0x00000000dbf80000,0x00000000dbf80000,0x00000000ddb00000)
  from space 4608K, 0% used [0x00000000ddb00000,0x00000000ddb00000,0x00000000ddf80000)
  to   space 4608K, 0% used [0x00000000dfb00000,0x00000000dfb00000,0x00000000dff80000)
 ParOldGen       total 64512K, used 11879K [0x0000000093e00000, 0x0000000097d00000, 0x00000000dbf80000)
  object space 64512K, 18% used [0x0000000093e00000,0x0000000094999d30,0x0000000097d00000)
 Metaspace       used 20340K, capacity 21220K, committed 21296K, reserved 1067008K
  class space    used 2689K, capacity 2905K, committed 2944K, reserved 1048576K
}

Deoptimization events (10 events):
Event: 11,548 Thread 0x00007fd5fc342000 Uncommon trap: reason=bimorphic action=maybe_recompile pc=0x00007fd5ec517090 method=com.sun.javafx.css.SimpleSelector.applies(Ljavafx/css/Styleable;)Z @ 95
Event: 11,549 Thread 0x00007fd5fc342000 Uncommon trap: reason=bimorphic action=maybe_recompile pc=0x00007fd5ec517090 method=com.sun.javafx.css.SimpleSelector.applies(Ljavafx/css/Styleable;)Z @ 95
Event: 11,550 Thread 0x00007fd5fc342000 Uncommon trap: reason=bimorphic action=maybe_recompile pc=0x00007fd5ec517090 method=com.sun.javafx.css.SimpleSelector.applies(Ljavafx/css/Styleable;)Z @ 95
Event: 12,313 Thread 0x00007fd5fc342000 Uncommon trap: reason=array_check action=maybe_recompile pc=0x00007fd5ec589314 method=com.sun.javafx.css.CompoundSelector.applies(Ljavafx/css/Styleable;[Ljava/util/Set;I)Z @ 128
Event: 12,314 Thread 0x00007fd5fc342000 Uncommon trap: reason=array_check action=maybe_recompile pc=0x00007fd5ec589314 method=com.sun.javafx.css.CompoundSelector.applies(Ljavafx/css/Styleable;[Ljava/util/Set;I)Z @ 128
Event: 12,314 Thread 0x00007fd5fc342000 Uncommon trap: reason=array_check action=maybe_recompile pc=0x00007fd5ec589314 method=com.sun.javafx.css.CompoundSelector.applies(Ljavafx/css/Styleable;[Ljava/util/Set;I)Z @ 128
Event: 12,314 Thread 0x00007fd5fc342000 Uncommon trap: reason=array_check action=maybe_recompile pc=0x00007fd5ec589314 method=com.sun.javafx.css.CompoundSelector.applies(Ljavafx/css/Styleable;[Ljava/util/Set;I)Z @ 128
Event: 12,747 Thread 0x00007fd5fc342000 Uncommon trap: reason=array_check action=maybe_recompile pc=0x00007fd5ec6054a4 method=com.sun.javafx.css.SimpleSelector.applies(Ljavafx/css/Styleable;[Ljava/util/Set;I)Z @ 37
Event: 13,057 Thread 0x00007fd5fc342000 Uncommon trap: reason=unstable_if action=reinterpret pc=0x00007fd5ec655d9c method=javafx.scene.CssStyleHelper.lookup(Ljavafx/css/Styleable;Ljavafx/css/CssMetaData;Lcom/sun/javafx/css/StyleMap;Ljava/util/Set;Ljavafx/css/Styleable;Lcom/sun/javafx/css/Calcul
Event: 13,103 Thread 0x00007fd5fc342000 Uncommon trap: reason=bimorphic action=maybe_recompile pc=0x00007fd5ec2ca180 method=java.util.HashMap.putVal(ILjava/lang/Object;Ljava/lang/Object;ZZ)Ljava/lang/Object; @ 203

Classes redefined (0 events):
No events

Internal exceptions (10 events):
Event: 1,538 Thread 0x00007fd5fc342000 Exception <a 'java/lang/NullPointerException'> (0x00000000dcfeb258) thrown at [/build/openjdk-8-wnL82d/openjdk-8-8u171-b11/src/hotspot/src/share/vm/prims/jvm.cpp, line 1439]
Event: 2,066 Thread 0x00007fd5fc342000 Exception <a 'java/lang/ArrayIndexOutOfBoundsException'> (0x00000000dd63c5b0) thrown at [/build/openjdk-8-wnL82d/openjdk-8-8u171-b11/src/hotspot/src/share/vm/runtime/sharedRuntime.cpp, line 605]
Event: 2,067 Thread 0x00007fd5fc342000 Exception <a 'java/lang/ArrayIndexOutOfBoundsException'> (0x00000000dd63d2b0) thrown at [/build/openjdk-8-wnL82d/openjdk-8-8u171-b11/src/hotspot/src/share/vm/runtime/sharedRuntime.cpp, line 605]
Event: 2,068 Thread 0x00007fd5fc342000 Exception <a 'java/lang/ArrayIndexOutOfBoundsException'> (0x00000000dd63e658) thrown at [/build/openjdk-8-wnL82d/openjdk-8-8u171-b11/src/hotspot/src/share/vm/runtime/sharedRuntime.cpp, line 605]
Event: 10,486 Thread 0x00007fd5fc342000 Implicit null exception at 0x00007fd5ec23a535 to 0x00007fd5ec23a8e5
Event: 10,906 Thread 0x00007fd5fc342000 Exception <a 'java/lang/ArrayIndexOutOfBoundsException'> (0x00000000dc2d5558) thrown at [/build/openjdk-8-wnL82d/openjdk-8-8u171-b11/src/hotspot/src/share/vm/runtime/sharedRuntime.cpp, line 605]
Event: 11,045 Thread 0x00007fd5fc342000 Exception <a 'java/lang/ArrayIndexOutOfBoundsException'> (0x00000000dc4dc0e0) thrown at [/build/openjdk-8-wnL82d/openjdk-8-8u171-b11/src/hotspot/src/share/vm/runtime/sharedRuntime.cpp, line 605]
Event: 11,046 Thread 0x00007fd5fc342000 Exception <a 'java/lang/ArrayIndexOutOfBoundsException'> (0x00000000dc4dd2c8) thrown at [/build/openjdk-8-wnL82d/openjdk-8-8u171-b11/src/hotspot/src/share/vm/runtime/sharedRuntime.cpp, line 605]
Event: 11,046 Thread 0x00007fd5fc342000 Exception <a 'java/lang/ArrayIndexOutOfBoundsException'> (0x00000000dc4def08) thrown at [/build/openjdk-8-wnL82d/openjdk-8-8u171-b11/src/hotspot/src/share/vm/runtime/sharedRuntime.cpp, line 605]
Event: 11,200 Thread 0x00007fd5fc342000 Exception <a 'java/io/FileNotFoundException'> (0x00000000dc5d6a78) thrown at [/build/openjdk-8-wnL82d/openjdk-8-8u171-b11/src/hotspot/src/share/vm/prims/jni.cpp, line 709]

Events (10 events):
Event: 13,224 loading class javafx/scene/input/MouseEvent
Event: 13,224 loading class javafx/scene/input/MouseEvent done
Event: 13,224 loading class javafx/event/EventHandler
Event: 13,224 loading class javafx/event/EventHandler done
Event: 13,331 loading class com/sun/javafx/scene/control/skin/Utils$2
Event: 13,331 loading class com/sun/javafx/scene/control/skin/Utils$2 done
Event: 13,470 Thread 0x00007fd5fc342000 DEOPT PACKING pc=0x00007fd5ec34d014 sp=0x00007fd599b403a0
Event: 13,470 Thread 0x00007fd5fc342000 DEOPT UNPACKING pc=0x00007fd5ebfb60c4 sp=0x00007fd599b40128 mode 0
Event: 13,470 Thread 0x00007fd5fc342000 DEOPT PACKING pc=0x00007fd5ec34d014 sp=0x00007fd599b40c80
Event: 13,470 Thread 0x00007fd5fc342000 DEOPT UNPACKING pc=0x00007fd5ebfb60c4 sp=0x00007fd599b40a08 mode 0


Dynamic libraries:
00400000-00401000 r-xp 00000000 08:06 19152                              /usr/lib/jvm/java-8-openjdk-amd64/jre/bin/java
00600000-00601000 r--p 00000000 08:06 19152                              /usr/lib/jvm/java-8-openjdk-amd64/jre/bin/java
00601000-00602000 rw-p 00001000 08:06 19152                              /usr/lib/jvm/java-8-openjdk-amd64/jre/bin/java
00bed000-00c0e000 rw-p 00000000 00:00 0                                  [heap]
93e00000-97d00000 rw-p 00000000 00:00 0 
97d00000-dbf80000 ---p 00000000 00:00 0 
dbf80000-dff80000 rw-p 00000000 00:00 0 
dff80000-100000000 ---p 00000000 00:00 0 
100000000-100320000 rw-p 00000000 00:00 0 
100320000-140000000 ---p 00000000 00:00 0 
7fd568000000-7fd568021000 rw-p 00000000 00:00 0 
7fd568021000-7fd56c000000 ---p 00000000 00:00 0 
7fd56c000000-7fd56c021000 rw-p 00000000 00:00 0 
7fd56c021000-7fd570000000 ---p 00000000 00:00 0 
7fd570000000-7fd570021000 rw-p 00000000 00:00 0 
7fd570021000-7fd574000000 ---p 00000000 00:00 0 
7fd574000000-7fd574021000 rw-p 00000000 00:00 0 
7fd574021000-7fd578000000 ---p 00000000 00:00 0 
7fd578000000-7fd578021000 rw-p 00000000 00:00 0 
7fd578021000-7fd57c000000 ---p 00000000 00:00 0 
7fd57c000000-7fd57c021000 rw-p 00000000 00:00 0 
7fd57c021000-7fd580000000 ---p 00000000 00:00 0 
7fd58002a000-7fd5800d6000 r--p 00000000 08:06 78714                      /usr/share/fonts/truetype/dejavu/DejaVuSans-Bold.ttf
7fd5800d6000-7fd580216000 rw-p 00000000 00:00 0 
7fd580216000-7fd5802d6000 ---p 00000000 00:00 0 
7fd5802d6000-7fd5804d6000 rw-p 00000000 00:00 0 
7fd5804d6000-7fd5834d7000 rw-p 00000000 00:00 0 
7fd5834d7000-7fd5834ed000 r-xp 00000000 08:06 19197                      /usr/lib/jvm/java-8-openjdk-amd64/jre/lib/amd64/libnet.so
7fd5834ed000-7fd5836ed000 ---p 00016000 08:06 19197                      /usr/lib/jvm/java-8-openjdk-amd64/jre/lib/amd64/libnet.so
7fd5836ed000-7fd5836ee000 r--p 00016000 08:06 19197                      /usr/lib/jvm/java-8-openjdk-amd64/jre/lib/amd64/libnet.so
7fd5836ee000-7fd5836ef000 rw-p 00017000 08:06 19197                      /usr/lib/jvm/java-8-openjdk-amd64/jre/lib/amd64/libnet.so
7fd5836ef000-7fd583846000 rw-s 104af6000 00:06 332                       /dev/dri/renderD128
7fd583846000-7fd583a46000 rw-p 00000000 00:00 0 
7fd583a46000-7fd583b46000 rw-s 100fdf000 00:06 332                       /dev/dri/renderD128
7fd583b46000-7fd583c46000 rw-s 1037c8000 00:06 332                       /dev/dri/renderD128
7fd583c46000-7fd583c49000 ---p 00000000 00:00 0 
7fd583c49000-7fd583d47000 rw-p 00000000 00:00 0 
7fd583d47000-7fd583e00000 r--p 00000000 08:06 78715                      /usr/share/fonts/truetype/dejavu/DejaVuSans.ttf
7fd583e00000-7fd584000000 rw-p 00000000 00:00 0 
7fd584000000-7fd584021000 rw-p 00000000 00:00 0 
7fd584021000-7fd588000000 ---p 00000000 00:00 0 
7fd588000000-7fd588530000 rw-p 00000000 00:00 0 
7fd588530000-7fd58c000000 ---p 00000000 00:00 0 
7fd58c000000-7fd58c022000 rw-p 00000000 00:00 0 
7fd58c022000-7fd590000000 ---p 00000000 00:00 0 
7fd590000000-7fd590022000 rw-p 00000000 00:00 0 
7fd590022000-7fd594000000 ---p 00000000 00:00 0 
7fd594000000-7fd594021000 rw-p 00000000 00:00 0 
7fd594021000-7fd598000000 ---p 00000000 00:00 0 
7fd598048000-7fd598068000 rw-s 100b01000 00:06 332                       /dev/dri/renderD128
7fd598068000-7fd598098000 r-xp 00000000 08:06 32466                      /usr/lib/x86_64-linux-gnu/gtk-2.0/2.10.0/engines/libmurrine.so
7fd598098000-7fd598298000 ---p 00030000 08:06 32466                      /usr/lib/x86_64-linux-gnu/gtk-2.0/2.10.0/engines/libmurrine.so
7fd598298000-7fd598299000 r--p 00030000 08:06 32466                      /usr/lib/x86_64-linux-gnu/gtk-2.0/2.10.0/engines/libmurrine.so
7fd598299000-7fd59829a000 rw-p 00031000 08:06 32466                      /usr/lib/x86_64-linux-gnu/gtk-2.0/2.10.0/engines/libmurrine.so
7fd59829a000-7fd5982a4000 r-xp 00000000 08:06 32440                      /usr/lib/x86_64-linux-gnu/gtk-2.0/2.10.0/engines/libpixmap.so
7fd5982a4000-7fd5984a3000 ---p 0000a000 08:06 32440                      /usr/lib/x86_64-linux-gnu/gtk-2.0/2.10.0/engines/libpixmap.so
7fd5984a3000-7fd5984a4000 r--p 00009000 08:06 32440                      /usr/lib/x86_64-linux-gnu/gtk-2.0/2.10.0/engines/libpixmap.so
7fd5984a4000-7fd5984a5000 rw-p 0000a000 08:06 32440                      /usr/lib/x86_64-linux-gnu/gtk-2.0/2.10.0/engines/libpixmap.so
7fd5984a5000-7fd5984fc000 r-xp 00000000 08:06 10681                      /usr/lib/x86_64-linux-gnu/libjpeg.so.8.0.2
7fd5984fc000-7fd5986fc000 ---p 00057000 08:06 10681                      /usr/lib/x86_64-linux-gnu/libjpeg.so.8.0.2
7fd5986fc000-7fd5986fd000 r--p 00057000 08:06 10681                      /usr/lib/x86_64-linux-gnu/libjpeg.so.8.0.2
7fd5986fd000-7fd5986fe000 rw-p 00058000 08:06 10681                      /usr/lib/x86_64-linux-gnu/libjpeg.so.8.0.2
7fd59870d000-7fd59871d000 rw-s 100ac9000 00:06 332                       /dev/dri/renderD128
7fd59871d000-7fd598721000 r-xp 00000000 08:06 8836                       /usr/lib/jvm/java-8-openjdk-amd64/jre/lib/amd64/libjavafx_iio.so
7fd598721000-7fd598920000 ---p 00004000 08:06 8836                       /usr/lib/jvm/java-8-openjdk-amd64/jre/lib/amd64/libjavafx_iio.so
7fd598920000-7fd598921000 r--p 00003000 08:06 8836                       /usr/lib/jvm/java-8-openjdk-amd64/jre/lib/amd64/libjavafx_iio.so
7fd598921000-7fd598922000 rw-p 00004000 08:06 8836                       /usr/lib/jvm/java-8-openjdk-amd64/jre/lib/amd64/libjavafx_iio.so
7fd598922000-7fd598937000 r--s 00000000 08:06 1704006                    /var/cache/fontconfig/04aabc0a78ac019cf9454389977116d2-le64.cache-6
7fd598937000-7fd59893c000 r-xp 00000000 08:06 8842                       /usr/lib/jvm/java-8-openjdk-amd64/jre/lib/amd64/libjavafx_font_freetype.so
7fd59893c000-7fd598b3b000 ---p 00005000 08:06 8842                       /usr/lib/jvm/java-8-openjdk-amd64/jre/lib/amd64/libjavafx_font_freetype.so
7fd598b3b000-7fd598b3c000 r--p 00004000 08:06 8842                       /usr/lib/jvm/java-8-openjdk-amd64/jre/lib/amd64/libjavafx_font_freetype.so
7fd598b3c000-7fd598b3d000 rw-p 00005000 08:06 8842                       /usr/lib/jvm/java-8-openjdk-amd64/jre/lib/amd64/libjavafx_font_freetype.so
7fd598b3d000-7fd598b40000 r-xp 00000000 08:06 8835                       /usr/lib/jvm/java-8-openjdk-amd64/jre/lib/amd64/libjavafx_font.so
7fd598b40000-7fd598d3f000 ---p 00003000 08:06 8835                       /usr/lib/jvm/java-8-openjdk-amd64/jre/lib/amd64/libjavafx_font.so
7fd598d3f000-7fd598d40000 r--p 00002000 08:06 8835                       /usr/lib/jvm/java-8-openjdk-amd64/jre/lib/amd64/libjavafx_font.so
7fd598d40000-7fd598d41000 rw-p 00003000 08:06 8835                       /usr/lib/jvm/java-8-openjdk-amd64/jre/lib/amd64/libjavafx_font.so
7fd598d41000-7fd598f41000 rw-p 00000000 00:00 0 
7fd598f41000-7fd599141000 rw-p 00000000 00:00 0 
7fd599141000-7fd599144000 ---p 00000000 00:00 0 
7fd599144000-7fd599242000 rw-p 00000000 00:00 0 
7fd599242000-7fd599243000 ---p 00000000 00:00 0 
7fd599243000-7fd599a43000 rw-p 00000000 00:00 0 
7fd599a43000-7fd599a46000 ---p 00000000 00:00 0 
7fd599a46000-7fd599b44000 rw-p 00000000 00:00 0 
7fd599b44000-7fd599b47000 ---p 00000000 00:00 0 
7fd599b47000-7fd599c45000 rw-p 00000000 00:00 0 
7fd599c45000-7fd599c46000 ---p 00000000 00:00 0 
7fd599c46000-7fd59a446000 rw-p 00000000 00:00 0 
7fd59a446000-7fd59a451000 r-xp 00000000 08:06 32451                      /usr/lib/x86_64-linux-gnu/gio/modules/libdconfsettings.so
7fd59a451000-7fd59a651000 ---p 0000b000 08:06 32451                      /usr/lib/x86_64-linux-gnu/gio/modules/libdconfsettings.so
7fd59a651000-7fd59a652000 r--p 0000b000 08:06 32451                      /usr/lib/x86_64-linux-gnu/gio/modules/libdconfsettings.so
7fd59a652000-7fd59a653000 rw-p 0000c000 08:06 32451                      /usr/lib/x86_64-linux-gnu/gio/modules/libdconfsettings.so
7fd59a653000-7fd59a654000 ---p 00000000 00:00 0 
7fd59a654000-7fd59ae54000 rw-p 00000000 00:00 0 
7fd59ae54000-7fd59ae6d000 r-xp 00000000 08:06 33478                      /usr/lib/x86_64-linux-gnu/gio/modules/libgioremote-volume-monitor.so
7fd59ae6d000-7fd59b06d000 ---p 00019000 08:06 33478                      /usr/lib/x86_64-linux-gnu/gio/modules/libgioremote-volume-monitor.so
7fd59b06d000-7fd59b070000 r--p 00019000 08:06 33478                      /usr/lib/x86_64-linux-gnu/gio/modules/libgioremote-volume-monitor.so
7fd59b070000-7fd59b071000 rw-p 0001c000 08:06 33478                      /usr/lib/x86_64-linux-gnu/gio/modules/libgioremote-volume-monitor.so
7fd59b071000-7fd59b0a7000 r-xp 00000000 08:06 24604                      /usr/lib/x86_64-linux-gnu/gvfs/libgvfscommon.so
7fd59b0a7000-7fd59b2a7000 ---p 00036000 08:06 24604                      /usr/lib/x86_64-linux-gnu/gvfs/libgvfscommon.so
7fd59b2a7000-7fd59b2ac000 r--p 00036000 08:06 24604                      /usr/lib/x86_64-linux-gnu/gvfs/libgvfscommon.so
7fd59b2ac000-7fd59b2ad000 rw-p 0003b000 08:06 24604                      /usr/lib/x86_64-linux-gnu/gvfs/libgvfscommon.so
7fd59b2ad000-7fd59b2dd000 r-xp 00000000 08:06 33479                      /usr/lib/x86_64-linux-gnu/gio/modules/libgvfsdbus.so
7fd59b2dd000-7fd59b4dd000 ---p 00030000 08:06 33479                      /usr/lib/x86_64-linux-gnu/gio/modules/libgvfsdbus.so
7fd59b4dd000-7fd59b4de000 r--p 00030000 08:06 33479                      /usr/lib/x86_64-linux-gnu/gio/modules/libgvfsdbus.so
7fd59b4de000-7fd59b4e0000 rw-p 00031000 08:06 33479                      /usr/lib/x86_64-linux-gnu/gio/modules/libgvfsdbus.so
7fd59b4e0000-7fd59b4f0000 r-xp 00000000 08:06 13395                      /usr/lib/x86_64-linux-gnu/libunity-gtk2-parser.so.0.0.0
7fd59b4f0000-7fd59b6f0000 ---p 00010000 08:06 13395                      /usr/lib/x86_64-linux-gnu/libunity-gtk2-parser.so.0.0.0
7fd59b6f0000-7fd59b6f1000 r--p 00010000 08:06 13395                      /usr/lib/x86_64-linux-gnu/libunity-gtk2-parser.so.0.0.0
7fd59b6f1000-7fd59b6f2000 rw-p 00011000 08:06 13395                      /usr/lib/x86_64-linux-gnu/libunity-gtk2-parser.so.0.0.0
7fd59b6f2000-7fd59b6f7000 r-xp 00000000 08:06 30669                      /usr/lib/x86_64-linux-gnu/gtk-2.0/modules/libunity-gtk-module.so
7fd59b6f7000-7fd59b8f6000 ---p 00005000 08:06 30669                      /usr/lib/x86_64-linux-gnu/gtk-2.0/modules/libunity-gtk-module.so
7fd59b8f6000-7fd59b8f7000 r--p 00004000 08:06 30669                      /usr/lib/x86_64-linux-gnu/gtk-2.0/modules/libunity-gtk-module.so
7fd59b8f7000-7fd59b8f8000 rw-p 00005000 08:06 30669                      /usr/lib/x86_64-linux-gnu/gtk-2.0/modules/libunity-gtk-module.so
7fd59b8f8000-7fd59b8fe000 r-xp 00000000 08:06 10263                      /usr/lib/x86_64-linux-gnu/libdatrie.so.1.3.3
7fd59b8fe000-7fd59bafe000 ---p 00006000 08:06 10263                      /usr/lib/x86_64-linux-gnu/libdatrie.so.1.3.3
7fd59bafe000-7fd59baff000 r--p 00006000 08:06 10263                      /usr/lib/x86_64-linux-gnu/libdatrie.so.1.3.3
7fd59baff000-7fd59bb00000 rw-p 00007000 08:06 10263                      /usr/lib/x86_64-linux-gnu/libdatrie.so.1.3.3
7fd59bb00000-7fd59bb24000 r-xp 00000000 08:06 9432                       /usr/lib/x86_64-linux-gnu/libgraphite2.so.3.0.1
7fd59bb24000-7fd59bd23000 ---p 00024000 08:06 9432                       /usr/lib/x86_64-linux-gnu/libgraphite2.so.3.0.1
7fd59bd23000-7fd59bd25000 r--p 00023000 08:06 9432                       /usr/lib/x86_64-linux-gnu/libgraphite2.so.3.0.1
7fd59bd25000-7fd59bd26000 rw-p 00025000 08:06 9432                       /usr/lib/x86_64-linux-gnu/libgraphite2.so.3.0.1
7fd59bd26000-7fd59bd2e000 r-xp 00000000 08:06 11095                      /usr/lib/x86_64-linux-gnu/libthai.so.0.2.4
7fd59bd2e000-7fd59bf2d000 ---p 00008000 08:06 11095                      /usr/lib/x86_64-linux-gnu/libthai.so.0.2.4
7fd59bf2d000-7fd59bf2e000 r--p 00007000 08:06 11095                      /usr/lib/x86_64-linux-gnu/libthai.so.0.2.4
7fd59bf2e000-7fd59bf2f000 rw-p 00008000 08:06 11095                      /usr/lib/x86_64-linux-gnu/libthai.so.0.2.4
7fd59bf2f000-7fd59bf8b000 r-xp 00000000 08:06 10595                      /usr/lib/x86_64-linux-gnu/libharfbuzz.so.0.10000.1
7fd59bf8b000-7fd59c18b000 ---p 0005c000 08:06 10595                      /usr/lib/x86_64-linux-gnu/libharfbuzz.so.0.10000.1
7fd59c18b000-7fd59c18c000 r--p 0005c000 08:06 10595                      /usr/lib/x86_64-linux-gnu/libharfbuzz.so.0.10000.1
7fd59c18c000-7fd59c18d000 rw-p 0005d000 08:06 10595                      /usr/lib/x86_64-linux-gnu/libharfbuzz.so.0.10000.1
7fd59c18d000-7fd59c1fb000 r-xp 00000000 08:06 5247573                    /lib/x86_64-linux-gnu/libpcre.so.3.13.2
7fd59c1fb000-7fd59c3fb000 ---p 0006e000 08:06 5247573                    /lib/x86_64-linux-gnu/libpcre.so.3.13.2
7fd59c3fb000-7fd59c3fc000 r--p 0006e000 08:06 5247573                    /lib/x86_64-linux-gnu/libpcre.so.3.13.2
7fd59c3fc000-7fd59c3fd000 rw-p 0006f000 08:06 5247573                    /lib/x86_64-linux-gnu/libpcre.so.3.13.2
7fd59c3fd000-7fd59c414000 r-xp 00000000 08:06 5248714                    /lib/x86_64-linux-gnu/libresolv-2.23.so
7fd59c414000-7fd59c614000 ---p 00017000 08:06 5248714                    /lib/x86_64-linux-gnu/libresolv-2.23.so
7fd59c614000-7fd59c615000 r--p 00017000 08:06 5248714                    /lib/x86_64-linux-gnu/libresolv-2.23.so
7fd59c615000-7fd59c616000 rw-p 00018000 08:06 5248714                    /lib/x86_64-linux-gnu/libresolv-2.23.so
7fd59c616000-7fd59c618000 rw-p 00000000 00:00 0 
7fd59c618000-7fd59c637000 r-xp 00000000 08:06 5247602                    /lib/x86_64-linux-gnu/libselinux.so.1
7fd59c637000-7fd59c836000 ---p 0001f000 08:06 5247602                    /lib/x86_64-linux-gnu/libselinux.so.1
7fd59c836000-7fd59c837000 r--p 0001e000 08:06 5247602                    /lib/x86_64-linux-gnu/libselinux.so.1
7fd59c837000-7fd59c838000 rw-p 0001f000 08:06 5247602                    /lib/x86_64-linux-gnu/libselinux.so.1
7fd59c838000-7fd59c83a000 rw-p 00000000 00:00 0 
7fd59c83a000-7fd59c842000 r-xp 00000000 08:06 11230                      /usr/lib/x86_64-linux-gnu/libxcb-render.so.0.0.0
7fd59c842000-7fd59ca42000 ---p 00008000 08:06 11230                      /usr/lib/x86_64-linux-gnu/libxcb-render.so.0.0.0
7fd59ca42000-7fd59ca43000 r--p 00008000 08:06 11230                      /usr/lib/x86_64-linux-gnu/libxcb-render.so.0.0.0
7fd59ca43000-7fd59ca44000 rw-p 00009000 08:06 11230                      /usr/lib/x86_64-linux-gnu/libxcb-render.so.0.0.0
7fd59ca44000-7fd59ca46000 r-xp 00000000 08:06 11234                      /usr/lib/x86_64-linux-gnu/libxcb-shm.so.0.0.0
7fd59ca46000-7fd59cc46000 ---p 00002000 08:06 11234                      /usr/lib/x86_64-linux-gnu/libxcb-shm.so.0.0.0
7fd59cc46000-7fd59cc47000 r--p 00002000 08:06 11234                      /usr/lib/x86_64-linux-gnu/libxcb-shm.so.0.0.0
7fd59cc47000-7fd59cc48000 rw-p 00003000 08:06 11234                      /usr/lib/x86_64-linux-gnu/libxcb-shm.so.0.0.0
7fd59cc48000-7fd59cc6c000 r-xp 00000000 08:06 5247585                    /lib/x86_64-linux-gnu/libpng12.so.0.54.0
7fd59cc6c000-7fd59ce6b000 ---p 00024000 08:06 5247585                    /lib/x86_64-linux-gnu/libpng12.so.0.54.0
7fd59ce6b000-7fd59ce6c000 r--p 00023000 08:06 5247585                    /lib/x86_64-linux-gnu/libpng12.so.0.54.0
7fd59ce6c000-7fd59ce6d000 rw-p 00024000 08:06 5247585                    /lib/x86_64-linux-gnu/libpng12.so.0.54.0
7fd59ce6d000-7fd59cf11000 r-xp 00000000 08:06 10418                      /usr/lib/x86_64-linux-gnu/libfreetype.so.6.12.1
7fd59cf11000-7fd59d110000 ---p 000a4000 08:06 10418                      /usr/lib/x86_64-linux-gnu/libfreetype.so.6.12.1
7fd59d110000-7fd59d116000 r--p 000a3000 08:06 10418                      /usr/lib/x86_64-linux-gnu/libfreetype.so.6.12.1
7fd59d116000-7fd59d117000 rw-p 000a9000 08:06 10418                      /usr/lib/x86_64-linux-gnu/libfreetype.so.6.12.1
7fd59d117000-7fd59d1b6000 r-xp 00000000 08:06 10905                      /usr/lib/x86_64-linux-gnu/libpixman-1.so.0.33.6
7fd59d1b6000-7fd59d3b6000 ---p 0009f000 08:06 10905                      /usr/lib/x86_64-linux-gnu/libpixman-1.so.0.33.6
7fd59d3b6000-7fd59d3be000 r--p 0009f000 08:06 10905                      /usr/lib/x86_64-linux-gnu/libpixman-1.so.0.33.6
7fd59d3be000-7fd59d3bf000 rw-p 000a7000 08:06 10905                      /usr/lib/x86_64-linux-gnu/libpixman-1.so.0.33.6
7fd59d3bf000-7fd59d3c1000 r-xp 00000000 08:06 10023                      /usr/lib/x86_64-linux-gnu/libXcomposite.so.1.0.0
7fd59d3c1000-7fd59d5c0000 ---p 00002000 08:06 10023                      /usr/lib/x86_64-linux-gnu/libXcomposite.so.1.0.0
7fd59d5c0000-7fd59d5c1000 r--p 00001000 08:06 10023                      /usr/lib/x86_64-linux-gnu/libXcomposite.so.1.0.0
7fd59d5c1000-7fd59d5c2000 rw-p 00002000 08:06 10023                      /usr/lib/x86_64-linux-gnu/libXcomposite.so.1.0.0
7fd59d5c2000-7fd59d5cb000 r-xp 00000000 08:06 3963                       /usr/lib/x86_64-linux-gnu/libXcursor.so.1.0.2
7fd59d5cb000-7fd59d7ca000 ---p 00009000 08:06 3963                       /usr/lib/x86_64-linux-gnu/libXcursor.so.1.0.2
7fd59d7ca000-7fd59d7cb000 r--p 00008000 08:06 3963                       /usr/lib/x86_64-linux-gnu/libXcursor.so.1.0.2
7fd59d7cb000-7fd59d7cc000 rw-p 00009000 08:06 3963                       /usr/lib/x86_64-linux-gnu/libXcursor.so.1.0.2
7fd59d7cc000-7fd59d7d6000 r-xp 00000000 08:06 10051                      /usr/lib/x86_64-linux-gnu/libXrandr.so.2.2.0
7fd59d7d6000-7fd59d9d5000 ---p 0000a000 08:06 10051                      /usr/lib/x86_64-linux-gnu/libXrandr.so.2.2.0
7fd59d9d5000-7fd59d9d6000 r--p 00009000 08:06 10051                      /usr/lib/x86_64-linux-gnu/libXrandr.so.2.2.0
7fd59d9d6000-7fd59d9d7000 rw-p 0000a000 08:06 10051                      /usr/lib/x86_64-linux-gnu/libXrandr.so.2.2.0
7fd59d9d7000-7fd59d9e6000 r-xp 00000000 08:06 10041                      /usr/lib/x86_64-linux-gnu/libXi.so.6.1.0
7fd59d9e6000-7fd59dbe5000 ---p 0000f000 08:06 10041                      /usr/lib/x86_64-linux-gnu/libXi.so.6.1.0
7fd59dbe5000-7fd59dbe6000 r--p 0000e000 08:06 10041                      /usr/lib/x86_64-linux-gnu/libXi.so.6.1.0
7fd59dbe6000-7fd59dbe7000 rw-p 0000f000 08:06 10041                      /usr/lib/x86_64-linux-gnu/libXi.so.6.1.0
7fd59dbe7000-7fd59dbe9000 r-xp 00000000 08:06 10043                      /usr/lib/x86_64-linux-gnu/libXinerama.so.1.0.0
7fd59dbe9000-7fd59dde8000 ---p 00002000 08:06 10043                      /usr/lib/x86_64-linux-gnu/libXinerama.so.1.0.0
7fd59dde8000-7fd59dde9000 r--p 00001000 08:06 10043                      /usr/lib/x86_64-linux-gnu/libXinerama.so.1.0.0
7fd59dde9000-7fd59ddea000 rw-p 00002000 08:06 10043                      /usr/lib/x86_64-linux-gnu/libXinerama.so.1.0.0
7fd59ddea000-7fd59ddf3000 r-xp 00000000 08:06 10053                      /usr/lib/x86_64-linux-gnu/libXrender.so.1.3.0
7fd59ddf3000-7fd59dff2000 ---p 00009000 08:06 10053                      /usr/lib/x86_64-linux-gnu/libXrender.so.1.3.0
7fd59dff2000-7fd59dff3000 r--p 00008000 08:06 10053                      /usr/lib/x86_64-linux-gnu/libXrender.so.1.3.0
7fd59dff3000-7fd59dff4000 rw-p 00009000 08:06 10053                      /usr/lib/x86_64-linux-gnu/libXrender.so.1.3.0
7fd59dff4000-7fd59e031000 r-xp 00000000 08:06 10408                      /usr/lib/x86_64-linux-gnu/libfontconfig.so.1.9.0
7fd59e031000-7fd59e230000 ---p 0003d000 08:06 10408                      /usr/lib/x86_64-linux-gnu/libfontconfig.so.1.9.0
7fd59e230000-7fd59e232000 r--p 0003c000 08:06 10408                      /usr/lib/x86_64-linux-gnu/libfontconfig.so.1.9.0
7fd59e232000-7fd59e237000 rw-p 0003e000 08:06 10408                      /usr/lib/x86_64-linux-gnu/libfontconfig.so.1.9.0
7fd59e237000-7fd59e280000 r-xp 00000000 08:06 10881                      /usr/lib/x86_64-linux-gnu/libpango-1.0.so.0.3800.1
7fd59e280000-7fd59e480000 ---p 00049000 08:06 10881                      /usr/lib/x86_64-linux-gnu/libpango-1.0.so.0.3800.1
7fd59e480000-7fd59e482000 r--p 00049000 08:06 10881                      /usr/lib/x86_64-linux-gnu/libpango-1.0.so.0.3800.1
7fd59e482000-7fd59e483000 rw-p 0004b000 08:06 10881                      /usr/lib/x86_64-linux-gnu/libpango-1.0.so.0.3800.1
7fd59e483000-7fd59e497000 r-xp 00000000 08:06 10885                      /usr/lib/x86_64-linux-gnu/libpangoft2-1.0.so.0.3800.1
7fd59e497000-7fd59e697000 ---p 00014000 08:06 10885                      /usr/lib/x86_64-linux-gnu/libpangoft2-1.0.so.0.3800.1
7fd59e697000-7fd59e698000 r--p 00014000 08:06 10885                      /usr/lib/x86_64-linux-gnu/libpangoft2-1.0.so.0.3800.1
7fd59e698000-7fd59e699000 rw-p 00015000 08:06 10885                      /usr/lib/x86_64-linux-gnu/libpangoft2-1.0.so.0.3800.1
7fd59e699000-7fd59e6bb000 r-xp 00000000 08:06 10117                      /usr/lib/x86_64-linux-gnu/libatk-1.0.so.0.21809.1
7fd59e6bb000-7fd59e8ba000 ---p 00022000 08:06 10117                      /usr/lib/x86_64-linux-gnu/libatk-1.0.so.0.21809.1
7fd59e8ba000-7fd59e8bd000 r--p 00021000 08:06 10117                      /usr/lib/x86_64-linux-gnu/libatk-1.0.so.0.21809.1
7fd59e8bd000-7fd59e8be000 rw-p 00024000 08:06 10117                      /usr/lib/x86_64-linux-gnu/libatk-1.0.so.0.21809.1
7fd59e8be000-7fd59e8ca000 r-xp 00000000 08:06 10883                      /usr/lib/x86_64-linux-gnu/libpangocairo-1.0.so.0.3800.1
7fd59e8ca000-7fd59eac9000 ---p 0000c000 08:06 10883                      /usr/lib/x86_64-linux-gnu/libpangocairo-1.0.so.0.3800.1
7fd59eac9000-7fd59eaca000 r--p 0000b000 08:06 10883                      /usr/lib/x86_64-linux-gnu/libpangocairo-1.0.so.0.3800.1
7fd59eaca000-7fd59eacb000 rw-p 0000c000 08:06 10883                      /usr/lib/x86_64-linux-gnu/libpangocairo-1.0.so.0.3800.1
7fd59eacb000-7fd59eace000 r-xp 00000000 08:06 10489                      /usr/lib/x86_64-linux-gnu/libgmodule-2.0.so.0.4800.2
7fd59eace000-7fd59eccd000 ---p 00003000 08:06 10489                      /usr/lib/x86_64-linux-gnu/libgmodule-2.0.so.0.4800.2
7fd59eccd000-7fd59ecce000 r--p 00002000 08:06 10489                      /usr/lib/x86_64-linux-gnu/libgmodule-2.0.so.0.4800.2
7fd59ecce000-7fd59eccf000 rw-p 00003000 08:06 10489                      /usr/lib/x86_64-linux-gnu/libgmodule-2.0.so.0.4800.2
7fd59eccf000-7fd59ecd4000 r-xp 00000000 08:06 10059                      /usr/lib/x86_64-linux-gnu/libXtst.so.6.1.0
7fd59ecd4000-7fd59eed3000 ---p 00005000 08:06 10059                      /usr/lib/x86_64-linux-gnu/libXtst.so.6.1.0
7fd59eed3000-7fd59eed4000 r--p 00004000 08:06 10059                      /usr/lib/x86_64-linux-gnu/libXtst.so.6.1.0
7fd59eed4000-7fd59eed5000 rw-p 00005000 08:06 10059                      /usr/lib/x86_64-linux-gnu/libXtst.so.6.1.0
7fd59eed5000-7fd59efe4000 r-xp 00000000 08:06 5247486                    /lib/x86_64-linux-gnu/libglib-2.0.so.0.4800.2
7fd59efe4000-7fd59f1e3000 ---p 0010f000 08:06 5247486                    /lib/x86_64-linux-gnu/libglib-2.0.so.0.4800.2
7fd59f1e3000-7fd59f1e4000 r--p 0010e000 08:06 5247486                    /lib/x86_64-linux-gnu/libglib-2.0.so.0.4800.2
7fd59f1e4000-7fd59f1e5000 rw-p 0010f000 08:06 5247486                    /lib/x86_64-linux-gnu/libglib-2.0.so.0.4800.2
7fd59f1e5000-7fd59f1e6000 rw-p 00000000 00:00 0 
7fd59f1e6000-7fd59f1e7000 r-xp 00000000 08:06 10567                      /usr/lib/x86_64-linux-gnu/libgthread-2.0.so.0.4800.2
7fd59f1e7000-7fd59f3e6000 ---p 00001000 08:06 10567                      /usr/lib/x86_64-linux-gnu/libgthread-2.0.so.0.4800.2
7fd59f3e6000-7fd59f3e7000 r--p 00000000 08:06 10567                      /usr/lib/x86_64-linux-gnu/libgthread-2.0.so.0.4800.2
7fd59f3e7000-7fd59f3e8000 rw-p 00001000 08:06 10567                      /usr/lib/x86_64-linux-gnu/libgthread-2.0.so.0.4800.2
7fd59f3e8000-7fd59f43a000 r-xp 00000000 08:06 10505                      /usr/lib/x86_64-linux-gnu/libgobject-2.0.so.0.4800.2
7fd59f43a000-7fd59f639000 ---p 00052000 08:06 10505                      /usr/lib/x86_64-linux-gnu/libgobject-2.0.so.0.4800.2
7fd59f639000-7fd59f63a000 r--p 00051000 08:06 10505                      /usr/lib/x86_64-linux-gnu/libgobject-2.0.so.0.4800.2
7fd59f63a000-7fd59f63b000 rw-p 00052000 08:06 10505                      /usr/lib/x86_64-linux-gnu/libgobject-2.0.so.0.4800.2
7fd59f63b000-7fd59f7bb000 r-xp 00000000 08:06 10475                      /usr/lib/x86_64-linux-gnu/libgio-2.0.so.0.4800.2
7fd59f7bb000-7fd59f9bb000 ---p 00180000 08:06 10475                      /usr/lib/x86_64-linux-gnu/libgio-2.0.so.0.4800.2
7fd59f9bb000-7fd59f9bf000 r--p 00180000 08:06 10475                      /usr/lib/x86_64-linux-gnu/libgio-2.0.so.0.4800.2
7fd59f9bf000-7fd59f9c1000 rw-p 00184000 08:06 10475                      /usr/lib/x86_64-linux-gnu/libgio-2.0.so.0.4800.2
7fd59f9c1000-7fd59f9c3000 rw-p 00000000 00:00 0 
7fd59f9c3000-7fd59f9e4000 r-xp 00000000 08:06 7561                       /usr/lib/x86_64-linux-gnu/libgdk_pixbuf-2.0.so.0.3200.2
7fd59f9e4000-7fd59fbe3000 ---p 00021000 08:06 7561                       /usr/lib/x86_64-linux-gnu/libgdk_pixbuf-2.0.so.0.3200.2
7fd59fbe3000-7fd59fbe4000 r--p 00020000 08:06 7561                       /usr/lib/x86_64-linux-gnu/libgdk_pixbuf-2.0.so.0.3200.2
7fd59fbe4000-7fd59fbe5000 rw-p 00021000 08:06 7561                       /usr/lib/x86_64-linux-gnu/libgdk_pixbuf-2.0.so.0.3200.2
7fd59fbe5000-7fd59fcf3000 r-xp 00000000 08:06 10180                      /usr/lib/x86_64-linux-gnu/libcairo.so.2.11400.6
7fd59fcf3000-7fd59fef3000 ---p 0010e000 08:06 10180                      /usr/lib/x86_64-linux-gnu/libcairo.so.2.11400.6
7fd59fef3000-7fd59fef6000 r--p 0010e000 08:06 10180                      /usr/lib/x86_64-linux-gnu/libcairo.so.2.11400.6
7fd59fef6000-7fd59fef7000 rw-p 00111000 08:06 10180                      /usr/lib/x86_64-linux-gnu/libcairo.so.2.11400.6
7fd59fef7000-7fd59fef9000 rw-p 00000000 00:00 0 
7fd59fef9000-7fd59ffa9000 r-xp 00000000 08:06 7946                       /usr/lib/x86_64-linux-gnu/libgdk-x11-2.0.so.0.2400.30
7fd59ffa9000-7fd5a01a8000 ---p 000b0000 08:06 7946                       /usr/lib/x86_64-linux-gnu/libgdk-x11-2.0.so.0.2400.30
7fd5a01a8000-7fd5a01ac000 r--p 000af000 08:06 7946                       /usr/lib/x86_64-linux-gnu/libgdk-x11-2.0.so.0.2400.30
7fd5a01ac000-7fd5a01ae000 rw-p 000b3000 08:06 7946                       /usr/lib/x86_64-linux-gnu/libgdk-x11-2.0.so.0.2400.30
7fd5a01ae000-7fd5a05ec000 r-xp 00000000 08:06 7947                       /usr/lib/x86_64-linux-gnu/libgtk-x11-2.0.so.0.2400.30
7fd5a05ec000-7fd5a07eb000 ---p 0043e000 08:06 7947                       /usr/lib/x86_64-linux-gnu/libgtk-x11-2.0.so.0.2400.30
7fd5a07eb000-7fd5a07f2000 r--p 0043d000 08:06 7947                       /usr/lib/x86_64-linux-gnu/libgtk-x11-2.0.so.0.2400.30
7fd5a07f2000-7fd5a07f6000 rw-p 00444000 08:06 7947                       /usr/lib/x86_64-linux-gnu/libgtk-x11-2.0.so.0.2400.30
7fd5a07f6000-7fd5a07f9000 rw-p 00000000 00:00 0 
7fd5a07f9000-7fd5a07fa000 ---p 00000000 00:00 0 
7fd5a07fa000-7fd5a0ffa000 rw-p 00000000 00:00 0 
7fd5a0ffa000-7fd5a0ffb000 ---p 00000000 00:00 0 
7fd5a0ffb000-7fd5a17fb000 rw-p 00000000 00:00 0 
7fd5a17fb000-7fd5a17fc000 ---p 00000000 00:00 0 
7fd5a17fc000-7fd5a1ffc000 rw-p 00000000 00:00 0 
7fd5a1ffc000-7fd5a1ffd000 ---p 00000000 00:00 0 
7fd5a1ffd000-7fd5a27fd000 rw-p 00000000 00:00 0 
7fd5a27fd000-7fd5a27fe000 ---p 00000000 00:00 0 
7fd5a27fe000-7fd5a2ffe000 rw-p 00000000 00:00 0 
7fd5a2ffe000-7fd5a2fff000 ---p 00000000 00:00 0 
7fd5a2fff000-7fd5a37ff000 rw-p 00000000 00:00 0 
7fd5a37ff000-7fd5a3800000 ---p 00000000 00:00 0 
7fd5a3800000-7fd5a4000000 rw-p 00000000 00:00 0 
7fd5a4000000-7fd5a447c000 rw-p 00000000 00:00 0 
7fd5a447c000-7fd5a8000000 ---p 00000000 00:00 0 
7fd5a8000000-7fd5a8005000 r--s 0009d000 08:06 19228                      /usr/lib/jvm/java-8-openjdk-amd64/jre/lib/jsse.jar
7fd5a8005000-7fd5a800c000 r--s 00000000 08:06 1704018                    /var/cache/fontconfig/4be9850f182b35c1350b6bbf2e42601c-le64.cache-6
7fd5a800c000-7fd5a800d000 r--s 00000000 08:06 1706007                    /var/cache/fontconfig/087e1975ba9a574b140bb1df193bf770-le64.cache-6
7fd5a800d000-7fd5a8044000 r-xp 00000000 08:06 11120                      /usr/lib/x86_64-linux-gnu/libtxc_dxtn_s2tc.so.0.0.0
7fd5a8044000-7fd5a8243000 ---p 00037000 08:06 11120                      /usr/lib/x86_64-linux-gnu/libtxc_dxtn_s2tc.so.0.0.0
7fd5a8243000-7fd5a8244000 r--p 00036000 08:06 11120                      /usr/lib/x86_64-linux-gnu/libtxc_dxtn_s2tc.so.0.0.0
7fd5a8244000-7fd5a8245000 rw-p 00037000 08:06 11120                      /usr/lib/x86_64-linux-gnu/libtxc_dxtn_s2tc.so.0.0.0
7fd5a8245000-7fd5a8246000 ---p 00000000 00:00 0 
7fd5a8246000-7fd5a8a46000 rw-p 00000000 00:00 0 
7fd5a8a46000-7fd5abbed000 r-xp 00000000 08:06 3905                       /usr/lib/x86_64-linux-gnu/libLLVM-5.0.so.1
7fd5abbed000-7fd5abf3d000 r--p 031a6000 08:06 3905                       /usr/lib/x86_64-linux-gnu/libLLVM-5.0.so.1
7fd5abf3d000-7fd5abfad000 rw-p 034f6000 08:06 3905                       /usr/lib/x86_64-linux-gnu/libLLVM-5.0.so.1
7fd5abfad000-7fd5ac000000 rw-p 00000000 00:00 0 
7fd5ac000000-7fd5ac021000 rw-p 00000000 00:00 0 
7fd5ac021000-7fd5b0000000 ---p 00000000 00:00 0 
7fd5b0000000-7fd5b0021000 rw-p 00000000 00:00 0 
7fd5b0021000-7fd5b4000000 ---p 00000000 00:00 0 
7fd5b4000000-7fd5b484f000 rw-p 00000000 00:00 0 
7fd5b484f000-7fd5b8000000 ---p 00000000 00:00 0 
7fd5b8000000-7fd5b8762000 rw-p 00000000 00:00 0 
7fd5b8762000-7fd5bc000000 ---p 00000000 00:00 0 
7fd5bc000000-7fd5bc021000 rw-p 00000000 00:00 0 
7fd5bc021000-7fd5c0000000 ---p 00000000 00:00 0 
7fd5c0000000-7fd5c070a000 rw-p 00000000 00:00 0 
7fd5c070a000-7fd5c4000000 ---p 00000000 00:00 0 
7fd5c4000000-7fd5c4021000 rw-p 00000000 00:00 0 
7fd5c4021000-7fd5c8000000 ---p 00000000 00:00 0 
7fd5c8000000-7fd5c8021000 rw-p 00000000 00:00 0 
7fd5c8021000-7fd5cc000000 ---p 00000000 00:00 0 
7fd5cc000000-7fd5cc021000 rw-p 00000000 00:00 0 
7fd5cc021000-7fd5d0000000 ---p 00000000 00:00 0 
7fd5d0000000-7fd5d0021000 rw-p 00000000 00:00 0 
7fd5d0021000-7fd5d4000000 ---p 00000000 00:00 0 
7fd5d4000000-7fd5d4021000 rw-p 00000000 00:00 0 
7fd5d4021000-7fd5d8000000 ---p 00000000 00:00 0 
7fd5d8000000-7fd5d800b000 r--s 00000000 08:06 1704007                    /var/cache/fontconfig/945677eb7aeaf62f1d50efc3fb3ec7d8-le64.cache-6
7fd5d800b000-7fd5d8033000 r-xp 00000000 08:06 8841                       /usr/lib/jvm/java-8-openjdk-amd64/jre/lib/amd64/libglass.so
7fd5d8033000-7fd5d8233000 ---p 00028000 08:06 8841                       /usr/lib/jvm/java-8-openjdk-amd64/jre/lib/amd64/libglass.so
7fd5d8233000-7fd5d8234000 r--p 00028000 08:06 8841                       /usr/lib/jvm/java-8-openjdk-amd64/jre/lib/amd64/libglass.so
7fd5d8234000-7fd5d8235000 rw-p 00029000 08:06 8841                       /usr/lib/jvm/java-8-openjdk-amd64/jre/lib/amd64/libglass.so
7fd5d8235000-7fd5d8248000 r-xp 00000000 08:06 5247440                    /lib/x86_64-linux-gnu/libbsd.so.0.8.2
7fd5d8248000-7fd5d8447000 ---p 00013000 08:06 5247440                    /lib/x86_64-linux-gnu/libbsd.so.0.8.2
7fd5d8447000-7fd5d8448000 r--p 00012000 08:06 5247440                    /lib/x86_64-linux-gnu/libbsd.so.0.8.2
7fd5d8448000-7fd5d8449000 rw-p 00013000 08:06 5247440                    /lib/x86_64-linux-gnu/libbsd.so.0.8.2
7fd5d8449000-7fd5d844a000 rw-p 00000000 00:00 0 
7fd5d844a000-7fd5d846f000 r-xp 00000000 08:06 5247616                    /lib/x86_64-linux-gnu/libtinfo.so.5.9
7fd5d846f000-7fd5d866e000 ---p 00025000 08:06 5247616                    /lib/x86_64-linux-gnu/libtinfo.so.5.9
7fd5d866e000-7fd5d8672000 r--p 00024000 08:06 5247616                    /lib/x86_64-linux-gnu/libtinfo.so.5.9
7fd5d8672000-7fd5d8673000 rw-p 00028000 08:06 5247616                    /lib/x86_64-linux-gnu/libtinfo.so.5.9
7fd5d8673000-7fd5d86a4000 r-xp 00000000 08:06 10328                      /usr/lib/x86_64-linux-gnu/libedit.so.2.0.53
7fd5d86a4000-7fd5d88a4000 ---p 00031000 08:06 10328                      /usr/lib/x86_64-linux-gnu/libedit.so.2.0.53
7fd5d88a4000-7fd5d88a6000 r--p 00031000 08:06 10328                      /usr/lib/x86_64-linux-gnu/libedit.so.2.0.53
7fd5d88a6000-7fd5d88a7000 rw-p 00033000 08:06 10328                      /usr/lib/x86_64-linux-gnu/libedit.so.2.0.53
7fd5d88a7000-7fd5d88ab000 rw-p 00000000 00:00 0 
7fd5d88ab000-7fd5d88b2000 r-xp 00000000 08:06 10368                      /usr/lib/x86_64-linux-gnu/libffi.so.6.0.4
7fd5d88b2000-7fd5d8ab1000 ---p 00007000 08:06 10368                      /usr/lib/x86_64-linux-gnu/libffi.so.6.0.4
7fd5d8ab1000-7fd5d8ab2000 r--p 00006000 08:06 10368                      /usr/lib/x86_64-linux-gnu/libffi.so.6.0.4
7fd5d8ab2000-7fd5d8ab3000 rw-p 00007000 08:06 10368                      /usr/lib/x86_64-linux-gnu/libffi.so.6.0.4
7fd5d8ab3000-7fd5d8aca000 r-xp 00000000 08:06 8183                       /usr/lib/x86_64-linux-gnu/libelf-0.165.so
7fd5d8aca000-7fd5d8cc9000 ---p 00017000 08:06 8183                       /usr/lib/x86_64-linux-gnu/libelf-0.165.so
7fd5d8cc9000-7fd5d8cca000 r--p 00016000 08:06 8183                       /usr/lib/x86_64-linux-gnu/libelf-0.165.so
7fd5d8cca000-7fd5d8ccb000 rw-p 00017000 08:06 8183                       /usr/lib/x86_64-linux-gnu/libelf-0.165.so
7fd5d8ccb000-7fd5d8cd3000 r-xp 00000000 08:06 5441                       /usr/lib/x86_64-linux-gnu/libdrm_amdgpu.so.1.0.0
7fd5d8cd3000-7fd5d8ed3000 ---p 00008000 08:06 5441                       /usr/lib/x86_64-linux-gnu/libdrm_amdgpu.so.1.0.0
7fd5d8ed3000-7fd5d8ed4000 r--p 00008000 08:06 5441                       /usr/lib/x86_64-linux-gnu/libdrm_amdgpu.so.1.0.0
7fd5d8ed4000-7fd5d8ed5000 rw-p 00009000 08:06 5441                       /usr/lib/x86_64-linux-gnu/libdrm_amdgpu.so.1.0.0
7fd5d8ed5000-7fd5d8ee0000 r-xp 00000000 08:06 4253                       /usr/lib/x86_64-linux-gnu/libdrm_radeon.so.1.0.1
7fd5d8ee0000-7fd5d90df000 ---p 0000b000 08:06 4253                       /usr/lib/x86_64-linux-gnu/libdrm_radeon.so.1.0.1
7fd5d90df000-7fd5d90e0000 r--p 0000a000 08:06 4253                       /usr/lib/x86_64-linux-gnu/libdrm_radeon.so.1.0.1
7fd5d90e0000-7fd5d90e1000 rw-p 0000b000 08:06 4253                       /usr/lib/x86_64-linux-gnu/libdrm_radeon.so.1.0.1
7fd5d90e1000-7fd5d90e8000 r-xp 00000000 08:06 4229                       /usr/lib/x86_64-linux-gnu/libdrm_nouveau.so.2.0.0
7fd5d90e8000-7fd5d92e7000 ---p 00007000 08:06 4229                       /usr/lib/x86_64-linux-gnu/libdrm_nouveau.so.2.0.0
7fd5d92e7000-7fd5d92e8000 r--p 00006000 08:06 4229                       /usr/lib/x86_64-linux-gnu/libdrm_nouveau.so.2.0.0
7fd5d92e8000-7fd5d92e9000 rw-p 00007000 08:06 4229                       /usr/lib/x86_64-linux-gnu/libdrm_nouveau.so.2.0.0
7fd5d92e9000-7fd5d92f7000 r-xp 00000000 08:06 11015                      /usr/lib/x86_64-linux-gnu/libsensors.so.4.4.0
7fd5d92f7000-7fd5d94f6000 ---p 0000e000 08:06 11015                      /usr/lib/x86_64-linux-gnu/libsensors.so.4.4.0
7fd5d94f6000-7fd5d94f7000 r--p 0000d000 08:06 11015                      /usr/lib/x86_64-linux-gnu/libsensors.so.4.4.0
7fd5d94f7000-7fd5d94f8000 rw-p 0000e000 08:06 11015                      /usr/lib/x86_64-linux-gnu/libsensors.so.4.4.0
7fd5d94f8000-7fd5d9f27000 r-xp 00000000 08:06 26723                      /usr/lib/x86_64-linux-gnu/dri/radeonsi_dri.so
7fd5d9f27000-7fd5da126000 ---p 00a2f000 08:06 26723                      /usr/lib/x86_64-linux-gnu/dri/radeonsi_dri.so
7fd5da126000-7fd5da167000 r--p 00a2e000 08:06 26723                      /usr/lib/x86_64-linux-gnu/dri/radeonsi_dri.so
7fd5da167000-7fd5da170000 rw-p 00a6f000 08:06 26723                      /usr/lib/x86_64-linux-gnu/dri/radeonsi_dri.so
7fd5da170000-7fd5da367000 rw-p 00000000 00:00 0 
7fd5da367000-7fd5da36c000 r-xp 00000000 08:06 10029                      /usr/lib/x86_64-linux-gnu/libXdmcp.so.6.0.0
7fd5da36c000-7fd5da56b000 ---p 00005000 08:06 10029                      /usr/lib/x86_64-linux-gnu/libXdmcp.so.6.0.0
7fd5da56b000-7fd5da56c000 r--p 00004000 08:06 10029                      /usr/lib/x86_64-linux-gnu/libXdmcp.so.6.0.0
7fd5da56c000-7fd5da56d000 rw-p 00005000 08:06 10029                      /usr/lib/x86_64-linux-gnu/libXdmcp.so.6.0.0
7fd5da56d000-7fd5da56f000 r-xp 00000000 08:06 10018                      /usr/lib/x86_64-linux-gnu/libXau.so.6.0.0
7fd5da56f000-7fd5da76f000 ---p 00002000 08:06 10018                      /usr/lib/x86_64-linux-gnu/libXau.so.6.0.0
7fd5da76f000-7fd5da770000 r--p 00002000 08:06 10018                      /usr/lib/x86_64-linux-gnu/libXau.so.6.0.0
7fd5da770000-7fd5da771000 rw-p 00003000 08:06 10018                      /usr/lib/x86_64-linux-gnu/libXau.so.6.0.0
7fd5da771000-7fd5da781000 r-xp 00000000 08:06 5431                       /usr/lib/x86_64-linux-gnu/libdrm.so.2.4.0
7fd5da781000-7fd5da980000 ---p 00010000 08:06 5431                       /usr/lib/x86_64-linux-gnu/libdrm.so.2.4.0
7fd5da980000-7fd5da981000 r--p 0000f000 08:06 5431                       /usr/lib/x86_64-linux-gnu/libdrm.so.2.4.0
7fd5da981000-7fd5da982000 rw-p 00010000 08:06 5431                       /usr/lib/x86_64-linux-gnu/libdrm.so.2.4.0
7fd5da982000-7fd5da987000 r-xp 00000000 08:06 10069                      /usr/lib/x86_64-linux-gnu/libXxf86vm.so.1.0.0
7fd5da987000-7fd5dab86000 ---p 00005000 08:06 10069                      /usr/lib/x86_64-linux-gnu/libXxf86vm.so.1.0.0
7fd5dab86000-7fd5dab87000 r--p 00004000 08:06 10069                      /usr/lib/x86_64-linux-gnu/libXxf86vm.so.1.0.0
7fd5dab87000-7fd5dab88000 rw-p 00005000 08:06 10069                      /usr/lib/x86_64-linux-gnu/libXxf86vm.so.1.0.0
7fd5dab88000-7fd5dab8c000 r-xp 00000000 08:06 11222                      /usr/lib/x86_64-linux-gnu/libxcb-dri2.so.0.0.0
7fd5dab8c000-7fd5dad8b000 ---p 00004000 08:06 11222                      /usr/lib/x86_64-linux-gnu/libxcb-dri2.so.0.0.0
7fd5dad8b000-7fd5dad8c000 r--p 00003000 08:06 11222                      /usr/lib/x86_64-linux-gnu/libxcb-dri2.so.0.0.0
7fd5dad8c000-7fd5dad8d000 rw-p 00004000 08:06 11222                      /usr/lib/x86_64-linux-gnu/libxcb-dri2.so.0.0.0
7fd5dad8d000-7fd5dada4000 r-xp 00000000 08:06 11226                      /usr/lib/x86_64-linux-gnu/libxcb-glx.so.0.0.0
7fd5dada4000-7fd5dafa3000 ---p 00017000 08:06 11226                      /usr/lib/x86_64-linux-gnu/libxcb-glx.so.0.0.0
7fd5dafa3000-7fd5dafa5000 r--p 00016000 08:06 11226                      /usr/lib/x86_64-linux-gnu/libxcb-glx.so.0.0.0
7fd5dafa5000-7fd5dafa6000 rw-p 00018000 08:06 11226                      /usr/lib/x86_64-linux-gnu/libxcb-glx.so.0.0.0
7fd5dafa6000-7fd5dafa7000 r-xp 00000000 08:06 10012                      /usr/lib/x86_64-linux-gnu/libX11-xcb.so.1.0.0
7fd5dafa7000-7fd5db1a6000 ---p 00001000 08:06 10012                      /usr/lib/x86_64-linux-gnu/libX11-xcb.so.1.0.0
7fd5db1a6000-7fd5db1a7000 r--p 00000000 08:06 10012                      /usr/lib/x86_64-linux-gnu/libX11-xcb.so.1.0.0
7fd5db1a7000-7fd5db1a8000 rw-p 00001000 08:06 10012                      /usr/lib/x86_64-linux-gnu/libX11-xcb.so.1.0.0
7fd5db1a8000-7fd5db1ad000 r-xp 00000000 08:06 10033                      /usr/lib/x86_64-linux-gnu/libXfixes.so.3.1.0
7fd5db1ad000-7fd5db3ac000 ---p 00005000 08:06 10033                      /usr/lib/x86_64-linux-gnu/libXfixes.so.3.1.0
7fd5db3ac000-7fd5db3ad000 r--p 00004000 08:06 10033                      /usr/lib/x86_64-linux-gnu/libXfixes.so.3.1.0
7fd5db3ad000-7fd5db3ae000 rw-p 00005000 08:06 10033                      /usr/lib/x86_64-linux-gnu/libXfixes.so.3.1.0
7fd5db3ae000-7fd5db3b0000 r-xp 00000000 08:06 10027                      /usr/lib/x86_64-linux-gnu/libXdamage.so.1.1.0
7fd5db3b0000-7fd5db5af000 ---p 00002000 08:06 10027                      /usr/lib/x86_64-linux-gnu/libXdamage.so.1.1.0
7fd5db5af000-7fd5db5b0000 r--p 00001000 08:06 10027                      /usr/lib/x86_64-linux-gnu/libXdamage.so.1.1.0
7fd5db5b0000-7fd5db5b1000 rw-p 00002000 08:06 10027                      /usr/lib/x86_64-linux-gnu/libXdamage.so.1.1.0
7fd5db5b1000-7fd5db5c2000 r-xp 00000000 08:06 10031                      /usr/lib/x86_64-linux-gnu/libXext.so.6.4.0
7fd5db5c2000-7fd5db7c1000 ---p 00011000 08:06 10031                      /usr/lib/x86_64-linux-gnu/libXext.so.6.4.0
7fd5db7c1000-7fd5db7c2000 r--p 00010000 08:06 10031                      /usr/lib/x86_64-linux-gnu/libXext.so.6.4.0
7fd5db7c2000-7fd5db7c3000 rw-p 00011000 08:06 10031                      /usr/lib/x86_64-linux-gnu/libXext.so.6.4.0
7fd5db7c3000-7fd5db7ee000 r-xp 00000000 08:06 6629                       /usr/lib/x86_64-linux-gnu/libglapi.so.0.0.0
7fd5db7ee000-7fd5db9ed000 ---p 0002b000 08:06 6629                       /usr/lib/x86_64-linux-gnu/libglapi.so.0.0.0
7fd5db9ed000-7fd5db9f1000 r--p 0002a000 08:06 6629                       /usr/lib/x86_64-linux-gnu/libglapi.so.0.0.0
7fd5db9f1000-7fd5db9f2000 rw-p 0002e000 08:06 6629                       /usr/lib/x86_64-linux-gnu/libglapi.so.0.0.0
7fd5db9f2000-7fd5db9f3000 rw-p 00000000 00:00 0 
7fd5db9f3000-7fd5db9f4000 r-xp 00000000 08:06 11273                      /usr/lib/x86_64-linux-gnu/libxshmfence.so.1.0.0
7fd5db9f4000-7fd5dbbf4000 ---p 00001000 08:06 11273                      /usr/lib/x86_64-linux-gnu/libxshmfence.so.1.0.0
7fd5dbbf4000-7fd5dbbf5000 r--p 00001000 08:06 11273                      /usr/lib/x86_64-linux-gnu/libxshmfence.so.1.0.0
7fd5dbbf5000-7fd5dbbf6000 rw-p 00002000 08:06 11273                      /usr/lib/x86_64-linux-gnu/libxshmfence.so.1.0.0
7fd5dbbf6000-7fd5dbbfb000 r-xp 00000000 08:06 11236                      /usr/lib/x86_64-linux-gnu/libxcb-sync.so.1.0.0
7fd5dbbfb000-7fd5dbdfb000 ---p 00005000 08:06 11236                      /usr/lib/x86_64-linux-gnu/libxcb-sync.so.1.0.0
7fd5dbdfb000-7fd5dbdfc000 r--p 00005000 08:06 11236                      /usr/lib/x86_64-linux-gnu/libxcb-sync.so.1.0.0
7fd5dbdfc000-7fd5dbdfd000 rw-p 00006000 08:06 11236                      /usr/lib/x86_64-linux-gnu/libxcb-sync.so.1.0.0
7fd5dbdfd000-7fd5dbdff000 r-xp 00000000 08:06 11228                      /usr/lib/x86_64-linux-gnu/libxcb-present.so.0.0.0
7fd5dbdff000-7fd5dbffe000 ---p 00002000 08:06 11228                      /usr/lib/x86_64-linux-gnu/libxcb-present.so.0.0.0
7fd5dbffe000-7fd5dbfff000 r--p 00001000 08:06 11228                      /usr/lib/x86_64-linux-gnu/libxcb-present.so.0.0.0
7fd5dbfff000-7fd5dc000000 rw-p 00002000 08:06 11228                      /usr/lib/x86_64-linux-gnu/libxcb-present.so.0.0.0
7fd5dc000000-7fd5dc021000 rw-p 00000000 00:00 0 
7fd5dc021000-7fd5e0000000 ---p 00000000 00:00 0 
7fd5e0000000-7fd5e0006000 r--s 00000000 08:06 1704004                    /var/cache/fontconfig/2cd17615ca594fa2959ae173292e504c-le64.cache-6
7fd5e0006000-7fd5e0007000 r--s 00000000 08:06 1704001                    /var/cache/fontconfig/0d8c3b2ac0904cb8a57a757ad11a4a08-le64.cache-6
7fd5e0007000-7fd5e0008000 r--s 00000000 08:06 1704011                    /var/cache/fontconfig/1ac9eb803944fde146138c791f5cc56a-le64.cache-6
7fd5e0008000-7fd5e000c000 r--s 00000000 08:06 1704038                    /var/cache/fontconfig/385c0604a188198f04d133e54aba7fe7-le64.cache-6
7fd5e000c000-7fd5e000d000 r--s 00000000 08:06 1705588                    /var/cache/fontconfig/dc05db6664285cc2f12bf69c139ae4c3-le64.cache-6
7fd5e000d000-7fd5e0010000 r--s 00000000 08:06 1704472                    /var/cache/fontconfig/767a8244fc0220cfb567a839d0392e0b-le64.cache-6
7fd5e0010000-7fd5e0011000 r--s 00000000 08:06 1704002                    /var/cache/fontconfig/4794a0821666d79190d59a36cb4f44b5-le64.cache-6
7fd5e0011000-7fd5e0038000 r--s 00000000 08:06 1704024                    /var/cache/fontconfig/0bd3dc0958fa2205aaaa8ebb13e2872b-le64.cache-6
7fd5e0038000-7fd5e003d000 r--s 00000000 08:06 1707645                    /var/cache/fontconfig/8801497958630a81b71ace7c5f9b32a8-le64.cache-6
7fd5e003d000-7fd5e0078000 r--s 00000000 08:06 1704031                    /var/cache/fontconfig/365b55f210c0a22e9a19e35191240f32-le64.cache-6
7fd5e0078000-7fd5e0079000 r--s 00000000 08:06 1704008                    /var/cache/fontconfig/bab58bb527bb656aaa9f116d68a48d89-le64.cache-6
7fd5e0079000-7fd5e0080000 r--s 00000000 08:06 1704015                    /var/cache/fontconfig/3047814df9a2f067bd2d96a2b9c36e5a-le64.cache-6
7fd5e0080000-7fd5e0081000 r--s 00000000 08:06 1704030                    /var/cache/fontconfig/56cf4f4769d0f4abc89a4895d7bd3ae1-le64.cache-6
7fd5e0081000-7fd5e0082000 r--s 00000000 08:06 1704029                    /var/cache/fontconfig/b9d506c9ac06c20b433354fa67a72993-le64.cache-6
7fd5e0082000-7fd5e0088000 r--s 00000000 08:06 1704035                    /var/cache/fontconfig/b47c4e1ecd0709278f4910c18777a504-le64.cache-6
7fd5e0088000-7fd5e009b000 r--s 00000000 08:06 1704014                    /var/cache/fontconfig/d52a8644073d54c13679302ca1180695-le64.cache-6
7fd5e009b000-7fd5e009c000 r--s 00000000 08:06 1713568                    /var/cache/fontconfig/551ecf3b0e8b0bca0f25c0944f561853-le64.cache-6
7fd5e009c000-7fd5e00a7000 r--s 00000000 08:06 1704009                    /var/cache/fontconfig/d589a48862398ed80a3d6066f4f56f4c-le64.cache-6
7fd5e00a7000-7fd5e00aa000 r--s 00000000 08:06 1704023                    /var/cache/fontconfig/75114ca45c98e8a441da0ff356701271-le64.cache-6
7fd5e00aa000-7fd5e00b5000 r--s 00000000 08:06 1704027                    /var/cache/fontconfig/83bf95040141907cd45bb53cf7c1c148-le64.cache-6
7fd5e00b5000-7fd5e00c7000 r--s 00000000 08:06 1704005                    /var/cache/fontconfig/9b89f8e3dae116d678bbf48e5f21f69b-le64.cache-6
7fd5e00c7000-7fd5e00d4000 r--s 00000000 08:06 2633402                    /home/danieledt/.cache/fontconfig/e13b20fdb08344e0e664864cc2ede53d-le64.cache-6
7fd5e00d4000-7fd5e00d8000 r--s 00000000 08:06 1705584                    /var/cache/fontconfig/7ef2298fde41cc6eeb7af42e48b7d293-le64.cache-6
7fd5e00d8000-7fd5e00e2000 r--s 000b7000 08:06 263629                     /home/danieledt/Documenti/Eclipse/BD/lib/postgresql-42.2.2.jar
7fd5e00e2000-7fd5e00ee000 rw-s 1033f9000 00:06 332                       /dev/dri/renderD128
7fd5e00ee000-7fd5e0102000 r--p 00000000 08:06 22094                      /usr/share/glib-2.0/schemas/gschemas.compiled
7fd5e0102000-7fd5e0116000 r--p 00000000 08:06 22094                      /usr/share/glib-2.0/schemas/gschemas.compiled
7fd5e0116000-7fd5e012f000 r--p 00000000 08:06 136726                     /usr/share/locale-langpack/it/LC_MESSAGES/glib20.mo
7fd5e012f000-7fd5e0131000 r-xp 00000000 08:06 11224                      /usr/lib/x86_64-linux-gnu/libxcb-dri3.so.0.0.0
7fd5e0131000-7fd5e0330000 ---p 00002000 08:06 11224                      /usr/lib/x86_64-linux-gnu/libxcb-dri3.so.0.0.0
7fd5e0330000-7fd5e0331000 r--p 00001000 08:06 11224                      /usr/lib/x86_64-linux-gnu/libxcb-dri3.so.0.0.0
7fd5e0331000-7fd5e0332000 rw-p 00002000 08:06 11224                      /usr/lib/x86_64-linux-gnu/libxcb-dri3.so.0.0.0
7fd5e0332000-7fd5e0358000 r-xp 00000000 08:06 5247475                    /lib/x86_64-linux-gnu/libexpat.so.1.6.0
7fd5e0358000-7fd5e0558000 ---p 00026000 08:06 5247475                    /lib/x86_64-linux-gnu/libexpat.so.1.6.0
7fd5e0558000-7fd5e055a000 r--p 00026000 08:06 5247475                    /lib/x86_64-linux-gnu/libexpat.so.1.6.0
7fd5e055a000-7fd5e055b000 rw-p 00028000 08:06 5247475                    /lib/x86_64-linux-gnu/libexpat.so.1.6.0
7fd5e055b000-7fd5e057c000 r-xp 00000000 08:06 11242                      /usr/lib/x86_64-linux-gnu/libxcb.so.1.1.0
7fd5e057c000-7fd5e077b000 ---p 00021000 08:06 11242                      /usr/lib/x86_64-linux-gnu/libxcb.so.1.1.0
7fd5e077b000-7fd5e077c000 r--p 00020000 08:06 11242                      /usr/lib/x86_64-linux-gnu/libxcb.so.1.1.0
7fd5e077c000-7fd5e077d000 rw-p 00021000 08:06 11242                      /usr/lib/x86_64-linux-gnu/libxcb.so.1.1.0
7fd5e077d000-7fd5e07eb000 r-xp 00000000 08:06 23726                      /usr/lib/x86_64-linux-gnu/mesa/libGL.so.1.2.0
7fd5e07eb000-7fd5e09eb000 ---p 0006e000 08:06 23726                      /usr/lib/x86_64-linux-gnu/mesa/libGL.so.1.2.0
7fd5e09eb000-7fd5e09ee000 r--p 0006e000 08:06 23726                      /usr/lib/x86_64-linux-gnu/mesa/libGL.so.1.2.0
7fd5e09ee000-7fd5e09ef000 rw-p 00071000 08:06 23726                      /usr/lib/x86_64-linux-gnu/mesa/libGL.so.1.2.0
7fd5e09ef000-7fd5e4000000 rw-p 00000000 00:00 0 
7fd5e4000000-7fd5e4021000 rw-p 00000000 00:00 0 
7fd5e4021000-7fd5e8000000 ---p 00000000 00:00 0 
7fd5e8000000-7fd5e8001000 r--s 00000000 08:06 1706006                    /var/cache/fontconfig/8a687c406b77f27d99abfeeba937fcce-le64.cache-6
7fd5e8001000-7fd5e8002000 r--s 00000000 08:06 1704003                    /var/cache/fontconfig/30829fa25452a46451e813d634d7f916-le64.cache-6
7fd5e8002000-7fd5e8005000 r--s 0001e000 08:06 3543301                    /home/danieledt/Documenti/Eclipse/BD/jgoodies-forms-1.8.0.jar
7fd5e8005000-7fd5e802f000 r--p 00000000 08:06 131036                     /usr/share/locale-langpack/it/LC_MESSAGES/gtk20-properties.mo
7fd5e802f000-7fd5e803e000 r--p 00000000 08:06 134271                     /usr/share/locale-langpack/it/LC_MESSAGES/gtk20.mo
7fd5e803e000-7fd5e805e000 rw-s 100dcd000 00:06 332                       /dev/dri/renderD128
7fd5e805e000-7fd5e806e000 rw-s 100f9e000 00:06 332                       /dev/dri/renderD128
7fd5e806e000-7fd5e807e000 rw-s 100e9d000 00:06 332                       /dev/dri/renderD128
7fd5e807e000-7fd5e81bf000 rw-s 00000000 08:06 2621909                    /home/danieledt/.cache/mesa/index
7fd5e81bf000-7fd5e81e1000 r--p 00000000 08:06 136931                     /usr/share/locale-langpack/it/LC_MESSAGES/libc.mo
7fd5e81e1000-7fd5e8316000 r-xp 00000000 08:06 10014                      /usr/lib/x86_64-linux-gnu/libX11.so.6.3.0
7fd5e8316000-7fd5e8516000 ---p 00135000 08:06 10014                      /usr/lib/x86_64-linux-gnu/libX11.so.6.3.0
7fd5e8516000-7fd5e8517000 r--p 00135000 08:06 10014                      /usr/lib/x86_64-linux-gnu/libX11.so.6.3.0
7fd5e8517000-7fd5e851b000 rw-p 00136000 08:06 10014                      /usr/lib/x86_64-linux-gnu/libX11.so.6.3.0
7fd5e851b000-7fd5e851c000 r--s 00000000 08:06 1704020                    /var/cache/fontconfig/0c9eb80ebd1c36541ebe2852d3bb0c49-le64.cache-6
7fd5e851c000-7fd5e851d000 r--s 00000000 08:06 1706004                    /var/cache/fontconfig/c277e94e32b20404286a1ddafa5a80f0-le64.cache-6
7fd5e851d000-7fd5e851e000 r--s 00014000 08:06 3543299                    /home/danieledt/Documenti/Eclipse/BD/miglayout15-swing.jar
7fd5e851e000-7fd5e851f000 rw-s 00000000 00:05 350562                     /memfd:xshmfence (deleted)
7fd5e851f000-7fd5e8523000 r--p 00000000 08:06 2640204                    /home/danieledt/.config/dconf/user
7fd5e8523000-7fd5e8533000 rw-s 10247d000 00:06 332                       /dev/dri/renderD128
7fd5e8533000-7fd5e853a000 r--s 00000000 08:06 29686                      /usr/lib/x86_64-linux-gnu/gconv/gconv-modules.cache
7fd5e853a000-7fd5e8546000 r-xp 00000000 08:06 8839                       /usr/lib/jvm/java-8-openjdk-amd64/jre/lib/amd64/libprism_es2.so
7fd5e8546000-7fd5e8745000 ---p 0000c000 08:06 8839                       /usr/lib/jvm/java-8-openjdk-amd64/jre/lib/amd64/libprism_es2.so
7fd5e8745000-7fd5e8746000 r--p 0000b000 08:06 8839                       /usr/lib/jvm/java-8-openjdk-amd64/jre/lib/amd64/libprism_es2.so
7fd5e8746000-7fd5e8747000 rw-p 0000c000 08:06 8839                       /usr/lib/jvm/java-8-openjdk-amd64/jre/lib/amd64/libprism_es2.so
7fd5e8747000-7fd5e874a000 ---p 00000000 00:00 0 
7fd5e874a000-7fd5e8848000 rw-p 00000000 00:00 0 
7fd5e8848000-7fd5e8863000 r--s 00394000 08:06 19160                      /usr/lib/jvm/java-8-openjdk-amd64/jre/lib/ext/cldrdata.jar
7fd5e8863000-7fd5e88f9000 r--s 008d7000 08:06 1182450                    /usr/share/java/openjfx/jre/lib/ext/jfxrt.jar
7fd5e88f9000-7fd5e8914000 r--s 001d6000 08:06 19163                      /usr/lib/jvm/java-8-openjdk-amd64/jre/lib/ext/nashorn.jar
7fd5e8914000-7fd5e8915000 ---p 00000000 00:00 0 
7fd5e8915000-7fd5e8a15000 rw-p 00000000 00:00 0 
7fd5e8a15000-7fd5e8a18000 ---p 00000000 00:00 0 
7fd5e8a18000-7fd5e8b16000 rw-p 00000000 00:00 0 
7fd5e8b16000-7fd5e8b19000 ---p 00000000 00:00 0 
7fd5e8b19000-7fd5e8c17000 rw-p 00000000 00:00 0 
7fd5e8c17000-7fd5e8c1a000 ---p 00000000 00:00 0 
7fd5e8c1a000-7fd5e8d18000 rw-p 00000000 00:00 0 
7fd5e8d18000-7fd5e8d1b000 ---p 00000000 00:00 0 
7fd5e8d1b000-7fd5e8e19000 rw-p 00000000 00:00 0 
7fd5e8e19000-7fd5e8e1c000 ---p 00000000 00:00 0 
7fd5e8e1c000-7fd5e8f1a000 rw-p 00000000 00:00 0 
7fd5e8f1a000-7fd5e91f4000 r--p 00000000 08:06 9475                       /usr/lib/locale/locale-archive
7fd5e91f4000-7fd5e91f7000 ---p 00000000 00:00 0 
7fd5e91f7000-7fd5e92f5000 rw-p 00000000 00:00 0 
7fd5e92f5000-7fd5e92f8000 ---p 00000000 00:00 0 
7fd5e92f8000-7fd5e93f6000 rw-p 00000000 00:00 0 
7fd5e93f6000-7fd5e93f7000 ---p 00000000 00:00 0 
7fd5e93f7000-7fd5ea4d8000 rw-p 00000000 00:00 0 
7fd5ea4d8000-7fd5ea6a7000 r--s 03c2f000 08:06 19219                      /usr/lib/jvm/java-8-openjdk-amd64/jre/lib/rt.jar
7fd5ea6a7000-7fd5eb208000 rw-p 00000000 00:00 0 
7fd5eb208000-7fd5eb209000 ---p 00000000 00:00 0 
7fd5eb209000-7fd5eb309000 rw-p 00000000 00:00 0 
7fd5eb309000-7fd5eb30a000 ---p 00000000 00:00 0 
7fd5eb30a000-7fd5eb40a000 rw-p 00000000 00:00 0 
7fd5eb40a000-7fd5eb40b000 ---p 00000000 00:00 0 
7fd5eb40b000-7fd5eb50b000 rw-p 00000000 00:00 0 
7fd5eb50b000-7fd5eb50c000 ---p 00000000 00:00 0 
7fd5eb50c000-7fd5eb62c000 rw-p 00000000 00:00 0 
7fd5eb62c000-7fd5eb84d000 ---p 00000000 00:00 0 
7fd5eb84d000-7fd5eb86d000 rw-p 00000000 00:00 0 
7fd5eb86d000-7fd5eba8d000 ---p 00000000 00:00 0 
7fd5eba8d000-7fd5ebaae000 rw-p 00000000 00:00 0 
7fd5ebaae000-7fd5ebbae000 ---p 00000000 00:00 0 
7fd5ebbae000-7fd5ebbce000 rw-p 00000000 00:00 0 
7fd5ebbce000-7fd5ebf6f000 ---p 00000000 00:00 0 
7fd5ebf6f000-7fd5ec71f000 rwxp 00000000 00:00 0 
7fd5ec71f000-7fd5faf6f000 ---p 00000000 00:00 0 
7fd5faf6f000-7fd5faf77000 r-xp 00000000 08:06 19191                      /usr/lib/jvm/java-8-openjdk-amd64/jre/lib/amd64/libzip.so
7fd5faf77000-7fd5fb176000 ---p 00008000 08:06 19191                      /usr/lib/jvm/java-8-openjdk-amd64/jre/lib/amd64/libzip.so
7fd5fb176000-7fd5fb177000 r--p 00007000 08:06 19191                      /usr/lib/jvm/java-8-openjdk-amd64/jre/lib/amd64/libzip.so
7fd5fb177000-7fd5fb178000 rw-p 00008000 08:06 19191                      /usr/lib/jvm/java-8-openjdk-amd64/jre/lib/amd64/libzip.so
7fd5fb178000-7fd5fb183000 r-xp 00000000 08:06 5248723                    /lib/x86_64-linux-gnu/libnss_files-2.23.so
7fd5fb183000-7fd5fb382000 ---p 0000b000 08:06 5248723                    /lib/x86_64-linux-gnu/libnss_files-2.23.so
7fd5fb382000-7fd5fb383000 r--p 0000a000 08:06 5248723                    /lib/x86_64-linux-gnu/libnss_files-2.23.so
7fd5fb383000-7fd5fb384000 rw-p 0000b000 08:06 5248723                    /lib/x86_64-linux-gnu/libnss_files-2.23.so
7fd5fb384000-7fd5fb38a000 rw-p 00000000 00:00 0 
7fd5fb38a000-7fd5fb395000 r-xp 00000000 08:06 5248727                    /lib/x86_64-linux-gnu/libnss_nis-2.23.so
7fd5fb395000-7fd5fb594000 ---p 0000b000 08:06 5248727                    /lib/x86_64-linux-gnu/libnss_nis-2.23.so
7fd5fb594000-7fd5fb595000 r--p 0000a000 08:06 5248727                    /lib/x86_64-linux-gnu/libnss_nis-2.23.so
7fd5fb595000-7fd5fb596000 rw-p 0000b000 08:06 5248727                    /lib/x86_64-linux-gnu/libnss_nis-2.23.so
7fd5fb596000-7fd5fb5ac000 r-xp 00000000 08:06 5248707                    /lib/x86_64-linux-gnu/libnsl-2.23.so
7fd5fb5ac000-7fd5fb7ab000 ---p 00016000 08:06 5248707                    /lib/x86_64-linux-gnu/libnsl-2.23.so
7fd5fb7ab000-7fd5fb7ac000 r--p 00015000 08:06 5248707                    /lib/x86_64-linux-gnu/libnsl-2.23.so
7fd5fb7ac000-7fd5fb7ad000 rw-p 00016000 08:06 5248707                    /lib/x86_64-linux-gnu/libnsl-2.23.so
7fd5fb7ad000-7fd5fb7af000 rw-p 00000000 00:00 0 
7fd5fb7af000-7fd5fb7b7000 r-xp 00000000 08:06 5248718                    /lib/x86_64-linux-gnu/libnss_compat-2.23.so
7fd5fb7b7000-7fd5fb9b6000 ---p 00008000 08:06 5248718                    /lib/x86_64-linux-gnu/libnss_compat-2.23.so
7fd5fb9b6000-7fd5fb9b7000 r--p 00007000 08:06 5248718                    /lib/x86_64-linux-gnu/libnss_compat-2.23.so
7fd5fb9b7000-7fd5fb9b8000 rw-p 00008000 08:06 5248718                    /lib/x86_64-linux-gnu/libnss_compat-2.23.so
7fd5fb9b8000-7fd5fb9e5000 r-xp 00000000 08:06 19182                      /usr/lib/jvm/java-8-openjdk-amd64/jre/lib/amd64/libjava.so
7fd5fb9e5000-7fd5fbbe4000 ---p 0002d000 08:06 19182                      /usr/lib/jvm/java-8-openjdk-amd64/jre/lib/amd64/libjava.so
7fd5fbbe4000-7fd5fbbe5000 r--p 0002c000 08:06 19182                      /usr/lib/jvm/java-8-openjdk-amd64/jre/lib/amd64/libjava.so
7fd5fbbe5000-7fd5fbbe7000 rw-p 0002d000 08:06 19182                      /usr/lib/jvm/java-8-openjdk-amd64/jre/lib/amd64/libjava.so
7fd5fbbe7000-7fd5fbbf6000 r-xp 00000000 08:06 19168                      /usr/lib/jvm/java-8-openjdk-amd64/jre/lib/amd64/libverify.so
7fd5fbbf6000-7fd5fbdf5000 ---p 0000f000 08:06 19168                      /usr/lib/jvm/java-8-openjdk-amd64/jre/lib/amd64/libverify.so
7fd5fbdf5000-7fd5fbdf7000 r--p 0000e000 08:06 19168                      /usr/lib/jvm/java-8-openjdk-amd64/jre/lib/amd64/libverify.so
7fd5fbdf7000-7fd5fbdf8000 rw-p 00010000 08:06 19168                      /usr/lib/jvm/java-8-openjdk-amd64/jre/lib/amd64/libverify.so
7fd5fbdf8000-7fd5fbdff000 r-xp 00000000 08:06 5248728                    /lib/x86_64-linux-gnu/librt-2.23.so
7fd5fbdff000-7fd5fbffe000 ---p 00007000 08:06 5248728                    /lib/x86_64-linux-gnu/librt-2.23.so
7fd5fbffe000-7fd5fbfff000 r--p 00006000 08:06 5248728                    /lib/x86_64-linux-gnu/librt-2.23.so
7fd5fbfff000-7fd5fc000000 rw-p 00007000 08:06 5248728                    /lib/x86_64-linux-gnu/librt-2.23.so
7fd5fc000000-7fd5fc352000 rw-p 00000000 00:00 0 
7fd5fc352000-7fd600000000 ---p 00000000 00:00 0 
7fd600000000-7fd600013000 r--s 00346000 08:06 19167                      /usr/lib/jvm/java-8-openjdk-amd64/jre/lib/resources.jar
7fd600013000-7fd600089000 rw-p 00000000 00:00 0 
7fd600089000-7fd60009f000 r-xp 00000000 08:06 5247482                    /lib/x86_64-linux-gnu/libgcc_s.so.1
7fd60009f000-7fd60029e000 ---p 00016000 08:06 5247482                    /lib/x86_64-linux-gnu/libgcc_s.so.1
7fd60029e000-7fd60029f000 rw-p 00015000 08:06 5247482                    /lib/x86_64-linux-gnu/libgcc_s.so.1
7fd60029f000-7fd6003a7000 r-xp 00000000 08:06 5248701                    /lib/x86_64-linux-gnu/libm-2.23.so
7fd6003a7000-7fd6005a6000 ---p 00108000 08:06 5248701                    /lib/x86_64-linux-gnu/libm-2.23.so
7fd6005a6000-7fd6005a7000 r--p 00107000 08:06 5248701                    /lib/x86_64-linux-gnu/libm-2.23.so
7fd6005a7000-7fd6005a8000 rw-p 00108000 08:06 5248701                    /lib/x86_64-linux-gnu/libm-2.23.so
7fd6005a8000-7fd60071a000 r-xp 00000000 08:06 3735                       /usr/lib/x86_64-linux-gnu/libstdc++.so.6.0.21
7fd60071a000-7fd60091a000 ---p 00172000 08:06 3735                       /usr/lib/x86_64-linux-gnu/libstdc++.so.6.0.21
7fd60091a000-7fd600924000 r--p 00172000 08:06 3735                       /usr/lib/x86_64-linux-gnu/libstdc++.so.6.0.21
7fd600924000-7fd600926000 rw-p 0017c000 08:06 3735                       /usr/lib/x86_64-linux-gnu/libstdc++.so.6.0.21
7fd600926000-7fd60092a000 rw-p 00000000 00:00 0 
7fd60092a000-7fd601583000 r-xp 00000000 08:06 19195                      /usr/lib/jvm/java-8-openjdk-amd64/jre/lib/amd64/server/libjvm.so
7fd601583000-7fd601783000 ---p 00c59000 08:06 19195                      /usr/lib/jvm/java-8-openjdk-amd64/jre/lib/amd64/server/libjvm.so
7fd601783000-7fd601816000 r--p 00c59000 08:06 19195                      /usr/lib/jvm/java-8-openjdk-amd64/jre/lib/amd64/server/libjvm.so
7fd601816000-7fd60183f000 rw-p 00cec000 08:06 19195                      /usr/lib/jvm/java-8-openjdk-amd64/jre/lib/amd64/server/libjvm.so
7fd60183f000-7fd60186f000 rw-p 00000000 00:00 0 
7fd60186f000-7fd601887000 r-xp 00000000 08:06 5248709                    /lib/x86_64-linux-gnu/libpthread-2.23.so
7fd601887000-7fd601a86000 ---p 00018000 08:06 5248709                    /lib/x86_64-linux-gnu/libpthread-2.23.so
7fd601a86000-7fd601a87000 r--p 00017000 08:06 5248709                    /lib/x86_64-linux-gnu/libpthread-2.23.so
7fd601a87000-7fd601a88000 rw-p 00018000 08:06 5248709                    /lib/x86_64-linux-gnu/libpthread-2.23.so
7fd601a88000-7fd601a8c000 rw-p 00000000 00:00 0 
7fd601a8c000-7fd601a8f000 r-xp 00000000 08:06 5248712                    /lib/x86_64-linux-gnu/libdl-2.23.so
7fd601a8f000-7fd601c8e000 ---p 00003000 08:06 5248712                    /lib/x86_64-linux-gnu/libdl-2.23.so
7fd601c8e000-7fd601c8f000 r--p 00002000 08:06 5248712                    /lib/x86_64-linux-gnu/libdl-2.23.so
7fd601c8f000-7fd601c90000 rw-p 00003000 08:06 5248712                    /lib/x86_64-linux-gnu/libdl-2.23.so
7fd601c90000-7fd601ca9000 r-xp 00000000 08:06 5247635                    /lib/x86_64-linux-gnu/libz.so.1.2.8
7fd601ca9000-7fd601ea8000 ---p 00019000 08:06 5247635                    /lib/x86_64-linux-gnu/libz.so.1.2.8
7fd601ea8000-7fd601ea9000 r--p 00018000 08:06 5247635                    /lib/x86_64-linux-gnu/libz.so.1.2.8
7fd601ea9000-7fd601eaa000 rw-p 00019000 08:06 5247635                    /lib/x86_64-linux-gnu/libz.so.1.2.8
7fd601eaa000-7fd60206a000 r-xp 00000000 08:06 5248710                    /lib/x86_64-linux-gnu/libc-2.23.so
7fd60206a000-7fd60226a000 ---p 001c0000 08:06 5248710                    /lib/x86_64-linux-gnu/libc-2.23.so
7fd60226a000-7fd60226e000 r--p 001c0000 08:06 5248710                    /lib/x86_64-linux-gnu/libc-2.23.so
7fd60226e000-7fd602270000 rw-p 001c4000 08:06 5248710                    /lib/x86_64-linux-gnu/libc-2.23.so
7fd602270000-7fd602274000 rw-p 00000000 00:00 0 
7fd602274000-7fd602281000 r-xp 00000000 08:06 19192                      /usr/lib/jvm/java-8-openjdk-amd64/jre/lib/amd64/jli/libjli.so
7fd602281000-7fd602481000 ---p 0000d000 08:06 19192                      /usr/lib/jvm/java-8-openjdk-amd64/jre/lib/amd64/jli/libjli.so
7fd602481000-7fd602482000 r--p 0000d000 08:06 19192                      /usr/lib/jvm/java-8-openjdk-amd64/jre/lib/amd64/jli/libjli.so
7fd602482000-7fd602483000 rw-p 0000e000 08:06 19192                      /usr/lib/jvm/java-8-openjdk-amd64/jre/lib/amd64/jli/libjli.so
7fd602483000-7fd6024a9000 r-xp 00000000 08:06 5248708                    /lib/x86_64-linux-gnu/ld-2.23.so
7fd6024a9000-7fd6024aa000 r--s 00000000 00:33 25                         /run/user/1000/dconf/user
7fd6024aa000-7fd6024af000 r--s 002f9000 08:06 19155                      /usr/lib/jvm/java-8-openjdk-amd64/jre/lib/charsets.jar
7fd6024af000-7fd6024b1000 r--s 00016000 08:06 19214                      /usr/lib/jvm/java-8-openjdk-amd64/jre/lib/jce.jar
7fd6024b1000-7fd6024b6000 r--s 0009d000 08:06 19228                      /usr/lib/jvm/java-8-openjdk-amd64/jre/lib/jsse.jar
7fd6024b6000-7fd6024b7000 r--s 00010000 08:06 19157                      /usr/lib/jvm/java-8-openjdk-amd64/jre/lib/ext/zipfs.jar
7fd6024b7000-7fd6024ba000 r--s 0000f000 08:06 19162                      /usr/lib/jvm/java-8-openjdk-amd64/jre/lib/ext/icedtea-sound.jar
7fd6024ba000-7fd6024bd000 r--s 00038000 08:06 19159                      /usr/lib/jvm/java-8-openjdk-amd64/jre/lib/ext/sunpkcs11.jar
7fd6024bd000-7fd602583000 rw-p 00000000 00:00 0 
7fd602583000-7fd602586000 ---p 00000000 00:00 0 
7fd602586000-7fd602688000 rw-p 00000000 00:00 0 
7fd602688000-7fd60268a000 r--s 00001000 08:06 19158                      /usr/lib/jvm/java-8-openjdk-amd64/jre/lib/ext/dnsns.jar
7fd60268a000-7fd60268b000 r--s 0000a000 08:06 19164                      /usr/lib/jvm/java-8-openjdk-amd64/jre/lib/ext/jaccess.jar
7fd60268b000-7fd60268d000 r--s 00008000 08:06 19156                      /usr/lib/jvm/java-8-openjdk-amd64/jre/lib/ext/sunec.jar
7fd60268d000-7fd602697000 r--s 00116000 08:06 19165                      /usr/lib/jvm/java-8-openjdk-amd64/jre/lib/ext/localedata.jar
7fd602697000-7fd60269d000 r--s 0003b000 08:06 19161                      /usr/lib/jvm/java-8-openjdk-amd64/jre/lib/ext/sunjce_provider.jar
7fd60269d000-7fd6026a5000 rw-s 00000000 08:06 524304                     /tmp/hsperfdata_danieledt/14422
7fd6026a5000-7fd6026a6000 rw-p 00000000 00:00 0 
7fd6026a6000-7fd6026a7000 r--p 00000000 00:00 0 
7fd6026a7000-7fd6026a8000 rw-p 00000000 00:00 0 
7fd6026a8000-7fd6026a9000 r--p 00025000 08:06 5248708                    /lib/x86_64-linux-gnu/ld-2.23.so
7fd6026a9000-7fd6026aa000 rw-p 00026000 08:06 5248708                    /lib/x86_64-linux-gnu/ld-2.23.so
7fd6026aa000-7fd6026ab000 rw-p 00000000 00:00 0 
7ffd0378c000-7ffd037ad000 rw-p 00000000 00:00 0                          [stack]
7ffd037f8000-7ffd037fb000 r--p 00000000 00:00 0                          [vvar]
7ffd037fb000-7ffd037fd000 r-xp 00000000 00:00 0                          [vdso]
ffffffffff600000-ffffffffff601000 r-xp 00000000 00:00 0                  [vsyscall]

VM Arguments:
jvm_args: -Dfile.encoding=UTF-8 
java_command: boundary.Main
java_class_path (initial): /usr/lib/jvm/java-8-openjdk-amd64/jre/lib/resources.jar:/usr/lib/jvm/java-8-openjdk-amd64/jre/lib/rt.jar:/usr/lib/jvm/java-8-openjdk-amd64/jre/lib/jsse.jar:/usr/lib/jvm/java-8-openjdk-amd64/jre/lib/jce.jar:/usr/lib/jvm/java-8-openjdk-amd64/jre/lib/charsets.jar:/usr/lib/jvm/java-8-openjdk-amd64/jre/lib/ext/sunjce_provider.jar:/usr/lib/jvm/java-8-openjdk-amd64/jre/lib/ext/localedata.jar:/usr/lib/jvm/java-8-openjdk-amd64/jre/lib/ext/sunec.jar:/usr/lib/jvm/java-8-openjdk-amd64/jre/lib/ext/jaccess.jar:/usr/lib/jvm/java-8-openjdk-amd64/jre/lib/ext/sunpkcs11.jar:/usr/lib/jvm/java-8-openjdk-amd64/jre/lib/ext/nashorn.jar:/usr/lib/jvm/java-8-openjdk-amd64/jre/lib/ext/dnsns.jar:/usr/lib/jvm/java-8-openjdk-amd64/jre/lib/ext/jfxrt.jar:/usr/lib/jvm/java-8-openjdk-amd64/jre/lib/ext/cldrdata.jar:/usr/lib/jvm/java-8-openjdk-amd64/jre/lib/ext/icedtea-sound.jar:/usr/lib/jvm/java-8-openjdk-amd64/jre/lib/ext/zipfs.jar:/home/danieledt/Documenti/Eclipse/BD/bin:/home/danieledt/Documenti/Eclipse/BD/lib/postgresql-42.2.2.jar:/home/danieledt/Documenti/Eclipse/BD/miglayout15-swing.jar:/home/danieledt/Documenti/Eclipse/BD/jgoodies-forms-1.8.0.jar
Launcher Type: SUN_STANDARD

Environment Variables:
JAVA_HOME=/usr/lib/jvm/java-8-oracle
PATH=/home/danieledt/bin:/home/danieledt/.local/bin:/usr/local/sbin:/usr/local/bin:/usr/sbin:/usr/bin:/sbin:/bin:/usr/games:/usr/local/games:/snap/bin:/usr/lib/jvm/java-8-oracle/bin:/usr/lib/jvm/java-8-oracle/db/bin:/usr/lib/jvm/java-8-oracle/jre/bin
SHELL=/bin/bash
DISPLAY=:0.0

Signal Handlers:
SIGSEGV: [libjvm.so+0xa6e6f0], sa_mask[0]=11111111011111111101111111111110, sa_flags=SA_RESTART|SA_SIGINFO
SIGBUS: [libjvm.so+0xa6e6f0], sa_mask[0]=11111111011111111101111111111110, sa_flags=SA_RESTART|SA_SIGINFO
SIGFPE: [libjvm.so+0x8b5d50], sa_mask[0]=11111111011111111101111111111110, sa_flags=SA_RESTART|SA_SIGINFO
SIGPIPE: SIG_IGN, sa_mask[0]=00000000000010000000000000000000, sa_flags=SA_RESTART
SIGXFSZ: [libjvm.so+0x8b5d50], sa_mask[0]=11111111011111111101111111111110, sa_flags=SA_RESTART|SA_SIGINFO
SIGILL: [libjvm.so+0x8b5d50], sa_mask[0]=11111111011111111101111111111110, sa_flags=SA_RESTART|SA_SIGINFO
SIGUSR1: SIG_DFL, sa_mask[0]=00000000000000000000000000000000, sa_flags=none
SIGUSR2: [libjvm.so+0x8b5c00], sa_mask[0]=00100000000000000000000000000000, sa_flags=SA_RESTART|SA_SIGINFO
SIGHUP: [libjvm.so+0x8b60d0], sa_mask[0]=11111111011111111101111111111110, sa_flags=SA_RESTART|SA_SIGINFO
SIGINT: SIG_IGN, sa_mask[0]=00000000000000000000000000000000, sa_flags=none
SIGTERM: [libjvm.so+0x8b60d0], sa_mask[0]=11111111011111111101111111111110, sa_flags=SA_RESTART|SA_SIGINFO
SIGQUIT: [libjvm.so+0x8b60d0], sa_mask[0]=11111111011111111101111111111110, sa_flags=SA_RESTART|SA_SIGINFO


---------------  S Y S T E M  ---------------

OS:DISTRIB_ID=Ubuntu
DISTRIB_RELEASE=16.04
DISTRIB_CODENAME=xenial
DISTRIB_DESCRIPTION="Ubuntu 16.04.4 LTS"

uname:Linux 4.13.0-45-generic #50~16.04.1-Ubuntu SMP Wed May 30 11:18:27 UTC 2018 x86_64
libc:glibc 2.23 NPTL 2.23 
rlimit: STACK 8192k, CORE 0k, NPROC 27227, NOFILE 1048576, AS infinity
load average:1,75 2,03 2,21

/proc/meminfo:
MemTotal:        7080608 kB
MemFree:         3521396 kB
MemAvailable:    4627984 kB
Buffers:          129828 kB
Cached:          1244184 kB
SwapCached:            0 kB
Active:          2509408 kB
Inactive:         791900 kB
Active(anon):    1939632 kB
Inactive(anon):    66100 kB
Active(file):     569776 kB
Inactive(file):   725800 kB
Unevictable:          64 kB
Mlocked:              64 kB
SwapTotal:       5000188 kB
SwapFree:        5000188 kB
Dirty:               148 kB
Writeback:             0 kB
AnonPages:       1927372 kB
Mapped:           433884 kB
Shmem:             78440 kB
Slab:             101212 kB
SReclaimable:      62740 kB
SUnreclaim:        38472 kB
KernelStack:       10368 kB
PageTables:        37980 kB
NFS_Unstable:          0 kB
Bounce:                0 kB
WritebackTmp:          0 kB
CommitLimit:     8540492 kB
Committed_AS:    6240648 kB
VmallocTotal:   34359738367 kB
VmallocUsed:           0 kB
VmallocChunk:          0 kB
HardwareCorrupted:     0 kB
AnonHugePages:         0 kB
ShmemHugePages:        0 kB
ShmemPmdMapped:        0 kB
CmaTotal:              0 kB
CmaFree:               0 kB
HugePages_Total:       0
HugePages_Free:        0
HugePages_Rsvd:        0
HugePages_Surp:        0
Hugepagesize:       2048 kB
DirectMap4k:      216540 kB
DirectMap2M:     4970496 kB
DirectMap1G:     2097152 kB


CPU:total 4 (initial active 4) (4 cores per cpu, 1 threads per core) family 22 model 48 stepping 1, cmov, cx8, fxsr, mmx, sse, sse2, sse3, ssse3, sse4.1, sse4.2, popcnt, avx, aes, clmul, mmxext, 3dnowpref, lzcnt, sse4a, tsc, tscinvbit, tscinv, bmi1

/proc/cpuinfo:
processor	: 0
vendor_id	: AuthenticAMD
cpu family	: 22
model		: 48
model name	: AMD A8-6410 APU with AMD Radeon R5 Graphics
stepping	: 1
microcode	: 0x7030105
cpu MHz		: 1796.622
cache size	: 2048 KB
physical id	: 0
siblings	: 4
core id		: 0
cpu cores	: 4
apicid		: 0
initial apicid	: 0
fpu		: yes
fpu_exception	: yes
cpuid level	: 13
wp		: yes
flags		: fpu vme de pse tsc msr pae mce cx8 apic sep mtrr pge mca cmov pat pse36 clflush mmx fxsr sse sse2 ht syscall nx mmxext fxsr_opt pdpe1gb rdtscp lm constant_tsc rep_good acc_power nopl nonstop_tsc cpuid extd_apicid aperfmperf pni pclmulqdq monitor ssse3 cx16 sse4_1 sse4_2 movbe popcnt aes xsave avx f16c rdrand lahf_lm cmp_legacy svm extapic cr8_legacy abm sse4a misalignsse 3dnowprefetch osvw ibs skinit wdt topoext perfctr_nb bpext ptsc perfctr_l2 cpb hw_pstate retpoline retpoline_amd rsb_ctxsw ssbd ls_cfg_ssbd vmmcall bmi1 xsaveopt arat npt lbrv svm_lock nrip_save tsc_scale flushbyasid decodeassists pausefilter pfthreshold overflow_recov
bugs		: fxsave_leak sysret_ss_attrs null_seg spectre_v1 spectre_v2 spec_store_bypass
bogomips	: 3992.48
TLB size	: 1024 4K pages
clflush size	: 64
cache_alignment	: 64
address sizes	: 40 bits physical, 48 bits virtual
power management: ts ttp tm 100mhzsteps hwpstate cpb acc_power [13]

processor	: 1
vendor_id	: AuthenticAMD
cpu family	: 22
model		: 48
model name	: AMD A8-6410 APU with AMD Radeon R5 Graphics
stepping	: 1
microcode	: 0x7030105
cpu MHz		: 1796.622
cache size	: 2048 KB
physical id	: 0
siblings	: 4
core id		: 1
cpu cores	: 4
apicid		: 1
initial apicid	: 1
fpu		: yes
fpu_exception	: yes
cpuid level	: 13
wp		: yes
flags		: fpu vme de pse tsc msr pae mce cx8 apic sep mtrr pge mca cmov pat pse36 clflush mmx fxsr sse sse2 ht syscall nx mmxext fxsr_opt pdpe1gb rdtscp lm constant_tsc rep_good acc_power nopl nonstop_tsc cpuid extd_apicid aperfmperf pni pclmulqdq monitor ssse3 cx16 sse4_1 sse4_2 movbe popcnt aes xsave avx f16c rdrand lahf_lm cmp_legacy svm extapic cr8_legacy abm sse4a misalignsse 3dnowprefetch osvw ibs skinit wdt topoext perfctr_nb bpext ptsc perfctr_l2 cpb hw_pstate retpoline retpoline_amd rsb_ctxsw ssbd ls_cfg_ssbd vmmcall bmi1 xsaveopt arat npt lbrv svm_lock nrip_save tsc_scale flushbyasid decodeassists pausefilter pfthreshold overflow_recov
bugs		: fxsave_leak sysret_ss_attrs null_seg spectre_v1 spectre_v2 spec_store_bypass
bogomips	: 3992.48
TLB size	: 1024 4K pages
clflush size	: 64
cache_alignment	: 64
address sizes	: 40 bits physical, 48 bits virtual
power management: ts ttp tm 100mhzsteps hwpstate cpb acc_power [13]

processor	: 2
vendor_id	: AuthenticAMD
cpu family	: 22
model		: 48
model name	: AMD A8-6410 APU with AMD Radeon R5 Graphics
stepping	: 1
microcode	: 0x7030105
cpu MHz		: 1796.612
cache size	: 2048 KB
physical id	: 0
siblings	: 4
core id		: 2
cpu cores	: 4
apicid		: 2
initial apicid	: 2
fpu		: yes
fpu_exception	: yes
cpuid level	: 13
wp		: yes
flags		: fpu vme de pse tsc msr pae mce cx8 apic sep mtrr pge mca cmov pat pse36 clflush mmx fxsr sse sse2 ht syscall nx mmxext fxsr_opt pdpe1gb rdtscp lm constant_tsc rep_good acc_power nopl nonstop_tsc cpuid extd_apicid aperfmperf pni pclmulqdq monitor ssse3 cx16 sse4_1 sse4_2 movbe popcnt aes xsave avx f16c rdrand lahf_lm cmp_legacy svm extapic cr8_legacy abm sse4a misalignsse 3dnowprefetch osvw ibs skinit wdt topoext perfctr_nb bpext ptsc perfctr_l2 cpb hw_pstate retpoline retpoline_amd rsb_ctxsw ssbd ls_cfg_ssbd vmmcall bmi1 xsaveopt arat npt lbrv svm_lock nrip_save tsc_scale flushbyasid decodeassists pausefilter pfthreshold overflow_recov
bugs		: fxsave_leak sysret_ss_attrs null_seg spectre_v1 spectre_v2 spec_store_bypass
bogomips	: 3992.48
TLB size	: 1024 4K pages
clflush size	: 64
cache_alignment	: 64
address sizes	: 40 bits physical, 48 bits virtual
power management: ts ttp tm 100mhzsteps hwpstate cpb acc_power [13]

processor	: 3
vendor_id	: AuthenticAMD
cpu family	: 22
model		: 48
model name	: AMD A8-6410 APU with AMD Radeon R5 Graphics
stepping	: 1
microcode	: 0x7030105
cpu MHz		: 1796.613
cache size	: 2048 KB
physical id	: 0
siblings	: 4
core id		: 3
cpu cores	: 4
apicid		: 3
initial apicid	: 3
fpu		: yes
fpu_exception	: yes
cpuid level	: 13
wp		: yes
flags		: fpu vme de pse tsc msr pae mce cx8 apic sep mtrr pge mca cmov pat pse36 clflush mmx fxsr sse sse2 ht syscall nx mmxext fxsr_opt pdpe1gb rdtscp lm constant_tsc rep_good acc_power nopl nonstop_tsc cpuid extd_apicid aperfmperf pni pclmulqdq monitor ssse3 cx16 sse4_1 sse4_2 movbe popcnt aes xsave avx f16c rdrand lahf_lm cmp_legacy svm extapic cr8_legacy abm sse4a misalignsse 3dnowprefetch osvw ibs skinit wdt topoext perfctr_nb bpext ptsc perfctr_l2 cpb hw_pstate retpoline retpoline_amd rsb_ctxsw ssbd ls_cfg_ssbd vmmcall bmi1 xsaveopt arat npt lbrv svm_lock nrip_save tsc_scale flushbyasid decodeassists pausefilter pfthreshold overflow_recov
bugs		: fxsave_leak sysret_ss_attrs null_seg spectre_v1 spectre_v2 spec_store_bypass
bogomips	: 3992.48
TLB size	: 1024 4K pages
clflush size	: 64
cache_alignment	: 64
address sizes	: 40 bits physical, 48 bits virtual
power management: ts ttp tm 100mhzsteps hwpstate cpb acc_power [13]



Memory: 4k page, physical 7080608k(3521272k free), swap 5000188k(5000188k free)

vm_info: OpenJDK 64-Bit Server VM (25.171-b11) for linux-amd64 JRE (1.8.0_171-8u171-b11-0ubuntu0.16.04.1-b11), built on Apr 27 2018 17:19:03 by "buildd" with gcc 5.4.0 20160609

time: Fri Jul  6 10:31:56 2018
elapsed time: 13 seconds (0d 0h 0m 13s)

