#
# A fatal error has been detected by the Java Runtime Environment:
#
#  SIGSEGV (0xb) at pc=0x00007f7b55c0427d, pid=31708, tid=0x00007f7aee81b700
#
# JRE version: OpenJDK Runtime Environment (8.0_171-b11) (build 1.8.0_171-8u171-b11-0ubuntu0.16.04.1-b11)
# Java VM: OpenJDK 64-Bit Server VM (25.171-b11 mixed mode linux-amd64 compressed oops)
# Problematic frame:
# V  [libjvm.so+0x67e27d]
#
# Failed to write core dump. Core dumps have been disabled. To enable core dumping, try "ulimit -c unlimited" before starting Java again
#
# If you would like to submit a bug report, please visit:
#   http://bugreport.java.com/bugreport/crash.jsp
#

---------------  T H R E A D  ---------------

Current thread (0x00007f7b5033c800):  JavaThread "JavaFX Application Thread" [_thread_in_vm, id=31745, stack(0x00007f7aee71b000,0x00007f7aee81c000)]

siginfo: si_signo: 11 (SIGSEGV), si_code: 128 (SI_KERNEL), si_addr: 0x0000000000000000

Registers:
RAX=0x0000000000000000, RBX=0x00007f7b5033c800, RCX=0x00007f7b502b0fe8, RDX=0x4154535f5353414c
RSP=0x00007f7aee81a230, RBP=0x00007f7aee81a3b0, RSI=0x00007f7aee81a3d0, RDI=0x00007f7b5033c9e0
R8 =0x00007f7aee81a400, R9 =0x00007f7b5033c800, R10=0x00007f7adc000a50, R11=0x00007f7b40fe92a0
R12=0x00007f7b5033c9e0, R13=0x00007f7b5033c800, R14=0x00007f7aee81a400, R15=0x00007f7aee81a490
RIP=0x00007f7b55c0427d, EFLAGS=0x0000000000010202, CSGSFS=0x002b000000000033, ERR=0x0000000000000000
  TRAPNO=0x000000000000000d

Top of Stack: (sp=0x00007f7aee81a230)
0x00007f7aee81a230:   00007f7aee81a340 00007f7b55beac27
0x00007f7aee81a240:   00007f7b5033c800 00007f7b5033c800
0x00007f7aee81a250:   00007f7b0000000e 00007f7b5033c9e0
0x00007f7aee81a260:   00007f7aee81a270 00007f7aee81a3d0
0x00007f7aee81a270:   00007f7b37d08438 00007f7b5033c800
0x00007f7aee81a280:   00007f7b37d08438 00007f7b5033c800
0x00007f7aee81a290:   00007f7b5033bdb0 00007f7b14055980
0x00007f7aee81a2a0:   00007f7b14055990 00007f7b14055d68
0x00007f7aee81a2b0:   00000000000003d8 00007f7b5033bdf0
0x00007f7aee81a2c0:   00007f7b37d08438 00007f7b5033c800
0x00007f7aee81a2d0:   0000000037cfc878 00000000dc821e38
0x00007f7aee81a2e0:   0000000000000000 00007f7b40bfcd9b
0x00007f7aee81a2f0:   00007f7b37d08438 00007f7b5033c800
0x00007f7aee81a300:   00007f7aee81a340 00000000dc874148
0x00007f7aee81a310:   000000000000006f 00007f7a0000000a
0x00007f7aee81a320:   00000000dd634b98 00007f7b00000000
0x00007f7aee81a330:   00007f7aee81a420 00007f7aee81a3e0
0x00007f7aee81a340:   00007f7aee81a4d0 0000000100000181
0x00007f7aee81a350:   00007f7aee81a550 00007f7aee81a308
0x00007f7aee81a360:   00007f7aee81a349 0000000800000005
0x00007f7aee81a370:   00007f7b00000000 5e2c5b13ef5ee900
0x00007f7aee81a380:   00007f7aee81a390 00007f7b5033c800
0x00007f7aee81a390:   00007f7b5033c9e0 00007f7b502b0fe8
0x00007f7aee81a3a0:   00007f7aee81a400 00007f7aee81a490
0x00007f7aee81a3b0:   00007f7aee81a480 00007f7b55c07ea2
0x00007f7aee81a3c0:   00007f7b14055990 4154535f5353414c
0x00007f7aee81a3d0:   000000000000000e 00007f7b00000000
0x00007f7aee81a3e0:   00007f7b5033c800 0000000000000000
0x00007f7aee81a3f0:   0000000005a00004 5e2c5b13ef5ee900
0x00007f7aee81a400:   00007f7b563eabf8 00007f7b57140710
0x00007f7aee81a410:   00000000502cd130 00007f7a00000063
0x00007f7aee81a420:   0000000000000000 0000003000000018 

Instructions: (pc=0x00007f7b55c0427d)
0x00007f7b55c0425d:   ff 48 89 b5 b8 fe ff ff 64 48 8b 04 25 28 00 00
0x00007f7b55c0426d:   00 48 89 45 c8 31 c0 48 85 d2 0f 84 7b 05 00 00
0x00007f7b55c0427d:   4c 8b 32 4d 85 f6 0f 84 6f 05 00 00 49 8b b9 20
0x00007f7b55c0428d:   01 00 00 48 89 cb 4d 89 c4 e8 35 42 ff ff 4c 89 

Register to memory mapping:

RAX=0x0000000000000000 is an unknown value
RBX=0x00007f7b5033c800 is a thread
RCX=0x00007f7b502b0fe8 is an unknown value
RDX=0x4154535f5353414c is an unknown value
RSP=0x00007f7aee81a230 is pointing into the stack for thread: 0x00007f7b5033c800
RBP=0x00007f7aee81a3b0 is pointing into the stack for thread: 0x00007f7b5033c800
RSI=0x00007f7aee81a3d0 is pointing into the stack for thread: 0x00007f7b5033c800
RDI=0x00007f7b5033c9e0 is an unknown value
R8 =0x00007f7aee81a400 is pointing into the stack for thread: 0x00007f7b5033c800
R9 =0x00007f7b5033c800 is a thread
R10=0x00007f7adc000a50 is an unknown value
R11=0x00007f7b40fe92a0 is at entry_point+32 in (nmethod*)0x00007f7b40fe9110
R12=0x00007f7b5033c9e0 is an unknown value
R13=0x00007f7b5033c800 is a thread
R14=0x00007f7aee81a400 is pointing into the stack for thread: 0x00007f7b5033c800
R15=0x00007f7aee81a490 is pointing into the stack for thread: 0x00007f7b5033c800


Stack: [0x00007f7aee71b000,0x00007f7aee81c000],  sp=0x00007f7aee81a230,  free space=1020k
Native frames: (J=compiled Java code, j=interpreted, Vv=VM code, C=native code)
V  [libjvm.so+0x67e27d]
V  [libjvm.so+0x681ea2]
C  [libglass.so+0x11e63]  JNIEnv_::CallVoidMethod(_jobject*, _jmethodID*, ...)+0x93
C  [libglass.so+0x1c2e5]  WindowContextBase::process_key(_GdkEventKey*)+0x215
C  [libglass.so+0x11ad0]  WindowContextBase::im_filter_keypress(_GdkEventKey*)+0x1f0
C  [libglass.so+0x21fbc]
C  [libgdk-x11-2.0.so.0+0x5ac8c]

Java frames: (J=compiled Java code, j=interpreted, Vv=VM code)
j  com.sun.glass.ui.gtk.GtkApplication._runLoop(Ljava/lang/Runnable;Z)V+0
j  com.sun.glass.ui.gtk.GtkApplication.lambda$null$450(Ljava/lang/Runnable;Z)V+7
j  com.sun.glass.ui.gtk.GtkApplication$$Lambda$41.run()V+12
j  java.lang.Thread.run()V+11
v  ~StubRoutines::call_stub

---------------  P R O C E S S  ---------------

Java Threads: ( => current thread )
  0x00007f7adc304000 JavaThread "Prism Font Disposer" daemon [_thread_blocked, id=31758, stack(0x00007f7aec90c000,0x00007f7aeca0d000)]
  0x00007f7b50340000 JavaThread "JavaFX-Launcher" [_thread_blocked, id=31747, stack(0x00007f7aede19000,0x00007f7aedf1a000)]
=>0x00007f7b5033c800 JavaThread "JavaFX Application Thread" [_thread_in_vm, id=31745, stack(0x00007f7aee71b000,0x00007f7aee81c000)]
  0x00007f7b50338800 JavaThread "Thread-1" daemon [_thread_blocked, id=31744, stack(0x00007f7aee81c000,0x00007f7aee91d000)]
  0x00007f7b5027f000 JavaThread "QuantumRenderer-0" daemon [_thread_blocked, id=31731, stack(0x00007f7b35d79000,0x00007f7b35e7a000)]
  0x00007f7b500c8800 JavaThread "Service Thread" daemon [_thread_blocked, id=31725, stack(0x00007f7b36011000,0x00007f7b36112000)]
  0x00007f7b500bd800 JavaThread "C1 CompilerThread2" daemon [_thread_blocked, id=31724, stack(0x00007f7b36112000,0x00007f7b36213000)]
  0x00007f7b500bb800 JavaThread "C2 CompilerThread1" daemon [_thread_blocked, id=31723, stack(0x00007f7b36213000,0x00007f7b36314000)]
  0x00007f7b500b9000 JavaThread "C2 CompilerThread0" daemon [_thread_blocked, id=31722, stack(0x00007f7b36314000,0x00007f7b36415000)]
  0x00007f7b500b7800 JavaThread "Signal Dispatcher" daemon [_thread_blocked, id=31721, stack(0x00007f7b36415000,0x00007f7b36516000)]
  0x00007f7b50084800 JavaThread "Finalizer" daemon [_thread_blocked, id=31720, stack(0x00007f7b367f0000,0x00007f7b368f1000)]
  0x00007f7b50080000 JavaThread "Reference Handler" daemon [_thread_blocked, id=31719, stack(0x00007f7b368f1000,0x00007f7b369f2000)]
  0x00007f7b5000b000 JavaThread "main" [_thread_blocked, id=31713, stack(0x00007f7b571df000,0x00007f7b572e0000)]

Other Threads:
  0x00007f7b50078800 VMThread [stack: 0x00007f7b369f2000,0x00007f7b36af3000] [id=31718]
  0x00007f7b500cb000 WatcherThread [stack: 0x00007f7b35f10000,0x00007f7b36011000] [id=31726]

VM state:not at safepoint (normal execution)

VM Mutex/Monitor currently owned by a thread: None

Heap:
 PSYoungGen      total 32768K, used 11706K [0x00000000dbf80000, 0x00000000dff80000, 0x0000000100000000)
  eden space 28160K, 41% used [0x00000000dbf80000,0x00000000dcaeea80,0x00000000ddb00000)
  from space 4608K, 0% used [0x00000000ddb00000,0x00000000ddb00000,0x00000000ddf80000)
  to   space 4608K, 0% used [0x00000000dfb00000,0x00000000dfb00000,0x00000000dff80000)
 ParOldGen       total 64000K, used 11802K [0x0000000093e00000, 0x0000000097c80000, 0x00000000dbf80000)
  object space 64000K, 18% used [0x0000000093e00000,0x0000000094986880,0x0000000097c80000)
 Metaspace       used 21308K, capacity 22515K, committed 22656K, reserved 1069056K
  class space    used 2842K, capacity 3101K, committed 3200K, reserved 1048576K

Card table byte_map: [0x00007f7b404c3000,0x00007f7b40825000] byte_map_base: 0x00007f7b40024000

Marking Bits: (ParMarkBitMap*) 0x00007f7b564ae320
 Begin Bits: [0x00007f7b3c86e000, 0x00007f7b3e376000)
 End Bits:   [0x00007f7b3e376000, 0x00007f7b3fe7e000)

Polling page: 0x00007f7b57302000

CodeCache: size=245760Kb used=7668Kb max_used=7680Kb free=238091Kb
 bounds [0x00007f7b40be5000, 0x00007f7b41375000, 0x00007f7b4fbe5000]
 total_blobs=3006 nmethods=2343 adapters=578
 compilation: enabled

Compilation events (10 events):
Event: 11,570 Thread 0x00007f7b500bd800 nmethod 2350 0x00007f7b41361a10 code [0x00007f7b41361b60, 0x00007f7b41361c70]
Event: 11,570 Thread 0x00007f7b500bd800 2351       3       javafx.scene.layout.Region::widthChanged (49 bytes)
Event: 11,572 Thread 0x00007f7b500bd800 nmethod 2351 0x00007f7b41361cd0 code [0x00007f7b41361f20, 0x00007f7b413631b8]
Event: 11,572 Thread 0x00007f7b500bd800 2353       3       com.sun.javafx.scene.control.skin.LabeledSkinBase::bottomLabelPadding (18 bytes)
Event: 11,574 Thread 0x00007f7b500bd800 nmethod 2353 0x00007f7b413637d0 code [0x00007f7b413639c0, 0x00007f7b41364358]
Event: 11,574 Thread 0x00007f7b500bd800 2352       3       javafx.scene.control.SkinBase::snappedTopInset (8 bytes)
Event: 11,574 Thread 0x00007f7b500bd800 nmethod 2352 0x00007f7b41365b50 code [0x00007f7b41365cc0, 0x00007f7b41365ef0]
Event: 11,575 Thread 0x00007f7b500bd800 2354       1       javafx.scene.layout.Region::snappedTopInset (5 bytes)
Event: 11,576 Thread 0x00007f7b500b9000 nmethod 2319 0x00007f7b41367f50 code [0x00007f7b41368100, 0x00007f7b41368948]
Event: 11,576 Thread 0x00007f7b500bd800 nmethod 2354 0x00007f7b41365890 code [0x00007f7b413659e0, 0x00007f7b41365af0]

GC Heap History (8 events):
Event: 2,583 GC heap before
{Heap before GC invocations=1 (full 0):
 PSYoungGen      total 32768K, used 25797K [0x00000000dbf80000, 0x00000000de400000, 0x0000000100000000)
  eden space 28160K, 91% used [0x00000000dbf80000,0x00000000dd8b1438,0x00000000ddb00000)
  from space 4608K, 0% used [0x00000000ddf80000,0x00000000ddf80000,0x00000000de400000)
  to   space 4608K, 0% used [0x00000000ddb00000,0x00000000ddb00000,0x00000000ddf80000)
 ParOldGen       total 75264K, used 0K [0x0000000093e00000, 0x0000000098780000, 0x00000000dbf80000)
  object space 75264K, 0% used [0x0000000093e00000,0x0000000093e00000,0x0000000098780000)
 Metaspace       used 11680K, capacity 12064K, committed 12416K, reserved 1060864K
  class space    used 1413K, capacity 1540K, committed 1664K, reserved 1048576K
Event: 2,604 GC heap after
Heap after GC invocations=1 (full 0):
 PSYoungGen      total 32768K, used 4588K [0x00000000dbf80000, 0x00000000de400000, 0x0000000100000000)
  eden space 28160K, 0% used [0x00000000dbf80000,0x00000000dbf80000,0x00000000ddb00000)
  from space 4608K, 99% used [0x00000000ddb00000,0x00000000ddf7b258,0x00000000ddf80000)
  to   space 4608K, 0% used [0x00000000ddf80000,0x00000000ddf80000,0x00000000de400000)
 ParOldGen       total 75264K, used 3019K [0x0000000093e00000, 0x0000000098780000, 0x00000000dbf80000)
  object space 75264K, 4% used [0x0000000093e00000,0x00000000940f2f00,0x0000000098780000)
 Metaspace       used 11680K, capacity 12064K, committed 12416K, reserved 1060864K
  class space    used 1413K, capacity 1540K, committed 1664K, reserved 1048576K
}
Event: 8,461 GC heap before
{Heap before GC invocations=2 (full 0):
 PSYoungGen      total 32768K, used 32748K [0x00000000dbf80000, 0x00000000de400000, 0x0000000100000000)
  eden space 28160K, 100% used [0x00000000dbf80000,0x00000000ddb00000,0x00000000ddb00000)
  from space 4608K, 99% used [0x00000000ddb00000,0x00000000ddf7b258,0x00000000ddf80000)
  to   space 4608K, 0% used [0x00000000ddf80000,0x00000000ddf80000,0x00000000de400000)
 ParOldGen       total 75264K, used 3019K [0x0000000093e00000, 0x0000000098780000, 0x00000000dbf80000)
  object space 75264K, 4% used [0x0000000093e00000,0x00000000940f2f00,0x0000000098780000)
 Metaspace       used 18412K, capacity 19118K, committed 19328K, reserved 1067008K
  class space    used 2432K, capacity 2610K, committed 2688K, reserved 1048576K
Event: 8,513 GC heap after
Heap after GC invocations=2 (full 0):
 PSYoungGen      total 32768K, used 4578K [0x00000000dbf80000, 0x00000000de400000, 0x0000000100000000)
  eden space 28160K, 0% used [0x00000000dbf80000,0x00000000dbf80000,0x00000000ddb00000)
  from space 4608K, 99% used [0x00000000ddf80000,0x00000000de3f8ac0,0x00000000de400000)
  to   space 4608K, 0% used [0x00000000ddb00000,0x00000000ddb00000,0x00000000ddf80000)
 ParOldGen       total 75264K, used 12122K [0x0000000093e00000, 0x0000000098780000, 0x00000000dbf80000)
  object space 75264K, 16% used [0x0000000093e00000,0x00000000949d6998,0x0000000098780000)
 Metaspace       used 18412K, capacity 19118K, committed 19328K, reserved 1067008K
  class space    used 2432K, capacity 2610K, committed 2688K, reserved 1048576K
}
Event: 9,801 GC heap before
{Heap before GC invocations=3 (full 0):
 PSYoungGen      total 32768K, used 14693K [0x00000000dbf80000, 0x00000000de400000, 0x0000000100000000)
  eden space 28160K, 35% used [0x00000000dbf80000,0x00000000dc960990,0x00000000ddb00000)
  from space 4608K, 99% used [0x00000000ddf80000,0x00000000de3f8ac0,0x00000000de400000)
  to   space 4608K, 0% used [0x00000000ddb00000,0x00000000ddb00000,0x00000000ddf80000)
 ParOldGen       total 75264K, used 12122K [0x0000000093e00000, 0x0000000098780000, 0x00000000dbf80000)
  object space 75264K, 16% used [0x0000000093e00000,0x00000000949d6998,0x0000000098780000)
 Metaspace       used 20355K, capacity 21295K, committed 21296K, reserved 1067008K
  class space    used 2709K, capacity 2943K, committed 2944K, reserved 1048576K
Event: 9,859 GC heap after
Heap after GC invocations=3 (full 0):
 PSYoungGen      total 32768K, used 4578K [0x00000000dbf80000, 0x00000000dff80000, 0x0000000100000000)
  eden space 28160K, 0% used [0x00000000dbf80000,0x00000000dbf80000,0x00000000ddb00000)
  from space 4608K, 99% used [0x00000000ddb00000,0x00000000ddf78ab0,0x00000000ddf80000)
  to   space 4608K, 0% used [0x00000000dfb00000,0x00000000dfb00000,0x00000000dff80000)
 ParOldGen       total 75264K, used 14286K [0x0000000093e00000, 0x0000000098780000, 0x00000000dbf80000)
  object space 75264K, 18% used [0x0000000093e00000,0x0000000094bf3a40,0x0000000098780000)
 Metaspace       used 20355K, capacity 21295K, committed 21296K, reserved 1067008K
  class space    used 2709K, capacity 2943K, committed 2944K, reserved 1048576K
}
Event: 9,859 GC heap before
{Heap before GC invocations=4 (full 1):
 PSYoungGen      total 32768K, used 4578K [0x00000000dbf80000, 0x00000000dff80000, 0x0000000100000000)
  eden space 28160K, 0% used [0x00000000dbf80000,0x00000000dbf80000,0x00000000ddb00000)
  from space 4608K, 99% used [0x00000000ddb00000,0x00000000ddf78ab0,0x00000000ddf80000)
  to   space 4608K, 0% used [0x00000000dfb00000,0x00000000dfb00000,0x00000000dff80000)
 ParOldGen       total 75264K, used 14286K [0x0000000093e00000, 0x0000000098780000, 0x00000000dbf80000)
  object space 75264K, 18% used [0x0000000093e00000,0x0000000094bf3a40,0x0000000098780000)
 Metaspace       used 20355K, capacity 21295K, committed 21296K, reserved 1067008K
  class space    used 2709K, capacity 2943K, committed 2944K, reserved 1048576K
Event: 10,029 GC heap after
Heap after GC invocations=4 (full 1):
 PSYoungGen      total 32768K, used 0K [0x00000000dbf80000, 0x00000000dff80000, 0x0000000100000000)
  eden space 28160K, 0% used [0x00000000dbf80000,0x00000000dbf80000,0x00000000ddb00000)
  from space 4608K, 0% used [0x00000000ddb00000,0x00000000ddb00000,0x00000000ddf80000)
  to   space 4608K, 0% used [0x00000000dfb00000,0x00000000dfb00000,0x00000000dff80000)
 ParOldGen       total 64000K, used 11802K [0x0000000093e00000, 0x0000000097c80000, 0x00000000dbf80000)
  object space 64000K, 18% used [0x0000000093e00000,0x0000000094986880,0x0000000097c80000)
 Metaspace       used 20355K, capacity 21295K, committed 21296K, reserved 1067008K
  class space    used 2709K, capacity 2943K, committed 2944K, reserved 1048576K
}

Deoptimization events (10 events):
Event: 10,129 Thread 0x00007f7b5033c800 Uncommon trap: reason=array_check action=maybe_recompile pc=0x00007f7b41189530 method=com.sun.javafx.css.SimpleSelector.applies(Ljavafx/css/Styleable;[Ljava/util/Set;I)Z @ 37
Event: 10,138 Thread 0x00007f7b5033c800 Uncommon trap: reason=bimorphic action=maybe_recompile pc=0x00007f7b41167db8 method=com.sun.javafx.css.SimpleSelector.applies(Ljavafx/css/Styleable;)Z @ 95
Event: 10,142 Thread 0x00007f7b5033c800 Uncommon trap: reason=bimorphic action=maybe_recompile pc=0x00007f7b41167db8 method=com.sun.javafx.css.SimpleSelector.applies(Ljavafx/css/Styleable;)Z @ 95
Event: 10,147 Thread 0x00007f7b5033c800 Uncommon trap: reason=bimorphic action=maybe_recompile pc=0x00007f7b41167db8 method=com.sun.javafx.css.SimpleSelector.applies(Ljavafx/css/Styleable;)Z @ 95
Event: 10,533 Thread 0x00007f7b5033c800 Uncommon trap: reason=array_check action=maybe_recompile pc=0x00007f7b411f9110 method=com.sun.javafx.css.CompoundSelector.applies(Ljavafx/css/Styleable;[Ljava/util/Set;I)Z @ 128
Event: 10,534 Thread 0x00007f7b5033c800 Uncommon trap: reason=array_check action=maybe_recompile pc=0x00007f7b411f9110 method=com.sun.javafx.css.CompoundSelector.applies(Ljavafx/css/Styleable;[Ljava/util/Set;I)Z @ 128
Event: 10,534 Thread 0x00007f7b5033c800 Uncommon trap: reason=array_check action=maybe_recompile pc=0x00007f7b411f9110 method=com.sun.javafx.css.CompoundSelector.applies(Ljavafx/css/Styleable;[Ljava/util/Set;I)Z @ 128
Event: 10,536 Thread 0x00007f7b5033c800 Uncommon trap: reason=array_check action=maybe_recompile pc=0x00007f7b411f9110 method=com.sun.javafx.css.CompoundSelector.applies(Ljavafx/css/Styleable;[Ljava/util/Set;I)Z @ 128
Event: 10,745 Thread 0x00007f7b5033c800 Uncommon trap: reason=unstable_if action=reinterpret pc=0x00007f7b4126ae04 method=javafx.scene.CssStyleHelper.lookup(Ljavafx/css/Styleable;Ljavafx/css/CssMetaData;Lcom/sun/javafx/css/StyleMap;Ljava/util/Set;Ljavafx/css/Styleable;Lcom/sun/javafx/css/Calcul
Event: 11,144 Thread 0x00007f7b5033c800 Uncommon trap: reason=bimorphic action=maybe_recompile pc=0x00007f7b41162068 method=java.util.HashMap.putVal(ILjava/lang/Object;Ljava/lang/Object;ZZ)Ljava/lang/Object; @ 203

Classes redefined (0 events):
No events

Internal exceptions (10 events):
Event: 1,643 Thread 0x00007f7b5033c800 Exception <a 'java/lang/NullPointerException'> (0x00000000dcfeb2f0) thrown at [/build/openjdk-8-wnL82d/openjdk-8-8u171-b11/src/hotspot/src/share/vm/prims/jvm.cpp, line 1439]
Event: 2,338 Thread 0x00007f7b5033c800 Exception <a 'java/lang/ArrayIndexOutOfBoundsException'> (0x00000000dd63c4e0) thrown at [/build/openjdk-8-wnL82d/openjdk-8-8u171-b11/src/hotspot/src/share/vm/runtime/sharedRuntime.cpp, line 605]
Event: 2,340 Thread 0x00007f7b5033c800 Exception <a 'java/lang/ArrayIndexOutOfBoundsException'> (0x00000000dd63d1e0) thrown at [/build/openjdk-8-wnL82d/openjdk-8-8u171-b11/src/hotspot/src/share/vm/runtime/sharedRuntime.cpp, line 605]
Event: 2,342 Thread 0x00007f7b5033c800 Exception <a 'java/lang/ArrayIndexOutOfBoundsException'> (0x00000000dd63e588) thrown at [/build/openjdk-8-wnL82d/openjdk-8-8u171-b11/src/hotspot/src/share/vm/runtime/sharedRuntime.cpp, line 605]
Event: 8,166 Thread 0x00007f7b5033c800 Implicit null exception at 0x00007f7b40e941b5 to 0x00007f7b40e94565
Event: 8,730 Thread 0x00007f7b5033c800 Exception <a 'java/lang/ArrayIndexOutOfBoundsException'> (0x00000000dc238d40) thrown at [/build/openjdk-8-wnL82d/openjdk-8-8u171-b11/src/hotspot/src/share/vm/runtime/sharedRuntime.cpp, line 605]
Event: 8,908 Thread 0x00007f7b5033c800 Exception <a 'java/lang/ArrayIndexOutOfBoundsException'> (0x00000000dc465f48) thrown at [/build/openjdk-8-wnL82d/openjdk-8-8u171-b11/src/hotspot/src/share/vm/runtime/sharedRuntime.cpp, line 605]
Event: 8,910 Thread 0x00007f7b5033c800 Exception <a 'java/lang/ArrayIndexOutOfBoundsException'> (0x00000000dc467130) thrown at [/build/openjdk-8-wnL82d/openjdk-8-8u171-b11/src/hotspot/src/share/vm/runtime/sharedRuntime.cpp, line 605]
Event: 8,911 Thread 0x00007f7b5033c800 Exception <a 'java/lang/ArrayIndexOutOfBoundsException'> (0x00000000dc468d70) thrown at [/build/openjdk-8-wnL82d/openjdk-8-8u171-b11/src/hotspot/src/share/vm/runtime/sharedRuntime.cpp, line 605]
Event: 9,054 Thread 0x00007f7b5033c800 Exception <a 'java/io/FileNotFoundException'> (0x00000000dc532a70) thrown at [/build/openjdk-8-wnL82d/openjdk-8-8u171-b11/src/hotspot/src/share/vm/prims/jni.cpp, line 709]

Events (10 events):
Event: 11,234 loading class javafx/event/EventHandler
Event: 11,234 loading class javafx/event/EventHandler done
Event: 11,363 loading class com/sun/javafx/scene/control/skin/Utils$2
Event: 11,363 loading class com/sun/javafx/scene/control/skin/Utils$2 done
Event: 11,374 Executing VM operation: ForceSafepoint
Event: 11,374 Executing VM operation: ForceSafepoint done
Event: 11,577 Thread 0x00007f7b5033c800 DEOPT PACKING pc=0x00007f7b410072d4 sp=0x00007f7aee8183a0
Event: 11,577 Thread 0x00007f7b5033c800 DEOPT UNPACKING pc=0x00007f7b40c2c0c4 sp=0x00007f7aee818128 mode 0
Event: 11,577 Thread 0x00007f7b5033c800 DEOPT PACKING pc=0x00007f7b410072d4 sp=0x00007f7aee818c80
Event: 11,577 Thread 0x00007f7b5033c800 DEOPT UNPACKING pc=0x00007f7b40c2c0c4 sp=0x00007f7aee818a08 mode 0


Dynamic libraries:
00400000-00401000 r-xp 00000000 08:06 19152                              /usr/lib/jvm/java-8-openjdk-amd64/jre/bin/java
00600000-00601000 r--p 00000000 08:06 19152                              /usr/lib/jvm/java-8-openjdk-amd64/jre/bin/java
00601000-00602000 rw-p 00001000 08:06 19152                              /usr/lib/jvm/java-8-openjdk-amd64/jre/bin/java
013b4000-013d5000 rw-p 00000000 00:00 0                                  [heap]
93e00000-97c80000 rw-p 00000000 00:00 0 
97c80000-dbf80000 ---p 00000000 00:00 0 
dbf80000-dff80000 rw-p 00000000 00:00 0 
dff80000-100000000 ---p 00000000 00:00 0 
100000000-100320000 rw-p 00000000 00:00 0 
100320000-140000000 ---p 00000000 00:00 0 
7f7abcbff000-7f7abccff000 rw-p 00000000 00:00 0 
7f7abccff000-7f7abcdff000 ---p 00000000 00:00 0 
7f7abcdff000-7f7abcfff000 rw-p 00000000 00:00 0 
7f7abcfff000-7f7ac0000000 rw-p 00000000 00:00 0 
7f7ac0000000-7f7ac0021000 rw-p 00000000 00:00 0 
7f7ac0021000-7f7ac4000000 ---p 00000000 00:00 0 
7f7ac4000000-7f7ac4021000 rw-p 00000000 00:00 0 
7f7ac4021000-7f7ac8000000 ---p 00000000 00:00 0 
7f7ac8000000-7f7ac8021000 rw-p 00000000 00:00 0 
7f7ac8021000-7f7acc000000 ---p 00000000 00:00 0 
7f7acc000000-7f7acc021000 rw-p 00000000 00:00 0 
7f7acc021000-7f7ad0000000 ---p 00000000 00:00 0 
7f7ad0000000-7f7ad0021000 rw-p 00000000 00:00 0 
7f7ad0021000-7f7ad4000000 ---p 00000000 00:00 0 
7f7ad4000000-7f7ad4021000 rw-p 00000000 00:00 0 
7f7ad4021000-7f7ad8000000 ---p 00000000 00:00 0 
7f7ad8000000-7f7ad8021000 rw-p 00000000 00:00 0 
7f7ad8021000-7f7adc000000 ---p 00000000 00:00 0 
7f7adc000000-7f7adc4b0000 rw-p 00000000 00:00 0 
7f7adc4b0000-7f7ae0000000 ---p 00000000 00:00 0 
7f7ae0000000-7f7ae0022000 rw-p 00000000 00:00 0 
7f7ae0022000-7f7ae4000000 ---p 00000000 00:00 0 
7f7ae4000000-7f7ae4022000 rw-p 00000000 00:00 0 
7f7ae4022000-7f7ae8000000 ---p 00000000 00:00 0 
7f7ae8000000-7f7ae8021000 rw-p 00000000 00:00 0 
7f7ae8021000-7f7aec000000 ---p 00000000 00:00 0 
7f7aec0d1000-7f7aec17d000 r--p 00000000 08:06 78714                      /usr/share/fonts/truetype/dejavu/DejaVuSans-Bold.ttf
7f7aec17d000-7f7aec193000 r-xp 00000000 08:06 19197                      /usr/lib/jvm/java-8-openjdk-amd64/jre/lib/amd64/libnet.so
7f7aec193000-7f7aec393000 ---p 00016000 08:06 19197                      /usr/lib/jvm/java-8-openjdk-amd64/jre/lib/amd64/libnet.so
7f7aec393000-7f7aec394000 r--p 00016000 08:06 19197                      /usr/lib/jvm/java-8-openjdk-amd64/jre/lib/amd64/libnet.so
7f7aec394000-7f7aec395000 rw-p 00017000 08:06 19197                      /usr/lib/jvm/java-8-openjdk-amd64/jre/lib/amd64/libnet.so
7f7aec395000-7f7aec4ec000 rw-s 10ad30000 00:06 332                       /dev/dri/renderD128
7f7aec4ec000-7f7aec6ec000 rw-p 00000000 00:00 0 
7f7aec6ec000-7f7aec7ec000 rw-s 10a333000 00:06 332                       /dev/dri/renderD128
7f7aec7ec000-7f7aec8ec000 rw-s 1050fd000 00:06 332                       /dev/dri/renderD128
7f7aec8ec000-7f7aec90c000 rw-s 10504d000 00:06 332                       /dev/dri/renderD128
7f7aec90c000-7f7aec90f000 ---p 00000000 00:00 0 
7f7aec90f000-7f7aeca0d000 rw-p 00000000 00:00 0 
7f7aeca0d000-7f7aecac6000 r--p 00000000 08:06 78715                      /usr/share/fonts/truetype/dejavu/DejaVuSans.ttf
7f7aecac6000-7f7aeccc6000 rw-p 00000000 00:00 0 
7f7aeccc6000-7f7aeccf6000 r-xp 00000000 08:06 32466                      /usr/lib/x86_64-linux-gnu/gtk-2.0/2.10.0/engines/libmurrine.so
7f7aeccf6000-7f7aecef6000 ---p 00030000 08:06 32466                      /usr/lib/x86_64-linux-gnu/gtk-2.0/2.10.0/engines/libmurrine.so
7f7aecef6000-7f7aecef7000 r--p 00030000 08:06 32466                      /usr/lib/x86_64-linux-gnu/gtk-2.0/2.10.0/engines/libmurrine.so
7f7aecef7000-7f7aecef8000 rw-p 00031000 08:06 32466                      /usr/lib/x86_64-linux-gnu/gtk-2.0/2.10.0/engines/libmurrine.so
7f7aecef8000-7f7aecf02000 r-xp 00000000 08:06 32440                      /usr/lib/x86_64-linux-gnu/gtk-2.0/2.10.0/engines/libpixmap.so
7f7aecf02000-7f7aed101000 ---p 0000a000 08:06 32440                      /usr/lib/x86_64-linux-gnu/gtk-2.0/2.10.0/engines/libpixmap.so
7f7aed101000-7f7aed102000 r--p 00009000 08:06 32440                      /usr/lib/x86_64-linux-gnu/gtk-2.0/2.10.0/engines/libpixmap.so
7f7aed102000-7f7aed103000 rw-p 0000a000 08:06 32440                      /usr/lib/x86_64-linux-gnu/gtk-2.0/2.10.0/engines/libpixmap.so
7f7aed103000-7f7aed15a000 r-xp 00000000 08:06 10681                      /usr/lib/x86_64-linux-gnu/libjpeg.so.8.0.2
7f7aed15a000-7f7aed35a000 ---p 00057000 08:06 10681                      /usr/lib/x86_64-linux-gnu/libjpeg.so.8.0.2
7f7aed35a000-7f7aed35b000 r--p 00057000 08:06 10681                      /usr/lib/x86_64-linux-gnu/libjpeg.so.8.0.2
7f7aed35b000-7f7aed35c000 rw-p 00058000 08:06 10681                      /usr/lib/x86_64-linux-gnu/libjpeg.so.8.0.2
7f7aed366000-7f7aed36b000 r--s 0009d000 08:06 19228                      /usr/lib/jvm/java-8-openjdk-amd64/jre/lib/jsse.jar
7f7aed36b000-7f7aed37b000 rw-s 108230000 00:06 332                       /dev/dri/renderD128
7f7aed37b000-7f7aed37f000 r-xp 00000000 08:06 8836                       /usr/lib/jvm/java-8-openjdk-amd64/jre/lib/amd64/libjavafx_iio.so
7f7aed37f000-7f7aed57e000 ---p 00004000 08:06 8836                       /usr/lib/jvm/java-8-openjdk-amd64/jre/lib/amd64/libjavafx_iio.so
7f7aed57e000-7f7aed57f000 r--p 00003000 08:06 8836                       /usr/lib/jvm/java-8-openjdk-amd64/jre/lib/amd64/libjavafx_iio.so
7f7aed57f000-7f7aed580000 rw-p 00004000 08:06 8836                       /usr/lib/jvm/java-8-openjdk-amd64/jre/lib/amd64/libjavafx_iio.so
7f7aed580000-7f7aed587000 r--s 00000000 08:06 1704018                    /var/cache/fontconfig/4be9850f182b35c1350b6bbf2e42601c-le64.cache-6
7f7aed587000-7f7aed592000 r--s 00000000 08:06 1704007                    /var/cache/fontconfig/945677eb7aeaf62f1d50efc3fb3ec7d8-le64.cache-6
7f7aed592000-7f7aed598000 r--s 00000000 08:06 1704004                    /var/cache/fontconfig/2cd17615ca594fa2959ae173292e504c-le64.cache-6
7f7aed598000-7f7aed5ad000 r--s 00000000 08:06 1704006                    /var/cache/fontconfig/04aabc0a78ac019cf9454389977116d2-le64.cache-6
7f7aed5ad000-7f7aed5d4000 r--s 00000000 08:06 1704024                    /var/cache/fontconfig/0bd3dc0958fa2205aaaa8ebb13e2872b-le64.cache-6
7f7aed5d4000-7f7aed60f000 r--s 00000000 08:06 1704031                    /var/cache/fontconfig/365b55f210c0a22e9a19e35191240f32-le64.cache-6
7f7aed60f000-7f7aed614000 r-xp 00000000 08:06 8842                       /usr/lib/jvm/java-8-openjdk-amd64/jre/lib/amd64/libjavafx_font_freetype.so
7f7aed614000-7f7aed813000 ---p 00005000 08:06 8842                       /usr/lib/jvm/java-8-openjdk-amd64/jre/lib/amd64/libjavafx_font_freetype.so
7f7aed813000-7f7aed814000 r--p 00004000 08:06 8842                       /usr/lib/jvm/java-8-openjdk-amd64/jre/lib/amd64/libjavafx_font_freetype.so
7f7aed814000-7f7aed815000 rw-p 00005000 08:06 8842                       /usr/lib/jvm/java-8-openjdk-amd64/jre/lib/amd64/libjavafx_font_freetype.so
7f7aed815000-7f7aeda15000 rw-p 00000000 00:00 0 
7f7aeda15000-7f7aeda18000 r-xp 00000000 08:06 8835                       /usr/lib/jvm/java-8-openjdk-amd64/jre/lib/amd64/libjavafx_font.so
7f7aeda18000-7f7aedc17000 ---p 00003000 08:06 8835                       /usr/lib/jvm/java-8-openjdk-amd64/jre/lib/amd64/libjavafx_font.so
7f7aedc17000-7f7aedc18000 r--p 00002000 08:06 8835                       /usr/lib/jvm/java-8-openjdk-amd64/jre/lib/amd64/libjavafx_font.so
7f7aedc18000-7f7aedc19000 rw-p 00003000 08:06 8835                       /usr/lib/jvm/java-8-openjdk-amd64/jre/lib/amd64/libjavafx_font.so
7f7aedc19000-7f7aede19000 rw-p 00000000 00:00 0 
7f7aede19000-7f7aede1c000 ---p 00000000 00:00 0 
7f7aede1c000-7f7aedf1a000 rw-p 00000000 00:00 0 
7f7aedf1a000-7f7aedf1b000 ---p 00000000 00:00 0 
7f7aedf1b000-7f7aee71b000 rw-p 00000000 00:00 0 
7f7aee71b000-7f7aee71e000 ---p 00000000 00:00 0 
7f7aee71e000-7f7aee81c000 rw-p 00000000 00:00 0 
7f7aee81c000-7f7aee81f000 ---p 00000000 00:00 0 
7f7aee81f000-7f7aee91d000 rw-p 00000000 00:00 0 
7f7aee91d000-7f7aee91e000 ---p 00000000 00:00 0 
7f7aee91e000-7f7aef11e000 rw-p 00000000 00:00 0 
7f7aef11e000-7f7aef129000 r-xp 00000000 08:06 32451                      /usr/lib/x86_64-linux-gnu/gio/modules/libdconfsettings.so
7f7aef129000-7f7aef329000 ---p 0000b000 08:06 32451                      /usr/lib/x86_64-linux-gnu/gio/modules/libdconfsettings.so
7f7aef329000-7f7aef32a000 r--p 0000b000 08:06 32451                      /usr/lib/x86_64-linux-gnu/gio/modules/libdconfsettings.so
7f7aef32a000-7f7aef32b000 rw-p 0000c000 08:06 32451                      /usr/lib/x86_64-linux-gnu/gio/modules/libdconfsettings.so
7f7aef32b000-7f7aef32c000 ---p 00000000 00:00 0 
7f7aef32c000-7f7aefb2c000 rw-p 00000000 00:00 0 
7f7aefb2c000-7f7aefb45000 r-xp 00000000 08:06 33478                      /usr/lib/x86_64-linux-gnu/gio/modules/libgioremote-volume-monitor.so
7f7aefb45000-7f7aefd45000 ---p 00019000 08:06 33478                      /usr/lib/x86_64-linux-gnu/gio/modules/libgioremote-volume-monitor.so
7f7aefd45000-7f7aefd48000 r--p 00019000 08:06 33478                      /usr/lib/x86_64-linux-gnu/gio/modules/libgioremote-volume-monitor.so
7f7aefd48000-7f7aefd49000 rw-p 0001c000 08:06 33478                      /usr/lib/x86_64-linux-gnu/gio/modules/libgioremote-volume-monitor.so
7f7aefd49000-7f7aefd7f000 r-xp 00000000 08:06 24604                      /usr/lib/x86_64-linux-gnu/gvfs/libgvfscommon.so
7f7aefd7f000-7f7aeff7f000 ---p 00036000 08:06 24604                      /usr/lib/x86_64-linux-gnu/gvfs/libgvfscommon.so
7f7aeff7f000-7f7aeff84000 r--p 00036000 08:06 24604                      /usr/lib/x86_64-linux-gnu/gvfs/libgvfscommon.so
7f7aeff84000-7f7aeff85000 rw-p 0003b000 08:06 24604                      /usr/lib/x86_64-linux-gnu/gvfs/libgvfscommon.so
7f7aeff85000-7f7aeffb5000 r-xp 00000000 08:06 33479                      /usr/lib/x86_64-linux-gnu/gio/modules/libgvfsdbus.so
7f7aeffb5000-7f7af01b5000 ---p 00030000 08:06 33479                      /usr/lib/x86_64-linux-gnu/gio/modules/libgvfsdbus.so
7f7af01b5000-7f7af01b6000 r--p 00030000 08:06 33479                      /usr/lib/x86_64-linux-gnu/gio/modules/libgvfsdbus.so
7f7af01b6000-7f7af01b8000 rw-p 00031000 08:06 33479                      /usr/lib/x86_64-linux-gnu/gio/modules/libgvfsdbus.so
7f7af01b8000-7f7af01c8000 r-xp 00000000 08:06 13395                      /usr/lib/x86_64-linux-gnu/libunity-gtk2-parser.so.0.0.0
7f7af01c8000-7f7af03c8000 ---p 00010000 08:06 13395                      /usr/lib/x86_64-linux-gnu/libunity-gtk2-parser.so.0.0.0
7f7af03c8000-7f7af03c9000 r--p 00010000 08:06 13395                      /usr/lib/x86_64-linux-gnu/libunity-gtk2-parser.so.0.0.0
7f7af03c9000-7f7af03ca000 rw-p 00011000 08:06 13395                      /usr/lib/x86_64-linux-gnu/libunity-gtk2-parser.so.0.0.0
7f7af03ca000-7f7af03cf000 r-xp 00000000 08:06 30669                      /usr/lib/x86_64-linux-gnu/gtk-2.0/modules/libunity-gtk-module.so
7f7af03cf000-7f7af05ce000 ---p 00005000 08:06 30669                      /usr/lib/x86_64-linux-gnu/gtk-2.0/modules/libunity-gtk-module.so
7f7af05ce000-7f7af05cf000 r--p 00004000 08:06 30669                      /usr/lib/x86_64-linux-gnu/gtk-2.0/modules/libunity-gtk-module.so
7f7af05cf000-7f7af05d0000 rw-p 00005000 08:06 30669                      /usr/lib/x86_64-linux-gnu/gtk-2.0/modules/libunity-gtk-module.so
7f7af05d0000-7f7af05d6000 r-xp 00000000 08:06 10263                      /usr/lib/x86_64-linux-gnu/libdatrie.so.1.3.3
7f7af05d6000-7f7af07d6000 ---p 00006000 08:06 10263                      /usr/lib/x86_64-linux-gnu/libdatrie.so.1.3.3
7f7af07d6000-7f7af07d7000 r--p 00006000 08:06 10263                      /usr/lib/x86_64-linux-gnu/libdatrie.so.1.3.3
7f7af07d7000-7f7af07d8000 rw-p 00007000 08:06 10263                      /usr/lib/x86_64-linux-gnu/libdatrie.so.1.3.3
7f7af07d8000-7f7af07fc000 r-xp 00000000 08:06 9432                       /usr/lib/x86_64-linux-gnu/libgraphite2.so.3.0.1
7f7af07fc000-7f7af09fb000 ---p 00024000 08:06 9432                       /usr/lib/x86_64-linux-gnu/libgraphite2.so.3.0.1
7f7af09fb000-7f7af09fd000 r--p 00023000 08:06 9432                       /usr/lib/x86_64-linux-gnu/libgraphite2.so.3.0.1
7f7af09fd000-7f7af09fe000 rw-p 00025000 08:06 9432                       /usr/lib/x86_64-linux-gnu/libgraphite2.so.3.0.1
7f7af09fe000-7f7af0a06000 r-xp 00000000 08:06 11095                      /usr/lib/x86_64-linux-gnu/libthai.so.0.2.4
7f7af0a06000-7f7af0c05000 ---p 00008000 08:06 11095                      /usr/lib/x86_64-linux-gnu/libthai.so.0.2.4
7f7af0c05000-7f7af0c06000 r--p 00007000 08:06 11095                      /usr/lib/x86_64-linux-gnu/libthai.so.0.2.4
7f7af0c06000-7f7af0c07000 rw-p 00008000 08:06 11095                      /usr/lib/x86_64-linux-gnu/libthai.so.0.2.4
7f7af0c07000-7f7af0c63000 r-xp 00000000 08:06 10595                      /usr/lib/x86_64-linux-gnu/libharfbuzz.so.0.10000.1
7f7af0c63000-7f7af0e63000 ---p 0005c000 08:06 10595                      /usr/lib/x86_64-linux-gnu/libharfbuzz.so.0.10000.1
7f7af0e63000-7f7af0e64000 r--p 0005c000 08:06 10595                      /usr/lib/x86_64-linux-gnu/libharfbuzz.so.0.10000.1
7f7af0e64000-7f7af0e65000 rw-p 0005d000 08:06 10595                      /usr/lib/x86_64-linux-gnu/libharfbuzz.so.0.10000.1
7f7af0e65000-7f7af0ed3000 r-xp 00000000 08:06 5247573                    /lib/x86_64-linux-gnu/libpcre.so.3.13.2
7f7af0ed3000-7f7af10d3000 ---p 0006e000 08:06 5247573                    /lib/x86_64-linux-gnu/libpcre.so.3.13.2
7f7af10d3000-7f7af10d4000 r--p 0006e000 08:06 5247573                    /lib/x86_64-linux-gnu/libpcre.so.3.13.2
7f7af10d4000-7f7af10d5000 rw-p 0006f000 08:06 5247573                    /lib/x86_64-linux-gnu/libpcre.so.3.13.2
7f7af10d5000-7f7af10ec000 r-xp 00000000 08:06 5248714                    /lib/x86_64-linux-gnu/libresolv-2.23.so
7f7af10ec000-7f7af12ec000 ---p 00017000 08:06 5248714                    /lib/x86_64-linux-gnu/libresolv-2.23.so
7f7af12ec000-7f7af12ed000 r--p 00017000 08:06 5248714                    /lib/x86_64-linux-gnu/libresolv-2.23.so
7f7af12ed000-7f7af12ee000 rw-p 00018000 08:06 5248714                    /lib/x86_64-linux-gnu/libresolv-2.23.so
7f7af12ee000-7f7af12f0000 rw-p 00000000 00:00 0 
7f7af12f0000-7f7af130f000 r-xp 00000000 08:06 5247602                    /lib/x86_64-linux-gnu/libselinux.so.1
7f7af130f000-7f7af150e000 ---p 0001f000 08:06 5247602                    /lib/x86_64-linux-gnu/libselinux.so.1
7f7af150e000-7f7af150f000 r--p 0001e000 08:06 5247602                    /lib/x86_64-linux-gnu/libselinux.so.1
7f7af150f000-7f7af1510000 rw-p 0001f000 08:06 5247602                    /lib/x86_64-linux-gnu/libselinux.so.1
7f7af1510000-7f7af1512000 rw-p 00000000 00:00 0 
7f7af1512000-7f7af151a000 r-xp 00000000 08:06 11230                      /usr/lib/x86_64-linux-gnu/libxcb-render.so.0.0.0
7f7af151a000-7f7af171a000 ---p 00008000 08:06 11230                      /usr/lib/x86_64-linux-gnu/libxcb-render.so.0.0.0
7f7af171a000-7f7af171b000 r--p 00008000 08:06 11230                      /usr/lib/x86_64-linux-gnu/libxcb-render.so.0.0.0
7f7af171b000-7f7af171c000 rw-p 00009000 08:06 11230                      /usr/lib/x86_64-linux-gnu/libxcb-render.so.0.0.0
7f7af171c000-7f7af171e000 r-xp 00000000 08:06 11234                      /usr/lib/x86_64-linux-gnu/libxcb-shm.so.0.0.0
7f7af171e000-7f7af191e000 ---p 00002000 08:06 11234                      /usr/lib/x86_64-linux-gnu/libxcb-shm.so.0.0.0
7f7af191e000-7f7af191f000 r--p 00002000 08:06 11234                      /usr/lib/x86_64-linux-gnu/libxcb-shm.so.0.0.0
7f7af191f000-7f7af1920000 rw-p 00003000 08:06 11234                      /usr/lib/x86_64-linux-gnu/libxcb-shm.so.0.0.0
7f7af1920000-7f7af1944000 r-xp 00000000 08:06 5247585                    /lib/x86_64-linux-gnu/libpng12.so.0.54.0
7f7af1944000-7f7af1b43000 ---p 00024000 08:06 5247585                    /lib/x86_64-linux-gnu/libpng12.so.0.54.0
7f7af1b43000-7f7af1b44000 r--p 00023000 08:06 5247585                    /lib/x86_64-linux-gnu/libpng12.so.0.54.0
7f7af1b44000-7f7af1b45000 rw-p 00024000 08:06 5247585                    /lib/x86_64-linux-gnu/libpng12.so.0.54.0
7f7af1b45000-7f7af1be9000 r-xp 00000000 08:06 10418                      /usr/lib/x86_64-linux-gnu/libfreetype.so.6.12.1
7f7af1be9000-7f7af1de8000 ---p 000a4000 08:06 10418                      /usr/lib/x86_64-linux-gnu/libfreetype.so.6.12.1
7f7af1de8000-7f7af1dee000 r--p 000a3000 08:06 10418                      /usr/lib/x86_64-linux-gnu/libfreetype.so.6.12.1
7f7af1dee000-7f7af1def000 rw-p 000a9000 08:06 10418                      /usr/lib/x86_64-linux-gnu/libfreetype.so.6.12.1
7f7af1def000-7f7af1e8e000 r-xp 00000000 08:06 10905                      /usr/lib/x86_64-linux-gnu/libpixman-1.so.0.33.6
7f7af1e8e000-7f7af208e000 ---p 0009f000 08:06 10905                      /usr/lib/x86_64-linux-gnu/libpixman-1.so.0.33.6
7f7af208e000-7f7af2096000 r--p 0009f000 08:06 10905                      /usr/lib/x86_64-linux-gnu/libpixman-1.so.0.33.6
7f7af2096000-7f7af2097000 rw-p 000a7000 08:06 10905                      /usr/lib/x86_64-linux-gnu/libpixman-1.so.0.33.6
7f7af2097000-7f7af2099000 r-xp 00000000 08:06 10023                      /usr/lib/x86_64-linux-gnu/libXcomposite.so.1.0.0
7f7af2099000-7f7af2298000 ---p 00002000 08:06 10023                      /usr/lib/x86_64-linux-gnu/libXcomposite.so.1.0.0
7f7af2298000-7f7af2299000 r--p 00001000 08:06 10023                      /usr/lib/x86_64-linux-gnu/libXcomposite.so.1.0.0
7f7af2299000-7f7af229a000 rw-p 00002000 08:06 10023                      /usr/lib/x86_64-linux-gnu/libXcomposite.so.1.0.0
7f7af229a000-7f7af22a3000 r-xp 00000000 08:06 3963                       /usr/lib/x86_64-linux-gnu/libXcursor.so.1.0.2
7f7af22a3000-7f7af24a2000 ---p 00009000 08:06 3963                       /usr/lib/x86_64-linux-gnu/libXcursor.so.1.0.2
7f7af24a2000-7f7af24a3000 r--p 00008000 08:06 3963                       /usr/lib/x86_64-linux-gnu/libXcursor.so.1.0.2
7f7af24a3000-7f7af24a4000 rw-p 00009000 08:06 3963                       /usr/lib/x86_64-linux-gnu/libXcursor.so.1.0.2
7f7af24a4000-7f7af24ae000 r-xp 00000000 08:06 10051                      /usr/lib/x86_64-linux-gnu/libXrandr.so.2.2.0
7f7af24ae000-7f7af26ad000 ---p 0000a000 08:06 10051                      /usr/lib/x86_64-linux-gnu/libXrandr.so.2.2.0
7f7af26ad000-7f7af26ae000 r--p 00009000 08:06 10051                      /usr/lib/x86_64-linux-gnu/libXrandr.so.2.2.0
7f7af26ae000-7f7af26af000 rw-p 0000a000 08:06 10051                      /usr/lib/x86_64-linux-gnu/libXrandr.so.2.2.0
7f7af26af000-7f7af26be000 r-xp 00000000 08:06 10041                      /usr/lib/x86_64-linux-gnu/libXi.so.6.1.0
7f7af26be000-7f7af28bd000 ---p 0000f000 08:06 10041                      /usr/lib/x86_64-linux-gnu/libXi.so.6.1.0
7f7af28bd000-7f7af28be000 r--p 0000e000 08:06 10041                      /usr/lib/x86_64-linux-gnu/libXi.so.6.1.0
7f7af28be000-7f7af28bf000 rw-p 0000f000 08:06 10041                      /usr/lib/x86_64-linux-gnu/libXi.so.6.1.0
7f7af28bf000-7f7af28c1000 r-xp 00000000 08:06 10043                      /usr/lib/x86_64-linux-gnu/libXinerama.so.1.0.0
7f7af28c1000-7f7af2ac0000 ---p 00002000 08:06 10043                      /usr/lib/x86_64-linux-gnu/libXinerama.so.1.0.0
7f7af2ac0000-7f7af2ac1000 r--p 00001000 08:06 10043                      /usr/lib/x86_64-linux-gnu/libXinerama.so.1.0.0
7f7af2ac1000-7f7af2ac2000 rw-p 00002000 08:06 10043                      /usr/lib/x86_64-linux-gnu/libXinerama.so.1.0.0
7f7af2ac2000-7f7af2acb000 r-xp 00000000 08:06 10053                      /usr/lib/x86_64-linux-gnu/libXrender.so.1.3.0
7f7af2acb000-7f7af2cca000 ---p 00009000 08:06 10053                      /usr/lib/x86_64-linux-gnu/libXrender.so.1.3.0
7f7af2cca000-7f7af2ccb000 r--p 00008000 08:06 10053                      /usr/lib/x86_64-linux-gnu/libXrender.so.1.3.0
7f7af2ccb000-7f7af2ccc000 rw-p 00009000 08:06 10053                      /usr/lib/x86_64-linux-gnu/libXrender.so.1.3.0
7f7af2ccc000-7f7af2d09000 r-xp 00000000 08:06 10408                      /usr/lib/x86_64-linux-gnu/libfontconfig.so.1.9.0
7f7af2d09000-7f7af2f08000 ---p 0003d000 08:06 10408                      /usr/lib/x86_64-linux-gnu/libfontconfig.so.1.9.0
7f7af2f08000-7f7af2f0a000 r--p 0003c000 08:06 10408                      /usr/lib/x86_64-linux-gnu/libfontconfig.so.1.9.0
7f7af2f0a000-7f7af2f0f000 rw-p 0003e000 08:06 10408                      /usr/lib/x86_64-linux-gnu/libfontconfig.so.1.9.0
7f7af2f0f000-7f7af2f58000 r-xp 00000000 08:06 10881                      /usr/lib/x86_64-linux-gnu/libpango-1.0.so.0.3800.1
7f7af2f58000-7f7af3158000 ---p 00049000 08:06 10881                      /usr/lib/x86_64-linux-gnu/libpango-1.0.so.0.3800.1
7f7af3158000-7f7af315a000 r--p 00049000 08:06 10881                      /usr/lib/x86_64-linux-gnu/libpango-1.0.so.0.3800.1
7f7af315a000-7f7af315b000 rw-p 0004b000 08:06 10881                      /usr/lib/x86_64-linux-gnu/libpango-1.0.so.0.3800.1
7f7af315b000-7f7af316f000 r-xp 00000000 08:06 10885                      /usr/lib/x86_64-linux-gnu/libpangoft2-1.0.so.0.3800.1
7f7af316f000-7f7af336f000 ---p 00014000 08:06 10885                      /usr/lib/x86_64-linux-gnu/libpangoft2-1.0.so.0.3800.1
7f7af336f000-7f7af3370000 r--p 00014000 08:06 10885                      /usr/lib/x86_64-linux-gnu/libpangoft2-1.0.so.0.3800.1
7f7af3370000-7f7af3371000 rw-p 00015000 08:06 10885                      /usr/lib/x86_64-linux-gnu/libpangoft2-1.0.so.0.3800.1
7f7af3371000-7f7af3393000 r-xp 00000000 08:06 10117                      /usr/lib/x86_64-linux-gnu/libatk-1.0.so.0.21809.1
7f7af3393000-7f7af3592000 ---p 00022000 08:06 10117                      /usr/lib/x86_64-linux-gnu/libatk-1.0.so.0.21809.1
7f7af3592000-7f7af3595000 r--p 00021000 08:06 10117                      /usr/lib/x86_64-linux-gnu/libatk-1.0.so.0.21809.1
7f7af3595000-7f7af3596000 rw-p 00024000 08:06 10117                      /usr/lib/x86_64-linux-gnu/libatk-1.0.so.0.21809.1
7f7af3596000-7f7af35a2000 r-xp 00000000 08:06 10883                      /usr/lib/x86_64-linux-gnu/libpangocairo-1.0.so.0.3800.1
7f7af35a2000-7f7af37a1000 ---p 0000c000 08:06 10883                      /usr/lib/x86_64-linux-gnu/libpangocairo-1.0.so.0.3800.1
7f7af37a1000-7f7af37a2000 r--p 0000b000 08:06 10883                      /usr/lib/x86_64-linux-gnu/libpangocairo-1.0.so.0.3800.1
7f7af37a2000-7f7af37a3000 rw-p 0000c000 08:06 10883                      /usr/lib/x86_64-linux-gnu/libpangocairo-1.0.so.0.3800.1
7f7af37a3000-7f7af37a6000 r-xp 00000000 08:06 10489                      /usr/lib/x86_64-linux-gnu/libgmodule-2.0.so.0.4800.2
7f7af37a6000-7f7af39a5000 ---p 00003000 08:06 10489                      /usr/lib/x86_64-linux-gnu/libgmodule-2.0.so.0.4800.2
7f7af39a5000-7f7af39a6000 r--p 00002000 08:06 10489                      /usr/lib/x86_64-linux-gnu/libgmodule-2.0.so.0.4800.2
7f7af39a6000-7f7af39a7000 rw-p 00003000 08:06 10489                      /usr/lib/x86_64-linux-gnu/libgmodule-2.0.so.0.4800.2
7f7af39a7000-7f7af39ac000 r-xp 00000000 08:06 10059                      /usr/lib/x86_64-linux-gnu/libXtst.so.6.1.0
7f7af39ac000-7f7af3bab000 ---p 00005000 08:06 10059                      /usr/lib/x86_64-linux-gnu/libXtst.so.6.1.0
7f7af3bab000-7f7af3bac000 r--p 00004000 08:06 10059                      /usr/lib/x86_64-linux-gnu/libXtst.so.6.1.0
7f7af3bac000-7f7af3bad000 rw-p 00005000 08:06 10059                      /usr/lib/x86_64-linux-gnu/libXtst.so.6.1.0
7f7af3bad000-7f7af3cbc000 r-xp 00000000 08:06 5247486                    /lib/x86_64-linux-gnu/libglib-2.0.so.0.4800.2
7f7af3cbc000-7f7af3ebb000 ---p 0010f000 08:06 5247486                    /lib/x86_64-linux-gnu/libglib-2.0.so.0.4800.2
7f7af3ebb000-7f7af3ebc000 r--p 0010e000 08:06 5247486                    /lib/x86_64-linux-gnu/libglib-2.0.so.0.4800.2
7f7af3ebc000-7f7af3ebd000 rw-p 0010f000 08:06 5247486                    /lib/x86_64-linux-gnu/libglib-2.0.so.0.4800.2
7f7af3ebd000-7f7af3ebe000 rw-p 00000000 00:00 0 
7f7af3ebe000-7f7af3ebf000 r-xp 00000000 08:06 10567                      /usr/lib/x86_64-linux-gnu/libgthread-2.0.so.0.4800.2
7f7af3ebf000-7f7af40be000 ---p 00001000 08:06 10567                      /usr/lib/x86_64-linux-gnu/libgthread-2.0.so.0.4800.2
7f7af40be000-7f7af40bf000 r--p 00000000 08:06 10567                      /usr/lib/x86_64-linux-gnu/libgthread-2.0.so.0.4800.2
7f7af40bf000-7f7af40c0000 rw-p 00001000 08:06 10567                      /usr/lib/x86_64-linux-gnu/libgthread-2.0.so.0.4800.2
7f7af40c0000-7f7af4112000 r-xp 00000000 08:06 10505                      /usr/lib/x86_64-linux-gnu/libgobject-2.0.so.0.4800.2
7f7af4112000-7f7af4311000 ---p 00052000 08:06 10505                      /usr/lib/x86_64-linux-gnu/libgobject-2.0.so.0.4800.2
7f7af4311000-7f7af4312000 r--p 00051000 08:06 10505                      /usr/lib/x86_64-linux-gnu/libgobject-2.0.so.0.4800.2
7f7af4312000-7f7af4313000 rw-p 00052000 08:06 10505                      /usr/lib/x86_64-linux-gnu/libgobject-2.0.so.0.4800.2
7f7af4313000-7f7af4493000 r-xp 00000000 08:06 10475                      /usr/lib/x86_64-linux-gnu/libgio-2.0.so.0.4800.2
7f7af4493000-7f7af4693000 ---p 00180000 08:06 10475                      /usr/lib/x86_64-linux-gnu/libgio-2.0.so.0.4800.2
7f7af4693000-7f7af4697000 r--p 00180000 08:06 10475                      /usr/lib/x86_64-linux-gnu/libgio-2.0.so.0.4800.2
7f7af4697000-7f7af4699000 rw-p 00184000 08:06 10475                      /usr/lib/x86_64-linux-gnu/libgio-2.0.so.0.4800.2
7f7af4699000-7f7af469b000 rw-p 00000000 00:00 0 
7f7af469b000-7f7af47a9000 r-xp 00000000 08:06 10180                      /usr/lib/x86_64-linux-gnu/libcairo.so.2.11400.6
7f7af47a9000-7f7af49a9000 ---p 0010e000 08:06 10180                      /usr/lib/x86_64-linux-gnu/libcairo.so.2.11400.6
7f7af49a9000-7f7af49ac000 r--p 0010e000 08:06 10180                      /usr/lib/x86_64-linux-gnu/libcairo.so.2.11400.6
7f7af49ac000-7f7af49ad000 rw-p 00111000 08:06 10180                      /usr/lib/x86_64-linux-gnu/libcairo.so.2.11400.6
7f7af49ad000-7f7af49af000 rw-p 00000000 00:00 0 
7f7af49af000-7f7af4ded000 r-xp 00000000 08:06 7947                       /usr/lib/x86_64-linux-gnu/libgtk-x11-2.0.so.0.2400.30
7f7af4ded000-7f7af4fec000 ---p 0043e000 08:06 7947                       /usr/lib/x86_64-linux-gnu/libgtk-x11-2.0.so.0.2400.30
7f7af4fec000-7f7af4ff3000 r--p 0043d000 08:06 7947                       /usr/lib/x86_64-linux-gnu/libgtk-x11-2.0.so.0.2400.30
7f7af4ff3000-7f7af4ff7000 rw-p 00444000 08:06 7947                       /usr/lib/x86_64-linux-gnu/libgtk-x11-2.0.so.0.2400.30
7f7af4ff7000-7f7af4ffa000 rw-p 00000000 00:00 0 
7f7af4ffa000-7f7af4ffb000 ---p 00000000 00:00 0 
7f7af4ffb000-7f7af57fb000 rw-p 00000000 00:00 0 
7f7af57fb000-7f7af57fc000 ---p 00000000 00:00 0 
7f7af57fc000-7f7af5ffc000 rw-p 00000000 00:00 0 
7f7af5ffc000-7f7af5ffd000 ---p 00000000 00:00 0 
7f7af5ffd000-7f7af67fd000 rw-p 00000000 00:00 0 
7f7af67fd000-7f7af67fe000 ---p 00000000 00:00 0 
7f7af67fe000-7f7af6ffe000 rw-p 00000000 00:00 0 
7f7af6ffe000-7f7af6fff000 ---p 00000000 00:00 0 
7f7af6fff000-7f7af77ff000 rw-p 00000000 00:00 0 
7f7af77ff000-7f7af7800000 ---p 00000000 00:00 0 
7f7af7800000-7f7af8000000 rw-p 00000000 00:00 0 
7f7af8000000-7f7af847e000 rw-p 00000000 00:00 0 
7f7af847e000-7f7afc000000 ---p 00000000 00:00 0 
7f7afc003000-7f7afc004000 r--s 00000000 08:06 1706007                    /var/cache/fontconfig/087e1975ba9a574b140bb1df193bf770-le64.cache-6
7f7afc004000-7f7afc005000 r--s 00000000 08:06 1704001                    /var/cache/fontconfig/0d8c3b2ac0904cb8a57a757ad11a4a08-le64.cache-6
7f7afc005000-7f7afc006000 r--s 00000000 08:06 1704011                    /var/cache/fontconfig/1ac9eb803944fde146138c791f5cc56a-le64.cache-6
7f7afc006000-7f7afc00a000 r--s 00000000 08:06 1704038                    /var/cache/fontconfig/385c0604a188198f04d133e54aba7fe7-le64.cache-6
7f7afc00a000-7f7afc00b000 r--s 00000000 08:06 1705588                    /var/cache/fontconfig/dc05db6664285cc2f12bf69c139ae4c3-le64.cache-6
7f7afc00b000-7f7afc00e000 r--s 00000000 08:06 1704472                    /var/cache/fontconfig/767a8244fc0220cfb567a839d0392e0b-le64.cache-6
7f7afc00e000-7f7afc00f000 r--s 00000000 08:06 1704002                    /var/cache/fontconfig/4794a0821666d79190d59a36cb4f44b5-le64.cache-6
7f7afc00f000-7f7afc014000 r--s 00000000 08:06 1707645                    /var/cache/fontconfig/8801497958630a81b71ace7c5f9b32a8-le64.cache-6
7f7afc014000-7f7afc015000 r--s 00000000 08:06 1704008                    /var/cache/fontconfig/bab58bb527bb656aaa9f116d68a48d89-le64.cache-6
7f7afc015000-7f7afc01c000 r--s 00000000 08:06 1704015                    /var/cache/fontconfig/3047814df9a2f067bd2d96a2b9c36e5a-le64.cache-6
7f7afc01c000-7f7afc01d000 r--s 00000000 08:06 1704030                    /var/cache/fontconfig/56cf4f4769d0f4abc89a4895d7bd3ae1-le64.cache-6
7f7afc01d000-7f7afc023000 r--s 00000000 08:06 1704035                    /var/cache/fontconfig/b47c4e1ecd0709278f4910c18777a504-le64.cache-6
7f7afc023000-7f7afc044000 r-xp 00000000 08:06 7561                       /usr/lib/x86_64-linux-gnu/libgdk_pixbuf-2.0.so.0.3200.2
7f7afc044000-7f7afc243000 ---p 00021000 08:06 7561                       /usr/lib/x86_64-linux-gnu/libgdk_pixbuf-2.0.so.0.3200.2
7f7afc243000-7f7afc244000 r--p 00020000 08:06 7561                       /usr/lib/x86_64-linux-gnu/libgdk_pixbuf-2.0.so.0.3200.2
7f7afc244000-7f7afc245000 rw-p 00021000 08:06 7561                       /usr/lib/x86_64-linux-gnu/libgdk_pixbuf-2.0.so.0.3200.2
7f7afc245000-7f7afc246000 ---p 00000000 00:00 0 
7f7afc246000-7f7afca46000 rw-p 00000000 00:00 0 
7f7afca46000-7f7affbed000 r-xp 00000000 08:06 3905                       /usr/lib/x86_64-linux-gnu/libLLVM-5.0.so.1
7f7affbed000-7f7afff3d000 r--p 031a6000 08:06 3905                       /usr/lib/x86_64-linux-gnu/libLLVM-5.0.so.1
7f7afff3d000-7f7afffad000 rw-p 034f6000 08:06 3905                       /usr/lib/x86_64-linux-gnu/libLLVM-5.0.so.1
7f7afffad000-7f7b00000000 rw-p 00000000 00:00 0 
7f7b00000000-7f7b00021000 rw-p 00000000 00:00 0 
7f7b00021000-7f7b04000000 ---p 00000000 00:00 0 
7f7b04000000-7f7b04021000 rw-p 00000000 00:00 0 
7f7b04021000-7f7b08000000 ---p 00000000 00:00 0 
7f7b08000000-7f7b08466000 rw-p 00000000 00:00 0 
7f7b08466000-7f7b0c000000 ---p 00000000 00:00 0 
7f7b0c000000-7f7b0c56a000 rw-p 00000000 00:00 0 
7f7b0c56a000-7f7b10000000 ---p 00000000 00:00 0 
7f7b10000000-7f7b10021000 rw-p 00000000 00:00 0 
7f7b10021000-7f7b14000000 ---p 00000000 00:00 0 
7f7b14000000-7f7b1437a000 rw-p 00000000 00:00 0 
7f7b1437a000-7f7b18000000 ---p 00000000 00:00 0 
7f7b18000000-7f7b18021000 rw-p 00000000 00:00 0 
7f7b18021000-7f7b1c000000 ---p 00000000 00:00 0 
7f7b1c000000-7f7b1c021000 rw-p 00000000 00:00 0 
7f7b1c021000-7f7b20000000 ---p 00000000 00:00 0 
7f7b20000000-7f7b20021000 rw-p 00000000 00:00 0 
7f7b20021000-7f7b24000000 ---p 00000000 00:00 0 
7f7b24000000-7f7b24021000 rw-p 00000000 00:00 0 
7f7b24021000-7f7b28000000 ---p 00000000 00:00 0 
7f7b28000000-7f7b28021000 rw-p 00000000 00:00 0 
7f7b28021000-7f7b2c000000 ---p 00000000 00:00 0 
7f7b2c000000-7f7b2c001000 r--s 00000000 08:06 1704029                    /var/cache/fontconfig/b9d506c9ac06c20b433354fa67a72993-le64.cache-6
7f7b2c001000-7f7b2c014000 r--s 00000000 08:06 1704014                    /var/cache/fontconfig/d52a8644073d54c13679302ca1180695-le64.cache-6
7f7b2c014000-7f7b2c015000 r--s 00000000 08:06 1713568                    /var/cache/fontconfig/551ecf3b0e8b0bca0f25c0944f561853-le64.cache-6
7f7b2c015000-7f7b2c016000 r--s 00000000 08:06 1706006                    /var/cache/fontconfig/8a687c406b77f27d99abfeeba937fcce-le64.cache-6
7f7b2c016000-7f7b2c021000 r--s 00000000 08:06 1704009                    /var/cache/fontconfig/d589a48862398ed80a3d6066f4f56f4c-le64.cache-6
7f7b2c021000-7f7b2c022000 r--s 00000000 08:06 1704003                    /var/cache/fontconfig/30829fa25452a46451e813d634d7f916-le64.cache-6
7f7b2c022000-7f7b2c034000 r--s 00000000 08:06 1704005                    /var/cache/fontconfig/9b89f8e3dae116d678bbf48e5f21f69b-le64.cache-6
7f7b2c034000-7f7b2c0e4000 r-xp 00000000 08:06 7946                       /usr/lib/x86_64-linux-gnu/libgdk-x11-2.0.so.0.2400.30
7f7b2c0e4000-7f7b2c2e3000 ---p 000b0000 08:06 7946                       /usr/lib/x86_64-linux-gnu/libgdk-x11-2.0.so.0.2400.30
7f7b2c2e3000-7f7b2c2e7000 r--p 000af000 08:06 7946                       /usr/lib/x86_64-linux-gnu/libgdk-x11-2.0.so.0.2400.30
7f7b2c2e7000-7f7b2c2e9000 rw-p 000b3000 08:06 7946                       /usr/lib/x86_64-linux-gnu/libgdk-x11-2.0.so.0.2400.30
7f7b2c2e9000-7f7b2c311000 r-xp 00000000 08:06 8841                       /usr/lib/jvm/java-8-openjdk-amd64/jre/lib/amd64/libglass.so
7f7b2c311000-7f7b2c511000 ---p 00028000 08:06 8841                       /usr/lib/jvm/java-8-openjdk-amd64/jre/lib/amd64/libglass.so
7f7b2c511000-7f7b2c512000 r--p 00028000 08:06 8841                       /usr/lib/jvm/java-8-openjdk-amd64/jre/lib/amd64/libglass.so
7f7b2c512000-7f7b2c513000 rw-p 00029000 08:06 8841                       /usr/lib/jvm/java-8-openjdk-amd64/jre/lib/amd64/libglass.so
7f7b2c513000-7f7b2c54a000 r-xp 00000000 08:06 11120                      /usr/lib/x86_64-linux-gnu/libtxc_dxtn_s2tc.so.0.0.0
7f7b2c54a000-7f7b2c749000 ---p 00037000 08:06 11120                      /usr/lib/x86_64-linux-gnu/libtxc_dxtn_s2tc.so.0.0.0
7f7b2c749000-7f7b2c74a000 r--p 00036000 08:06 11120                      /usr/lib/x86_64-linux-gnu/libtxc_dxtn_s2tc.so.0.0.0
7f7b2c74a000-7f7b2c74b000 rw-p 00037000 08:06 11120                      /usr/lib/x86_64-linux-gnu/libtxc_dxtn_s2tc.so.0.0.0
7f7b2c74b000-7f7b2c88c000 rw-s 00000000 08:06 2621909                    /home/danieledt/.cache/mesa/index
7f7b2c88c000-7f7b2c88d000 ---p 00000000 00:00 0 
7f7b2c88d000-7f7b2d08d000 rw-p 00000000 00:00 0 
7f7b2d08d000-7f7b2d0a0000 r-xp 00000000 08:06 5247440                    /lib/x86_64-linux-gnu/libbsd.so.0.8.2
7f7b2d0a0000-7f7b2d29f000 ---p 00013000 08:06 5247440                    /lib/x86_64-linux-gnu/libbsd.so.0.8.2
7f7b2d29f000-7f7b2d2a0000 r--p 00012000 08:06 5247440                    /lib/x86_64-linux-gnu/libbsd.so.0.8.2
7f7b2d2a0000-7f7b2d2a1000 rw-p 00013000 08:06 5247440                    /lib/x86_64-linux-gnu/libbsd.so.0.8.2
7f7b2d2a1000-7f7b2d2a2000 rw-p 00000000 00:00 0 
7f7b2d2a2000-7f7b2d2c7000 r-xp 00000000 08:06 5247616                    /lib/x86_64-linux-gnu/libtinfo.so.5.9
7f7b2d2c7000-7f7b2d4c6000 ---p 00025000 08:06 5247616                    /lib/x86_64-linux-gnu/libtinfo.so.5.9
7f7b2d4c6000-7f7b2d4ca000 r--p 00024000 08:06 5247616                    /lib/x86_64-linux-gnu/libtinfo.so.5.9
7f7b2d4ca000-7f7b2d4cb000 rw-p 00028000 08:06 5247616                    /lib/x86_64-linux-gnu/libtinfo.so.5.9
7f7b2d4cb000-7f7b2d4fc000 r-xp 00000000 08:06 10328                      /usr/lib/x86_64-linux-gnu/libedit.so.2.0.53
7f7b2d4fc000-7f7b2d6fc000 ---p 00031000 08:06 10328                      /usr/lib/x86_64-linux-gnu/libedit.so.2.0.53
7f7b2d6fc000-7f7b2d6fe000 r--p 00031000 08:06 10328                      /usr/lib/x86_64-linux-gnu/libedit.so.2.0.53
7f7b2d6fe000-7f7b2d6ff000 rw-p 00033000 08:06 10328                      /usr/lib/x86_64-linux-gnu/libedit.so.2.0.53
7f7b2d6ff000-7f7b2d703000 rw-p 00000000 00:00 0 
7f7b2d703000-7f7b2d70a000 r-xp 00000000 08:06 10368                      /usr/lib/x86_64-linux-gnu/libffi.so.6.0.4
7f7b2d70a000-7f7b2d909000 ---p 00007000 08:06 10368                      /usr/lib/x86_64-linux-gnu/libffi.so.6.0.4
7f7b2d909000-7f7b2d90a000 r--p 00006000 08:06 10368                      /usr/lib/x86_64-linux-gnu/libffi.so.6.0.4
7f7b2d90a000-7f7b2d90b000 rw-p 00007000 08:06 10368                      /usr/lib/x86_64-linux-gnu/libffi.so.6.0.4
7f7b2d90b000-7f7b2d922000 r-xp 00000000 08:06 8183                       /usr/lib/x86_64-linux-gnu/libelf-0.165.so
7f7b2d922000-7f7b2db21000 ---p 00017000 08:06 8183                       /usr/lib/x86_64-linux-gnu/libelf-0.165.so
7f7b2db21000-7f7b2db22000 r--p 00016000 08:06 8183                       /usr/lib/x86_64-linux-gnu/libelf-0.165.so
7f7b2db22000-7f7b2db23000 rw-p 00017000 08:06 8183                       /usr/lib/x86_64-linux-gnu/libelf-0.165.so
7f7b2db23000-7f7b2db2b000 r-xp 00000000 08:06 5441                       /usr/lib/x86_64-linux-gnu/libdrm_amdgpu.so.1.0.0
7f7b2db2b000-7f7b2dd2b000 ---p 00008000 08:06 5441                       /usr/lib/x86_64-linux-gnu/libdrm_amdgpu.so.1.0.0
7f7b2dd2b000-7f7b2dd2c000 r--p 00008000 08:06 5441                       /usr/lib/x86_64-linux-gnu/libdrm_amdgpu.so.1.0.0
7f7b2dd2c000-7f7b2dd2d000 rw-p 00009000 08:06 5441                       /usr/lib/x86_64-linux-gnu/libdrm_amdgpu.so.1.0.0
7f7b2dd2d000-7f7b2dd38000 r-xp 00000000 08:06 4253                       /usr/lib/x86_64-linux-gnu/libdrm_radeon.so.1.0.1
7f7b2dd38000-7f7b2df37000 ---p 0000b000 08:06 4253                       /usr/lib/x86_64-linux-gnu/libdrm_radeon.so.1.0.1
7f7b2df37000-7f7b2df38000 r--p 0000a000 08:06 4253                       /usr/lib/x86_64-linux-gnu/libdrm_radeon.so.1.0.1
7f7b2df38000-7f7b2df39000 rw-p 0000b000 08:06 4253                       /usr/lib/x86_64-linux-gnu/libdrm_radeon.so.1.0.1
7f7b2df39000-7f7b2df40000 r-xp 00000000 08:06 4229                       /usr/lib/x86_64-linux-gnu/libdrm_nouveau.so.2.0.0
7f7b2df40000-7f7b2e13f000 ---p 00007000 08:06 4229                       /usr/lib/x86_64-linux-gnu/libdrm_nouveau.so.2.0.0
7f7b2e13f000-7f7b2e140000 r--p 00006000 08:06 4229                       /usr/lib/x86_64-linux-gnu/libdrm_nouveau.so.2.0.0
7f7b2e140000-7f7b2e141000 rw-p 00007000 08:06 4229                       /usr/lib/x86_64-linux-gnu/libdrm_nouveau.so.2.0.0
7f7b2e141000-7f7b2e14f000 r-xp 00000000 08:06 11015                      /usr/lib/x86_64-linux-gnu/libsensors.so.4.4.0
7f7b2e14f000-7f7b2e34e000 ---p 0000e000 08:06 11015                      /usr/lib/x86_64-linux-gnu/libsensors.so.4.4.0
7f7b2e34e000-7f7b2e34f000 r--p 0000d000 08:06 11015                      /usr/lib/x86_64-linux-gnu/libsensors.so.4.4.0
7f7b2e34f000-7f7b2e350000 rw-p 0000e000 08:06 11015                      /usr/lib/x86_64-linux-gnu/libsensors.so.4.4.0
7f7b2e350000-7f7b2ed7f000 r-xp 00000000 08:06 26723                      /usr/lib/x86_64-linux-gnu/dri/radeonsi_dri.so
7f7b2ed7f000-7f7b2ef7e000 ---p 00a2f000 08:06 26723                      /usr/lib/x86_64-linux-gnu/dri/radeonsi_dri.so
7f7b2ef7e000-7f7b2efbf000 r--p 00a2e000 08:06 26723                      /usr/lib/x86_64-linux-gnu/dri/radeonsi_dri.so
7f7b2efbf000-7f7b2efc8000 rw-p 00a6f000 08:06 26723                      /usr/lib/x86_64-linux-gnu/dri/radeonsi_dri.so
7f7b2efc8000-7f7b2f1bf000 rw-p 00000000 00:00 0 
7f7b2f1bf000-7f7b2f1c4000 r-xp 00000000 08:06 10029                      /usr/lib/x86_64-linux-gnu/libXdmcp.so.6.0.0
7f7b2f1c4000-7f7b2f3c3000 ---p 00005000 08:06 10029                      /usr/lib/x86_64-linux-gnu/libXdmcp.so.6.0.0
7f7b2f3c3000-7f7b2f3c4000 r--p 00004000 08:06 10029                      /usr/lib/x86_64-linux-gnu/libXdmcp.so.6.0.0
7f7b2f3c4000-7f7b2f3c5000 rw-p 00005000 08:06 10029                      /usr/lib/x86_64-linux-gnu/libXdmcp.so.6.0.0
7f7b2f3c5000-7f7b2f3c7000 r-xp 00000000 08:06 10018                      /usr/lib/x86_64-linux-gnu/libXau.so.6.0.0
7f7b2f3c7000-7f7b2f5c7000 ---p 00002000 08:06 10018                      /usr/lib/x86_64-linux-gnu/libXau.so.6.0.0
7f7b2f5c7000-7f7b2f5c8000 r--p 00002000 08:06 10018                      /usr/lib/x86_64-linux-gnu/libXau.so.6.0.0
7f7b2f5c8000-7f7b2f5c9000 rw-p 00003000 08:06 10018                      /usr/lib/x86_64-linux-gnu/libXau.so.6.0.0
7f7b2f5c9000-7f7b2f5d9000 r-xp 00000000 08:06 5431                       /usr/lib/x86_64-linux-gnu/libdrm.so.2.4.0
7f7b2f5d9000-7f7b2f7d8000 ---p 00010000 08:06 5431                       /usr/lib/x86_64-linux-gnu/libdrm.so.2.4.0
7f7b2f7d8000-7f7b2f7d9000 r--p 0000f000 08:06 5431                       /usr/lib/x86_64-linux-gnu/libdrm.so.2.4.0
7f7b2f7d9000-7f7b2f7da000 rw-p 00010000 08:06 5431                       /usr/lib/x86_64-linux-gnu/libdrm.so.2.4.0
7f7b2f7da000-7f7b2f7df000 r-xp 00000000 08:06 10069                      /usr/lib/x86_64-linux-gnu/libXxf86vm.so.1.0.0
7f7b2f7df000-7f7b2f9de000 ---p 00005000 08:06 10069                      /usr/lib/x86_64-linux-gnu/libXxf86vm.so.1.0.0
7f7b2f9de000-7f7b2f9df000 r--p 00004000 08:06 10069                      /usr/lib/x86_64-linux-gnu/libXxf86vm.so.1.0.0
7f7b2f9df000-7f7b2f9e0000 rw-p 00005000 08:06 10069                      /usr/lib/x86_64-linux-gnu/libXxf86vm.so.1.0.0
7f7b2f9e0000-7f7b2f9e4000 r-xp 00000000 08:06 11222                      /usr/lib/x86_64-linux-gnu/libxcb-dri2.so.0.0.0
7f7b2f9e4000-7f7b2fbe3000 ---p 00004000 08:06 11222                      /usr/lib/x86_64-linux-gnu/libxcb-dri2.so.0.0.0
7f7b2fbe3000-7f7b2fbe4000 r--p 00003000 08:06 11222                      /usr/lib/x86_64-linux-gnu/libxcb-dri2.so.0.0.0
7f7b2fbe4000-7f7b2fbe5000 rw-p 00004000 08:06 11222                      /usr/lib/x86_64-linux-gnu/libxcb-dri2.so.0.0.0
7f7b2fbe5000-7f7b2fbfc000 r-xp 00000000 08:06 11226                      /usr/lib/x86_64-linux-gnu/libxcb-glx.so.0.0.0
7f7b2fbfc000-7f7b2fdfb000 ---p 00017000 08:06 11226                      /usr/lib/x86_64-linux-gnu/libxcb-glx.so.0.0.0
7f7b2fdfb000-7f7b2fdfd000 r--p 00016000 08:06 11226                      /usr/lib/x86_64-linux-gnu/libxcb-glx.so.0.0.0
7f7b2fdfd000-7f7b2fdfe000 rw-p 00018000 08:06 11226                      /usr/lib/x86_64-linux-gnu/libxcb-glx.so.0.0.0
7f7b2fdfe000-7f7b2fdff000 r-xp 00000000 08:06 10012                      /usr/lib/x86_64-linux-gnu/libX11-xcb.so.1.0.0
7f7b2fdff000-7f7b2fffe000 ---p 00001000 08:06 10012                      /usr/lib/x86_64-linux-gnu/libX11-xcb.so.1.0.0
7f7b2fffe000-7f7b2ffff000 r--p 00000000 08:06 10012                      /usr/lib/x86_64-linux-gnu/libX11-xcb.so.1.0.0
7f7b2ffff000-7f7b30000000 rw-p 00001000 08:06 10012                      /usr/lib/x86_64-linux-gnu/libX11-xcb.so.1.0.0
7f7b30000000-7f7b30021000 rw-p 00000000 00:00 0 
7f7b30021000-7f7b34000000 ---p 00000000 00:00 0 
7f7b34000000-7f7b34001000 r--s 00000000 08:06 1704020                    /var/cache/fontconfig/0c9eb80ebd1c36541ebe2852d3bb0c49-le64.cache-6
7f7b34001000-7f7b34004000 r--s 00000000 08:06 1704023                    /var/cache/fontconfig/75114ca45c98e8a441da0ff356701271-le64.cache-6
7f7b34004000-7f7b3400f000 r--s 00000000 08:06 1704027                    /var/cache/fontconfig/83bf95040141907cd45bb53cf7c1c148-le64.cache-6
7f7b3400f000-7f7b3401c000 r--s 00000000 08:06 2633402                    /home/danieledt/.cache/fontconfig/e13b20fdb08344e0e664864cc2ede53d-le64.cache-6
7f7b3401c000-7f7b34020000 r--s 00000000 08:06 1705584                    /var/cache/fontconfig/7ef2298fde41cc6eeb7af42e48b7d293-le64.cache-6
7f7b34020000-7f7b34023000 r--s 0001e000 08:06 3543301                    /home/danieledt/Documenti/Eclipse/BD/jgoodies-forms-1.8.0.jar
7f7b34023000-7f7b3402d000 r--s 000b7000 08:06 263629                     /home/danieledt/Documenti/Eclipse/BD/lib/postgresql-42.2.2.jar
7f7b3402d000-7f7b34039000 rw-s 102b08000 00:06 332                       /dev/dri/renderD128
7f7b34039000-7f7b3403d000 r--p 00000000 08:06 2631548                    /home/danieledt/.config/dconf/user
7f7b3403d000-7f7b34051000 r--p 00000000 08:06 22094                      /usr/share/glib-2.0/schemas/gschemas.compiled
7f7b34051000-7f7b34065000 r--p 00000000 08:06 22094                      /usr/share/glib-2.0/schemas/gschemas.compiled
7f7b34065000-7f7b3407e000 r--p 00000000 08:06 136726                     /usr/share/locale-langpack/it/LC_MESSAGES/glib20.mo
7f7b3407e000-7f7b340a8000 r--p 00000000 08:06 131036                     /usr/share/locale-langpack/it/LC_MESSAGES/gtk20-properties.mo
7f7b340a8000-7f7b340c8000 rw-s 104116000 00:06 332                       /dev/dri/renderD128
7f7b340c8000-7f7b340d8000 rw-s 10b531000 00:06 332                       /dev/dri/renderD128
7f7b340d8000-7f7b340fa000 r--p 00000000 08:06 136931                     /usr/share/locale-langpack/it/LC_MESSAGES/libc.mo
7f7b340fa000-7f7b340ff000 r-xp 00000000 08:06 10033                      /usr/lib/x86_64-linux-gnu/libXfixes.so.3.1.0
7f7b340ff000-7f7b342fe000 ---p 00005000 08:06 10033                      /usr/lib/x86_64-linux-gnu/libXfixes.so.3.1.0
7f7b342fe000-7f7b342ff000 r--p 00004000 08:06 10033                      /usr/lib/x86_64-linux-gnu/libXfixes.so.3.1.0
7f7b342ff000-7f7b34300000 rw-p 00005000 08:06 10033                      /usr/lib/x86_64-linux-gnu/libXfixes.so.3.1.0
7f7b34300000-7f7b34302000 r-xp 00000000 08:06 10027                      /usr/lib/x86_64-linux-gnu/libXdamage.so.1.1.0
7f7b34302000-7f7b34501000 ---p 00002000 08:06 10027                      /usr/lib/x86_64-linux-gnu/libXdamage.so.1.1.0
7f7b34501000-7f7b34502000 r--p 00001000 08:06 10027                      /usr/lib/x86_64-linux-gnu/libXdamage.so.1.1.0
7f7b34502000-7f7b34503000 rw-p 00002000 08:06 10027                      /usr/lib/x86_64-linux-gnu/libXdamage.so.1.1.0
7f7b34503000-7f7b34514000 r-xp 00000000 08:06 10031                      /usr/lib/x86_64-linux-gnu/libXext.so.6.4.0
7f7b34514000-7f7b34713000 ---p 00011000 08:06 10031                      /usr/lib/x86_64-linux-gnu/libXext.so.6.4.0
7f7b34713000-7f7b34714000 r--p 00010000 08:06 10031                      /usr/lib/x86_64-linux-gnu/libXext.so.6.4.0
7f7b34714000-7f7b34715000 rw-p 00011000 08:06 10031                      /usr/lib/x86_64-linux-gnu/libXext.so.6.4.0
7f7b34715000-7f7b34740000 r-xp 00000000 08:06 6629                       /usr/lib/x86_64-linux-gnu/libglapi.so.0.0.0
7f7b34740000-7f7b3493f000 ---p 0002b000 08:06 6629                       /usr/lib/x86_64-linux-gnu/libglapi.so.0.0.0
7f7b3493f000-7f7b34943000 r--p 0002a000 08:06 6629                       /usr/lib/x86_64-linux-gnu/libglapi.so.0.0.0
7f7b34943000-7f7b34944000 rw-p 0002e000 08:06 6629                       /usr/lib/x86_64-linux-gnu/libglapi.so.0.0.0
7f7b34944000-7f7b34945000 rw-p 00000000 00:00 0 
7f7b34945000-7f7b34946000 r-xp 00000000 08:06 11273                      /usr/lib/x86_64-linux-gnu/libxshmfence.so.1.0.0
7f7b34946000-7f7b34b46000 ---p 00001000 08:06 11273                      /usr/lib/x86_64-linux-gnu/libxshmfence.so.1.0.0
7f7b34b46000-7f7b34b47000 r--p 00001000 08:06 11273                      /usr/lib/x86_64-linux-gnu/libxshmfence.so.1.0.0
7f7b34b47000-7f7b34b48000 rw-p 00002000 08:06 11273                      /usr/lib/x86_64-linux-gnu/libxshmfence.so.1.0.0
7f7b34b48000-7f7b34b4d000 r-xp 00000000 08:06 11236                      /usr/lib/x86_64-linux-gnu/libxcb-sync.so.1.0.0
7f7b34b4d000-7f7b34d4d000 ---p 00005000 08:06 11236                      /usr/lib/x86_64-linux-gnu/libxcb-sync.so.1.0.0
7f7b34d4d000-7f7b34d4e000 r--p 00005000 08:06 11236                      /usr/lib/x86_64-linux-gnu/libxcb-sync.so.1.0.0
7f7b34d4e000-7f7b34d4f000 rw-p 00006000 08:06 11236                      /usr/lib/x86_64-linux-gnu/libxcb-sync.so.1.0.0
7f7b34d4f000-7f7b34d51000 r-xp 00000000 08:06 11228                      /usr/lib/x86_64-linux-gnu/libxcb-present.so.0.0.0
7f7b34d51000-7f7b34f50000 ---p 00002000 08:06 11228                      /usr/lib/x86_64-linux-gnu/libxcb-present.so.0.0.0
7f7b34f50000-7f7b34f51000 r--p 00001000 08:06 11228                      /usr/lib/x86_64-linux-gnu/libxcb-present.so.0.0.0
7f7b34f51000-7f7b34f52000 rw-p 00002000 08:06 11228                      /usr/lib/x86_64-linux-gnu/libxcb-present.so.0.0.0
7f7b34f52000-7f7b34f54000 r-xp 00000000 08:06 11224                      /usr/lib/x86_64-linux-gnu/libxcb-dri3.so.0.0.0
7f7b34f54000-7f7b35153000 ---p 00002000 08:06 11224                      /usr/lib/x86_64-linux-gnu/libxcb-dri3.so.0.0.0
7f7b35153000-7f7b35154000 r--p 00001000 08:06 11224                      /usr/lib/x86_64-linux-gnu/libxcb-dri3.so.0.0.0
7f7b35154000-7f7b35155000 rw-p 00002000 08:06 11224                      /usr/lib/x86_64-linux-gnu/libxcb-dri3.so.0.0.0
7f7b35155000-7f7b3517b000 r-xp 00000000 08:06 5247475                    /lib/x86_64-linux-gnu/libexpat.so.1.6.0
7f7b3517b000-7f7b3537b000 ---p 00026000 08:06 5247475                    /lib/x86_64-linux-gnu/libexpat.so.1.6.0
7f7b3537b000-7f7b3537d000 r--p 00026000 08:06 5247475                    /lib/x86_64-linux-gnu/libexpat.so.1.6.0
7f7b3537d000-7f7b3537e000 rw-p 00028000 08:06 5247475                    /lib/x86_64-linux-gnu/libexpat.so.1.6.0
7f7b3537e000-7f7b3539f000 r-xp 00000000 08:06 11242                      /usr/lib/x86_64-linux-gnu/libxcb.so.1.1.0
7f7b3539f000-7f7b3559e000 ---p 00021000 08:06 11242                      /usr/lib/x86_64-linux-gnu/libxcb.so.1.1.0
7f7b3559e000-7f7b3559f000 r--p 00020000 08:06 11242                      /usr/lib/x86_64-linux-gnu/libxcb.so.1.1.0
7f7b3559f000-7f7b355a0000 rw-p 00021000 08:06 11242                      /usr/lib/x86_64-linux-gnu/libxcb.so.1.1.0
7f7b355a0000-7f7b3560e000 r-xp 00000000 08:06 23726                      /usr/lib/x86_64-linux-gnu/mesa/libGL.so.1.2.0
7f7b3560e000-7f7b3580e000 ---p 0006e000 08:06 23726                      /usr/lib/x86_64-linux-gnu/mesa/libGL.so.1.2.0
7f7b3580e000-7f7b35811000 r--p 0006e000 08:06 23726                      /usr/lib/x86_64-linux-gnu/mesa/libGL.so.1.2.0
7f7b35811000-7f7b35812000 rw-p 00071000 08:06 23726                      /usr/lib/x86_64-linux-gnu/mesa/libGL.so.1.2.0
7f7b35812000-7f7b35813000 rw-p 00000000 00:00 0 
7f7b35813000-7f7b35948000 r-xp 00000000 08:06 10014                      /usr/lib/x86_64-linux-gnu/libX11.so.6.3.0
7f7b35948000-7f7b35b48000 ---p 00135000 08:06 10014                      /usr/lib/x86_64-linux-gnu/libX11.so.6.3.0
7f7b35b48000-7f7b35b49000 r--p 00135000 08:06 10014                      /usr/lib/x86_64-linux-gnu/libX11.so.6.3.0
7f7b35b49000-7f7b35b4d000 rw-p 00136000 08:06 10014                      /usr/lib/x86_64-linux-gnu/libX11.so.6.3.0
7f7b35b4d000-7f7b35b5c000 r--p 00000000 08:06 134271                     /usr/share/locale-langpack/it/LC_MESSAGES/gtk20.mo
7f7b35b5c000-7f7b35b6c000 rw-s 10329c000 00:06 332                       /dev/dri/renderD128
7f7b35b6c000-7f7b35b78000 r-xp 00000000 08:06 8839                       /usr/lib/jvm/java-8-openjdk-amd64/jre/lib/amd64/libprism_es2.so
7f7b35b78000-7f7b35d77000 ---p 0000c000 08:06 8839                       /usr/lib/jvm/java-8-openjdk-amd64/jre/lib/amd64/libprism_es2.so
7f7b35d77000-7f7b35d78000 r--p 0000b000 08:06 8839                       /usr/lib/jvm/java-8-openjdk-amd64/jre/lib/amd64/libprism_es2.so
7f7b35d78000-7f7b35d79000 rw-p 0000c000 08:06 8839                       /usr/lib/jvm/java-8-openjdk-amd64/jre/lib/amd64/libprism_es2.so
7f7b35d79000-7f7b35d7c000 ---p 00000000 00:00 0 
7f7b35d7c000-7f7b35e7a000 rw-p 00000000 00:00 0 
7f7b35e7a000-7f7b35f10000 r--s 008d7000 08:06 1182450                    /usr/share/java/openjfx/jre/lib/ext/jfxrt.jar
7f7b35f10000-7f7b35f11000 ---p 00000000 00:00 0 
7f7b35f11000-7f7b36011000 rw-p 00000000 00:00 0 
7f7b36011000-7f7b36014000 ---p 00000000 00:00 0 
7f7b36014000-7f7b36112000 rw-p 00000000 00:00 0 
7f7b36112000-7f7b36115000 ---p 00000000 00:00 0 
7f7b36115000-7f7b36213000 rw-p 00000000 00:00 0 
7f7b36213000-7f7b36216000 ---p 00000000 00:00 0 
7f7b36216000-7f7b36314000 rw-p 00000000 00:00 0 
7f7b36314000-7f7b36317000 ---p 00000000 00:00 0 
7f7b36317000-7f7b36415000 rw-p 00000000 00:00 0 
7f7b36415000-7f7b36418000 ---p 00000000 00:00 0 
7f7b36418000-7f7b36516000 rw-p 00000000 00:00 0 
7f7b36516000-7f7b367f0000 r--p 00000000 08:06 9475                       /usr/lib/locale/locale-archive
7f7b367f0000-7f7b367f3000 ---p 00000000 00:00 0 
7f7b367f3000-7f7b368f1000 rw-p 00000000 00:00 0 
7f7b368f1000-7f7b368f4000 ---p 00000000 00:00 0 
7f7b368f4000-7f7b369f2000 rw-p 00000000 00:00 0 
7f7b369f2000-7f7b369f3000 ---p 00000000 00:00 0 
7f7b369f3000-7f7b38000000 rw-p 00000000 00:00 0 
7f7b38000000-7f7b38021000 rw-p 00000000 00:00 0 
7f7b38021000-7f7b3c000000 ---p 00000000 00:00 0 
7f7b3c000000-7f7b3c001000 r--s 00000000 08:06 1706004                    /var/cache/fontconfig/c277e94e32b20404286a1ddafa5a80f0-le64.cache-6
7f7b3c001000-7f7b3c002000 r--s 00014000 08:06 3543299                    /home/danieledt/Documenti/Eclipse/BD/miglayout15-swing.jar
7f7b3c002000-7f7b3c003000 rw-s 00000000 00:05 929195                     /memfd:xshmfence (deleted)
7f7b3c003000-7f7b3c013000 rw-s 10ba5f000 00:06 332                       /dev/dri/renderD128
7f7b3c013000-7f7b3c01a000 r--s 00000000 08:06 29686                      /usr/lib/x86_64-linux-gnu/gconv/gconv-modules.cache
7f7b3c01a000-7f7b3c02d000 r--s 00346000 08:06 19167                      /usr/lib/jvm/java-8-openjdk-amd64/jre/lib/resources.jar
7f7b3c02d000-7f7b3c048000 r--s 00394000 08:06 19160                      /usr/lib/jvm/java-8-openjdk-amd64/jre/lib/ext/cldrdata.jar
7f7b3c048000-7f7b3c063000 r--s 001d6000 08:06 19163                      /usr/lib/jvm/java-8-openjdk-amd64/jre/lib/ext/nashorn.jar
7f7b3c063000-7f7b3c2c8000 rw-p 00000000 00:00 0 
7f7b3c2c8000-7f7b3c497000 r--s 03c2f000 08:06 19219                      /usr/lib/jvm/java-8-openjdk-amd64/jre/lib/rt.jar
7f7b3c497000-7f7b3fe7e000 rw-p 00000000 00:00 0 
7f7b3fe7e000-7f7b3fe7f000 ---p 00000000 00:00 0 
7f7b3fe7f000-7f7b3ff7f000 rw-p 00000000 00:00 0 
7f7b3ff7f000-7f7b3ff80000 ---p 00000000 00:00 0 
7f7b3ff80000-7f7b40080000 rw-p 00000000 00:00 0 
7f7b40080000-7f7b40081000 ---p 00000000 00:00 0 
7f7b40081000-7f7b40181000 rw-p 00000000 00:00 0 
7f7b40181000-7f7b40182000 ---p 00000000 00:00 0 
7f7b40182000-7f7b402a2000 rw-p 00000000 00:00 0 
7f7b402a2000-7f7b404c3000 ---p 00000000 00:00 0 
7f7b404c3000-7f7b404e3000 rw-p 00000000 00:00 0 
7f7b404e3000-7f7b40703000 ---p 00000000 00:00 0 
7f7b40703000-7f7b40724000 rw-p 00000000 00:00 0 
7f7b40724000-7f7b40824000 ---p 00000000 00:00 0 
7f7b40824000-7f7b40844000 rw-p 00000000 00:00 0 
7f7b40844000-7f7b40be5000 ---p 00000000 00:00 0 
7f7b40be5000-7f7b41375000 rwxp 00000000 00:00 0 
7f7b41375000-7f7b4fbe5000 ---p 00000000 00:00 0 
7f7b4fbe5000-7f7b4fbed000 r-xp 00000000 08:06 19191                      /usr/lib/jvm/java-8-openjdk-amd64/jre/lib/amd64/libzip.so
7f7b4fbed000-7f7b4fdec000 ---p 00008000 08:06 19191                      /usr/lib/jvm/java-8-openjdk-amd64/jre/lib/amd64/libzip.so
7f7b4fdec000-7f7b4fded000 r--p 00007000 08:06 19191                      /usr/lib/jvm/java-8-openjdk-amd64/jre/lib/amd64/libzip.so
7f7b4fded000-7f7b4fdee000 rw-p 00008000 08:06 19191                      /usr/lib/jvm/java-8-openjdk-amd64/jre/lib/amd64/libzip.so
7f7b4fdee000-7f7b4fdf9000 r-xp 00000000 08:06 5248723                    /lib/x86_64-linux-gnu/libnss_files-2.23.so
7f7b4fdf9000-7f7b4fff8000 ---p 0000b000 08:06 5248723                    /lib/x86_64-linux-gnu/libnss_files-2.23.so
7f7b4fff8000-7f7b4fff9000 r--p 0000a000 08:06 5248723                    /lib/x86_64-linux-gnu/libnss_files-2.23.so
7f7b4fff9000-7f7b4fffa000 rw-p 0000b000 08:06 5248723                    /lib/x86_64-linux-gnu/libnss_files-2.23.so
7f7b4fffa000-7f7b50000000 rw-p 00000000 00:00 0 
7f7b50000000-7f7b5034d000 rw-p 00000000 00:00 0 
7f7b5034d000-7f7b54000000 ---p 00000000 00:00 0 
7f7b54000000-7f7b5406f000 rw-p 00000000 00:00 0 
7f7b5406f000-7f7b5407a000 r-xp 00000000 08:06 5248727                    /lib/x86_64-linux-gnu/libnss_nis-2.23.so
7f7b5407a000-7f7b54279000 ---p 0000b000 08:06 5248727                    /lib/x86_64-linux-gnu/libnss_nis-2.23.so
7f7b54279000-7f7b5427a000 r--p 0000a000 08:06 5248727                    /lib/x86_64-linux-gnu/libnss_nis-2.23.so
7f7b5427a000-7f7b5427b000 rw-p 0000b000 08:06 5248727                    /lib/x86_64-linux-gnu/libnss_nis-2.23.so
7f7b5427b000-7f7b54291000 r-xp 00000000 08:06 5248707                    /lib/x86_64-linux-gnu/libnsl-2.23.so
7f7b54291000-7f7b54490000 ---p 00016000 08:06 5248707                    /lib/x86_64-linux-gnu/libnsl-2.23.so
7f7b54490000-7f7b54491000 r--p 00015000 08:06 5248707                    /lib/x86_64-linux-gnu/libnsl-2.23.so
7f7b54491000-7f7b54492000 rw-p 00016000 08:06 5248707                    /lib/x86_64-linux-gnu/libnsl-2.23.so
7f7b54492000-7f7b54494000 rw-p 00000000 00:00 0 
7f7b54494000-7f7b5449c000 r-xp 00000000 08:06 5248718                    /lib/x86_64-linux-gnu/libnss_compat-2.23.so
7f7b5449c000-7f7b5469b000 ---p 00008000 08:06 5248718                    /lib/x86_64-linux-gnu/libnss_compat-2.23.so
7f7b5469b000-7f7b5469c000 r--p 00007000 08:06 5248718                    /lib/x86_64-linux-gnu/libnss_compat-2.23.so
7f7b5469c000-7f7b5469d000 rw-p 00008000 08:06 5248718                    /lib/x86_64-linux-gnu/libnss_compat-2.23.so
7f7b5469d000-7f7b546ca000 r-xp 00000000 08:06 19182                      /usr/lib/jvm/java-8-openjdk-amd64/jre/lib/amd64/libjava.so
7f7b546ca000-7f7b548c9000 ---p 0002d000 08:06 19182                      /usr/lib/jvm/java-8-openjdk-amd64/jre/lib/amd64/libjava.so
7f7b548c9000-7f7b548ca000 r--p 0002c000 08:06 19182                      /usr/lib/jvm/java-8-openjdk-amd64/jre/lib/amd64/libjava.so
7f7b548ca000-7f7b548cc000 rw-p 0002d000 08:06 19182                      /usr/lib/jvm/java-8-openjdk-amd64/jre/lib/amd64/libjava.so
7f7b548cc000-7f7b548db000 r-xp 00000000 08:06 19168                      /usr/lib/jvm/java-8-openjdk-amd64/jre/lib/amd64/libverify.so
7f7b548db000-7f7b54ada000 ---p 0000f000 08:06 19168                      /usr/lib/jvm/java-8-openjdk-amd64/jre/lib/amd64/libverify.so
7f7b54ada000-7f7b54adc000 r--p 0000e000 08:06 19168                      /usr/lib/jvm/java-8-openjdk-amd64/jre/lib/amd64/libverify.so
7f7b54adc000-7f7b54add000 rw-p 00010000 08:06 19168                      /usr/lib/jvm/java-8-openjdk-amd64/jre/lib/amd64/libverify.so
7f7b54add000-7f7b54ae4000 r-xp 00000000 08:06 5248728                    /lib/x86_64-linux-gnu/librt-2.23.so
7f7b54ae4000-7f7b54ce3000 ---p 00007000 08:06 5248728                    /lib/x86_64-linux-gnu/librt-2.23.so
7f7b54ce3000-7f7b54ce4000 r--p 00006000 08:06 5248728                    /lib/x86_64-linux-gnu/librt-2.23.so
7f7b54ce4000-7f7b54ce5000 rw-p 00007000 08:06 5248728                    /lib/x86_64-linux-gnu/librt-2.23.so
7f7b54ce5000-7f7b54cfb000 r-xp 00000000 08:06 5247482                    /lib/x86_64-linux-gnu/libgcc_s.so.1
7f7b54cfb000-7f7b54efa000 ---p 00016000 08:06 5247482                    /lib/x86_64-linux-gnu/libgcc_s.so.1
7f7b54efa000-7f7b54efb000 rw-p 00015000 08:06 5247482                    /lib/x86_64-linux-gnu/libgcc_s.so.1
7f7b54efb000-7f7b55003000 r-xp 00000000 08:06 5248701                    /lib/x86_64-linux-gnu/libm-2.23.so
7f7b55003000-7f7b55202000 ---p 00108000 08:06 5248701                    /lib/x86_64-linux-gnu/libm-2.23.so
7f7b55202000-7f7b55203000 r--p 00107000 08:06 5248701                    /lib/x86_64-linux-gnu/libm-2.23.so
7f7b55203000-7f7b55204000 rw-p 00108000 08:06 5248701                    /lib/x86_64-linux-gnu/libm-2.23.so
7f7b55204000-7f7b55376000 r-xp 00000000 08:06 3735                       /usr/lib/x86_64-linux-gnu/libstdc++.so.6.0.21
7f7b55376000-7f7b55576000 ---p 00172000 08:06 3735                       /usr/lib/x86_64-linux-gnu/libstdc++.so.6.0.21
7f7b55576000-7f7b55580000 r--p 00172000 08:06 3735                       /usr/lib/x86_64-linux-gnu/libstdc++.so.6.0.21
7f7b55580000-7f7b55582000 rw-p 0017c000 08:06 3735                       /usr/lib/x86_64-linux-gnu/libstdc++.so.6.0.21
7f7b55582000-7f7b55586000 rw-p 00000000 00:00 0 
7f7b55586000-7f7b561df000 r-xp 00000000 08:06 19195                      /usr/lib/jvm/java-8-openjdk-amd64/jre/lib/amd64/server/libjvm.so
7f7b561df000-7f7b563df000 ---p 00c59000 08:06 19195                      /usr/lib/jvm/java-8-openjdk-amd64/jre/lib/amd64/server/libjvm.so
7f7b563df000-7f7b56472000 r--p 00c59000 08:06 19195                      /usr/lib/jvm/java-8-openjdk-amd64/jre/lib/amd64/server/libjvm.so
7f7b56472000-7f7b5649b000 rw-p 00cec000 08:06 19195                      /usr/lib/jvm/java-8-openjdk-amd64/jre/lib/amd64/server/libjvm.so
7f7b5649b000-7f7b564cb000 rw-p 00000000 00:00 0 
7f7b564cb000-7f7b564e3000 r-xp 00000000 08:06 5248709                    /lib/x86_64-linux-gnu/libpthread-2.23.so
7f7b564e3000-7f7b566e2000 ---p 00018000 08:06 5248709                    /lib/x86_64-linux-gnu/libpthread-2.23.so
7f7b566e2000-7f7b566e3000 r--p 00017000 08:06 5248709                    /lib/x86_64-linux-gnu/libpthread-2.23.so
7f7b566e3000-7f7b566e4000 rw-p 00018000 08:06 5248709                    /lib/x86_64-linux-gnu/libpthread-2.23.so
7f7b566e4000-7f7b566e8000 rw-p 00000000 00:00 0 
7f7b566e8000-7f7b566eb000 r-xp 00000000 08:06 5248712                    /lib/x86_64-linux-gnu/libdl-2.23.so
7f7b566eb000-7f7b568ea000 ---p 00003000 08:06 5248712                    /lib/x86_64-linux-gnu/libdl-2.23.so
7f7b568ea000-7f7b568eb000 r--p 00002000 08:06 5248712                    /lib/x86_64-linux-gnu/libdl-2.23.so
7f7b568eb000-7f7b568ec000 rw-p 00003000 08:06 5248712                    /lib/x86_64-linux-gnu/libdl-2.23.so
7f7b568ec000-7f7b56905000 r-xp 00000000 08:06 5247635                    /lib/x86_64-linux-gnu/libz.so.1.2.8
7f7b56905000-7f7b56b04000 ---p 00019000 08:06 5247635                    /lib/x86_64-linux-gnu/libz.so.1.2.8
7f7b56b04000-7f7b56b05000 r--p 00018000 08:06 5247635                    /lib/x86_64-linux-gnu/libz.so.1.2.8
7f7b56b05000-7f7b56b06000 rw-p 00019000 08:06 5247635                    /lib/x86_64-linux-gnu/libz.so.1.2.8
7f7b56b06000-7f7b56cc6000 r-xp 00000000 08:06 5248710                    /lib/x86_64-linux-gnu/libc-2.23.so
7f7b56cc6000-7f7b56ec6000 ---p 001c0000 08:06 5248710                    /lib/x86_64-linux-gnu/libc-2.23.so
7f7b56ec6000-7f7b56eca000 r--p 001c0000 08:06 5248710                    /lib/x86_64-linux-gnu/libc-2.23.so
7f7b56eca000-7f7b56ecc000 rw-p 001c4000 08:06 5248710                    /lib/x86_64-linux-gnu/libc-2.23.so
7f7b56ecc000-7f7b56ed0000 rw-p 00000000 00:00 0 
7f7b56ed0000-7f7b56edd000 r-xp 00000000 08:06 19192                      /usr/lib/jvm/java-8-openjdk-amd64/jre/lib/amd64/jli/libjli.so
7f7b56edd000-7f7b570dd000 ---p 0000d000 08:06 19192                      /usr/lib/jvm/java-8-openjdk-amd64/jre/lib/amd64/jli/libjli.so
7f7b570dd000-7f7b570de000 r--p 0000d000 08:06 19192                      /usr/lib/jvm/java-8-openjdk-amd64/jre/lib/amd64/jli/libjli.so
7f7b570de000-7f7b570df000 rw-p 0000e000 08:06 19192                      /usr/lib/jvm/java-8-openjdk-amd64/jre/lib/amd64/jli/libjli.so
7f7b570df000-7f7b57105000 r-xp 00000000 08:06 5248708                    /lib/x86_64-linux-gnu/ld-2.23.so
7f7b57105000-7f7b57106000 r--s 00000000 00:33 24                         /run/user/1000/dconf/user
7f7b57106000-7f7b5710b000 r--s 002f9000 08:06 19155                      /usr/lib/jvm/java-8-openjdk-amd64/jre/lib/charsets.jar
7f7b5710b000-7f7b5710d000 r--s 00016000 08:06 19214                      /usr/lib/jvm/java-8-openjdk-amd64/jre/lib/jce.jar
7f7b5710d000-7f7b57112000 r--s 0009d000 08:06 19228                      /usr/lib/jvm/java-8-openjdk-amd64/jre/lib/jsse.jar
7f7b57112000-7f7b57113000 r--s 00010000 08:06 19157                      /usr/lib/jvm/java-8-openjdk-amd64/jre/lib/ext/zipfs.jar
7f7b57113000-7f7b57116000 r--s 0000f000 08:06 19162                      /usr/lib/jvm/java-8-openjdk-amd64/jre/lib/ext/icedtea-sound.jar
7f7b57116000-7f7b57119000 r--s 00038000 08:06 19159                      /usr/lib/jvm/java-8-openjdk-amd64/jre/lib/ext/sunpkcs11.jar
7f7b57119000-7f7b571df000 rw-p 00000000 00:00 0 
7f7b571df000-7f7b571e2000 ---p 00000000 00:00 0 
7f7b571e2000-7f7b572e4000 rw-p 00000000 00:00 0 
7f7b572e4000-7f7b572e6000 r--s 00001000 08:06 19158                      /usr/lib/jvm/java-8-openjdk-amd64/jre/lib/ext/dnsns.jar
7f7b572e6000-7f7b572e7000 r--s 0000a000 08:06 19164                      /usr/lib/jvm/java-8-openjdk-amd64/jre/lib/ext/jaccess.jar
7f7b572e7000-7f7b572e9000 r--s 00008000 08:06 19156                      /usr/lib/jvm/java-8-openjdk-amd64/jre/lib/ext/sunec.jar
7f7b572e9000-7f7b572f3000 r--s 00116000 08:06 19165                      /usr/lib/jvm/java-8-openjdk-amd64/jre/lib/ext/localedata.jar
7f7b572f3000-7f7b572f9000 r--s 0003b000 08:06 19161                      /usr/lib/jvm/java-8-openjdk-amd64/jre/lib/ext/sunjce_provider.jar
7f7b572f9000-7f7b57301000 rw-s 00000000 08:06 524306                     /tmp/hsperfdata_danieledt/31708
7f7b57301000-7f7b57302000 rw-p 00000000 00:00 0 
7f7b57302000-7f7b57303000 r--p 00000000 00:00 0 
7f7b57303000-7f7b57304000 rw-p 00000000 00:00 0 
7f7b57304000-7f7b57305000 r--p 00025000 08:06 5248708                    /lib/x86_64-linux-gnu/ld-2.23.so
7f7b57305000-7f7b57306000 rw-p 00026000 08:06 5248708                    /lib/x86_64-linux-gnu/ld-2.23.so
7f7b57306000-7f7b57307000 rw-p 00000000 00:00 0 
7ffc45f67000-7ffc45f88000 rw-p 00000000 00:00 0                          [stack]
7ffc45fa6000-7ffc45fa9000 r--p 00000000 00:00 0                          [vvar]
7ffc45fa9000-7ffc45fab000 r-xp 00000000 00:00 0                          [vdso]
ffffffffff600000-ffffffffff601000 r-xp 00000000 00:00 0                  [vsyscall]

VM Arguments:
jvm_args: -Dfile.encoding=UTF-8 
java_command: boundary.Main
java_class_path (initial): /usr/lib/jvm/java-8-openjdk-amd64/jre/lib/resources.jar:/usr/lib/jvm/java-8-openjdk-amd64/jre/lib/rt.jar:/usr/lib/jvm/java-8-openjdk-amd64/jre/lib/jsse.jar:/usr/lib/jvm/java-8-openjdk-amd64/jre/lib/jce.jar:/usr/lib/jvm/java-8-openjdk-amd64/jre/lib/charsets.jar:/usr/lib/jvm/java-8-openjdk-amd64/jre/lib/ext/sunjce_provider.jar:/usr/lib/jvm/java-8-openjdk-amd64/jre/lib/ext/localedata.jar:/usr/lib/jvm/java-8-openjdk-amd64/jre/lib/ext/sunec.jar:/usr/lib/jvm/java-8-openjdk-amd64/jre/lib/ext/jaccess.jar:/usr/lib/jvm/java-8-openjdk-amd64/jre/lib/ext/sunpkcs11.jar:/usr/lib/jvm/java-8-openjdk-amd64/jre/lib/ext/nashorn.jar:/usr/lib/jvm/java-8-openjdk-amd64/jre/lib/ext/dnsns.jar:/usr/lib/jvm/java-8-openjdk-amd64/jre/lib/ext/jfxrt.jar:/usr/lib/jvm/java-8-openjdk-amd64/jre/lib/ext/cldrdata.jar:/usr/lib/jvm/java-8-openjdk-amd64/jre/lib/ext/icedtea-sound.jar:/usr/lib/jvm/java-8-openjdk-amd64/jre/lib/ext/zipfs.jar:/home/danieledt/Documenti/Eclipse/BD/bin:/home/danieledt/Documenti/Eclipse/BD/lib/postgresql-42.2.2.jar:/home/danieledt/Documenti/Eclipse/BD/miglayout15-swing.jar:/home/danieledt/Documenti/Eclipse/BD/jgoodies-forms-1.8.0.jar
Launcher Type: SUN_STANDARD

Environment Variables:
JAVA_HOME=/usr/lib/jvm/java-8-oracle
PATH=/home/danieledt/bin:/home/danieledt/.local/bin:/usr/local/sbin:/usr/local/bin:/usr/sbin:/usr/bin:/sbin:/bin:/usr/games:/usr/local/games:/snap/bin:/usr/lib/jvm/java-8-oracle/bin:/usr/lib/jvm/java-8-oracle/db/bin:/usr/lib/jvm/java-8-oracle/jre/bin
SHELL=/bin/bash
DISPLAY=:0.0

Signal Handlers:
SIGSEGV: [libjvm.so+0xa6e6f0], sa_mask[0]=11111111011111111101111111111110, sa_flags=SA_RESTART|SA_SIGINFO
SIGBUS: [libjvm.so+0xa6e6f0], sa_mask[0]=11111111011111111101111111111110, sa_flags=SA_RESTART|SA_SIGINFO
SIGFPE: [libjvm.so+0x8b5d50], sa_mask[0]=11111111011111111101111111111110, sa_flags=SA_RESTART|SA_SIGINFO
SIGPIPE: SIG_IGN, sa_mask[0]=00000000000010000000000000000000, sa_flags=SA_RESTART
SIGXFSZ: [libjvm.so+0x8b5d50], sa_mask[0]=11111111011111111101111111111110, sa_flags=SA_RESTART|SA_SIGINFO
SIGILL: [libjvm.so+0x8b5d50], sa_mask[0]=11111111011111111101111111111110, sa_flags=SA_RESTART|SA_SIGINFO
SIGUSR1: SIG_DFL, sa_mask[0]=00000000000000000000000000000000, sa_flags=none
SIGUSR2: [libjvm.so+0x8b5c00], sa_mask[0]=00100000000000000000000000000000, sa_flags=SA_RESTART|SA_SIGINFO
SIGHUP: [libjvm.so+0x8b60d0], sa_mask[0]=11111111011111111101111111111110, sa_flags=SA_RESTART|SA_SIGINFO
SIGINT: SIG_IGN, sa_mask[0]=00000000000000000000000000000000, sa_flags=none
SIGTERM: [libjvm.so+0x8b60d0], sa_mask[0]=11111111011111111101111111111110, sa_flags=SA_RESTART|SA_SIGINFO
SIGQUIT: [libjvm.so+0x8b60d0], sa_mask[0]=11111111011111111101111111111110, sa_flags=SA_RESTART|SA_SIGINFO


---------------  S Y S T E M  ---------------

OS:DISTRIB_ID=Ubuntu
DISTRIB_RELEASE=16.04
DISTRIB_CODENAME=xenial
DISTRIB_DESCRIPTION="Ubuntu 16.04.4 LTS"

uname:Linux 4.13.0-45-generic #50~16.04.1-Ubuntu SMP Wed May 30 11:18:27 UTC 2018 x86_64
libc:glibc 2.23 NPTL 2.23 
rlimit: STACK 8192k, CORE 0k, NPROC 27227, NOFILE 1048576, AS infinity
load average:2,92 2,34 2,38

/proc/meminfo:
MemTotal:        7080608 kB
MemFree:         2353736 kB
MemAvailable:    3707816 kB
Buffers:          137464 kB
Cached:          1527168 kB
SwapCached:            0 kB
Active:          3393000 kB
Inactive:        1052300 kB
Active(anon):    2798096 kB
Inactive(anon):   107480 kB
Active(file):     594904 kB
Inactive(file):   944820 kB
Unevictable:          64 kB
Mlocked:              64 kB
SwapTotal:       5000188 kB
SwapFree:        5000188 kB
Dirty:               440 kB
Writeback:             0 kB
AnonPages:       2780820 kB
Mapped:           544720 kB
Shmem:            124912 kB
Slab:             112040 kB
SReclaimable:      69432 kB
SUnreclaim:        42608 kB
KernelStack:       12096 kB
PageTables:        43308 kB
NFS_Unstable:          0 kB
Bounce:                0 kB
WritebackTmp:          0 kB
CommitLimit:     8540492 kB
Committed_AS:    7544756 kB
VmallocTotal:   34359738367 kB
VmallocUsed:           0 kB
VmallocChunk:          0 kB
HardwareCorrupted:     0 kB
AnonHugePages:         0 kB
ShmemHugePages:        0 kB
ShmemPmdMapped:        0 kB
CmaTotal:              0 kB
CmaFree:               0 kB
HugePages_Total:       0
HugePages_Free:        0
HugePages_Rsvd:        0
HugePages_Surp:        0
Hugepagesize:       2048 kB
DirectMap4k:      220636 kB
DirectMap2M:     4966400 kB
DirectMap1G:     2097152 kB


CPU:total 4 (initial active 4) (4 cores per cpu, 1 threads per core) family 22 model 48 stepping 1, cmov, cx8, fxsr, mmx, sse, sse2, sse3, ssse3, sse4.1, sse4.2, popcnt, avx, aes, clmul, mmxext, 3dnowpref, lzcnt, sse4a, tsc, tscinvbit, tscinv, bmi1

/proc/cpuinfo:
processor	: 0
vendor_id	: AuthenticAMD
cpu family	: 22
model		: 48
model name	: AMD A8-6410 APU with AMD Radeon R5 Graphics
stepping	: 1
microcode	: 0x7030105
cpu MHz		: 1796.616
cache size	: 2048 KB
physical id	: 0
siblings	: 4
core id		: 0
cpu cores	: 4
apicid		: 0
initial apicid	: 0
fpu		: yes
fpu_exception	: yes
cpuid level	: 13
wp		: yes
flags		: fpu vme de pse tsc msr pae mce cx8 apic sep mtrr pge mca cmov pat pse36 clflush mmx fxsr sse sse2 ht syscall nx mmxext fxsr_opt pdpe1gb rdtscp lm constant_tsc rep_good acc_power nopl nonstop_tsc cpuid extd_apicid aperfmperf pni pclmulqdq monitor ssse3 cx16 sse4_1 sse4_2 movbe popcnt aes xsave avx f16c rdrand lahf_lm cmp_legacy svm extapic cr8_legacy abm sse4a misalignsse 3dnowprefetch osvw ibs skinit wdt topoext perfctr_nb bpext ptsc perfctr_l2 cpb hw_pstate retpoline retpoline_amd rsb_ctxsw ssbd ls_cfg_ssbd vmmcall bmi1 xsaveopt arat npt lbrv svm_lock nrip_save tsc_scale flushbyasid decodeassists pausefilter pfthreshold overflow_recov
bugs		: fxsave_leak sysret_ss_attrs null_seg spectre_v1 spectre_v2 spec_store_bypass
bogomips	: 3992.48
TLB size	: 1024 4K pages
clflush size	: 64
cache_alignment	: 64
address sizes	: 40 bits physical, 48 bits virtual
power management: ts ttp tm 100mhzsteps hwpstate cpb acc_power [13]

processor	: 1
vendor_id	: AuthenticAMD
cpu family	: 22
model		: 48
model name	: AMD A8-6410 APU with AMD Radeon R5 Graphics
stepping	: 1
microcode	: 0x7030105
cpu MHz		: 1796.615
cache size	: 2048 KB
physical id	: 0
siblings	: 4
core id		: 1
cpu cores	: 4
apicid		: 1
initial apicid	: 1
fpu		: yes
fpu_exception	: yes
cpuid level	: 13
wp		: yes
flags		: fpu vme de pse tsc msr pae mce cx8 apic sep mtrr pge mca cmov pat pse36 clflush mmx fxsr sse sse2 ht syscall nx mmxext fxsr_opt pdpe1gb rdtscp lm constant_tsc rep_good acc_power nopl nonstop_tsc cpuid extd_apicid aperfmperf pni pclmulqdq monitor ssse3 cx16 sse4_1 sse4_2 movbe popcnt aes xsave avx f16c rdrand lahf_lm cmp_legacy svm extapic cr8_legacy abm sse4a misalignsse 3dnowprefetch osvw ibs skinit wdt topoext perfctr_nb bpext ptsc perfctr_l2 cpb hw_pstate retpoline retpoline_amd rsb_ctxsw ssbd ls_cfg_ssbd vmmcall bmi1 xsaveopt arat npt lbrv svm_lock nrip_save tsc_scale flushbyasid decodeassists pausefilter pfthreshold overflow_recov
bugs		: fxsave_leak sysret_ss_attrs null_seg spectre_v1 spectre_v2 spec_store_bypass
bogomips	: 3992.48
TLB size	: 1024 4K pages
clflush size	: 64
cache_alignment	: 64
address sizes	: 40 bits physical, 48 bits virtual
power management: ts ttp tm 100mhzsteps hwpstate cpb acc_power [13]

processor	: 2
vendor_id	: AuthenticAMD
cpu family	: 22
model		: 48
model name	: AMD A8-6410 APU with AMD Radeon R5 Graphics
stepping	: 1
microcode	: 0x7030105
cpu MHz		: 1796.616
cache size	: 2048 KB
physical id	: 0
siblings	: 4
core id		: 2
cpu cores	: 4
apicid		: 2
initial apicid	: 2
fpu		: yes
fpu_exception	: yes
cpuid level	: 13
wp		: yes
flags		: fpu vme de pse tsc msr pae mce cx8 apic sep mtrr pge mca cmov pat pse36 clflush mmx fxsr sse sse2 ht syscall nx mmxext fxsr_opt pdpe1gb rdtscp lm constant_tsc rep_good acc_power nopl nonstop_tsc cpuid extd_apicid aperfmperf pni pclmulqdq monitor ssse3 cx16 sse4_1 sse4_2 movbe popcnt aes xsave avx f16c rdrand lahf_lm cmp_legacy svm extapic cr8_legacy abm sse4a misalignsse 3dnowprefetch osvw ibs skinit wdt topoext perfctr_nb bpext ptsc perfctr_l2 cpb hw_pstate retpoline retpoline_amd rsb_ctxsw ssbd ls_cfg_ssbd vmmcall bmi1 xsaveopt arat npt lbrv svm_lock nrip_save tsc_scale flushbyasid decodeassists pausefilter pfthreshold overflow_recov
bugs		: fxsave_leak sysret_ss_attrs null_seg spectre_v1 spectre_v2 spec_store_bypass
bogomips	: 3992.48
TLB size	: 1024 4K pages
clflush size	: 64
cache_alignment	: 64
address sizes	: 40 bits physical, 48 bits virtual
power management: ts ttp tm 100mhzsteps hwpstate cpb acc_power [13]

processor	: 3
vendor_id	: AuthenticAMD
cpu family	: 22
model		: 48
model name	: AMD A8-6410 APU with AMD Radeon R5 Graphics
stepping	: 1
microcode	: 0x7030105
cpu MHz		: 1796.616
cache size	: 2048 KB
physical id	: 0
siblings	: 4
core id		: 3
cpu cores	: 4
apicid		: 3
initial apicid	: 3
fpu		: yes
fpu_exception	: yes
cpuid level	: 13
wp		: yes
flags		: fpu vme de pse tsc msr pae mce cx8 apic sep mtrr pge mca cmov pat pse36 clflush mmx fxsr sse sse2 ht syscall nx mmxext fxsr_opt pdpe1gb rdtscp lm constant_tsc rep_good acc_power nopl nonstop_tsc cpuid extd_apicid aperfmperf pni pclmulqdq monitor ssse3 cx16 sse4_1 sse4_2 movbe popcnt aes xsave avx f16c rdrand lahf_lm cmp_legacy svm extapic cr8_legacy abm sse4a misalignsse 3dnowprefetch osvw ibs skinit wdt topoext perfctr_nb bpext ptsc perfctr_l2 cpb hw_pstate retpoline retpoline_amd rsb_ctxsw ssbd ls_cfg_ssbd vmmcall bmi1 xsaveopt arat npt lbrv svm_lock nrip_save tsc_scale flushbyasid decodeassists pausefilter pfthreshold overflow_recov
bugs		: fxsave_leak sysret_ss_attrs null_seg spectre_v1 spectre_v2 spec_store_bypass
bogomips	: 3992.48
TLB size	: 1024 4K pages
clflush size	: 64
cache_alignment	: 64
address sizes	: 40 bits physical, 48 bits virtual
power management: ts ttp tm 100mhzsteps hwpstate cpb acc_power [13]



Memory: 4k page, physical 7080608k(2353728k free), swap 5000188k(5000188k free)

vm_info: OpenJDK 64-Bit Server VM (25.171-b11) for linux-amd64 JRE (1.8.0_171-8u171-b11-0ubuntu0.16.04.1-b11), built on Apr 27 2018 17:19:03 by "buildd" with gcc 5.4.0 20160609

time: Fri Jul  6 11:31:40 2018
elapsed time: 11 seconds (0d 0h 0m 11s)

